2023-09-26 11:59:28,141 [INFO] Activator:176 - 


2023-09-26 11:59:28,147 [INFO] Activator:177 - !SESSION log4j initialized
2023-09-26 11:59:34,206 [INFO] LogOutputStream:77 - [STDOUT_REDIRECT] 
2023-09-26 11:59:36,607 [INFO] ApplicationProperties:184 - Using Application install path: C:\ST\STM32CubeIDE_1.13.1\STM32CubeIDE\plugins\com.st.stm32cube.common.mx_6.9.1.202307191849
2023-09-26 11:59:36,621 [INFO] DbMcusXml:78 - Set database path to: C:\ST\STM32CubeIDE_1.13.1\STM32CubeIDE\plugins\com.st.stm32cube.common.mx_6.9.1.202307191849\\db\/mcu/
2023-09-26 11:59:36,621 [INFO] ApiDb:274 - Set plugin database path to: C:\ST\STM32CubeIDE_1.13.1\STM32CubeIDE\plugins\com.st.stm32cube.common.mx_6.9.1.202307191849\\db\/plugins/boardmanager/
2023-09-26 11:59:36,622 [WARN] ApiDb:259 - Overriding images path with different value:  => C:\ST\STM32CubeIDE_1.13.1\STM32CubeIDE\plugins\com.st.stm32cube.common.mx_6.9.1.202307191849\\db\/plugins/mcufinder/images/
2023-09-26 11:59:36,630 [INFO] ApiDb:250 - Set database path to: C:\Users\viett\.stmcufinder\plugins\mcufinder//mcu/
2023-09-26 11:59:36,631 [INFO] DbMcusAds:125 - Set database path to: C:\Users\viett\.stmcufinder\plugins\mcufinder//mcu/
2023-09-26 11:59:36,633 [INFO] CrossReferenceDbSqlite:203 - Set database path to: C:\Users\viett\.stmcufinder\plugins\mcufinder//mcu/cs/
2023-09-26 11:59:36,731 [INFO] RulesReader:64 - Compatibility file has been processed (293 Rules)
2023-09-26 11:59:36,810 [INFO] DbMcusXml:78 - Set database path to: C:\ST\STM32CubeIDE_1.13.1\STM32CubeIDE\plugins\com.st.stm32cube.common.mx_6.9.1.202307191849\\db\/mcu/
2023-09-26 11:59:36,810 [INFO] ApiDb:274 - Set plugin database path to: C:\ST\STM32CubeIDE_1.13.1\STM32CubeIDE\plugins\com.st.stm32cube.common.mx_6.9.1.202307191849\\db\/plugins/boardmanager/
2023-09-26 11:59:36,810 [INFO] ApiDb:261 - Set plugin images path to: C:\ST\STM32CubeIDE_1.13.1\STM32CubeIDE\plugins\com.st.stm32cube.common.mx_6.9.1.202307191849\\db\/plugins/mcufinder/images/
2023-09-26 11:59:36,811 [WARN] DbFile:41 - Overriding database path with different value: C:\Users\viett\.stmcufinder\plugins\mcufinder/ => C:\Users\viett\.stmcufinder\plugins\mcufinder
2023-09-26 11:59:36,811 [INFO] ApiDb:250 - Set database path to: C:\Users\viett\.stmcufinder\plugins\mcufinder//mcu/
2023-09-26 11:59:36,811 [WARN] DbFile:41 - Overriding database path with different value: C:\Users\viett\.stmcufinder\plugins\mcufinder/ => C:\Users\viett\.stmcufinder\plugins\mcufinder
2023-09-26 11:59:36,811 [INFO] DbMcusAds:125 - Set database path to: C:\Users\viett\.stmcufinder\plugins\mcufinder//mcu/
2023-09-26 11:59:36,811 [WARN] DbFile:41 - Overriding database path with different value: C:\Users\viett\.stmcufinder\plugins\mcufinder/ => C:\Users\viett\.stmcufinder\plugins\mcufinder
2023-09-26 11:59:36,811 [WARN] DbFile:41 - Overriding database path with different value: C:\Users\viett\.stmcufinder\plugins\mcufinder/ => C:\Users\viett\.stmcufinder\plugins\mcufinder
2023-09-26 11:59:36,811 [INFO] CrossReferenceDbSqlite:203 - Set database path to: C:\Users\viett\.stmcufinder\plugins\mcufinder//mcu/cs/
2023-09-26 11:59:36,877 [INFO] MainPanel:262 - HeapMemory: 268435456
2023-09-26 11:59:36,953 [INFO] DbMcusXml:78 - Set database path to: C:\ST\STM32CubeIDE_1.13.1\STM32CubeIDE\plugins\com.st.stm32cube.common.mx_6.9.1.202307191849\\db\/mcu/
2023-09-26 11:59:36,954 [INFO] ApiDb:274 - Set plugin database path to: C:\ST\STM32CubeIDE_1.13.1\STM32CubeIDE\plugins\com.st.stm32cube.common.mx_6.9.1.202307191849\\db\/plugins/boardmanager/
2023-09-26 11:59:36,954 [INFO] ApiDb:261 - Set plugin images path to: C:\ST\STM32CubeIDE_1.13.1\STM32CubeIDE\plugins\com.st.stm32cube.common.mx_6.9.1.202307191849\\db\/plugins/mcufinder/images/
2023-09-26 11:59:36,954 [WARN] DbFile:41 - Overriding database path with different value: C:\Users\viett\.stmcufinder\plugins\mcufinder/ => C:\Users\viett\.stmcufinder\plugins\mcufinder
2023-09-26 11:59:36,954 [INFO] ApiDb:250 - Set database path to: C:\Users\viett\.stmcufinder\plugins\mcufinder//mcu/
2023-09-26 11:59:36,954 [WARN] DbFile:41 - Overriding database path with different value: C:\Users\viett\.stmcufinder\plugins\mcufinder/ => C:\Users\viett\.stmcufinder\plugins\mcufinder
2023-09-26 11:59:36,954 [INFO] DbMcusAds:125 - Set database path to: C:\Users\viett\.stmcufinder\plugins\mcufinder//mcu/
2023-09-26 11:59:36,954 [WARN] DbFile:41 - Overriding database path with different value: C:\Users\viett\.stmcufinder\plugins\mcufinder/ => C:\Users\viett\.stmcufinder\plugins\mcufinder
2023-09-26 11:59:36,954 [WARN] DbFile:41 - Overriding database path with different value: C:\Users\viett\.stmcufinder\plugins\mcufinder/ => C:\Users\viett\.stmcufinder\plugins\mcufinder
2023-09-26 11:59:36,954 [INFO] CrossReferenceDbSqlite:203 - Set database path to: C:\Users\viett\.stmcufinder\plugins\mcufinder//mcu/cs/
2023-09-26 11:59:36,968 [INFO] ApplicationProperties:184 - Using Application install path: C:\ST\STM32CubeIDE_1.13.1\STM32CubeIDE\plugins\com.st.stm32cube.common.mx_6.9.1.202307191849
2023-09-26 11:59:36,970 [INFO] PluginManage:196 - Search for loadable plugins [exclusion list=, ]
2023-09-26 11:59:36,971 [INFO] PluginManage:310 - Check plugin analytics
2023-09-26 11:59:37,103 [INFO] AnalyticsPlugin:253 - Accepted Software Licenses: 
2023-09-26 11:59:37,103 [INFO] AnalyticsPlugin:255 - Accepted CMSIS Pack Licenses: 
2023-09-26 11:59:37,103 [INFO] AnalyticsPlugin:257 - Accepted Firmware Licenses: 
2023-09-26 11:59:37,106 [INFO] PluginManage:359 - Loaded plugin analytics (category:tool,tabindex:-1)
2023-09-26 11:59:37,106 [INFO] PluginManage:310 - Check plugin cadmodel
2023-09-26 11:59:37,118 [INFO] CADModel:105 - Init CAD model plugin
2023-09-26 11:59:37,119 [INFO] PluginManage:359 - Loaded plugin cadmodel (category:power,tabindex:5)
2023-09-26 11:59:37,119 [INFO] PluginManage:310 - Check plugin clock
2023-09-26 11:59:37,135 [INFO] PluginManage:359 - Loaded plugin clock (category:base,tabindex:2)
2023-09-26 11:59:37,136 [INFO] PluginManage:310 - Check plugin ddr
2023-09-26 11:59:37,138 [INFO] PluginManage:359 - Loaded plugin ddr (category:tool,tabindex:6)
2023-09-26 11:59:37,138 [INFO] PluginManage:310 - Check plugin filemanager
2023-09-26 11:59:37,246 [INFO] PluginManage:359 - Loaded plugin filemanager (category:base,tabindex:10)
2023-09-26 11:59:37,246 [INFO] PluginManage:310 - Check plugin ipmanager
2023-09-26 11:59:37,252 [INFO] PluginManage:359 - Loaded plugin ipmanager (category:base,tabindex:5)
2023-09-26 11:59:37,253 [INFO] PluginManage:310 - Check plugin lpbam
2023-09-26 11:59:37,266 [INFO] PluginManage:359 - Loaded plugin lpbam (category:base,tabindex:0)
2023-09-26 11:59:37,266 [INFO] PluginManage:310 - Check plugin memorymap
2023-09-26 11:59:37,284 [INFO] PluginManage:359 - Loaded plugin memorymap (category:base,tabindex:4)
2023-09-26 11:59:37,284 [INFO] PluginManage:310 - Check plugin pinoutandconfiguration
2023-09-26 11:59:37,297 [INFO] PluginManage:359 - Loaded plugin pinoutandconfiguration (category:base,tabindex:1)
2023-09-26 11:59:37,297 [INFO] PluginManage:310 - Check plugin pinoutconfig
2023-09-26 11:59:37,372 [WARN] SupportedApi:132 - Cannot load RTOS API schema: s4s-elt-must-match.1: The content of 'definitions' must match (annotation?, (simpleType | complexType)?, (unique | key | keyref)*)). A problem was found starting at: attribute.
2023-09-26 11:59:37,486 [INFO] PluginManage:359 - Loaded plugin pinoutconfig (category:base,tabindex:0)
2023-09-26 11:59:37,486 [INFO] PluginManage:310 - Check plugin power
2023-09-26 11:59:37,503 [INFO] PluginManage:359 - Loaded plugin power (category:power,tabindex:4)
2023-09-26 11:59:37,503 [INFO] PluginManage:310 - Check plugin projectmanager
2023-09-26 11:59:37,516 [INFO] PluginManage:359 - Loaded plugin projectmanager (category:projectmanager,tabindex:3)
2023-09-26 11:59:37,516 [INFO] PluginManage:310 - Check plugin thirdparty
2023-09-26 11:59:37,710 [INFO] PluginManage:359 - Loaded plugin thirdparty (category:base,tabindex:-1)
2023-09-26 11:59:37,710 [INFO] PluginManage:310 - Check plugin tools
2023-09-26 11:59:37,710 [WARN] IntegrityCheckThread:84 - waiting for thirdparty lock release [integrity check]
2023-09-26 11:59:37,710 [INFO] IntegrityCheckThread:86 - entering critical section [integrity check]
2023-09-26 11:59:37,710 [INFO] ThirdPartyUpdaterWithRetryManager:70 - Updater plugin not ready yet. [1/15]
2023-09-26 11:59:37,733 [INFO] PluginManage:359 - Loaded plugin tools (category:base,tabindex:7)
2023-09-26 11:59:37,733 [INFO] PluginManage:310 - Check plugin tutovideos
2023-09-26 11:59:37,891 [INFO] PluginManage:359 - Loaded plugin tutovideos (category:base,tabindex:-1)
2023-09-26 11:59:37,892 [INFO] PluginManage:310 - Check plugin updater
2023-09-26 11:59:37,900 [INFO] PluginManage:359 - Loaded plugin updater (category:base,tabindex:12)
2023-09-26 11:59:37,900 [INFO] PluginManage:310 - Check plugin userauth
2023-09-26 11:59:37,905 [INFO] UserAuth:113 - Init User Auth plugin
2023-09-26 11:59:37,905 [INFO] PluginManage:359 - Loaded plugin userauth (category:base,tabindex:14)
2023-09-26 11:59:37,905 [INFO] PluginManage:283 - PluginManage : Loaded plugins [17]
2023-09-26 11:59:38,101 [INFO] PinOutPanel:1499 - setPackage(No Configuration,No Configuration)
2023-09-26 11:59:38,200 [INFO] CADModel:165 - CPN selected for project level
2023-09-26 11:59:38,200 [INFO] CADModel:114 - Register for checkConnection events
2023-09-26 11:59:38,221 [INFO] IPUIPlugin:80 - create IPUIPlugin
2023-09-26 11:59:38,221 [INFO] PluginManager:220 - loadIPPluginJar : add adc
2023-09-26 11:59:38,247 [INFO] IPUIPlugin:80 - create IPUIPlugin
2023-09-26 11:59:38,247 [INFO] PluginManager:220 - loadIPPluginJar : add aes
2023-09-26 11:59:38,279 [INFO] IPUIPlugin:80 - create IPUIPlugin
2023-09-26 11:59:38,279 [INFO] PluginManager:220 - loadIPPluginJar : add can
2023-09-26 11:59:38,295 [INFO] IPUIPlugin:80 - create IPUIPlugin
2023-09-26 11:59:38,295 [INFO] PluginManager:220 - loadIPPluginJar : add comp
2023-09-26 11:59:38,318 [INFO] IPUIPlugin:80 - create IPUIPlugin
2023-09-26 11:59:38,318 [INFO] PluginManager:220 - loadIPPluginJar : add cryp
2023-09-26 11:59:38,338 [INFO] IPUIPlugin:80 - create IPUIPlugin
2023-09-26 11:59:38,338 [INFO] PluginManager:220 - loadIPPluginJar : add dfsdm
2023-09-26 11:59:38,349 [INFO] IPUIPlugin:80 - create IPUIPlugin
2023-09-26 11:59:38,349 [INFO] PluginManager:220 - loadIPPluginJar : add dma
2023-09-26 11:59:38,378 [INFO] IPUIPlugin:80 - create IPUIPlugin
2023-09-26 11:59:38,378 [INFO] PluginManager:220 - loadIPPluginJar : add dma3
2023-09-26 11:59:38,394 [INFO] IPUIPlugin:80 - create IPUIPlugin
2023-09-26 11:59:38,394 [INFO] PluginManager:220 - loadIPPluginJar : add fatfs
2023-09-26 11:59:38,432 [INFO] IPUIPlugin:80 - create IPUIPlugin
2023-09-26 11:59:38,432 [INFO] PluginManager:220 - loadIPPluginJar : add fmc
2023-09-26 11:59:38,444 [INFO] IPUIPlugin:80 - create IPUIPlugin
2023-09-26 11:59:38,445 [INFO] PluginManager:220 - loadIPPluginJar : add freertos
2023-09-26 11:59:38,461 [INFO] IPUIPlugin:80 - create IPUIPlugin
2023-09-26 11:59:38,461 [INFO] PluginManager:220 - loadIPPluginJar : add genericplugin
2023-09-26 11:59:38,526 [INFO] IPUIPlugin:80 - create IPUIPlugin
2023-09-26 11:59:38,526 [INFO] PluginManager:220 - loadIPPluginJar : add gfxmmu
2023-09-26 11:59:38,616 [INFO] IPUIPlugin:80 - create IPUIPlugin
2023-09-26 11:59:38,617 [INFO] PluginManager:220 - loadIPPluginJar : add gic
2023-09-26 11:59:38,627 [INFO] IPUIPlugin:80 - create IPUIPlugin
2023-09-26 11:59:38,627 [INFO] PluginManager:220 - loadIPPluginJar : add gpio
2023-09-26 11:59:38,693 [INFO] IPUIPlugin:80 - create IPUIPlugin
2023-09-26 11:59:38,693 [INFO] PluginManager:220 - loadIPPluginJar : add gtzc
2023-09-26 11:59:38,715 [INFO] IPUIPlugin:80 - create IPUIPlugin
2023-09-26 11:59:38,715 [INFO] PluginManager:220 - loadIPPluginJar : add hash
2023-09-26 11:59:38,752 [INFO] IPUIPlugin:80 - create IPUIPlugin
2023-09-26 11:59:38,752 [INFO] PluginManager:220 - loadIPPluginJar : add i2c
2023-09-26 11:59:38,782 [INFO] IPUIPlugin:80 - create IPUIPlugin
2023-09-26 11:59:38,782 [INFO] PluginManager:220 - loadIPPluginJar : add i2s
2023-09-26 11:59:38,815 [INFO] IPUIPlugin:80 - create IPUIPlugin
2023-09-26 11:59:38,815 [INFO] PluginManager:220 - loadIPPluginJar : add i3c
2023-09-26 11:59:38,902 [INFO] IPUIPlugin:80 - create IPUIPlugin
2023-09-26 11:59:38,902 [INFO] PluginManager:220 - loadIPPluginJar : add ipddr
2023-09-26 11:59:38,967 [INFO] IPUIPlugin:80 - create IPUIPlugin
2023-09-26 11:59:38,967 [INFO] PluginManager:220 - loadIPPluginJar : add linkedlist
2023-09-26 11:59:38,993 [INFO] IPUIPlugin:80 - create IPUIPlugin
2023-09-26 11:59:38,993 [INFO] PluginManager:220 - loadIPPluginJar : add lorawan
2023-09-26 11:59:39,019 [INFO] IPUIPlugin:80 - create IPUIPlugin
2023-09-26 11:59:39,019 [INFO] PluginManager:220 - loadIPPluginJar : add ltdc
2023-09-26 11:59:39,031 [INFO] IPUIPlugin:80 - create IPUIPlugin
2023-09-26 11:59:39,031 [INFO] PluginManager:220 - loadIPPluginJar : add mdma
2023-09-26 11:59:39,041 [INFO] IPUIPlugin:80 - create IPUIPlugin
2023-09-26 11:59:39,041 [INFO] PluginManager:220 - loadIPPluginJar : add nvic
2023-09-26 11:59:39,067 [INFO] IPUIPlugin:80 - create IPUIPlugin
2023-09-26 11:59:39,067 [INFO] PluginManager:220 - loadIPPluginJar : add opamp
2023-09-26 11:59:39,111 [INFO] IPUIPlugin:80 - create IPUIPlugin
2023-09-26 11:59:39,111 [INFO] PluginManager:220 - loadIPPluginJar : add openamp
2023-09-26 11:59:39,142 [INFO] IPUIPlugin:80 - create IPUIPlugin
2023-09-26 11:59:39,142 [INFO] PluginManager:220 - loadIPPluginJar : add pdm2pcm
2023-09-26 11:59:39,152 [INFO] IPUIPlugin:80 - create IPUIPlugin
2023-09-26 11:59:39,154 [INFO] PluginManager:220 - loadIPPluginJar : add plateformsettings
2023-09-26 11:59:39,171 [INFO] IPUIPlugin:80 - create IPUIPlugin
2023-09-26 11:59:39,171 [INFO] PluginManager:220 - loadIPPluginJar : add quadspi
2023-09-26 11:59:39,181 [INFO] IPUIPlugin:80 - create IPUIPlugin
2023-09-26 11:59:39,181 [INFO] PluginManager:220 - loadIPPluginJar : add resmgrutility
2023-09-26 11:59:39,217 [INFO] IPUIPlugin:80 - create IPUIPlugin
2023-09-26 11:59:39,217 [INFO] PluginManager:220 - loadIPPluginJar : add sai
2023-09-26 11:59:39,246 [INFO] IPUIPlugin:80 - create IPUIPlugin
2023-09-26 11:59:39,247 [INFO] PluginManager:220 - loadIPPluginJar : add spi
2023-09-26 11:59:39,292 [INFO] IPUIPlugin:80 - create IPUIPlugin
2023-09-26 11:59:39,292 [INFO] PluginManager:220 - loadIPPluginJar : add stm32_wpan
2023-09-26 11:59:39,311 [INFO] IPUIPlugin:80 - create IPUIPlugin
2023-09-26 11:59:39,311 [INFO] PluginManager:220 - loadIPPluginJar : add tim
2023-09-26 11:59:39,351 [INFO] IPUIPlugin:80 - create IPUIPlugin
2023-09-26 11:59:39,351 [INFO] PluginManager:220 - loadIPPluginJar : add touchsensing
2023-09-26 11:59:39,367 [INFO] IPUIPlugin:80 - create IPUIPlugin
2023-09-26 11:59:39,367 [INFO] PluginManager:220 - loadIPPluginJar : add tracer_emb
2023-09-26 11:59:39,383 [INFO] IPUIPlugin:80 - create IPUIPlugin
2023-09-26 11:59:39,383 [INFO] PluginManager:220 - loadIPPluginJar : add ts
2023-09-26 11:59:39,405 [INFO] IPUIPlugin:80 - create IPUIPlugin
2023-09-26 11:59:39,405 [INFO] PluginManager:220 - loadIPPluginJar : add tsc
2023-09-26 11:59:39,422 [INFO] IPUIPlugin:80 - create IPUIPlugin
2023-09-26 11:59:39,422 [INFO] PluginManager:220 - loadIPPluginJar : add ucpd
2023-09-26 11:59:39,454 [INFO] IPUIPlugin:80 - create IPUIPlugin
2023-09-26 11:59:39,454 [INFO] PluginManager:220 - loadIPPluginJar : add usart
2023-09-26 11:59:39,494 [INFO] IPUIPlugin:80 - create IPUIPlugin
2023-09-26 11:59:39,494 [INFO] PluginManager:220 - loadIPPluginJar : add usbx
2023-09-26 11:59:39,612 [INFO] CADModel:165 - CPN selected for project level
2023-09-26 11:59:39,612 [INFO] CADModel:114 - Register for checkConnection events
2023-09-26 11:59:39,612 [FATAL] Updater:308 - Updater called before beeing initialized
2023-09-26 11:59:39,612 [ERROR] CADModel:125 - Updater not yet initialized, retry later 
2023-09-26 11:59:39,732 [INFO] CADModel:165 - CPN selected for project level
2023-09-26 11:59:39,732 [INFO] CADModel:114 - Register for checkConnection events
2023-09-26 11:59:39,732 [FATAL] Updater:308 - Updater called before beeing initialized
2023-09-26 11:59:39,732 [ERROR] CADModel:125 - Updater not yet initialized, retry later 
2023-09-26 11:59:39,735 [FATAL] Updater:308 - Updater called before beeing initialized
2023-09-26 11:59:39,813 [FATAL] Updater:308 - Updater called before beeing initialized
2023-09-26 11:59:39,823 [INFO] DbMcusAds:53 - JSON generation date=Tue Mar 07 15:50:55 ICT 2023 (1678179055114)
2023-09-26 11:59:39,823 [FATAL] Updater:308 - Updater called before beeing initialized
2023-09-26 11:59:39,857 [WARN] DetailPanel:346 - Failed to get advertising image, set to default
2023-09-26 11:59:39,937 [FATAL] Updater:308 - Updater called before beeing initialized
2023-09-26 11:59:39,939 [FATAL] Updater:308 - Updater called before beeing initialized
2023-09-26 11:59:39,939 [FATAL] Updater:308 - Updater called before beeing initialized
2023-09-26 11:59:39,939 [WARN] DetailPanel:346 - Failed to get advertising image, set to default
2023-09-26 11:59:39,940 [FATAL] Updater:308 - Updater called before beeing initialized
2023-09-26 11:59:39,991 [ERROR] Updater:1120 - MainUpdater not yet initialized. External WinMGr cannot be set.
2023-09-26 11:59:39,999 [INFO] Updater:1056 - Updater Version found : 6.9.1
2023-09-26 11:59:40,016 [INFO] ApplicationProperties:184 - Using Application install path: C:\ST\STM32CubeIDE_1.13.1\STM32CubeIDE\plugins\com.st.stm32cube.common.mx_6.9.1.202307191849
2023-09-26 11:59:40,152 [INFO] MainUpdater:2868 - connection check result : 10
2023-09-26 11:59:40,153 [INFO] MainUpdater:285 - Updater Check For Update Now.
2023-09-26 11:59:40,153 [INFO] MicroXplorer:498 - Change Database Version : DB.6.0.91
2023-09-26 11:59:40,171 [INFO] McuFinderGlobals:63 - Set McuFinder mode to 2 (CubeIDE integrated)
2023-09-26 11:59:40,172 [INFO] UserAuth:179 - activating auth plugin
2023-09-26 11:59:40,175 [INFO] UserAuth:393 - Internet connection configuration mode: 1
2023-09-26 11:59:40,212 [INFO] JxBrowserEngine:151 - Initiate JxBrowser Engine with user profile folder
2023-09-26 11:59:40,347 [INFO] CheckServerUpdateThread:120 - End of CheckServer Thread
2023-09-26 11:59:40,844 [WARN] PackLoader:240 - Cannot read IP mode file for STMicroelectronics.X-CUBE-SMBUS.2.1.0
2023-09-26 11:59:40,882 [WARN] PackLoader:240 - Cannot read IP mode file for STMicroelectronics.X-CUBE-AZRTOS-F7.1.1.0
2023-09-26 11:59:40,897 [WARN] PackLoader:240 - Cannot read IP mode file for STMicroelectronics.FP-SNS-MOTENV1.4.3.2
2023-09-26 11:59:40,909 [WARN] PackLoader:240 - Cannot read IP mode file for STMicroelectronics.FP-SNS-FLIGHT1.5.0.2
2023-09-26 11:59:40,922 [WARN] PackLoader:240 - Cannot read IP mode file for STMicroelectronics.X-CUBE-DISPLAY.3.0.0
2023-09-26 11:59:40,940 [WARN] PackLoader:240 - Cannot read IP mode file for STMicroelectronics.X-CUBE-BLE1.7.0.0
2023-09-26 11:59:40,951 [WARN] PackLoader:240 - Cannot read IP mode file for emotas.I-CUBE-CANOPEN.1.3.0
2023-09-26 11:59:40,963 [WARN] PackLoader:240 - Cannot read IP mode file for STMicroelectronics.X-CUBE-TOUCHGFX.4.22.0
2023-09-26 11:59:40,973 [WARN] PackLoader:240 - Cannot read IP mode file for STMicroelectronics.FP-SNS-SMARTAG2.1.2.0
2023-09-26 11:59:40,989 [INFO] LogOutputStream:77 - [STDOUT_REDIRECT] 1 : Invalid condition id : UX_CORESTACK_Condition cause : null
2023-09-26 11:59:40,989 [INFO] LogOutputStream:77 - [STDOUT_REDIRECT] 1 : Invalid condition id : UX_CORESTACK_Condition cause : null
2023-09-26 11:59:40,990 [INFO] LogOutputStream:77 - [STDOUT_REDIRECT] 1 : Invalid condition id : UX_CORESTACK_Condition cause : null
2023-09-26 11:59:40,991 [INFO] LogOutputStream:77 - [STDOUT_REDIRECT] 1 : Invalid condition id : UX_CORESTACK_Condition cause : null
2023-09-26 11:59:40,992 [INFO] LogOutputStream:77 - [STDOUT_REDIRECT] 1 : Invalid condition id : UX_CORESTACK_Condition cause : null
2023-09-26 11:59:40,994 [WARN] PackLoader:240 - Cannot read IP mode file for STMicroelectronics.X-CUBE-AZRTOS-WL.2.0.0
2023-09-26 11:59:41,006 [WARN] PackLoader:240 - Cannot read IP mode file for WES.I-CUBE-Cesium.1.3.0
2023-09-26 11:59:41,015 [WARN] PackLoader:240 - Cannot read IP mode file for STMicroelectronics.X-CUBE-BLE2.3.3.0
2023-09-26 11:59:41,025 [WARN] PackLoader:240 - Cannot read IP mode file for STMicroelectronics.X-CUBE-ALGOBUILD.1.3.0
2023-09-26 11:59:41,050 [WARN] PackLoader:240 - Cannot read IP mode file for STMicroelectronics.X-CUBE-AZRTOS-G0.1.1.0
2023-09-26 11:59:41,064 [WARN] PackLoader:240 - Cannot read IP mode file for STMicroelectronics.X-CUBE-NFC4.3.0.0
2023-09-26 11:59:41,074 [WARN] PackLoader:240 - Cannot read IP mode file for STMicroelectronics.FP-ATR-SIGFOX1.3.2.0
2023-09-26 11:59:41,102 [WARN] PackLoader:240 - Cannot read IP mode file for SEGGER.I-CUBE-embOS.1.3.1
2023-09-26 11:59:41,138 [WARN] PackLoader:240 - Cannot read IP mode file for STMicroelectronics.X-CUBE-GNSS1.6.0.0
2023-09-26 11:59:41,161 [WARN] PackLoader:240 - Cannot read IP mode file for STMicroelectronics.X-CUBE-AZRTOS-F4.1.1.0
2023-09-26 11:59:41,173 [WARN] PackLoader:240 - Cannot read IP mode file for wolfSSL.I-CUBE-wolfSSL.5.6.3
2023-09-26 11:59:41,199 [WARN] PackLoader:240 - Cannot read IP mode file for STMicroelectronics.X-CUBE-AZRTOS-L5.2.0.0
2023-09-26 11:59:41,238 [WARN] PackLoader:240 - Cannot read IP mode file for STMicroelectronics.X-CUBE-MEMS1.9.6.0
2023-09-26 11:59:41,343 [WARN] PackLoader:240 - Cannot read IP mode file for STMicroelectronics.X-CUBE-BLEMGR.2.0.0
2023-09-26 11:59:41,364 [WARN] ConditionMgr:438 - getConditionDescription Invalid condition id : UX DEVICE CLASS RTOS Condition cause : null
2023-09-26 11:59:41,364 [WARN] ConditionMgr:438 - getConditionDescription Invalid condition id : UX DEVICE CLASS RTOS Condition cause : null
2023-09-26 11:59:41,365 [WARN] PackLoader:240 - Cannot read IP mode file for STMicroelectronics.X-CUBE-AZRTOS-H7.3.1.0
2023-09-26 11:59:41,366 [WARN] ConditionMgr:1039 - genDependencies : Invalid condition id : UX DEVICE CLASS RTOS Condition cause : null
2023-09-26 11:59:41,366 [WARN] ConditionMgr:1039 - genDependencies : Invalid condition id : UX DEVICE CLASS RTOS Condition cause : null
2023-09-26 11:59:41,367 [WARN] ConditionMgr:1039 - genDependencies : Invalid condition id : UX DEVICE CLASS RTOS Condition cause : null
2023-09-26 11:59:41,367 [WARN] ConditionMgr:1039 - genDependencies : Invalid condition id : UX DEVICE CLASS RTOS Condition cause : null
2023-09-26 11:59:41,367 [WARN] ConditionMgr:1039 - genDependencies : Invalid condition id : UX DEVICE CLASS RTOS Condition cause : null
2023-09-26 11:59:41,378 [WARN] PackLoader:240 - Cannot read IP mode file for STMicroelectronics.X-CUBE-NFC7.1.0.1
2023-09-26 11:59:41,392 [WARN] PackLoader:240 - Cannot read IP mode file for STMicroelectronics.X-CUBE-NFC6.3.0.0
2023-09-26 11:59:41,405 [WARN] PackLoader:240 - Cannot read IP mode file for STMicroelectronics.X-CUBE-EEPRMA1.4.1.0
2023-09-26 11:59:41,416 [WARN] PackLoader:240 - Cannot read IP mode file for STMicroelectronics.X-CUBE-AI.8.1.0
2023-09-26 11:59:41,442 [WARN] ConditionMgr:438 - getConditionDescription Invalid condition id : LAN8742 Phy interface Condition cause : null
2023-09-26 11:59:41,443 [WARN] PackLoader:240 - Cannot read IP mode file for STMicroelectronics.X-CUBE-AZRTOS-L4.2.0.0
2023-09-26 11:59:41,444 [WARN] ConditionMgr:1039 - genDependencies : Invalid condition id : LAN8742 Phy interface Condition cause : null
2023-09-26 11:59:41,444 [WARN] ConditionMgr:1039 - genDependencies : Invalid condition id : LAN8742 Phy interface Condition cause : null
2023-09-26 11:59:41,444 [WARN] ConditionMgr:1039 - genDependencies : Invalid condition id : LAN8742 Phy interface Condition cause : null
2023-09-26 11:59:41,459 [WARN] PackLoader:240 - Cannot read IP mode file for STMicroelectronics.X-CUBE-SFXS2LP1.4.0.0
2023-09-26 11:59:41,475 [WARN] PackLoader:240 - Cannot read IP mode file for STMicroelectronics.X-CUBE-ISPU.1.1.0
2023-09-26 11:59:41,497 [WARN] ConditionMgr:438 - getConditionDescription Invalid condition id : UX DEVICE CLASS RTOS Condition cause : null
2023-09-26 11:59:41,497 [WARN] ConditionMgr:438 - getConditionDescription Invalid condition id : UX DEVICE CLASS RTOS Condition cause : null
2023-09-26 11:59:41,498 [WARN] PackLoader:240 - Cannot read IP mode file for STMicroelectronics.X-CUBE-AZRTOS-WB.2.0.0
2023-09-26 11:59:41,499 [WARN] ConditionMgr:1039 - genDependencies : Invalid condition id : UX DEVICE CLASS RTOS Condition cause : null
2023-09-26 11:59:41,499 [WARN] ConditionMgr:1039 - genDependencies : Invalid condition id : UX DEVICE CLASS RTOS Condition cause : null
2023-09-26 11:59:41,499 [WARN] ConditionMgr:1039 - genDependencies : Invalid condition id : UX DEVICE CLASS RTOS Condition cause : null
2023-09-26 11:59:41,499 [WARN] ConditionMgr:1039 - genDependencies : Invalid condition id : UX DEVICE CLASS RTOS Condition cause : null
2023-09-26 11:59:41,499 [WARN] ConditionMgr:1039 - genDependencies : Invalid condition id : UX DEVICE CLASS RTOS Condition cause : null
2023-09-26 11:59:41,516 [WARN] PackLoader:240 - Cannot read IP mode file for STMicroelectronics.X-CUBE-SUBG2.5.0.0
2023-09-26 11:59:41,540 [WARN] PackLoader:240 - Cannot read IP mode file for STMicroelectronics.X-CUBE-TOF1.3.3.1
2023-09-26 11:59:41,565 [WARN] PackLoader:240 - Cannot read IP mode file for STMicroelectronics.X-CUBE-AZRTOS-G4.2.0.0
2023-09-26 11:59:41,576 [WARN] PackLoader:240 - Cannot read IP mode file for STMicroelectronics.X-CUBE-FREERTOS.1.1.0
2023-09-26 11:59:41,591 [WARN] PackLoader:240 - Cannot read IP mode file for portGmbH.I-Cube-SoM-uGOAL.1.1.0
2023-09-26 11:59:41,603 [WARN] PackLoader:240 - Cannot read IP mode file for STMicroelectronics.X-CUBE-ALS.1.0.1
2023-09-26 11:59:41,614 [WARN] PackLoader:240 - Cannot read IP mode file for STMicroelectronics.FP-ATR-ASTRA1.2.0.0
2023-09-26 11:59:41,615 [INFO] ThirdParty:978 - Integrity check success = true
2023-09-26 11:59:41,615 [INFO] IntegrityCheckThread:100 - exiting critical section [integrity check]
2023-09-26 11:59:41,615 [INFO] IntegrityCheckThread:103 - End integrity checks thread
2023-09-26 11:59:42,275 [INFO] WebApp:157 - Instantiating new browser for Auth
2023-09-26 11:59:42,704 [INFO] WebApp:753 - Register for checkConnection events
2023-09-26 11:59:42,704 [INFO] WebApp:390 - Apply proxy settings
2023-09-26 11:59:42,704 [INFO] WebApp:475 - Chromium requires no authentication
2023-09-26 11:59:42,710 [INFO] WebApp:418 - Direct internet connection detected
2023-09-26 11:59:42,838 [INFO] WebApp:188 - Starting web application
2023-09-26 11:59:42,838 [INFO] WebApp:520 - Web application path used C:\ST\STM32CubeIDE_1.13.1\STM32CubeIDE\plugins\com.st.stm32cube.common.mx_6.9.1.202307191849\db\plugins\mcufinder\reactClient1\index.html
2023-09-26 12:00:03,493 [ERROR] LogOutputStream:75 - [STDERR_REDIRECT] SLF4J: Failed to load class "org.slf4j.impl.StaticLoggerBinder".
2023-09-26 12:00:03,493 [ERROR] LogOutputStream:75 - [STDERR_REDIRECT] SLF4J: Defaulting to no-operation (NOP) logger implementation
2023-09-26 12:00:03,494 [ERROR] LogOutputStream:75 - [STDERR_REDIRECT] SLF4J: See http://www.slf4j.org/codes.html#StaticLoggerBinder for further details.
2023-09-26 13:35:10,559 [ERROR] LogOutputStream:75 - [STDERR_REDIRECT] 
2023-09-26 13:41:15,492 [INFO] Activator:176 - 


2023-09-26 13:41:15,492 [INFO] Activator:177 - !SESSION log4j initialized
2023-09-26 13:41:21,814 [INFO] LogOutputStream:77 - [STDOUT_REDIRECT] 
2023-09-26 13:41:24,166 [INFO] ApplicationProperties:184 - Using Application install path: C:\ST\STM32CubeIDE_1.13.1\STM32CubeIDE\plugins\com.st.stm32cube.common.mx_6.9.1.202307191849
2023-09-26 13:41:24,183 [INFO] DbMcusXml:78 - Set database path to: C:\ST\STM32CubeIDE_1.13.1\STM32CubeIDE\plugins\com.st.stm32cube.common.mx_6.9.1.202307191849\\db\/mcu/
2023-09-26 13:41:24,183 [INFO] ApiDb:274 - Set plugin database path to: C:\ST\STM32CubeIDE_1.13.1\STM32CubeIDE\plugins\com.st.stm32cube.common.mx_6.9.1.202307191849\\db\/plugins/boardmanager/
2023-09-26 13:41:24,183 [WARN] ApiDb:259 - Overriding images path with different value:  => C:\ST\STM32CubeIDE_1.13.1\STM32CubeIDE\plugins\com.st.stm32cube.common.mx_6.9.1.202307191849\\db\/plugins/mcufinder/images/
2023-09-26 13:41:24,189 [INFO] ApiDb:250 - Set database path to: C:\Users\viett\.stmcufinder\plugins\mcufinder//mcu/
2023-09-26 13:41:24,190 [INFO] DbMcusAds:125 - Set database path to: C:\Users\viett\.stmcufinder\plugins\mcufinder//mcu/
2023-09-26 13:41:24,191 [INFO] CrossReferenceDbSqlite:203 - Set database path to: C:\Users\viett\.stmcufinder\plugins\mcufinder//mcu/cs/
2023-09-26 13:41:24,277 [INFO] RulesReader:64 - Compatibility file has been processed (293 Rules)
2023-09-26 13:41:24,337 [INFO] DbMcusXml:78 - Set database path to: C:\ST\STM32CubeIDE_1.13.1\STM32CubeIDE\plugins\com.st.stm32cube.common.mx_6.9.1.202307191849\\db\/mcu/
2023-09-26 13:41:24,338 [INFO] ApiDb:274 - Set plugin database path to: C:\ST\STM32CubeIDE_1.13.1\STM32CubeIDE\plugins\com.st.stm32cube.common.mx_6.9.1.202307191849\\db\/plugins/boardmanager/
2023-09-26 13:41:24,338 [INFO] ApiDb:261 - Set plugin images path to: C:\ST\STM32CubeIDE_1.13.1\STM32CubeIDE\plugins\com.st.stm32cube.common.mx_6.9.1.202307191849\\db\/plugins/mcufinder/images/
2023-09-26 13:41:24,338 [WARN] DbFile:41 - Overriding database path with different value: C:\Users\viett\.stmcufinder\plugins\mcufinder/ => C:\Users\viett\.stmcufinder\plugins\mcufinder
2023-09-26 13:41:24,338 [INFO] ApiDb:250 - Set database path to: C:\Users\viett\.stmcufinder\plugins\mcufinder//mcu/
2023-09-26 13:41:24,338 [WARN] DbFile:41 - Overriding database path with different value: C:\Users\viett\.stmcufinder\plugins\mcufinder/ => C:\Users\viett\.stmcufinder\plugins\mcufinder
2023-09-26 13:41:24,338 [INFO] DbMcusAds:125 - Set database path to: C:\Users\viett\.stmcufinder\plugins\mcufinder//mcu/
2023-09-26 13:41:24,338 [WARN] DbFile:41 - Overriding database path with different value: C:\Users\viett\.stmcufinder\plugins\mcufinder/ => C:\Users\viett\.stmcufinder\plugins\mcufinder
2023-09-26 13:41:24,338 [WARN] DbFile:41 - Overriding database path with different value: C:\Users\viett\.stmcufinder\plugins\mcufinder/ => C:\Users\viett\.stmcufinder\plugins\mcufinder
2023-09-26 13:41:24,338 [INFO] CrossReferenceDbSqlite:203 - Set database path to: C:\Users\viett\.stmcufinder\plugins\mcufinder//mcu/cs/
2023-09-26 13:41:24,411 [INFO] MainPanel:262 - HeapMemory: 268435456
2023-09-26 13:41:24,479 [INFO] DbMcusXml:78 - Set database path to: C:\ST\STM32CubeIDE_1.13.1\STM32CubeIDE\plugins\com.st.stm32cube.common.mx_6.9.1.202307191849\\db\/mcu/
2023-09-26 13:41:24,479 [INFO] ApiDb:274 - Set plugin database path to: C:\ST\STM32CubeIDE_1.13.1\STM32CubeIDE\plugins\com.st.stm32cube.common.mx_6.9.1.202307191849\\db\/plugins/boardmanager/
2023-09-26 13:41:24,480 [INFO] ApiDb:261 - Set plugin images path to: C:\ST\STM32CubeIDE_1.13.1\STM32CubeIDE\plugins\com.st.stm32cube.common.mx_6.9.1.202307191849\\db\/plugins/mcufinder/images/
2023-09-26 13:41:24,480 [WARN] DbFile:41 - Overriding database path with different value: C:\Users\viett\.stmcufinder\plugins\mcufinder/ => C:\Users\viett\.stmcufinder\plugins\mcufinder
2023-09-26 13:41:24,480 [INFO] ApiDb:250 - Set database path to: C:\Users\viett\.stmcufinder\plugins\mcufinder//mcu/
2023-09-26 13:41:24,480 [WARN] DbFile:41 - Overriding database path with different value: C:\Users\viett\.stmcufinder\plugins\mcufinder/ => C:\Users\viett\.stmcufinder\plugins\mcufinder
2023-09-26 13:41:24,480 [INFO] DbMcusAds:125 - Set database path to: C:\Users\viett\.stmcufinder\plugins\mcufinder//mcu/
2023-09-26 13:41:24,480 [WARN] DbFile:41 - Overriding database path with different value: C:\Users\viett\.stmcufinder\plugins\mcufinder/ => C:\Users\viett\.stmcufinder\plugins\mcufinder
2023-09-26 13:41:24,480 [WARN] DbFile:41 - Overriding database path with different value: C:\Users\viett\.stmcufinder\plugins\mcufinder/ => C:\Users\viett\.stmcufinder\plugins\mcufinder
2023-09-26 13:41:24,480 [INFO] CrossReferenceDbSqlite:203 - Set database path to: C:\Users\viett\.stmcufinder\plugins\mcufinder//mcu/cs/
2023-09-26 13:41:24,495 [INFO] ApplicationProperties:184 - Using Application install path: C:\ST\STM32CubeIDE_1.13.1\STM32CubeIDE\plugins\com.st.stm32cube.common.mx_6.9.1.202307191849
2023-09-26 13:41:24,496 [INFO] PluginManage:196 - Search for loadable plugins [exclusion list=, ]
2023-09-26 13:41:24,497 [INFO] PluginManage:310 - Check plugin analytics
2023-09-26 13:41:24,628 [INFO] AnalyticsPlugin:253 - Accepted Software Licenses: 
2023-09-26 13:41:24,628 [INFO] AnalyticsPlugin:255 - Accepted CMSIS Pack Licenses: 
2023-09-26 13:41:24,628 [INFO] AnalyticsPlugin:257 - Accepted Firmware Licenses: 
2023-09-26 13:41:24,630 [INFO] PluginManage:359 - Loaded plugin analytics (category:tool,tabindex:-1)
2023-09-26 13:41:24,631 [INFO] PluginManage:310 - Check plugin cadmodel
2023-09-26 13:41:24,642 [INFO] CADModel:105 - Init CAD model plugin
2023-09-26 13:41:24,642 [INFO] PluginManage:359 - Loaded plugin cadmodel (category:power,tabindex:5)
2023-09-26 13:41:24,642 [INFO] PluginManage:310 - Check plugin clock
2023-09-26 13:41:24,658 [INFO] PluginManage:359 - Loaded plugin clock (category:base,tabindex:2)
2023-09-26 13:41:24,658 [INFO] PluginManage:310 - Check plugin ddr
2023-09-26 13:41:24,660 [INFO] PluginManage:359 - Loaded plugin ddr (category:tool,tabindex:6)
2023-09-26 13:41:24,660 [INFO] PluginManage:310 - Check plugin filemanager
2023-09-26 13:41:24,774 [INFO] PluginManage:359 - Loaded plugin filemanager (category:base,tabindex:10)
2023-09-26 13:41:24,774 [INFO] PluginManage:310 - Check plugin ipmanager
2023-09-26 13:41:24,780 [INFO] PluginManage:359 - Loaded plugin ipmanager (category:base,tabindex:5)
2023-09-26 13:41:24,780 [INFO] PluginManage:310 - Check plugin lpbam
2023-09-26 13:41:24,794 [INFO] PluginManage:359 - Loaded plugin lpbam (category:base,tabindex:0)
2023-09-26 13:41:24,794 [INFO] PluginManage:310 - Check plugin memorymap
2023-09-26 13:41:24,810 [INFO] PluginManage:359 - Loaded plugin memorymap (category:base,tabindex:4)
2023-09-26 13:41:24,810 [INFO] PluginManage:310 - Check plugin pinoutandconfiguration
2023-09-26 13:41:24,823 [INFO] PluginManage:359 - Loaded plugin pinoutandconfiguration (category:base,tabindex:1)
2023-09-26 13:41:24,823 [INFO] PluginManage:310 - Check plugin pinoutconfig
2023-09-26 13:41:24,898 [WARN] SupportedApi:132 - Cannot load RTOS API schema: s4s-elt-must-match.1: The content of 'definitions' must match (annotation?, (simpleType | complexType)?, (unique | key | keyref)*)). A problem was found starting at: attribute.
2023-09-26 13:41:25,014 [INFO] PluginManage:359 - Loaded plugin pinoutconfig (category:base,tabindex:0)
2023-09-26 13:41:25,014 [INFO] PluginManage:310 - Check plugin power
2023-09-26 13:41:25,029 [INFO] PluginManage:359 - Loaded plugin power (category:power,tabindex:4)
2023-09-26 13:41:25,029 [INFO] PluginManage:310 - Check plugin projectmanager
2023-09-26 13:41:25,040 [INFO] PluginManage:359 - Loaded plugin projectmanager (category:projectmanager,tabindex:3)
2023-09-26 13:41:25,040 [INFO] PluginManage:310 - Check plugin thirdparty
2023-09-26 13:41:25,226 [INFO] PluginManage:359 - Loaded plugin thirdparty (category:base,tabindex:-1)
2023-09-26 13:41:25,226 [INFO] PluginManage:310 - Check plugin tools
2023-09-26 13:41:25,226 [WARN] IntegrityCheckThread:84 - waiting for thirdparty lock release [integrity check]
2023-09-26 13:41:25,226 [INFO] IntegrityCheckThread:86 - entering critical section [integrity check]
2023-09-26 13:41:25,227 [INFO] ThirdPartyUpdaterWithRetryManager:70 - Updater plugin not ready yet. [1/15]
2023-09-26 13:41:25,253 [INFO] PluginManage:359 - Loaded plugin tools (category:base,tabindex:7)
2023-09-26 13:41:25,253 [INFO] PluginManage:310 - Check plugin tutovideos
2023-09-26 13:41:25,394 [INFO] PluginManage:359 - Loaded plugin tutovideos (category:base,tabindex:-1)
2023-09-26 13:41:25,394 [INFO] PluginManage:310 - Check plugin updater
2023-09-26 13:41:25,403 [INFO] PluginManage:359 - Loaded plugin updater (category:base,tabindex:12)
2023-09-26 13:41:25,403 [INFO] PluginManage:310 - Check plugin userauth
2023-09-26 13:41:25,407 [INFO] UserAuth:113 - Init User Auth plugin
2023-09-26 13:41:25,407 [INFO] PluginManage:359 - Loaded plugin userauth (category:base,tabindex:14)
2023-09-26 13:41:25,407 [INFO] PluginManage:283 - PluginManage : Loaded plugins [17]
2023-09-26 13:41:25,578 [INFO] PinOutPanel:1499 - setPackage(No Configuration,No Configuration)
2023-09-26 13:41:25,659 [INFO] CADModel:165 - CPN selected for project level
2023-09-26 13:41:25,659 [INFO] CADModel:114 - Register for checkConnection events
2023-09-26 13:41:25,678 [INFO] IPUIPlugin:80 - create IPUIPlugin
2023-09-26 13:41:25,678 [INFO] PluginManager:220 - loadIPPluginJar : add adc
2023-09-26 13:41:25,704 [INFO] IPUIPlugin:80 - create IPUIPlugin
2023-09-26 13:41:25,704 [INFO] PluginManager:220 - loadIPPluginJar : add aes
2023-09-26 13:41:25,735 [INFO] IPUIPlugin:80 - create IPUIPlugin
2023-09-26 13:41:25,735 [INFO] PluginManager:220 - loadIPPluginJar : add can
2023-09-26 13:41:25,753 [INFO] IPUIPlugin:80 - create IPUIPlugin
2023-09-26 13:41:25,753 [INFO] PluginManager:220 - loadIPPluginJar : add comp
2023-09-26 13:41:25,776 [INFO] IPUIPlugin:80 - create IPUIPlugin
2023-09-26 13:41:25,776 [INFO] PluginManager:220 - loadIPPluginJar : add cryp
2023-09-26 13:41:25,798 [INFO] IPUIPlugin:80 - create IPUIPlugin
2023-09-26 13:41:25,798 [INFO] PluginManager:220 - loadIPPluginJar : add dfsdm
2023-09-26 13:41:25,809 [INFO] IPUIPlugin:80 - create IPUIPlugin
2023-09-26 13:41:25,809 [INFO] PluginManager:220 - loadIPPluginJar : add dma
2023-09-26 13:41:25,840 [INFO] IPUIPlugin:80 - create IPUIPlugin
2023-09-26 13:41:25,840 [INFO] PluginManager:220 - loadIPPluginJar : add dma3
2023-09-26 13:41:25,854 [INFO] IPUIPlugin:80 - create IPUIPlugin
2023-09-26 13:41:25,855 [INFO] PluginManager:220 - loadIPPluginJar : add fatfs
2023-09-26 13:41:25,887 [INFO] IPUIPlugin:80 - create IPUIPlugin
2023-09-26 13:41:25,887 [INFO] PluginManager:220 - loadIPPluginJar : add fmc
2023-09-26 13:41:25,898 [INFO] IPUIPlugin:80 - create IPUIPlugin
2023-09-26 13:41:25,898 [INFO] PluginManager:220 - loadIPPluginJar : add freertos
2023-09-26 13:41:25,914 [INFO] IPUIPlugin:80 - create IPUIPlugin
2023-09-26 13:41:25,914 [INFO] PluginManager:220 - loadIPPluginJar : add genericplugin
2023-09-26 13:41:25,975 [INFO] IPUIPlugin:80 - create IPUIPlugin
2023-09-26 13:41:25,975 [INFO] PluginManager:220 - loadIPPluginJar : add gfxmmu
2023-09-26 13:41:26,087 [INFO] IPUIPlugin:80 - create IPUIPlugin
2023-09-26 13:41:26,087 [INFO] PluginManager:220 - loadIPPluginJar : add gic
2023-09-26 13:41:26,097 [INFO] IPUIPlugin:80 - create IPUIPlugin
2023-09-26 13:41:26,097 [INFO] PluginManager:220 - loadIPPluginJar : add gpio
2023-09-26 13:41:26,167 [INFO] IPUIPlugin:80 - create IPUIPlugin
2023-09-26 13:41:26,167 [INFO] PluginManager:220 - loadIPPluginJar : add gtzc
2023-09-26 13:41:26,192 [INFO] IPUIPlugin:80 - create IPUIPlugin
2023-09-26 13:41:26,192 [INFO] PluginManager:220 - loadIPPluginJar : add hash
2023-09-26 13:41:26,230 [INFO] IPUIPlugin:80 - create IPUIPlugin
2023-09-26 13:41:26,230 [INFO] PluginManager:220 - loadIPPluginJar : add i2c
2023-09-26 13:41:26,259 [INFO] IPUIPlugin:80 - create IPUIPlugin
2023-09-26 13:41:26,259 [INFO] PluginManager:220 - loadIPPluginJar : add i2s
2023-09-26 13:41:26,288 [INFO] IPUIPlugin:80 - create IPUIPlugin
2023-09-26 13:41:26,289 [INFO] PluginManager:220 - loadIPPluginJar : add i3c
2023-09-26 13:41:26,369 [INFO] IPUIPlugin:80 - create IPUIPlugin
2023-09-26 13:41:26,369 [INFO] PluginManager:220 - loadIPPluginJar : add ipddr
2023-09-26 13:41:26,432 [INFO] IPUIPlugin:80 - create IPUIPlugin
2023-09-26 13:41:26,432 [INFO] PluginManager:220 - loadIPPluginJar : add linkedlist
2023-09-26 13:41:26,459 [INFO] IPUIPlugin:80 - create IPUIPlugin
2023-09-26 13:41:26,459 [INFO] PluginManager:220 - loadIPPluginJar : add lorawan
2023-09-26 13:41:26,488 [INFO] IPUIPlugin:80 - create IPUIPlugin
2023-09-26 13:41:26,488 [INFO] PluginManager:220 - loadIPPluginJar : add ltdc
2023-09-26 13:41:26,499 [INFO] IPUIPlugin:80 - create IPUIPlugin
2023-09-26 13:41:26,499 [INFO] PluginManager:220 - loadIPPluginJar : add mdma
2023-09-26 13:41:26,509 [INFO] IPUIPlugin:80 - create IPUIPlugin
2023-09-26 13:41:26,509 [INFO] PluginManager:220 - loadIPPluginJar : add nvic
2023-09-26 13:41:26,537 [INFO] IPUIPlugin:80 - create IPUIPlugin
2023-09-26 13:41:26,537 [INFO] PluginManager:220 - loadIPPluginJar : add opamp
2023-09-26 13:41:26,578 [INFO] IPUIPlugin:80 - create IPUIPlugin
2023-09-26 13:41:26,579 [INFO] PluginManager:220 - loadIPPluginJar : add openamp
2023-09-26 13:41:26,613 [INFO] IPUIPlugin:80 - create IPUIPlugin
2023-09-26 13:41:26,614 [INFO] PluginManager:220 - loadIPPluginJar : add pdm2pcm
2023-09-26 13:41:26,625 [INFO] IPUIPlugin:80 - create IPUIPlugin
2023-09-26 13:41:26,626 [INFO] PluginManager:220 - loadIPPluginJar : add plateformsettings
2023-09-26 13:41:26,645 [INFO] IPUIPlugin:80 - create IPUIPlugin
2023-09-26 13:41:26,645 [INFO] PluginManager:220 - loadIPPluginJar : add quadspi
2023-09-26 13:41:26,654 [INFO] IPUIPlugin:80 - create IPUIPlugin
2023-09-26 13:41:26,655 [INFO] PluginManager:220 - loadIPPluginJar : add resmgrutility
2023-09-26 13:41:26,693 [INFO] IPUIPlugin:80 - create IPUIPlugin
2023-09-26 13:41:26,693 [INFO] PluginManager:220 - loadIPPluginJar : add sai
2023-09-26 13:41:26,722 [INFO] IPUIPlugin:80 - create IPUIPlugin
2023-09-26 13:41:26,722 [INFO] PluginManager:220 - loadIPPluginJar : add spi
2023-09-26 13:41:26,770 [INFO] IPUIPlugin:80 - create IPUIPlugin
2023-09-26 13:41:26,770 [INFO] PluginManager:220 - loadIPPluginJar : add stm32_wpan
2023-09-26 13:41:26,772 [INFO] IPUIPlugin:80 - create IPUIPlugin
2023-09-26 13:41:26,772 [INFO] PluginManager:220 - loadIPPluginJar : add tim
2023-09-26 13:41:26,820 [INFO] IPUIPlugin:80 - create IPUIPlugin
2023-09-26 13:41:26,820 [INFO] PluginManager:220 - loadIPPluginJar : add touchsensing
2023-09-26 13:41:26,840 [INFO] IPUIPlugin:80 - create IPUIPlugin
2023-09-26 13:41:26,840 [INFO] PluginManager:220 - loadIPPluginJar : add tracer_emb
2023-09-26 13:41:26,865 [INFO] IPUIPlugin:80 - create IPUIPlugin
2023-09-26 13:41:26,865 [INFO] PluginManager:220 - loadIPPluginJar : add ts
2023-09-26 13:41:26,868 [INFO] IPUIPlugin:80 - create IPUIPlugin
2023-09-26 13:41:26,868 [INFO] PluginManager:220 - loadIPPluginJar : add tsc
2023-09-26 13:41:26,894 [INFO] IPUIPlugin:80 - create IPUIPlugin
2023-09-26 13:41:26,895 [INFO] PluginManager:220 - loadIPPluginJar : add ucpd
2023-09-26 13:41:26,946 [INFO] IPUIPlugin:80 - create IPUIPlugin
2023-09-26 13:41:26,947 [INFO] PluginManager:220 - loadIPPluginJar : add usart
2023-09-26 13:41:27,004 [INFO] IPUIPlugin:80 - create IPUIPlugin
2023-09-26 13:41:27,004 [INFO] PluginManager:220 - loadIPPluginJar : add usbx
2023-09-26 13:41:27,145 [INFO] CADModel:165 - CPN selected for project level
2023-09-26 13:41:27,146 [INFO] CADModel:114 - Register for checkConnection events
2023-09-26 13:41:27,146 [FATAL] Updater:308 - Updater called before beeing initialized
2023-09-26 13:41:27,146 [ERROR] CADModel:125 - Updater not yet initialized, retry later 
2023-09-26 13:41:27,347 [INFO] CADModel:165 - CPN selected for project level
2023-09-26 13:41:27,347 [INFO] CADModel:114 - Register for checkConnection events
2023-09-26 13:41:27,347 [FATAL] Updater:308 - Updater called before beeing initialized
2023-09-26 13:41:27,347 [ERROR] CADModel:125 - Updater not yet initialized, retry later 
2023-09-26 13:41:27,350 [FATAL] Updater:308 - Updater called before beeing initialized
2023-09-26 13:41:27,437 [FATAL] Updater:308 - Updater called before beeing initialized
2023-09-26 13:41:27,448 [INFO] DbMcusAds:53 - JSON generation date=Tue Mar 07 15:50:55 ICT 2023 (1678179055114)
2023-09-26 13:41:27,448 [FATAL] Updater:308 - Updater called before beeing initialized
2023-09-26 13:41:27,476 [WARN] DetailPanel:346 - Failed to get advertising image, set to default
2023-09-26 13:41:27,558 [FATAL] Updater:308 - Updater called before beeing initialized
2023-09-26 13:41:27,559 [FATAL] Updater:308 - Updater called before beeing initialized
2023-09-26 13:41:27,559 [FATAL] Updater:308 - Updater called before beeing initialized
2023-09-26 13:41:27,559 [WARN] DetailPanel:346 - Failed to get advertising image, set to default
2023-09-26 13:41:27,559 [FATAL] Updater:308 - Updater called before beeing initialized
2023-09-26 14:01:35,877 [INFO] Activator:176 - 


2023-09-26 14:01:35,879 [INFO] Activator:177 - !SESSION log4j initialized
2023-09-26 14:01:40,659 [INFO] LogOutputStream:77 - [STDOUT_REDIRECT] 
2023-09-26 14:01:41,961 [INFO] ApplicationProperties:184 - Using Application install path: C:\ST\STM32CubeIDE_1.13.1\STM32CubeIDE\plugins\com.st.stm32cube.common.mx_6.9.1.202307191849
2023-09-26 14:01:41,975 [INFO] DbMcusXml:78 - Set database path to: C:\ST\STM32CubeIDE_1.13.1\STM32CubeIDE\plugins\com.st.stm32cube.common.mx_6.9.1.202307191849\\db\/mcu/
2023-09-26 14:01:41,975 [INFO] ApiDb:274 - Set plugin database path to: C:\ST\STM32CubeIDE_1.13.1\STM32CubeIDE\plugins\com.st.stm32cube.common.mx_6.9.1.202307191849\\db\/plugins/boardmanager/
2023-09-26 14:01:41,976 [WARN] ApiDb:259 - Overriding images path with different value:  => C:\ST\STM32CubeIDE_1.13.1\STM32CubeIDE\plugins\com.st.stm32cube.common.mx_6.9.1.202307191849\\db\/plugins/mcufinder/images/
2023-09-26 14:01:41,982 [INFO] ApiDb:250 - Set database path to: C:\Users\viett\.stmcufinder\plugins\mcufinder//mcu/
2023-09-26 14:01:41,983 [INFO] DbMcusAds:125 - Set database path to: C:\Users\viett\.stmcufinder\plugins\mcufinder//mcu/
2023-09-26 14:01:41,985 [INFO] CrossReferenceDbSqlite:203 - Set database path to: C:\Users\viett\.stmcufinder\plugins\mcufinder//mcu/cs/
2023-09-26 14:01:42,078 [INFO] RulesReader:64 - Compatibility file has been processed (293 Rules)
2023-09-26 14:01:42,143 [INFO] DbMcusXml:78 - Set database path to: C:\ST\STM32CubeIDE_1.13.1\STM32CubeIDE\plugins\com.st.stm32cube.common.mx_6.9.1.202307191849\\db\/mcu/
2023-09-26 14:01:42,144 [INFO] ApiDb:274 - Set plugin database path to: C:\ST\STM32CubeIDE_1.13.1\STM32CubeIDE\plugins\com.st.stm32cube.common.mx_6.9.1.202307191849\\db\/plugins/boardmanager/
2023-09-26 14:01:42,144 [INFO] ApiDb:261 - Set plugin images path to: C:\ST\STM32CubeIDE_1.13.1\STM32CubeIDE\plugins\com.st.stm32cube.common.mx_6.9.1.202307191849\\db\/plugins/mcufinder/images/
2023-09-26 14:01:42,144 [WARN] DbFile:41 - Overriding database path with different value: C:\Users\viett\.stmcufinder\plugins\mcufinder/ => C:\Users\viett\.stmcufinder\plugins\mcufinder
2023-09-26 14:01:42,144 [INFO] ApiDb:250 - Set database path to: C:\Users\viett\.stmcufinder\plugins\mcufinder//mcu/
2023-09-26 14:01:42,144 [WARN] DbFile:41 - Overriding database path with different value: C:\Users\viett\.stmcufinder\plugins\mcufinder/ => C:\Users\viett\.stmcufinder\plugins\mcufinder
2023-09-26 14:01:42,144 [INFO] DbMcusAds:125 - Set database path to: C:\Users\viett\.stmcufinder\plugins\mcufinder//mcu/
2023-09-26 14:01:42,144 [WARN] DbFile:41 - Overriding database path with different value: C:\Users\viett\.stmcufinder\plugins\mcufinder/ => C:\Users\viett\.stmcufinder\plugins\mcufinder
2023-09-26 14:01:42,144 [WARN] DbFile:41 - Overriding database path with different value: C:\Users\viett\.stmcufinder\plugins\mcufinder/ => C:\Users\viett\.stmcufinder\plugins\mcufinder
2023-09-26 14:01:42,144 [INFO] CrossReferenceDbSqlite:203 - Set database path to: C:\Users\viett\.stmcufinder\plugins\mcufinder//mcu/cs/
2023-09-26 14:01:42,204 [INFO] MainPanel:262 - HeapMemory: 268435456
2023-09-26 14:01:42,259 [INFO] DbMcusXml:78 - Set database path to: C:\ST\STM32CubeIDE_1.13.1\STM32CubeIDE\plugins\com.st.stm32cube.common.mx_6.9.1.202307191849\\db\/mcu/
2023-09-26 14:01:42,259 [INFO] ApiDb:274 - Set plugin database path to: C:\ST\STM32CubeIDE_1.13.1\STM32CubeIDE\plugins\com.st.stm32cube.common.mx_6.9.1.202307191849\\db\/plugins/boardmanager/
2023-09-26 14:01:42,259 [INFO] ApiDb:261 - Set plugin images path to: C:\ST\STM32CubeIDE_1.13.1\STM32CubeIDE\plugins\com.st.stm32cube.common.mx_6.9.1.202307191849\\db\/plugins/mcufinder/images/
2023-09-26 14:01:42,260 [WARN] DbFile:41 - Overriding database path with different value: C:\Users\viett\.stmcufinder\plugins\mcufinder/ => C:\Users\viett\.stmcufinder\plugins\mcufinder
2023-09-26 14:01:42,260 [INFO] ApiDb:250 - Set database path to: C:\Users\viett\.stmcufinder\plugins\mcufinder//mcu/
2023-09-26 14:01:42,260 [WARN] DbFile:41 - Overriding database path with different value: C:\Users\viett\.stmcufinder\plugins\mcufinder/ => C:\Users\viett\.stmcufinder\plugins\mcufinder
2023-09-26 14:01:42,260 [INFO] DbMcusAds:125 - Set database path to: C:\Users\viett\.stmcufinder\plugins\mcufinder//mcu/
2023-09-26 14:01:42,260 [WARN] DbFile:41 - Overriding database path with different value: C:\Users\viett\.stmcufinder\plugins\mcufinder/ => C:\Users\viett\.stmcufinder\plugins\mcufinder
2023-09-26 14:01:42,260 [WARN] DbFile:41 - Overriding database path with different value: C:\Users\viett\.stmcufinder\plugins\mcufinder/ => C:\Users\viett\.stmcufinder\plugins\mcufinder
2023-09-26 14:01:42,260 [INFO] CrossReferenceDbSqlite:203 - Set database path to: C:\Users\viett\.stmcufinder\plugins\mcufinder//mcu/cs/
2023-09-26 14:01:42,274 [INFO] ApplicationProperties:184 - Using Application install path: C:\ST\STM32CubeIDE_1.13.1\STM32CubeIDE\plugins\com.st.stm32cube.common.mx_6.9.1.202307191849
2023-09-26 14:01:42,275 [INFO] PluginManage:196 - Search for loadable plugins [exclusion list=, ]
2023-09-26 14:01:42,276 [INFO] PluginManage:310 - Check plugin analytics
2023-09-26 14:01:42,408 [INFO] AnalyticsPlugin:253 - Accepted Software Licenses: 
2023-09-26 14:01:42,408 [INFO] AnalyticsPlugin:255 - Accepted CMSIS Pack Licenses: 
2023-09-26 14:01:42,408 [INFO] AnalyticsPlugin:257 - Accepted Firmware Licenses: 
2023-09-26 14:01:42,412 [INFO] PluginManage:359 - Loaded plugin analytics (category:tool,tabindex:-1)
2023-09-26 14:01:42,413 [INFO] PluginManage:310 - Check plugin cadmodel
2023-09-26 14:01:42,418 [INFO] CADModel:105 - Init CAD model plugin
2023-09-26 14:01:42,418 [INFO] PluginManage:359 - Loaded plugin cadmodel (category:power,tabindex:5)
2023-09-26 14:01:42,418 [INFO] PluginManage:310 - Check plugin clock
2023-09-26 14:01:42,427 [INFO] PluginManage:359 - Loaded plugin clock (category:base,tabindex:2)
2023-09-26 14:01:42,427 [INFO] PluginManage:310 - Check plugin ddr
2023-09-26 14:01:42,429 [INFO] PluginManage:359 - Loaded plugin ddr (category:tool,tabindex:6)
2023-09-26 14:01:42,429 [INFO] PluginManage:310 - Check plugin filemanager
2023-09-26 14:01:42,526 [INFO] PluginManage:359 - Loaded plugin filemanager (category:base,tabindex:10)
2023-09-26 14:01:42,526 [INFO] PluginManage:310 - Check plugin ipmanager
2023-09-26 14:01:42,532 [INFO] PluginManage:359 - Loaded plugin ipmanager (category:base,tabindex:5)
2023-09-26 14:01:42,532 [INFO] PluginManage:310 - Check plugin lpbam
2023-09-26 14:01:42,538 [INFO] PluginManage:359 - Loaded plugin lpbam (category:base,tabindex:0)
2023-09-26 14:01:42,538 [INFO] PluginManage:310 - Check plugin memorymap
2023-09-26 14:01:42,547 [INFO] PluginManage:359 - Loaded plugin memorymap (category:base,tabindex:4)
2023-09-26 14:01:42,547 [INFO] PluginManage:310 - Check plugin pinoutandconfiguration
2023-09-26 14:01:42,552 [INFO] PluginManage:359 - Loaded plugin pinoutandconfiguration (category:base,tabindex:1)
2023-09-26 14:01:42,552 [INFO] PluginManage:310 - Check plugin pinoutconfig
2023-09-26 14:01:42,614 [WARN] SupportedApi:132 - Cannot load RTOS API schema: s4s-elt-must-match.1: The content of 'definitions' must match (annotation?, (simpleType | complexType)?, (unique | key | keyref)*)). A problem was found starting at: attribute.
2023-09-26 14:01:42,723 [INFO] PluginManage:359 - Loaded plugin pinoutconfig (category:base,tabindex:0)
2023-09-26 14:01:42,723 [INFO] PluginManage:310 - Check plugin power
2023-09-26 14:01:42,730 [INFO] PluginManage:359 - Loaded plugin power (category:power,tabindex:4)
2023-09-26 14:01:42,730 [INFO] PluginManage:310 - Check plugin projectmanager
2023-09-26 14:01:42,741 [INFO] PluginManage:359 - Loaded plugin projectmanager (category:projectmanager,tabindex:3)
2023-09-26 14:01:42,741 [INFO] PluginManage:310 - Check plugin thirdparty
2023-09-26 14:01:42,824 [INFO] PluginManage:359 - Loaded plugin thirdparty (category:base,tabindex:-1)
2023-09-26 14:01:42,824 [INFO] PluginManage:310 - Check plugin tools
2023-09-26 14:01:42,824 [WARN] IntegrityCheckThread:84 - waiting for thirdparty lock release [integrity check]
2023-09-26 14:01:42,824 [INFO] IntegrityCheckThread:86 - entering critical section [integrity check]
2023-09-26 14:01:42,825 [INFO] ThirdPartyUpdaterWithRetryManager:70 - Updater plugin not ready yet. [1/15]
2023-09-26 14:01:42,827 [INFO] PluginManage:359 - Loaded plugin tools (category:base,tabindex:7)
2023-09-26 14:01:42,827 [INFO] PluginManage:310 - Check plugin tutovideos
2023-09-26 14:01:42,974 [INFO] PluginManage:359 - Loaded plugin tutovideos (category:base,tabindex:-1)
2023-09-26 14:01:42,975 [INFO] PluginManage:310 - Check plugin updater
2023-09-26 14:01:42,982 [INFO] PluginManage:359 - Loaded plugin updater (category:base,tabindex:12)
2023-09-26 14:01:42,982 [INFO] PluginManage:310 - Check plugin userauth
2023-09-26 14:01:42,985 [INFO] UserAuth:113 - Init User Auth plugin
2023-09-26 14:01:42,986 [INFO] PluginManage:359 - Loaded plugin userauth (category:base,tabindex:14)
2023-09-26 14:01:42,986 [INFO] PluginManage:283 - PluginManage : Loaded plugins [17]
2023-09-26 14:01:43,133 [INFO] PinOutPanel:1499 - setPackage(No Configuration,No Configuration)
2023-09-26 14:01:43,205 [INFO] CADModel:165 - CPN selected for project level
2023-09-26 14:01:43,205 [INFO] CADModel:114 - Register for checkConnection events
2023-09-26 14:01:43,216 [INFO] IPUIPlugin:80 - create IPUIPlugin
2023-09-26 14:01:43,216 [INFO] PluginManager:220 - loadIPPluginJar : add adc
2023-09-26 14:01:43,218 [INFO] IPUIPlugin:80 - create IPUIPlugin
2023-09-26 14:01:43,218 [INFO] PluginManager:220 - loadIPPluginJar : add aes
2023-09-26 14:01:43,219 [INFO] IPUIPlugin:80 - create IPUIPlugin
2023-09-26 14:01:43,220 [INFO] PluginManager:220 - loadIPPluginJar : add can
2023-09-26 14:01:43,221 [INFO] IPUIPlugin:80 - create IPUIPlugin
2023-09-26 14:01:43,221 [INFO] PluginManager:220 - loadIPPluginJar : add comp
2023-09-26 14:01:43,222 [INFO] IPUIPlugin:80 - create IPUIPlugin
2023-09-26 14:01:43,222 [INFO] PluginManager:220 - loadIPPluginJar : add cryp
2023-09-26 14:01:43,223 [INFO] IPUIPlugin:80 - create IPUIPlugin
2023-09-26 14:01:43,223 [INFO] PluginManager:220 - loadIPPluginJar : add dfsdm
2023-09-26 14:01:43,227 [INFO] IPUIPlugin:80 - create IPUIPlugin
2023-09-26 14:01:43,228 [INFO] PluginManager:220 - loadIPPluginJar : add dma
2023-09-26 14:01:43,229 [INFO] IPUIPlugin:80 - create IPUIPlugin
2023-09-26 14:01:43,229 [INFO] PluginManager:220 - loadIPPluginJar : add dma3
2023-09-26 14:01:43,230 [INFO] IPUIPlugin:80 - create IPUIPlugin
2023-09-26 14:01:43,230 [INFO] PluginManager:220 - loadIPPluginJar : add fatfs
2023-09-26 14:01:43,233 [INFO] IPUIPlugin:80 - create IPUIPlugin
2023-09-26 14:01:43,233 [INFO] PluginManager:220 - loadIPPluginJar : add fmc
2023-09-26 14:01:43,236 [INFO] IPUIPlugin:80 - create IPUIPlugin
2023-09-26 14:01:43,236 [INFO] PluginManager:220 - loadIPPluginJar : add freertos
2023-09-26 14:01:43,237 [INFO] IPUIPlugin:80 - create IPUIPlugin
2023-09-26 14:01:43,237 [INFO] PluginManager:220 - loadIPPluginJar : add genericplugin
2023-09-26 14:01:43,238 [INFO] IPUIPlugin:80 - create IPUIPlugin
2023-09-26 14:01:43,238 [INFO] PluginManager:220 - loadIPPluginJar : add gfxmmu
2023-09-26 14:01:43,241 [INFO] IPUIPlugin:80 - create IPUIPlugin
2023-09-26 14:01:43,241 [INFO] PluginManager:220 - loadIPPluginJar : add gic
2023-09-26 14:01:43,244 [INFO] IPUIPlugin:80 - create IPUIPlugin
2023-09-26 14:01:43,244 [INFO] PluginManager:220 - loadIPPluginJar : add gpio
2023-09-26 14:01:43,245 [INFO] IPUIPlugin:80 - create IPUIPlugin
2023-09-26 14:01:43,245 [INFO] PluginManager:220 - loadIPPluginJar : add gtzc
2023-09-26 14:01:43,247 [INFO] IPUIPlugin:80 - create IPUIPlugin
2023-09-26 14:01:43,247 [INFO] PluginManager:220 - loadIPPluginJar : add hash
2023-09-26 14:01:43,248 [INFO] IPUIPlugin:80 - create IPUIPlugin
2023-09-26 14:01:43,248 [INFO] PluginManager:220 - loadIPPluginJar : add i2c
2023-09-26 14:01:43,250 [INFO] IPUIPlugin:80 - create IPUIPlugin
2023-09-26 14:01:43,250 [INFO] PluginManager:220 - loadIPPluginJar : add i2s
2023-09-26 14:01:43,251 [INFO] IPUIPlugin:80 - create IPUIPlugin
2023-09-26 14:01:43,251 [INFO] PluginManager:220 - loadIPPluginJar : add i3c
2023-09-26 14:01:43,254 [INFO] IPUIPlugin:80 - create IPUIPlugin
2023-09-26 14:01:43,254 [INFO] PluginManager:220 - loadIPPluginJar : add ipddr
2023-09-26 14:01:43,259 [INFO] IPUIPlugin:80 - create IPUIPlugin
2023-09-26 14:01:43,259 [INFO] PluginManager:220 - loadIPPluginJar : add linkedlist
2023-09-26 14:01:43,261 [INFO] IPUIPlugin:80 - create IPUIPlugin
2023-09-26 14:01:43,261 [INFO] PluginManager:220 - loadIPPluginJar : add lorawan
2023-09-26 14:01:43,262 [INFO] IPUIPlugin:80 - create IPUIPlugin
2023-09-26 14:01:43,262 [INFO] PluginManager:220 - loadIPPluginJar : add ltdc
2023-09-26 14:01:43,265 [INFO] IPUIPlugin:80 - create IPUIPlugin
2023-09-26 14:01:43,266 [INFO] PluginManager:220 - loadIPPluginJar : add mdma
2023-09-26 14:01:43,274 [INFO] IPUIPlugin:80 - create IPUIPlugin
2023-09-26 14:01:43,274 [INFO] PluginManager:220 - loadIPPluginJar : add nvic
2023-09-26 14:01:43,276 [INFO] IPUIPlugin:80 - create IPUIPlugin
2023-09-26 14:01:43,276 [INFO] PluginManager:220 - loadIPPluginJar : add opamp
2023-09-26 14:01:43,278 [INFO] IPUIPlugin:80 - create IPUIPlugin
2023-09-26 14:01:43,278 [INFO] PluginManager:220 - loadIPPluginJar : add openamp
2023-09-26 14:01:43,281 [INFO] IPUIPlugin:80 - create IPUIPlugin
2023-09-26 14:01:43,281 [INFO] PluginManager:220 - loadIPPluginJar : add pdm2pcm
2023-09-26 14:01:43,290 [INFO] IPUIPlugin:80 - create IPUIPlugin
2023-09-26 14:01:43,292 [INFO] PluginManager:220 - loadIPPluginJar : add plateformsettings
2023-09-26 14:01:43,293 [INFO] IPUIPlugin:80 - create IPUIPlugin
2023-09-26 14:01:43,293 [INFO] PluginManager:220 - loadIPPluginJar : add quadspi
2023-09-26 14:01:43,295 [INFO] IPUIPlugin:80 - create IPUIPlugin
2023-09-26 14:01:43,295 [INFO] PluginManager:220 - loadIPPluginJar : add resmgrutility
2023-09-26 14:01:43,297 [INFO] IPUIPlugin:80 - create IPUIPlugin
2023-09-26 14:01:43,297 [INFO] PluginManager:220 - loadIPPluginJar : add sai
2023-09-26 14:01:43,298 [INFO] IPUIPlugin:80 - create IPUIPlugin
2023-09-26 14:01:43,299 [INFO] PluginManager:220 - loadIPPluginJar : add spi
2023-09-26 14:01:43,302 [INFO] IPUIPlugin:80 - create IPUIPlugin
2023-09-26 14:01:43,302 [INFO] PluginManager:220 - loadIPPluginJar : add stm32_wpan
2023-09-26 14:01:43,304 [INFO] IPUIPlugin:80 - create IPUIPlugin
2023-09-26 14:01:43,304 [INFO] PluginManager:220 - loadIPPluginJar : add tim
2023-09-26 14:01:43,306 [INFO] IPUIPlugin:80 - create IPUIPlugin
2023-09-26 14:01:43,306 [INFO] PluginManager:220 - loadIPPluginJar : add touchsensing
2023-09-26 14:01:43,307 [INFO] IPUIPlugin:80 - create IPUIPlugin
2023-09-26 14:01:43,307 [INFO] PluginManager:220 - loadIPPluginJar : add tracer_emb
2023-09-26 14:01:43,308 [INFO] IPUIPlugin:80 - create IPUIPlugin
2023-09-26 14:01:43,308 [INFO] PluginManager:220 - loadIPPluginJar : add ts
2023-09-26 14:01:43,309 [INFO] IPUIPlugin:80 - create IPUIPlugin
2023-09-26 14:01:43,309 [INFO] PluginManager:220 - loadIPPluginJar : add tsc
2023-09-26 14:01:43,310 [INFO] IPUIPlugin:80 - create IPUIPlugin
2023-09-26 14:01:43,310 [INFO] PluginManager:220 - loadIPPluginJar : add ucpd
2023-09-26 14:01:43,312 [INFO] IPUIPlugin:80 - create IPUIPlugin
2023-09-26 14:01:43,312 [INFO] PluginManager:220 - loadIPPluginJar : add usart
2023-09-26 14:01:43,314 [INFO] IPUIPlugin:80 - create IPUIPlugin
2023-09-26 14:01:43,314 [INFO] PluginManager:220 - loadIPPluginJar : add usbx
2023-09-26 14:01:43,424 [INFO] CADModel:165 - CPN selected for project level
2023-09-26 14:01:43,425 [INFO] CADModel:114 - Register for checkConnection events
2023-09-26 14:01:43,425 [FATAL] Updater:308 - Updater called before beeing initialized
2023-09-26 14:01:43,425 [ERROR] CADModel:125 - Updater not yet initialized, retry later 
2023-09-26 14:01:43,523 [INFO] CADModel:165 - CPN selected for project level
2023-09-26 14:01:43,524 [INFO] CADModel:114 - Register for checkConnection events
2023-09-26 14:01:43,524 [FATAL] Updater:308 - Updater called before beeing initialized
2023-09-26 14:01:43,524 [ERROR] CADModel:125 - Updater not yet initialized, retry later 
2023-09-26 14:01:43,526 [FATAL] Updater:308 - Updater called before beeing initialized
2023-09-26 14:01:43,592 [FATAL] Updater:308 - Updater called before beeing initialized
2023-09-26 14:01:43,596 [INFO] DbMcusAds:53 - JSON generation date=Tue Mar 07 15:50:55 ICT 2023 (1678179055114)
2023-09-26 14:01:43,596 [FATAL] Updater:308 - Updater called before beeing initialized
2023-09-26 14:01:43,621 [WARN] DetailPanel:346 - Failed to get advertising image, set to default
2023-09-26 14:01:43,701 [FATAL] Updater:308 - Updater called before beeing initialized
2023-09-26 14:01:43,702 [FATAL] Updater:308 - Updater called before beeing initialized
2023-09-26 14:01:43,702 [FATAL] Updater:308 - Updater called before beeing initialized
2023-09-26 14:01:43,702 [WARN] DetailPanel:346 - Failed to get advertising image, set to default
2023-09-26 14:01:43,703 [FATAL] Updater:308 - Updater called before beeing initialized
2023-09-26 14:01:43,747 [ERROR] Updater:1120 - MainUpdater not yet initialized. External WinMGr cannot be set.
2023-09-26 14:01:43,755 [INFO] Updater:1056 - Updater Version found : 6.9.1
2023-09-26 14:01:43,771 [INFO] ApplicationProperties:184 - Using Application install path: C:\ST\STM32CubeIDE_1.13.1\STM32CubeIDE\plugins\com.st.stm32cube.common.mx_6.9.1.202307191849
2023-09-26 14:01:43,950 [INFO] MainUpdater:2868 - connection check result : 10
2023-09-26 14:01:43,950 [INFO] MainUpdater:285 - Updater Check For Update Now.
2023-09-26 14:01:43,950 [INFO] MicroXplorer:498 - Change Database Version : DB.6.0.91
2023-09-26 14:01:43,964 [INFO] McuFinderGlobals:63 - Set McuFinder mode to 2 (CubeIDE integrated)
2023-09-26 14:01:43,964 [INFO] UserAuth:179 - activating auth plugin
2023-09-26 14:01:43,966 [INFO] UserAuth:393 - Internet connection configuration mode: 1
2023-09-26 14:01:43,996 [INFO] JxBrowserEngine:151 - Initiate JxBrowser Engine with user profile folder
2023-09-26 14:01:44,125 [INFO] CheckServerUpdateThread:120 - End of CheckServer Thread
2023-09-26 14:01:45,353 [INFO] WebApp:157 - Instantiating new browser for Auth
2023-09-26 14:01:45,694 [INFO] WebApp:753 - Register for checkConnection events
2023-09-26 14:01:45,694 [INFO] WebApp:390 - Apply proxy settings
2023-09-26 14:01:45,694 [INFO] WebApp:475 - Chromium requires no authentication
2023-09-26 14:01:45,699 [INFO] WebApp:418 - Direct internet connection detected
2023-09-26 14:01:45,815 [INFO] WebApp:188 - Starting web application
2023-09-26 14:01:45,815 [INFO] WebApp:520 - Web application path used C:\ST\STM32CubeIDE_1.13.1\STM32CubeIDE\plugins\com.st.stm32cube.common.mx_6.9.1.202307191849\db\plugins\mcufinder\reactClient1\index.html
2023-09-26 14:01:45,945 [WARN] PackLoader:240 - Cannot read IP mode file for STMicroelectronics.X-CUBE-SMBUS.2.1.0
2023-09-26 14:01:45,987 [WARN] PackLoader:240 - Cannot read IP mode file for STMicroelectronics.X-CUBE-AZRTOS-F7.1.1.0
2023-09-26 14:01:46,016 [WARN] PackLoader:240 - Cannot read IP mode file for STMicroelectronics.FP-SNS-MOTENV1.4.3.2
2023-09-26 14:01:46,033 [WARN] PackLoader:240 - Cannot read IP mode file for STMicroelectronics.FP-SNS-FLIGHT1.5.0.2
2023-09-26 14:01:46,064 [WARN] PackLoader:240 - Cannot read IP mode file for STMicroelectronics.X-CUBE-DISPLAY.3.0.0
2023-09-26 14:01:46,087 [WARN] PackLoader:240 - Cannot read IP mode file for STMicroelectronics.X-CUBE-BLE1.7.0.0
2023-09-26 14:01:46,097 [WARN] PackLoader:240 - Cannot read IP mode file for emotas.I-CUBE-CANOPEN.1.3.0
2023-09-26 14:01:46,110 [WARN] PackLoader:240 - Cannot read IP mode file for STMicroelectronics.X-CUBE-TOUCHGFX.4.22.0
2023-09-26 14:01:46,122 [WARN] PackLoader:240 - Cannot read IP mode file for STMicroelectronics.FP-SNS-SMARTAG2.1.2.0
2023-09-26 14:01:46,137 [INFO] LogOutputStream:77 - [STDOUT_REDIRECT] 1 : Invalid condition id : UX_CORESTACK_Condition cause : null
2023-09-26 14:01:46,138 [INFO] LogOutputStream:77 - [STDOUT_REDIRECT] 1 : Invalid condition id : UX_CORESTACK_Condition cause : null
2023-09-26 14:01:46,139 [INFO] LogOutputStream:77 - [STDOUT_REDIRECT] 1 : Invalid condition id : UX_CORESTACK_Condition cause : null
2023-09-26 14:01:46,140 [INFO] LogOutputStream:77 - [STDOUT_REDIRECT] 1 : Invalid condition id : UX_CORESTACK_Condition cause : null
2023-09-26 14:01:46,141 [INFO] LogOutputStream:77 - [STDOUT_REDIRECT] 1 : Invalid condition id : UX_CORESTACK_Condition cause : null
2023-09-26 14:01:46,144 [WARN] PackLoader:240 - Cannot read IP mode file for STMicroelectronics.X-CUBE-AZRTOS-WL.2.0.0
2023-09-26 14:01:46,159 [WARN] PackLoader:240 - Cannot read IP mode file for WES.I-CUBE-Cesium.1.3.0
2023-09-26 14:01:46,171 [WARN] PackLoader:240 - Cannot read IP mode file for STMicroelectronics.X-CUBE-BLE2.3.3.0
2023-09-26 14:01:46,183 [WARN] PackLoader:240 - Cannot read IP mode file for STMicroelectronics.X-CUBE-ALGOBUILD.1.3.0
2023-09-26 14:01:46,205 [WARN] PackLoader:240 - Cannot read IP mode file for STMicroelectronics.X-CUBE-AZRTOS-G0.1.1.0
2023-09-26 14:01:46,220 [WARN] PackLoader:240 - Cannot read IP mode file for STMicroelectronics.X-CUBE-NFC4.3.0.0
2023-09-26 14:01:46,231 [WARN] PackLoader:240 - Cannot read IP mode file for STMicroelectronics.FP-ATR-SIGFOX1.3.2.0
2023-09-26 14:01:46,263 [WARN] PackLoader:240 - Cannot read IP mode file for SEGGER.I-CUBE-embOS.1.3.1
2023-09-26 14:01:46,309 [WARN] PackLoader:240 - Cannot read IP mode file for STMicroelectronics.X-CUBE-GNSS1.6.0.0
2023-09-26 14:01:46,334 [WARN] PackLoader:240 - Cannot read IP mode file for STMicroelectronics.X-CUBE-AZRTOS-F4.1.1.0
2023-09-26 14:01:46,348 [WARN] PackLoader:240 - Cannot read IP mode file for wolfSSL.I-CUBE-wolfSSL.5.6.3
2023-09-26 14:01:46,378 [WARN] PackLoader:240 - Cannot read IP mode file for STMicroelectronics.X-CUBE-AZRTOS-L5.2.0.0
2023-09-26 14:01:46,426 [WARN] PackLoader:240 - Cannot read IP mode file for STMicroelectronics.X-CUBE-MEMS1.9.6.0
2023-09-26 14:01:46,527 [WARN] PackLoader:240 - Cannot read IP mode file for STMicroelectronics.X-CUBE-BLEMGR.2.0.0
2023-09-26 14:01:46,548 [WARN] ConditionMgr:438 - getConditionDescription Invalid condition id : UX DEVICE CLASS RTOS Condition cause : null
2023-09-26 14:01:46,548 [WARN] ConditionMgr:438 - getConditionDescription Invalid condition id : UX DEVICE CLASS RTOS Condition cause : null
2023-09-26 14:01:46,550 [WARN] PackLoader:240 - Cannot read IP mode file for STMicroelectronics.X-CUBE-AZRTOS-H7.3.1.0
2023-09-26 14:01:46,551 [WARN] ConditionMgr:1039 - genDependencies : Invalid condition id : UX DEVICE CLASS RTOS Condition cause : null
2023-09-26 14:01:46,551 [WARN] ConditionMgr:1039 - genDependencies : Invalid condition id : UX DEVICE CLASS RTOS Condition cause : null
2023-09-26 14:01:46,552 [WARN] ConditionMgr:1039 - genDependencies : Invalid condition id : UX DEVICE CLASS RTOS Condition cause : null
2023-09-26 14:01:46,552 [WARN] ConditionMgr:1039 - genDependencies : Invalid condition id : UX DEVICE CLASS RTOS Condition cause : null
2023-09-26 14:01:46,552 [WARN] ConditionMgr:1039 - genDependencies : Invalid condition id : UX DEVICE CLASS RTOS Condition cause : null
2023-09-26 14:01:46,565 [WARN] PackLoader:240 - Cannot read IP mode file for STMicroelectronics.X-CUBE-NFC7.1.0.1
2023-09-26 14:01:46,579 [WARN] PackLoader:240 - Cannot read IP mode file for STMicroelectronics.X-CUBE-NFC6.3.0.0
2023-09-26 14:01:46,591 [WARN] PackLoader:240 - Cannot read IP mode file for STMicroelectronics.X-CUBE-EEPRMA1.4.1.0
2023-09-26 14:01:46,603 [WARN] PackLoader:240 - Cannot read IP mode file for STMicroelectronics.X-CUBE-AI.8.1.0
2023-09-26 14:01:46,626 [WARN] ConditionMgr:438 - getConditionDescription Invalid condition id : LAN8742 Phy interface Condition cause : null
2023-09-26 14:01:46,627 [WARN] PackLoader:240 - Cannot read IP mode file for STMicroelectronics.X-CUBE-AZRTOS-L4.2.0.0
2023-09-26 14:01:46,627 [WARN] ConditionMgr:1039 - genDependencies : Invalid condition id : LAN8742 Phy interface Condition cause : null
2023-09-26 14:01:46,628 [WARN] ConditionMgr:1039 - genDependencies : Invalid condition id : LAN8742 Phy interface Condition cause : null
2023-09-26 14:01:46,628 [WARN] ConditionMgr:1039 - genDependencies : Invalid condition id : LAN8742 Phy interface Condition cause : null
2023-09-26 14:01:46,643 [WARN] PackLoader:240 - Cannot read IP mode file for STMicroelectronics.X-CUBE-SFXS2LP1.4.0.0
2023-09-26 14:01:46,656 [WARN] PackLoader:240 - Cannot read IP mode file for STMicroelectronics.X-CUBE-ISPU.1.1.0
2023-09-26 14:01:46,677 [WARN] ConditionMgr:438 - getConditionDescription Invalid condition id : UX DEVICE CLASS RTOS Condition cause : null
2023-09-26 14:01:46,677 [WARN] ConditionMgr:438 - getConditionDescription Invalid condition id : UX DEVICE CLASS RTOS Condition cause : null
2023-09-26 14:01:46,678 [WARN] PackLoader:240 - Cannot read IP mode file for STMicroelectronics.X-CUBE-AZRTOS-WB.2.0.0
2023-09-26 14:01:46,679 [WARN] ConditionMgr:1039 - genDependencies : Invalid condition id : UX DEVICE CLASS RTOS Condition cause : null
2023-09-26 14:01:46,679 [WARN] ConditionMgr:1039 - genDependencies : Invalid condition id : UX DEVICE CLASS RTOS Condition cause : null
2023-09-26 14:01:46,679 [WARN] ConditionMgr:1039 - genDependencies : Invalid condition id : UX DEVICE CLASS RTOS Condition cause : null
2023-09-26 14:01:46,679 [WARN] ConditionMgr:1039 - genDependencies : Invalid condition id : UX DEVICE CLASS RTOS Condition cause : null
2023-09-26 14:01:46,679 [WARN] ConditionMgr:1039 - genDependencies : Invalid condition id : UX DEVICE CLASS RTOS Condition cause : null
2023-09-26 14:01:46,694 [WARN] PackLoader:240 - Cannot read IP mode file for STMicroelectronics.X-CUBE-SUBG2.5.0.0
2023-09-26 14:01:46,712 [WARN] PackLoader:240 - Cannot read IP mode file for STMicroelectronics.X-CUBE-TOF1.3.3.1
2023-09-26 14:01:46,733 [WARN] PackLoader:240 - Cannot read IP mode file for STMicroelectronics.X-CUBE-AZRTOS-G4.2.0.0
2023-09-26 14:01:46,745 [WARN] PackLoader:240 - Cannot read IP mode file for STMicroelectronics.X-CUBE-FREERTOS.1.1.0
2023-09-26 14:01:46,756 [WARN] PackLoader:240 - Cannot read IP mode file for portGmbH.I-Cube-SoM-uGOAL.1.1.0
2023-09-26 14:01:46,768 [WARN] PackLoader:240 - Cannot read IP mode file for STMicroelectronics.X-CUBE-ALS.1.0.1
2023-09-26 14:01:46,781 [WARN] PackLoader:240 - Cannot read IP mode file for STMicroelectronics.FP-ATR-ASTRA1.2.0.0
2023-09-26 14:01:46,782 [INFO] ThirdParty:978 - Integrity check success = true
2023-09-26 14:01:46,782 [INFO] IntegrityCheckThread:100 - exiting critical section [integrity check]
2023-09-26 14:01:46,782 [INFO] IntegrityCheckThread:103 - End integrity checks thread
2023-09-26 14:02:03,227 [ERROR] LogOutputStream:75 - [STDERR_REDIRECT] 
