2023-11-14 13:56:03,500 [INFO] Activator:176 - 


2023-11-14 13:56:03,505 [INFO] Activator:177 - !SESSION log4j initialized
2023-11-14 13:56:10,057 [INFO] LogOutputStream:77 - [STDOUT_REDIRECT] 
2023-11-14 13:56:18,207 [INFO] ApplicationProperties:184 - Using Application install path: C:\ST\STM32CubeIDE_1.13.1\STM32CubeIDE\plugins\com.st.stm32cube.common.mx_6.9.1.202307191849
2023-11-14 13:56:18,228 [INFO] DbMcusXml:78 - Set database path to: C:\ST\STM32CubeIDE_1.13.1\STM32CubeIDE\plugins\com.st.stm32cube.common.mx_6.9.1.202307191849\\db\/mcu/
2023-11-14 13:56:18,228 [INFO] ApiDb:274 - Set plugin database path to: C:\ST\STM32CubeIDE_1.13.1\STM32CubeIDE\plugins\com.st.stm32cube.common.mx_6.9.1.202307191849\\db\/plugins/boardmanager/
2023-11-14 13:56:18,228 [WARN] ApiDb:259 - Overriding images path with different value:  => C:\ST\STM32CubeIDE_1.13.1\STM32CubeIDE\plugins\com.st.stm32cube.common.mx_6.9.1.202307191849\\db\/plugins/mcufinder/images/
2023-11-14 13:56:18,239 [INFO] ApiDb:250 - Set database path to: C:\Users\viett\.stmcufinder\plugins\mcufinder//mcu/
2023-11-14 13:56:18,239 [INFO] DbMcusAds:125 - Set database path to: C:\Users\viett\.stmcufinder\plugins\mcufinder//mcu/
2023-11-14 13:56:18,239 [INFO] CrossReferenceDbSqlite:203 - Set database path to: C:\Users\viett\.stmcufinder\plugins\mcufinder//mcu/cs/
2023-11-14 13:56:18,349 [INFO] RulesReader:64 - Compatibility file has been processed (293 Rules)
2023-11-14 13:56:18,429 [INFO] DbMcusXml:78 - Set database path to: C:\ST\STM32CubeIDE_1.13.1\STM32CubeIDE\plugins\com.st.stm32cube.common.mx_6.9.1.202307191849\\db\/mcu/
2023-11-14 13:56:18,429 [INFO] ApiDb:274 - Set plugin database path to: C:\ST\STM32CubeIDE_1.13.1\STM32CubeIDE\plugins\com.st.stm32cube.common.mx_6.9.1.202307191849\\db\/plugins/boardmanager/
2023-11-14 13:56:18,429 [INFO] ApiDb:261 - Set plugin images path to: C:\ST\STM32CubeIDE_1.13.1\STM32CubeIDE\plugins\com.st.stm32cube.common.mx_6.9.1.202307191849\\db\/plugins/mcufinder/images/
2023-11-14 13:56:18,429 [WARN] DbFile:41 - Overriding database path with different value: C:\Users\viett\.stmcufinder\plugins\mcufinder/ => C:\Users\viett\.stmcufinder\plugins\mcufinder
2023-11-14 13:56:18,429 [INFO] ApiDb:250 - Set database path to: C:\Users\viett\.stmcufinder\plugins\mcufinder//mcu/
2023-11-14 13:56:18,429 [WARN] DbFile:41 - Overriding database path with different value: C:\Users\viett\.stmcufinder\plugins\mcufinder/ => C:\Users\viett\.stmcufinder\plugins\mcufinder
2023-11-14 13:56:18,429 [INFO] DbMcusAds:125 - Set database path to: C:\Users\viett\.stmcufinder\plugins\mcufinder//mcu/
2023-11-14 13:56:18,429 [WARN] DbFile:41 - Overriding database path with different value: C:\Users\viett\.stmcufinder\plugins\mcufinder/ => C:\Users\viett\.stmcufinder\plugins\mcufinder
2023-11-14 13:56:18,429 [WARN] DbFile:41 - Overriding database path with different value: C:\Users\viett\.stmcufinder\plugins\mcufinder/ => C:\Users\viett\.stmcufinder\plugins\mcufinder
2023-11-14 13:56:18,429 [INFO] CrossReferenceDbSqlite:203 - Set database path to: C:\Users\viett\.stmcufinder\plugins\mcufinder//mcu/cs/
2023-11-14 13:56:18,490 [INFO] MainPanel:262 - HeapMemory: 268435456
2023-11-14 13:56:18,571 [INFO] DbMcusXml:78 - Set database path to: C:\ST\STM32CubeIDE_1.13.1\STM32CubeIDE\plugins\com.st.stm32cube.common.mx_6.9.1.202307191849\\db\/mcu/
2023-11-14 13:56:18,571 [INFO] ApiDb:274 - Set plugin database path to: C:\ST\STM32CubeIDE_1.13.1\STM32CubeIDE\plugins\com.st.stm32cube.common.mx_6.9.1.202307191849\\db\/plugins/boardmanager/
2023-11-14 13:56:18,571 [INFO] ApiDb:261 - Set plugin images path to: C:\ST\STM32CubeIDE_1.13.1\STM32CubeIDE\plugins\com.st.stm32cube.common.mx_6.9.1.202307191849\\db\/plugins/mcufinder/images/
2023-11-14 13:56:18,571 [WARN] DbFile:41 - Overriding database path with different value: C:\Users\viett\.stmcufinder\plugins\mcufinder/ => C:\Users\viett\.stmcufinder\plugins\mcufinder
2023-11-14 13:56:18,571 [INFO] ApiDb:250 - Set database path to: C:\Users\viett\.stmcufinder\plugins\mcufinder//mcu/
2023-11-14 13:56:18,571 [WARN] DbFile:41 - Overriding database path with different value: C:\Users\viett\.stmcufinder\plugins\mcufinder/ => C:\Users\viett\.stmcufinder\plugins\mcufinder
2023-11-14 13:56:18,571 [INFO] DbMcusAds:125 - Set database path to: C:\Users\viett\.stmcufinder\plugins\mcufinder//mcu/
2023-11-14 13:56:18,571 [WARN] DbFile:41 - Overriding database path with different value: C:\Users\viett\.stmcufinder\plugins\mcufinder/ => C:\Users\viett\.stmcufinder\plugins\mcufinder
2023-11-14 13:56:18,571 [WARN] DbFile:41 - Overriding database path with different value: C:\Users\viett\.stmcufinder\plugins\mcufinder/ => C:\Users\viett\.stmcufinder\plugins\mcufinder
2023-11-14 13:56:18,571 [INFO] CrossReferenceDbSqlite:203 - Set database path to: C:\Users\viett\.stmcufinder\plugins\mcufinder//mcu/cs/
2023-11-14 13:56:18,586 [INFO] ApplicationProperties:184 - Using Application install path: C:\ST\STM32CubeIDE_1.13.1\STM32CubeIDE\plugins\com.st.stm32cube.common.mx_6.9.1.202307191849
2023-11-14 13:56:18,586 [INFO] PluginManage:196 - Search for loadable plugins [exclusion list=, ]
2023-11-14 13:56:18,586 [INFO] PluginManage:310 - Check plugin analytics
2023-11-14 13:56:23,674 [INFO] AnalyticsPlugin:253 - Accepted Software Licenses: 
2023-11-14 13:56:23,674 [INFO] AnalyticsPlugin:255 - Accepted CMSIS Pack Licenses: 
2023-11-14 13:56:23,674 [INFO] AnalyticsPlugin:257 - Accepted Firmware Licenses: 
2023-11-14 13:56:23,674 [INFO] PluginManage:359 - Loaded plugin analytics (category:tool,tabindex:-1)
2023-11-14 13:56:23,674 [INFO] PluginManage:310 - Check plugin cadmodel
2023-11-14 13:56:23,689 [INFO] CADModel:105 - Init CAD model plugin
2023-11-14 13:56:23,689 [INFO] PluginManage:359 - Loaded plugin cadmodel (category:power,tabindex:5)
2023-11-14 13:56:23,689 [INFO] PluginManage:310 - Check plugin clock
2023-11-14 13:56:23,705 [INFO] PluginManage:359 - Loaded plugin clock (category:base,tabindex:2)
2023-11-14 13:56:23,705 [INFO] PluginManage:310 - Check plugin ddr
2023-11-14 13:56:23,705 [INFO] PluginManage:359 - Loaded plugin ddr (category:tool,tabindex:6)
2023-11-14 13:56:23,705 [INFO] PluginManage:310 - Check plugin filemanager
2023-11-14 13:56:23,809 [INFO] PluginManage:359 - Loaded plugin filemanager (category:base,tabindex:10)
2023-11-14 13:56:23,809 [INFO] PluginManage:310 - Check plugin ipmanager
2023-11-14 13:56:23,809 [INFO] PluginManage:359 - Loaded plugin ipmanager (category:base,tabindex:5)
2023-11-14 13:56:23,825 [INFO] PluginManage:310 - Check plugin lpbam
2023-11-14 13:56:23,825 [INFO] PluginManage:359 - Loaded plugin lpbam (category:base,tabindex:0)
2023-11-14 13:56:23,825 [INFO] PluginManage:310 - Check plugin memorymap
2023-11-14 13:56:23,856 [INFO] PluginManage:359 - Loaded plugin memorymap (category:base,tabindex:4)
2023-11-14 13:56:23,856 [INFO] PluginManage:310 - Check plugin pinoutandconfiguration
2023-11-14 13:56:23,872 [INFO] PluginManage:359 - Loaded plugin pinoutandconfiguration (category:base,tabindex:1)
2023-11-14 13:56:23,872 [INFO] PluginManage:310 - Check plugin pinoutconfig
2023-11-14 13:56:23,950 [WARN] SupportedApi:132 - Cannot load RTOS API schema: s4s-elt-must-match.1: The content of 'definitions' must match (annotation?, (simpleType | complexType)?, (unique | key | keyref)*)). A problem was found starting at: attribute.
2023-11-14 13:56:24,086 [INFO] PluginManage:359 - Loaded plugin pinoutconfig (category:base,tabindex:0)
2023-11-14 13:56:24,086 [INFO] PluginManage:310 - Check plugin power
2023-11-14 13:56:24,103 [INFO] PluginManage:359 - Loaded plugin power (category:power,tabindex:4)
2023-11-14 13:56:24,104 [INFO] PluginManage:310 - Check plugin projectmanager
2023-11-14 13:56:24,116 [INFO] PluginManage:359 - Loaded plugin projectmanager (category:projectmanager,tabindex:3)
2023-11-14 13:56:24,116 [INFO] PluginManage:310 - Check plugin thirdparty
2023-11-14 13:56:24,316 [INFO] PluginManage:359 - Loaded plugin thirdparty (category:base,tabindex:-1)
2023-11-14 13:56:24,316 [INFO] PluginManage:310 - Check plugin tools
2023-11-14 13:56:24,316 [WARN] IntegrityCheckThread:84 - waiting for thirdparty lock release [integrity check]
2023-11-14 13:56:24,316 [INFO] IntegrityCheckThread:86 - entering critical section [integrity check]
2023-11-14 13:56:24,317 [INFO] ThirdPartyUpdaterWithRetryManager:70 - Updater plugin not ready yet. [1/15]
2023-11-14 13:56:24,342 [INFO] PluginManage:359 - Loaded plugin tools (category:base,tabindex:7)
2023-11-14 13:56:24,342 [INFO] PluginManage:310 - Check plugin tutovideos
2023-11-14 13:56:24,503 [INFO] PluginManage:359 - Loaded plugin tutovideos (category:base,tabindex:-1)
2023-11-14 13:56:24,503 [INFO] PluginManage:310 - Check plugin updater
2023-11-14 13:56:24,511 [INFO] PluginManage:359 - Loaded plugin updater (category:base,tabindex:12)
2023-11-14 13:56:24,511 [INFO] PluginManage:310 - Check plugin userauth
2023-11-14 13:56:24,516 [INFO] UserAuth:113 - Init User Auth plugin
2023-11-14 13:56:24,516 [INFO] PluginManage:359 - Loaded plugin userauth (category:base,tabindex:14)
2023-11-14 13:56:24,516 [INFO] PluginManage:283 - PluginManage : Loaded plugins [17]
2023-11-14 13:56:24,693 [INFO] PinOutPanel:1499 - setPackage(No Configuration,No Configuration)
2023-11-14 13:56:24,774 [INFO] CADModel:165 - CPN selected for project level
2023-11-14 13:56:24,774 [INFO] CADModel:114 - Register for checkConnection events
2023-11-14 13:56:24,795 [INFO] IPUIPlugin:80 - create IPUIPlugin
2023-11-14 13:56:24,795 [INFO] PluginManager:220 - loadIPPluginJar : add adc
2023-11-14 13:56:24,821 [INFO] IPUIPlugin:80 - create IPUIPlugin
2023-11-14 13:56:24,822 [INFO] PluginManager:220 - loadIPPluginJar : add aes
2023-11-14 13:56:24,850 [INFO] IPUIPlugin:80 - create IPUIPlugin
2023-11-14 13:56:24,850 [INFO] PluginManager:220 - loadIPPluginJar : add can
2023-11-14 13:56:24,866 [INFO] IPUIPlugin:80 - create IPUIPlugin
2023-11-14 13:56:24,866 [INFO] PluginManager:220 - loadIPPluginJar : add comp
2023-11-14 13:56:24,892 [INFO] IPUIPlugin:80 - create IPUIPlugin
2023-11-14 13:56:24,893 [INFO] PluginManager:220 - loadIPPluginJar : add cryp
2023-11-14 13:56:24,914 [INFO] IPUIPlugin:80 - create IPUIPlugin
2023-11-14 13:56:24,914 [INFO] PluginManager:220 - loadIPPluginJar : add dfsdm
2023-11-14 13:56:24,925 [INFO] IPUIPlugin:80 - create IPUIPlugin
2023-11-14 13:56:24,925 [INFO] PluginManager:220 - loadIPPluginJar : add dma
2023-11-14 13:56:24,955 [INFO] IPUIPlugin:80 - create IPUIPlugin
2023-11-14 13:56:24,955 [INFO] PluginManager:220 - loadIPPluginJar : add dma3
2023-11-14 13:56:24,969 [INFO] IPUIPlugin:80 - create IPUIPlugin
2023-11-14 13:56:24,969 [INFO] PluginManager:220 - loadIPPluginJar : add fatfs
2023-11-14 13:56:25,001 [INFO] IPUIPlugin:80 - create IPUIPlugin
2023-11-14 13:56:25,002 [INFO] PluginManager:220 - loadIPPluginJar : add fmc
2023-11-14 13:56:25,013 [INFO] IPUIPlugin:80 - create IPUIPlugin
2023-11-14 13:56:25,013 [INFO] PluginManager:220 - loadIPPluginJar : add freertos
2023-11-14 13:56:25,029 [INFO] IPUIPlugin:80 - create IPUIPlugin
2023-11-14 13:56:25,029 [INFO] PluginManager:220 - loadIPPluginJar : add genericplugin
2023-11-14 13:56:25,088 [INFO] IPUIPlugin:80 - create IPUIPlugin
2023-11-14 13:56:25,088 [INFO] PluginManager:220 - loadIPPluginJar : add gfxmmu
2023-11-14 13:56:25,173 [INFO] IPUIPlugin:80 - create IPUIPlugin
2023-11-14 13:56:25,173 [INFO] PluginManager:220 - loadIPPluginJar : add gic
2023-11-14 13:56:25,182 [INFO] IPUIPlugin:80 - create IPUIPlugin
2023-11-14 13:56:25,182 [INFO] PluginManager:220 - loadIPPluginJar : add gpio
2023-11-14 13:56:25,247 [INFO] IPUIPlugin:80 - create IPUIPlugin
2023-11-14 13:56:25,247 [INFO] PluginManager:220 - loadIPPluginJar : add gtzc
2023-11-14 13:56:25,269 [INFO] IPUIPlugin:80 - create IPUIPlugin
2023-11-14 13:56:25,269 [INFO] PluginManager:220 - loadIPPluginJar : add hash
2023-11-14 13:56:25,304 [INFO] IPUIPlugin:80 - create IPUIPlugin
2023-11-14 13:56:25,304 [INFO] PluginManager:220 - loadIPPluginJar : add i2c
2023-11-14 13:56:25,333 [INFO] IPUIPlugin:80 - create IPUIPlugin
2023-11-14 13:56:25,333 [INFO] PluginManager:220 - loadIPPluginJar : add i2s
2023-11-14 13:56:25,364 [INFO] IPUIPlugin:80 - create IPUIPlugin
2023-11-14 13:56:25,364 [INFO] PluginManager:220 - loadIPPluginJar : add i3c
2023-11-14 13:56:25,440 [INFO] IPUIPlugin:80 - create IPUIPlugin
2023-11-14 13:56:25,440 [INFO] PluginManager:220 - loadIPPluginJar : add ipddr
2023-11-14 13:56:25,502 [INFO] IPUIPlugin:80 - create IPUIPlugin
2023-11-14 13:56:25,502 [INFO] PluginManager:220 - loadIPPluginJar : add linkedlist
2023-11-14 13:56:25,527 [INFO] IPUIPlugin:80 - create IPUIPlugin
2023-11-14 13:56:25,527 [INFO] PluginManager:220 - loadIPPluginJar : add lorawan
2023-11-14 13:56:25,551 [INFO] IPUIPlugin:80 - create IPUIPlugin
2023-11-14 13:56:25,551 [INFO] PluginManager:220 - loadIPPluginJar : add ltdc
2023-11-14 13:56:25,562 [INFO] IPUIPlugin:80 - create IPUIPlugin
2023-11-14 13:56:25,563 [INFO] PluginManager:220 - loadIPPluginJar : add mdma
2023-11-14 13:56:25,572 [INFO] IPUIPlugin:80 - create IPUIPlugin
2023-11-14 13:56:25,572 [INFO] PluginManager:220 - loadIPPluginJar : add nvic
2023-11-14 13:56:25,596 [INFO] IPUIPlugin:80 - create IPUIPlugin
2023-11-14 13:56:25,596 [INFO] PluginManager:220 - loadIPPluginJar : add opamp
2023-11-14 13:56:25,636 [INFO] IPUIPlugin:80 - create IPUIPlugin
2023-11-14 13:56:25,636 [INFO] PluginManager:220 - loadIPPluginJar : add openamp
2023-11-14 13:56:25,665 [INFO] IPUIPlugin:80 - create IPUIPlugin
2023-11-14 13:56:25,665 [INFO] PluginManager:220 - loadIPPluginJar : add pdm2pcm
2023-11-14 13:56:25,675 [INFO] IPUIPlugin:80 - create IPUIPlugin
2023-11-14 13:56:25,677 [INFO] PluginManager:220 - loadIPPluginJar : add plateformsettings
2023-11-14 13:56:25,692 [INFO] IPUIPlugin:80 - create IPUIPlugin
2023-11-14 13:56:25,692 [INFO] PluginManager:220 - loadIPPluginJar : add quadspi
2023-11-14 13:56:25,701 [INFO] IPUIPlugin:80 - create IPUIPlugin
2023-11-14 13:56:25,701 [INFO] PluginManager:220 - loadIPPluginJar : add resmgrutility
2023-11-14 13:56:25,734 [INFO] IPUIPlugin:80 - create IPUIPlugin
2023-11-14 13:56:25,734 [INFO] PluginManager:220 - loadIPPluginJar : add sai
2023-11-14 13:56:25,759 [INFO] IPUIPlugin:80 - create IPUIPlugin
2023-11-14 13:56:25,759 [INFO] PluginManager:220 - loadIPPluginJar : add spi
2023-11-14 13:56:25,800 [INFO] IPUIPlugin:80 - create IPUIPlugin
2023-11-14 13:56:25,800 [INFO] PluginManager:220 - loadIPPluginJar : add stm32_wpan
2023-11-14 13:56:25,816 [INFO] IPUIPlugin:80 - create IPUIPlugin
2023-11-14 13:56:25,816 [INFO] PluginManager:220 - loadIPPluginJar : add tim
2023-11-14 13:56:25,854 [INFO] IPUIPlugin:80 - create IPUIPlugin
2023-11-14 13:56:25,854 [INFO] PluginManager:220 - loadIPPluginJar : add touchsensing
2023-11-14 13:56:25,870 [INFO] IPUIPlugin:80 - create IPUIPlugin
2023-11-14 13:56:25,870 [INFO] PluginManager:220 - loadIPPluginJar : add tracer_emb
2023-11-14 13:56:25,887 [INFO] IPUIPlugin:80 - create IPUIPlugin
2023-11-14 13:56:25,887 [INFO] PluginManager:220 - loadIPPluginJar : add ts
2023-11-14 13:56:25,903 [INFO] IPUIPlugin:80 - create IPUIPlugin
2023-11-14 13:56:25,903 [INFO] PluginManager:220 - loadIPPluginJar : add tsc
2023-11-14 13:56:25,918 [INFO] IPUIPlugin:80 - create IPUIPlugin
2023-11-14 13:56:25,918 [INFO] PluginManager:220 - loadIPPluginJar : add ucpd
2023-11-14 13:56:25,949 [INFO] IPUIPlugin:80 - create IPUIPlugin
2023-11-14 13:56:25,949 [INFO] PluginManager:220 - loadIPPluginJar : add usart
2023-11-14 13:56:25,979 [INFO] IPUIPlugin:80 - create IPUIPlugin
2023-11-14 13:56:25,980 [INFO] PluginManager:220 - loadIPPluginJar : add usbx
2023-11-14 13:56:26,095 [INFO] CADModel:165 - CPN selected for project level
2023-11-14 13:56:26,095 [INFO] CADModel:114 - Register for checkConnection events
2023-11-14 13:56:26,095 [FATAL] Updater:308 - Updater called before beeing initialized
2023-11-14 13:56:26,096 [ERROR] CADModel:125 - Updater not yet initialized, retry later 
2023-11-14 13:56:26,211 [INFO] CADModel:165 - CPN selected for project level
2023-11-14 13:56:26,211 [INFO] CADModel:114 - Register for checkConnection events
2023-11-14 13:56:26,211 [FATAL] Updater:308 - Updater called before beeing initialized
2023-11-14 13:56:26,211 [ERROR] CADModel:125 - Updater not yet initialized, retry later 
2023-11-14 13:56:26,214 [FATAL] Updater:308 - Updater called before beeing initialized
2023-11-14 13:56:26,296 [FATAL] Updater:308 - Updater called before beeing initialized
2023-11-14 13:56:26,306 [INFO] DbMcusAds:53 - JSON generation date=Tue Mar 07 15:50:55 ICT 2023 (1678179055114)
2023-11-14 13:56:26,307 [FATAL] Updater:308 - Updater called before beeing initialized
2023-11-14 13:56:26,341 [WARN] DetailPanel:346 - Failed to get advertising image, set to default
2023-11-14 13:56:26,433 [FATAL] Updater:308 - Updater called before beeing initialized
2023-11-14 13:56:26,434 [FATAL] Updater:308 - Updater called before beeing initialized
2023-11-14 13:56:26,435 [FATAL] Updater:308 - Updater called before beeing initialized
2023-11-14 13:56:26,435 [WARN] DetailPanel:346 - Failed to get advertising image, set to default
2023-11-14 13:56:26,435 [FATAL] Updater:308 - Updater called before beeing initialized
2023-11-14 13:56:26,479 [ERROR] Updater:1120 - MainUpdater not yet initialized. External WinMGr cannot be set.
2023-11-14 13:56:26,489 [INFO] Updater:1056 - Updater Version found : 6.9.1
2023-11-14 13:56:26,505 [INFO] ApplicationProperties:184 - Using Application install path: C:\ST\STM32CubeIDE_1.13.1\STM32CubeIDE\plugins\com.st.stm32cube.common.mx_6.9.1.202307191849
2023-11-14 13:56:26,688 [INFO] MainUpdater:2868 - connection check result : 10
2023-11-14 13:56:26,688 [INFO] MainUpdater:3562 - Updater definition file requires update
2023-11-14 13:56:26,689 [INFO] MainUpdater:285 - Updater Check For Update Now.
2023-11-14 13:56:26,689 [INFO] MicroXplorer:498 - Change Database Version : DB.6.0.91
2023-11-14 13:56:26,702 [INFO] McuFinderGlobals:63 - Set McuFinder mode to 2 (CubeIDE integrated)
2023-11-14 13:56:26,702 [INFO] UserAuth:179 - activating auth plugin
2023-11-14 13:56:26,704 [INFO] UserAuth:393 - Internet connection configuration mode: 1
2023-11-14 13:56:26,721 [INFO] JxBrowserEngine:151 - Initiate JxBrowser Engine with user profile folder
2023-11-14 13:56:26,740 [INFO] ServerAccessManage:473 - Download File updaters.zip
2023-11-14 13:56:26,872 [INFO] FileExtend:240 - Unzip File : updaters.zip
2023-11-14 13:56:26,872 [INFO] FileExtend:255 - Standard Zip Deflate
2023-11-14 13:56:27,162 [INFO] ServerAccessManage:473 - Download File PacksControlFlags.xml
2023-11-14 13:56:27,256 [INFO] ServerAccessManage:473 - Download File cubemx.pidx
2023-11-14 13:56:27,329 [WARN] MainUpdater:1189 - Updater busy. Cannot search thirdparties
2023-11-14 13:56:27,329 [INFO] ThirdPartyUpdaterWithRetryManager:96 - Updater plugin is busy. [1/15]
2023-11-14 13:56:27,603 [INFO] ServerAccessManage:473 - Download File STMicroelectronics.FP-SNS-MOTENVWB1.pdsc
2023-11-14 13:56:27,867 [INFO] ServerAccessManage:473 - Download File STMicroelectronics.X-CUBE-BLEMGR.pdsc
2023-11-14 13:56:28,459 [INFO] ServerAccessManage:473 - Download File STMicroelectronics.X-CUBE-EEPRMA1.pdsc
2023-11-14 13:56:28,901 [INFO] WebApp:157 - Instantiating new browser for Auth
2023-11-14 13:56:29,334 [INFO] WebApp:753 - Register for checkConnection events
2023-11-14 13:56:29,334 [INFO] WebApp:390 - Apply proxy settings
2023-11-14 13:56:29,334 [INFO] WebApp:475 - Chromium requires no authentication
2023-11-14 13:56:29,341 [INFO] WebApp:418 - Direct internet connection detected
2023-11-14 13:56:29,471 [INFO] WebApp:188 - Starting web application
2023-11-14 13:56:29,471 [INFO] WebApp:520 - Web application path used C:\ST\STM32CubeIDE_1.13.1\STM32CubeIDE\plugins\com.st.stm32cube.common.mx_6.9.1.202307191849\db\plugins\mcufinder\reactClient1\index.html
2023-11-14 13:56:29,521 [ERROR] ServerAccessManage:1089 - Problem, file not found on Server
2023-11-14 13:56:29,866 [INFO] ServerAccessManage:473 - Download File STMicroelectronics.X-CUBE-MEMS1.pdsc
2023-11-14 13:56:30,335 [WARN] MainUpdater:1189 - Updater busy. Cannot search thirdparties
2023-11-14 13:56:30,335 [INFO] ThirdPartyUpdaterWithRetryManager:96 - Updater plugin is busy. [2/15]
2023-11-14 13:56:31,790 [INFO] ServerAccessManage:473 - Download File STMicroelectronics.X-CUBE-TOUCHGFX.pdsc
2023-11-14 13:56:33,342 [WARN] MainUpdater:1189 - Updater busy. Cannot search thirdparties
2023-11-14 13:56:33,342 [INFO] ThirdPartyUpdaterWithRetryManager:96 - Updater plugin is busy. [3/15]
2023-11-14 13:56:34,532 [ERROR] ServerAccessManage:1096 - Problem, Http access forbiden
2023-11-14 13:56:34,532 [ERROR] ServerAccessManage:651 - Problem, Http access forbiden : RoweBots.I-CUBE-UNISONRTOS.pdsc.
2023-11-14 13:56:35,616 [INFO] ServerAccessManage:473 - Download File ITTIA_DB.I-CUBE-ITTIADB.pdsc
2023-11-14 13:56:36,354 [WARN] MainUpdater:1189 - Updater busy. Cannot search thirdparties
2023-11-14 13:56:36,354 [INFO] ThirdPartyUpdaterWithRetryManager:96 - Updater plugin is busy. [4/15]
2023-11-14 13:56:39,357 [WARN] MainUpdater:1189 - Updater busy. Cannot search thirdparties
2023-11-14 13:56:39,357 [INFO] ThirdPartyUpdaterWithRetryManager:96 - Updater plugin is busy. [5/15]
2023-11-14 13:56:39,490 [INFO] ServerAccessManage:473 - Download File Infineon.AIROC-Wi-Fi-Bluetooth-STM32.pdsc
2023-11-14 13:56:41,432 [WARN] PackLoader:240 - Cannot read IP mode file for STMicroelectronics.FP-SNS-MOTENVWB1.1.3.0
2023-11-14 13:56:41,445 [WARN] PackLoader:240 - Cannot read IP mode file for STMicroelectronics.X-CUBE-BLEMGR.3.0.0
2023-11-14 13:56:41,453 [WARN] PackLoader:240 - Cannot read IP mode file for STMicroelectronics.X-CUBE-EEPRMA1.4.2.0
2023-11-14 13:56:41,490 [WARN] PackLoader:240 - Cannot read IP mode file for STMicroelectronics.X-CUBE-MEMS1.10.0.0
2023-11-14 13:56:41,568 [INFO] CheckServerUpdateThread:120 - End of CheckServer Thread
2023-11-14 13:56:41,592 [WARN] PackLoader:240 - Cannot read IP mode file for STMicroelectronics.X-CUBE-TOUCHGFX.4.22.1
2023-11-14 13:56:41,606 [WARN] PackLoader:240 - Cannot read IP mode file for ITTIA_DB.I-CUBE-ITTIADB.8.8.0
2023-11-14 13:56:41,615 [WARN] PackLoader:240 - Cannot read IP mode file for Infineon.AIROC-Wi-Fi-Bluetooth-STM32.1.5.1
2023-11-14 13:56:41,617 [INFO] PopulateThirdPartyThread:66 - Ending populate Thread
2023-11-14 13:56:41,619 [INFO] ThirdParty:1030 - CMSIS Pack Vendor :STMicroelectronics X-CUBE-MEMS1 10.0.0
2023-11-14 13:56:41,619 [INFO] ThirdParty:1030 - CMSIS Pack Vendor :STMicroelectronics FP-SNS-MOTENVWB1 1.3.0
2023-11-14 13:56:41,619 [INFO] ThirdParty:1030 - CMSIS Pack Vendor :STMicroelectronics X-CUBE-TOUCHGFX 4.22.1
2023-11-14 13:56:41,619 [INFO] ThirdParty:1030 - CMSIS Pack Vendor :Infineon AIROC-Wi-Fi-Bluetooth-STM32 1.5.1
2023-11-14 13:56:41,619 [INFO] ThirdParty:1030 - CMSIS Pack Vendor :STMicroelectronics X-CUBE-BLEMGR 3.0.0
2023-11-14 13:56:41,619 [INFO] ThirdParty:1030 - CMSIS Pack Vendor :STMicroelectronics X-CUBE-EEPRMA1 4.2.0
2023-11-14 13:56:41,619 [INFO] ThirdParty:1030 - CMSIS Pack Vendor :ITTIA_DB I-CUBE-ITTIADB 8.8.0
2023-11-14 13:56:41,620 [INFO] LoadServerUpdatesThread:373 - End of LoadServerUpdate Thread
2023-11-14 13:56:42,485 [WARN] PackLoader:240 - Cannot read IP mode file for STMicroelectronics.X-CUBE-SMBUS.2.1.0
2023-11-14 13:56:42,505 [WARN] PackLoader:240 - Cannot read IP mode file for STMicroelectronics.X-CUBE-AZRTOS-F7.1.1.0
2023-11-14 13:56:42,518 [WARN] PackLoader:240 - Cannot read IP mode file for STMicroelectronics.FP-SNS-MOTENV1.4.3.2
2023-11-14 13:56:42,522 [WARN] PackLoader:240 - Cannot read IP mode file for STMicroelectronics.FP-SNS-FLIGHT1.5.0.2
2023-11-14 13:56:42,534 [WARN] PackLoader:240 - Cannot read IP mode file for STMicroelectronics.X-CUBE-DISPLAY.3.0.0
2023-11-14 13:56:42,549 [WARN] PackLoader:240 - Cannot read IP mode file for STMicroelectronics.X-CUBE-BLE1.7.0.0
2023-11-14 13:56:42,559 [WARN] PackLoader:240 - Cannot read IP mode file for emotas.I-CUBE-CANOPEN.1.3.0
2023-11-14 13:56:42,568 [WARN] PackLoader:240 - Cannot read IP mode file for STMicroelectronics.X-CUBE-TOUCHGFX.4.22.0
2023-11-14 13:56:42,571 [WARN] PackLoader:240 - Cannot read IP mode file for STMicroelectronics.X-CUBE-TOUCHGFX.4.22.1
2023-11-14 13:56:42,580 [WARN] PackLoader:240 - Cannot read IP mode file for STMicroelectronics.FP-SNS-SMARTAG2.1.2.0
2023-11-14 13:56:42,596 [INFO] LogOutputStream:77 - [STDOUT_REDIRECT] 1 : Invalid condition id : UX_CORESTACK_Condition cause : null
2023-11-14 13:56:42,596 [INFO] LogOutputStream:77 - [STDOUT_REDIRECT] 1 : Invalid condition id : UX_CORESTACK_Condition cause : null
2023-11-14 13:56:42,597 [INFO] LogOutputStream:77 - [STDOUT_REDIRECT] 1 : Invalid condition id : UX_CORESTACK_Condition cause : null
2023-11-14 13:56:42,598 [INFO] LogOutputStream:77 - [STDOUT_REDIRECT] 1 : Invalid condition id : UX_CORESTACK_Condition cause : null
2023-11-14 13:56:42,599 [INFO] LogOutputStream:77 - [STDOUT_REDIRECT] 1 : Invalid condition id : UX_CORESTACK_Condition cause : null
2023-11-14 13:56:42,601 [WARN] PackLoader:240 - Cannot read IP mode file for STMicroelectronics.X-CUBE-AZRTOS-WL.2.0.0
2023-11-14 13:56:42,613 [WARN] PackLoader:240 - Cannot read IP mode file for WES.I-CUBE-Cesium.1.3.0
2023-11-14 13:56:42,623 [WARN] PackLoader:240 - Cannot read IP mode file for STMicroelectronics.X-CUBE-BLE2.3.3.0
2023-11-14 13:56:42,634 [WARN] PackLoader:240 - Cannot read IP mode file for STMicroelectronics.X-CUBE-ALGOBUILD.1.3.0
2023-11-14 13:56:42,654 [WARN] PackLoader:240 - Cannot read IP mode file for STMicroelectronics.X-CUBE-AZRTOS-G0.1.1.0
2023-11-14 13:56:42,666 [WARN] PackLoader:240 - Cannot read IP mode file for STMicroelectronics.X-CUBE-NFC4.3.0.0
2023-11-14 13:56:42,671 [WARN] PackLoader:240 - Cannot read IP mode file for STMicroelectronics.X-CUBE-BLEMGR.3.0.0
2023-11-14 13:56:42,676 [WARN] PackLoader:240 - Cannot read IP mode file for STMicroelectronics.FP-ATR-SIGFOX1.3.2.0
2023-11-14 13:56:42,701 [WARN] PackLoader:240 - Cannot read IP mode file for SEGGER.I-CUBE-embOS.1.3.1
2023-11-14 13:56:42,728 [WARN] PackLoader:240 - Cannot read IP mode file for STMicroelectronics.X-CUBE-GNSS1.6.0.0
2023-11-14 13:56:42,749 [WARN] PackLoader:240 - Cannot read IP mode file for STMicroelectronics.X-CUBE-AZRTOS-F4.1.1.0
2023-11-14 13:56:42,761 [WARN] PackLoader:240 - Cannot read IP mode file for wolfSSL.I-CUBE-wolfSSL.5.6.3
2023-11-14 13:56:42,781 [WARN] PackLoader:240 - Cannot read IP mode file for STMicroelectronics.X-CUBE-AZRTOS-L5.2.0.0
2023-11-14 13:56:42,815 [WARN] PackLoader:240 - Cannot read IP mode file for STMicroelectronics.X-CUBE-MEMS1.9.6.0
2023-11-14 13:56:42,898 [WARN] PackLoader:240 - Cannot read IP mode file for STMicroelectronics.X-CUBE-EEPRMA1.4.2.0
2023-11-14 13:56:42,903 [WARN] PackLoader:240 - Cannot read IP mode file for ITTIA_DB.I-CUBE-ITTIADB.8.8.0
2023-11-14 13:56:42,923 [WARN] PackLoader:240 - Cannot read IP mode file for STMicroelectronics.X-CUBE-BLEMGR.2.0.0
2023-11-14 13:56:42,957 [WARN] ConditionMgr:438 - getConditionDescription Invalid condition id : UX DEVICE CLASS RTOS Condition cause : null
2023-11-14 13:56:42,957 [WARN] ConditionMgr:438 - getConditionDescription Invalid condition id : UX DEVICE CLASS RTOS Condition cause : null
2023-11-14 13:56:42,959 [WARN] PackLoader:240 - Cannot read IP mode file for STMicroelectronics.X-CUBE-AZRTOS-H7.3.1.0
2023-11-14 13:56:42,960 [WARN] ConditionMgr:1039 - genDependencies : Invalid condition id : UX DEVICE CLASS RTOS Condition cause : null
2023-11-14 13:56:42,960 [WARN] ConditionMgr:1039 - genDependencies : Invalid condition id : UX DEVICE CLASS RTOS Condition cause : null
2023-11-14 13:56:42,961 [WARN] ConditionMgr:1039 - genDependencies : Invalid condition id : UX DEVICE CLASS RTOS Condition cause : null
2023-11-14 13:56:42,962 [WARN] ConditionMgr:1039 - genDependencies : Invalid condition id : UX DEVICE CLASS RTOS Condition cause : null
2023-11-14 13:56:42,962 [WARN] ConditionMgr:1039 - genDependencies : Invalid condition id : UX DEVICE CLASS RTOS Condition cause : null
2023-11-14 13:56:42,980 [WARN] PackLoader:240 - Cannot read IP mode file for STMicroelectronics.X-CUBE-NFC7.1.0.1
2023-11-14 13:56:42,995 [WARN] PackLoader:240 - Cannot read IP mode file for STMicroelectronics.X-CUBE-NFC6.3.0.0
2023-11-14 13:56:43,005 [WARN] PackLoader:240 - Cannot read IP mode file for STMicroelectronics.X-CUBE-EEPRMA1.4.1.0
2023-11-14 13:56:43,018 [WARN] PackLoader:240 - Cannot read IP mode file for STMicroelectronics.X-CUBE-AI.8.1.0
2023-11-14 13:56:43,045 [WARN] ConditionMgr:438 - getConditionDescription Invalid condition id : LAN8742 Phy interface Condition cause : null
2023-11-14 13:56:43,046 [WARN] PackLoader:240 - Cannot read IP mode file for STMicroelectronics.X-CUBE-AZRTOS-L4.2.0.0
2023-11-14 13:56:43,047 [WARN] ConditionMgr:1039 - genDependencies : Invalid condition id : LAN8742 Phy interface Condition cause : null
2023-11-14 13:56:43,047 [WARN] ConditionMgr:1039 - genDependencies : Invalid condition id : LAN8742 Phy interface Condition cause : null
2023-11-14 13:56:43,048 [WARN] ConditionMgr:1039 - genDependencies : Invalid condition id : LAN8742 Phy interface Condition cause : null
2023-11-14 13:56:43,062 [WARN] PackLoader:240 - Cannot read IP mode file for STMicroelectronics.X-CUBE-SFXS2LP1.4.0.0
2023-11-14 13:56:43,072 [WARN] PackLoader:240 - Cannot read IP mode file for STMicroelectronics.X-CUBE-ISPU.1.1.0
2023-11-14 13:56:43,091 [WARN] ConditionMgr:438 - getConditionDescription Invalid condition id : UX DEVICE CLASS RTOS Condition cause : null
2023-11-14 13:56:43,091 [WARN] ConditionMgr:438 - getConditionDescription Invalid condition id : UX DEVICE CLASS RTOS Condition cause : null
2023-11-14 13:56:43,092 [WARN] PackLoader:240 - Cannot read IP mode file for STMicroelectronics.X-CUBE-AZRTOS-WB.2.0.0
2023-11-14 13:56:43,093 [WARN] ConditionMgr:1039 - genDependencies : Invalid condition id : UX DEVICE CLASS RTOS Condition cause : null
2023-11-14 13:56:43,093 [WARN] ConditionMgr:1039 - genDependencies : Invalid condition id : UX DEVICE CLASS RTOS Condition cause : null
2023-11-14 13:56:43,093 [WARN] ConditionMgr:1039 - genDependencies : Invalid condition id : UX DEVICE CLASS RTOS Condition cause : null
2023-11-14 13:56:43,093 [WARN] ConditionMgr:1039 - genDependencies : Invalid condition id : UX DEVICE CLASS RTOS Condition cause : null
2023-11-14 13:56:43,093 [WARN] ConditionMgr:1039 - genDependencies : Invalid condition id : UX DEVICE CLASS RTOS Condition cause : null
2023-11-14 13:56:43,109 [WARN] PackLoader:240 - Cannot read IP mode file for STMicroelectronics.X-CUBE-SUBG2.5.0.0
2023-11-14 13:56:43,128 [WARN] PackLoader:240 - Cannot read IP mode file for STMicroelectronics.X-CUBE-TOF1.3.3.1
2023-11-14 13:56:43,151 [WARN] PackLoader:240 - Cannot read IP mode file for STMicroelectronics.X-CUBE-AZRTOS-G4.2.0.0
2023-11-14 13:56:43,158 [WARN] PackLoader:240 - Cannot read IP mode file for Infineon.AIROC-Wi-Fi-Bluetooth-STM32.1.5.1
2023-11-14 13:56:43,163 [WARN] PackLoader:240 - Cannot read IP mode file for STMicroelectronics.FP-SNS-MOTENVWB1.1.3.0
2023-11-14 13:56:43,185 [WARN] PackLoader:240 - Cannot read IP mode file for STMicroelectronics.X-CUBE-MEMS1.10.0.0
2023-11-14 13:56:43,273 [WARN] PackLoader:240 - Cannot read IP mode file for STMicroelectronics.X-CUBE-FREERTOS.1.1.0
2023-11-14 13:56:43,288 [WARN] PackLoader:240 - Cannot read IP mode file for portGmbH.I-Cube-SoM-uGOAL.1.1.0
2023-11-14 13:56:43,299 [WARN] PackLoader:240 - Cannot read IP mode file for STMicroelectronics.X-CUBE-ALS.1.0.1
2023-11-14 13:56:43,303 [WARN] PackLoader:240 - Cannot read IP mode file for STMicroelectronics.FP-ATR-ASTRA1.2.0.0
2023-11-14 13:56:43,304 [INFO] ThirdParty:978 - Integrity check success = true
2023-11-14 13:56:43,304 [INFO] IntegrityCheckThread:100 - exiting critical section [integrity check]
2023-11-14 13:56:43,304 [INFO] IntegrityCheckThread:103 - End integrity checks thread
2023-11-14 13:56:50,148 [ERROR] LogOutputStream:75 - [STDERR_REDIRECT] SLF4J: Failed to load class "org.slf4j.impl.StaticLoggerBinder".
2023-11-14 13:56:50,149 [ERROR] LogOutputStream:75 - [STDERR_REDIRECT] SLF4J: Defaulting to no-operation (NOP) logger implementation
2023-11-14 13:56:50,150 [ERROR] LogOutputStream:75 - [STDERR_REDIRECT] SLF4J: See http://www.slf4j.org/codes.html#StaticLoggerBinder for further details.
2023-11-14 17:31:57,035 [ERROR] LogOutputStream:75 - [STDERR_REDIRECT] 
