2023-09-19 08:56:22,528 [INFO] Activator:176 - 


2023-09-19 08:56:22,534 [INFO] Activator:177 - !SESSION log4j initialized
2023-09-19 08:56:28,732 [INFO] LogOutputStream:77 - [STDOUT_REDIRECT] 
2023-09-19 08:56:38,976 [INFO] ApplicationProperties:184 - Using Application install path: C:\ST\STM32CubeIDE_1.13.1\STM32CubeIDE\plugins\com.st.stm32cube.common.mx_6.9.1.202307191849
2023-09-19 08:56:38,993 [INFO] DbMcusXml:78 - Set database path to: C:\ST\STM32CubeIDE_1.13.1\STM32CubeIDE\plugins\com.st.stm32cube.common.mx_6.9.1.202307191849\\db\/mcu/
2023-09-19 08:56:38,993 [INFO] ApiDb:274 - Set plugin database path to: C:\ST\STM32CubeIDE_1.13.1\STM32CubeIDE\plugins\com.st.stm32cube.common.mx_6.9.1.202307191849\\db\/plugins/boardmanager/
2023-09-19 08:56:38,994 [WARN] ApiDb:259 - Overriding images path with different value:  => C:\ST\STM32CubeIDE_1.13.1\STM32CubeIDE\plugins\com.st.stm32cube.common.mx_6.9.1.202307191849\\db\/plugins/mcufinder/images/
2023-09-19 08:56:39,003 [INFO] ApiDb:250 - Set database path to: C:\Users\viett\.stmcufinder\plugins\mcufinder//mcu/
2023-09-19 08:56:39,004 [INFO] DbMcusAds:125 - Set database path to: C:\Users\viett\.stmcufinder\plugins\mcufinder//mcu/
2023-09-19 08:56:39,006 [INFO] CrossReferenceDbSqlite:203 - Set database path to: C:\Users\viett\.stmcufinder\plugins\mcufinder//mcu/cs/
2023-09-19 08:56:39,111 [INFO] RulesReader:64 - Compatibility file has been processed (293 Rules)
2023-09-19 08:56:39,187 [INFO] DbMcusXml:78 - Set database path to: C:\ST\STM32CubeIDE_1.13.1\STM32CubeIDE\plugins\com.st.stm32cube.common.mx_6.9.1.202307191849\\db\/mcu/
2023-09-19 08:56:39,187 [INFO] ApiDb:274 - Set plugin database path to: C:\ST\STM32CubeIDE_1.13.1\STM32CubeIDE\plugins\com.st.stm32cube.common.mx_6.9.1.202307191849\\db\/plugins/boardmanager/
2023-09-19 08:56:39,187 [INFO] ApiDb:261 - Set plugin images path to: C:\ST\STM32CubeIDE_1.13.1\STM32CubeIDE\plugins\com.st.stm32cube.common.mx_6.9.1.202307191849\\db\/plugins/mcufinder/images/
2023-09-19 08:56:39,187 [WARN] DbFile:41 - Overriding database path with different value: C:\Users\viett\.stmcufinder\plugins\mcufinder/ => C:\Users\viett\.stmcufinder\plugins\mcufinder
2023-09-19 08:56:39,187 [INFO] ApiDb:250 - Set database path to: C:\Users\viett\.stmcufinder\plugins\mcufinder//mcu/
2023-09-19 08:56:39,188 [WARN] DbFile:41 - Overriding database path with different value: C:\Users\viett\.stmcufinder\plugins\mcufinder/ => C:\Users\viett\.stmcufinder\plugins\mcufinder
2023-09-19 08:56:39,188 [INFO] DbMcusAds:125 - Set database path to: C:\Users\viett\.stmcufinder\plugins\mcufinder//mcu/
2023-09-19 08:56:39,188 [WARN] DbFile:41 - Overriding database path with different value: C:\Users\viett\.stmcufinder\plugins\mcufinder/ => C:\Users\viett\.stmcufinder\plugins\mcufinder
2023-09-19 08:56:39,188 [WARN] DbFile:41 - Overriding database path with different value: C:\Users\viett\.stmcufinder\plugins\mcufinder/ => C:\Users\viett\.stmcufinder\plugins\mcufinder
2023-09-19 08:56:39,188 [INFO] CrossReferenceDbSqlite:203 - Set database path to: C:\Users\viett\.stmcufinder\plugins\mcufinder//mcu/cs/
2023-09-19 08:56:39,251 [INFO] MainPanel:262 - HeapMemory: 268435456
2023-09-19 08:56:39,328 [INFO] DbMcusXml:78 - Set database path to: C:\ST\STM32CubeIDE_1.13.1\STM32CubeIDE\plugins\com.st.stm32cube.common.mx_6.9.1.202307191849\\db\/mcu/
2023-09-19 08:56:39,329 [INFO] ApiDb:274 - Set plugin database path to: C:\ST\STM32CubeIDE_1.13.1\STM32CubeIDE\plugins\com.st.stm32cube.common.mx_6.9.1.202307191849\\db\/plugins/boardmanager/
2023-09-19 08:56:39,329 [INFO] ApiDb:261 - Set plugin images path to: C:\ST\STM32CubeIDE_1.13.1\STM32CubeIDE\plugins\com.st.stm32cube.common.mx_6.9.1.202307191849\\db\/plugins/mcufinder/images/
2023-09-19 08:56:39,329 [WARN] DbFile:41 - Overriding database path with different value: C:\Users\viett\.stmcufinder\plugins\mcufinder/ => C:\Users\viett\.stmcufinder\plugins\mcufinder
2023-09-19 08:56:39,329 [INFO] ApiDb:250 - Set database path to: C:\Users\viett\.stmcufinder\plugins\mcufinder//mcu/
2023-09-19 08:56:39,329 [WARN] DbFile:41 - Overriding database path with different value: C:\Users\viett\.stmcufinder\plugins\mcufinder/ => C:\Users\viett\.stmcufinder\plugins\mcufinder
2023-09-19 08:56:39,329 [INFO] DbMcusAds:125 - Set database path to: C:\Users\viett\.stmcufinder\plugins\mcufinder//mcu/
2023-09-19 08:56:39,329 [WARN] DbFile:41 - Overriding database path with different value: C:\Users\viett\.stmcufinder\plugins\mcufinder/ => C:\Users\viett\.stmcufinder\plugins\mcufinder
2023-09-19 08:56:39,329 [WARN] DbFile:41 - Overriding database path with different value: C:\Users\viett\.stmcufinder\plugins\mcufinder/ => C:\Users\viett\.stmcufinder\plugins\mcufinder
2023-09-19 08:56:39,329 [INFO] CrossReferenceDbSqlite:203 - Set database path to: C:\Users\viett\.stmcufinder\plugins\mcufinder//mcu/cs/
2023-09-19 08:56:39,345 [INFO] ApplicationProperties:184 - Using Application install path: C:\ST\STM32CubeIDE_1.13.1\STM32CubeIDE\plugins\com.st.stm32cube.common.mx_6.9.1.202307191849
2023-09-19 08:56:39,346 [INFO] PluginManage:196 - Search for loadable plugins [exclusion list=, ]
2023-09-19 08:56:39,347 [INFO] PluginManage:310 - Check plugin analytics
2023-09-19 08:56:44,412 [INFO] AnalyticsPlugin:253 - Accepted Software Licenses: 
2023-09-19 08:56:44,413 [INFO] AnalyticsPlugin:255 - Accepted CMSIS Pack Licenses: 
2023-09-19 08:56:44,413 [INFO] AnalyticsPlugin:257 - Accepted Firmware Licenses: 
2023-09-19 08:56:44,415 [INFO] PluginManage:359 - Loaded plugin analytics (category:tool,tabindex:-1)
2023-09-19 08:56:44,415 [INFO] PluginManage:310 - Check plugin cadmodel
2023-09-19 08:56:44,427 [INFO] CADModel:105 - Init CAD model plugin
2023-09-19 08:56:44,427 [INFO] PluginManage:359 - Loaded plugin cadmodel (category:power,tabindex:5)
2023-09-19 08:56:44,427 [INFO] PluginManage:310 - Check plugin clock
2023-09-19 08:56:44,444 [INFO] PluginManage:359 - Loaded plugin clock (category:base,tabindex:2)
2023-09-19 08:56:44,444 [INFO] PluginManage:310 - Check plugin ddr
2023-09-19 08:56:44,446 [INFO] PluginManage:359 - Loaded plugin ddr (category:tool,tabindex:6)
2023-09-19 08:56:44,446 [INFO] PluginManage:310 - Check plugin filemanager
2023-09-19 08:56:44,552 [INFO] PluginManage:359 - Loaded plugin filemanager (category:base,tabindex:10)
2023-09-19 08:56:44,552 [INFO] PluginManage:310 - Check plugin ipmanager
2023-09-19 08:56:44,557 [INFO] PluginManage:359 - Loaded plugin ipmanager (category:base,tabindex:5)
2023-09-19 08:56:44,557 [INFO] PluginManage:310 - Check plugin lpbam
2023-09-19 08:56:44,570 [INFO] PluginManage:359 - Loaded plugin lpbam (category:base,tabindex:0)
2023-09-19 08:56:44,570 [INFO] PluginManage:310 - Check plugin memorymap
2023-09-19 08:56:44,590 [INFO] PluginManage:359 - Loaded plugin memorymap (category:base,tabindex:4)
2023-09-19 08:56:44,590 [INFO] PluginManage:310 - Check plugin pinoutandconfiguration
2023-09-19 08:56:44,603 [INFO] PluginManage:359 - Loaded plugin pinoutandconfiguration (category:base,tabindex:1)
2023-09-19 08:56:44,603 [INFO] PluginManage:310 - Check plugin pinoutconfig
2023-09-19 08:56:44,679 [WARN] SupportedApi:132 - Cannot load RTOS API schema: s4s-elt-must-match.1: The content of 'definitions' must match (annotation?, (simpleType | complexType)?, (unique | key | keyref)*)). A problem was found starting at: attribute.
2023-09-19 08:56:44,796 [INFO] PluginManage:359 - Loaded plugin pinoutconfig (category:base,tabindex:0)
2023-09-19 08:56:44,796 [INFO] PluginManage:310 - Check plugin power
2023-09-19 08:56:44,819 [INFO] PluginManage:359 - Loaded plugin power (category:power,tabindex:4)
2023-09-19 08:56:44,819 [INFO] PluginManage:310 - Check plugin projectmanager
2023-09-19 08:56:44,831 [INFO] PluginManage:359 - Loaded plugin projectmanager (category:projectmanager,tabindex:3)
2023-09-19 08:56:44,831 [INFO] PluginManage:310 - Check plugin thirdparty
2023-09-19 08:56:45,041 [INFO] PluginManage:359 - Loaded plugin thirdparty (category:base,tabindex:-1)
2023-09-19 08:56:45,041 [INFO] PluginManage:310 - Check plugin tools
2023-09-19 08:56:45,041 [WARN] IntegrityCheckThread:84 - waiting for thirdparty lock release [integrity check]
2023-09-19 08:56:45,041 [INFO] IntegrityCheckThread:86 - entering critical section [integrity check]
2023-09-19 08:56:45,042 [INFO] ThirdPartyUpdaterWithRetryManager:70 - Updater plugin not ready yet. [1/15]
2023-09-19 08:56:45,068 [INFO] PluginManage:359 - Loaded plugin tools (category:base,tabindex:7)
2023-09-19 08:56:45,068 [INFO] PluginManage:310 - Check plugin tutovideos
2023-09-19 08:56:45,226 [INFO] PluginManage:359 - Loaded plugin tutovideos (category:base,tabindex:-1)
2023-09-19 08:56:45,226 [INFO] PluginManage:310 - Check plugin updater
2023-09-19 08:56:45,234 [INFO] PluginManage:359 - Loaded plugin updater (category:base,tabindex:12)
2023-09-19 08:56:45,234 [INFO] PluginManage:310 - Check plugin userauth
2023-09-19 08:56:45,238 [INFO] UserAuth:113 - Init User Auth plugin
2023-09-19 08:56:45,238 [INFO] PluginManage:359 - Loaded plugin userauth (category:base,tabindex:14)
2023-09-19 08:56:45,239 [INFO] PluginManage:283 - PluginManage : Loaded plugins [17]
2023-09-19 08:56:45,411 [INFO] PinOutPanel:1499 - setPackage(No Configuration,No Configuration)
2023-09-19 08:56:45,490 [INFO] CADModel:165 - CPN selected for project level
2023-09-19 08:56:45,491 [INFO] CADModel:114 - Register for checkConnection events
2023-09-19 08:56:45,513 [INFO] IPUIPlugin:80 - create IPUIPlugin
2023-09-19 08:56:45,513 [INFO] PluginManager:220 - loadIPPluginJar : add adc
2023-09-19 08:56:45,540 [INFO] IPUIPlugin:80 - create IPUIPlugin
2023-09-19 08:56:45,540 [INFO] PluginManager:220 - loadIPPluginJar : add aes
2023-09-19 08:56:45,571 [INFO] IPUIPlugin:80 - create IPUIPlugin
2023-09-19 08:56:45,571 [INFO] PluginManager:220 - loadIPPluginJar : add can
2023-09-19 08:56:45,588 [INFO] IPUIPlugin:80 - create IPUIPlugin
2023-09-19 08:56:45,588 [INFO] PluginManager:220 - loadIPPluginJar : add comp
2023-09-19 08:56:45,613 [INFO] IPUIPlugin:80 - create IPUIPlugin
2023-09-19 08:56:45,613 [INFO] PluginManager:220 - loadIPPluginJar : add cryp
2023-09-19 08:56:45,635 [INFO] IPUIPlugin:80 - create IPUIPlugin
2023-09-19 08:56:45,636 [INFO] PluginManager:220 - loadIPPluginJar : add dfsdm
2023-09-19 08:56:45,647 [INFO] IPUIPlugin:80 - create IPUIPlugin
2023-09-19 08:56:45,648 [INFO] PluginManager:220 - loadIPPluginJar : add dma
2023-09-19 08:56:45,680 [INFO] IPUIPlugin:80 - create IPUIPlugin
2023-09-19 08:56:45,680 [INFO] PluginManager:220 - loadIPPluginJar : add dma3
2023-09-19 08:56:45,695 [INFO] IPUIPlugin:80 - create IPUIPlugin
2023-09-19 08:56:45,696 [INFO] PluginManager:220 - loadIPPluginJar : add fatfs
2023-09-19 08:56:45,731 [INFO] IPUIPlugin:80 - create IPUIPlugin
2023-09-19 08:56:45,731 [INFO] PluginManager:220 - loadIPPluginJar : add fmc
2023-09-19 08:56:45,743 [INFO] IPUIPlugin:80 - create IPUIPlugin
2023-09-19 08:56:45,744 [INFO] PluginManager:220 - loadIPPluginJar : add freertos
2023-09-19 08:56:45,759 [INFO] IPUIPlugin:80 - create IPUIPlugin
2023-09-19 08:56:45,759 [INFO] PluginManager:220 - loadIPPluginJar : add genericplugin
2023-09-19 08:56:45,825 [INFO] IPUIPlugin:80 - create IPUIPlugin
2023-09-19 08:56:45,825 [INFO] PluginManager:220 - loadIPPluginJar : add gfxmmu
2023-09-19 08:56:45,920 [INFO] IPUIPlugin:80 - create IPUIPlugin
2023-09-19 08:56:45,920 [INFO] PluginManager:220 - loadIPPluginJar : add gic
2023-09-19 08:56:45,931 [INFO] IPUIPlugin:80 - create IPUIPlugin
2023-09-19 08:56:45,931 [INFO] PluginManager:220 - loadIPPluginJar : add gpio
2023-09-19 08:56:45,999 [INFO] IPUIPlugin:80 - create IPUIPlugin
2023-09-19 08:56:46,000 [INFO] PluginManager:220 - loadIPPluginJar : add gtzc
2023-09-19 08:56:46,024 [INFO] IPUIPlugin:80 - create IPUIPlugin
2023-09-19 08:56:46,025 [INFO] PluginManager:220 - loadIPPluginJar : add hash
2023-09-19 08:56:46,063 [INFO] IPUIPlugin:80 - create IPUIPlugin
2023-09-19 08:56:46,063 [INFO] PluginManager:220 - loadIPPluginJar : add i2c
2023-09-19 08:56:46,094 [INFO] IPUIPlugin:80 - create IPUIPlugin
2023-09-19 08:56:46,094 [INFO] PluginManager:220 - loadIPPluginJar : add i2s
2023-09-19 08:56:46,125 [INFO] IPUIPlugin:80 - create IPUIPlugin
2023-09-19 08:56:46,126 [INFO] PluginManager:220 - loadIPPluginJar : add i3c
2023-09-19 08:56:46,208 [INFO] IPUIPlugin:80 - create IPUIPlugin
2023-09-19 08:56:46,208 [INFO] PluginManager:220 - loadIPPluginJar : add ipddr
2023-09-19 08:56:46,272 [INFO] IPUIPlugin:80 - create IPUIPlugin
2023-09-19 08:56:46,272 [INFO] PluginManager:220 - loadIPPluginJar : add linkedlist
2023-09-19 08:56:46,298 [INFO] IPUIPlugin:80 - create IPUIPlugin
2023-09-19 08:56:46,298 [INFO] PluginManager:220 - loadIPPluginJar : add lorawan
2023-09-19 08:56:46,326 [INFO] IPUIPlugin:80 - create IPUIPlugin
2023-09-19 08:56:46,326 [INFO] PluginManager:220 - loadIPPluginJar : add ltdc
2023-09-19 08:56:46,338 [INFO] IPUIPlugin:80 - create IPUIPlugin
2023-09-19 08:56:46,338 [INFO] PluginManager:220 - loadIPPluginJar : add mdma
2023-09-19 08:56:46,349 [INFO] IPUIPlugin:80 - create IPUIPlugin
2023-09-19 08:56:46,349 [INFO] PluginManager:220 - loadIPPluginJar : add nvic
2023-09-19 08:56:46,375 [INFO] IPUIPlugin:80 - create IPUIPlugin
2023-09-19 08:56:46,376 [INFO] PluginManager:220 - loadIPPluginJar : add opamp
2023-09-19 08:56:46,419 [INFO] IPUIPlugin:80 - create IPUIPlugin
2023-09-19 08:56:46,419 [INFO] PluginManager:220 - loadIPPluginJar : add openamp
2023-09-19 08:56:46,451 [INFO] IPUIPlugin:80 - create IPUIPlugin
2023-09-19 08:56:46,452 [INFO] PluginManager:220 - loadIPPluginJar : add pdm2pcm
2023-09-19 08:56:46,463 [INFO] IPUIPlugin:80 - create IPUIPlugin
2023-09-19 08:56:46,465 [INFO] PluginManager:220 - loadIPPluginJar : add plateformsettings
2023-09-19 08:56:46,482 [INFO] IPUIPlugin:80 - create IPUIPlugin
2023-09-19 08:56:46,482 [INFO] PluginManager:220 - loadIPPluginJar : add quadspi
2023-09-19 08:56:46,493 [INFO] IPUIPlugin:80 - create IPUIPlugin
2023-09-19 08:56:46,493 [INFO] PluginManager:220 - loadIPPluginJar : add resmgrutility
2023-09-19 08:56:46,527 [INFO] IPUIPlugin:80 - create IPUIPlugin
2023-09-19 08:56:46,528 [INFO] PluginManager:220 - loadIPPluginJar : add sai
2023-09-19 08:56:46,555 [INFO] IPUIPlugin:80 - create IPUIPlugin
2023-09-19 08:56:46,555 [INFO] PluginManager:220 - loadIPPluginJar : add spi
2023-09-19 08:56:46,599 [INFO] IPUIPlugin:80 - create IPUIPlugin
2023-09-19 08:56:46,599 [INFO] PluginManager:220 - loadIPPluginJar : add stm32_wpan
2023-09-19 08:56:46,617 [INFO] IPUIPlugin:80 - create IPUIPlugin
2023-09-19 08:56:46,617 [INFO] PluginManager:220 - loadIPPluginJar : add tim
2023-09-19 08:56:46,657 [INFO] IPUIPlugin:80 - create IPUIPlugin
2023-09-19 08:56:46,657 [INFO] PluginManager:220 - loadIPPluginJar : add touchsensing
2023-09-19 08:56:46,676 [INFO] IPUIPlugin:80 - create IPUIPlugin
2023-09-19 08:56:46,676 [INFO] PluginManager:220 - loadIPPluginJar : add tracer_emb
2023-09-19 08:56:46,694 [INFO] IPUIPlugin:80 - create IPUIPlugin
2023-09-19 08:56:46,694 [INFO] PluginManager:220 - loadIPPluginJar : add ts
2023-09-19 08:56:46,711 [INFO] IPUIPlugin:80 - create IPUIPlugin
2023-09-19 08:56:46,711 [INFO] PluginManager:220 - loadIPPluginJar : add tsc
2023-09-19 08:56:46,727 [INFO] IPUIPlugin:80 - create IPUIPlugin
2023-09-19 08:56:46,727 [INFO] PluginManager:220 - loadIPPluginJar : add ucpd
2023-09-19 08:56:46,759 [INFO] IPUIPlugin:80 - create IPUIPlugin
2023-09-19 08:56:46,759 [INFO] PluginManager:220 - loadIPPluginJar : add usart
2023-09-19 08:56:46,792 [INFO] IPUIPlugin:80 - create IPUIPlugin
2023-09-19 08:56:46,792 [INFO] PluginManager:220 - loadIPPluginJar : add usbx
2023-09-19 08:56:46,902 [INFO] CADModel:165 - CPN selected for project level
2023-09-19 08:56:46,902 [INFO] CADModel:114 - Register for checkConnection events
2023-09-19 08:56:46,902 [FATAL] Updater:308 - Updater called before beeing initialized
2023-09-19 08:56:46,902 [ERROR] CADModel:125 - Updater not yet initialized, retry later 
2023-09-19 08:56:47,018 [INFO] CADModel:165 - CPN selected for project level
2023-09-19 08:56:47,018 [INFO] CADModel:114 - Register for checkConnection events
2023-09-19 08:56:47,018 [FATAL] Updater:308 - Updater called before beeing initialized
2023-09-19 08:56:47,018 [ERROR] CADModel:125 - Updater not yet initialized, retry later 
2023-09-19 08:56:47,021 [FATAL] Updater:308 - Updater called before beeing initialized
2023-09-19 08:56:47,095 [FATAL] Updater:308 - Updater called before beeing initialized
2023-09-19 08:56:47,104 [INFO] DbMcusAds:53 - JSON generation date=Tue Mar 07 15:50:55 ICT 2023 (1678179055114)
2023-09-19 08:56:47,104 [FATAL] Updater:308 - Updater called before beeing initialized
2023-09-19 08:56:47,147 [WARN] DetailPanel:346 - Failed to get advertising image, set to default
2023-09-19 08:56:47,234 [FATAL] Updater:308 - Updater called before beeing initialized
2023-09-19 08:56:47,235 [FATAL] Updater:308 - Updater called before beeing initialized
2023-09-19 08:56:47,235 [FATAL] Updater:308 - Updater called before beeing initialized
2023-09-19 08:56:47,235 [WARN] DetailPanel:346 - Failed to get advertising image, set to default
2023-09-19 08:56:47,236 [FATAL] Updater:308 - Updater called before beeing initialized
2023-09-19 08:56:47,282 [ERROR] Updater:1120 - MainUpdater not yet initialized. External WinMGr cannot be set.
2023-09-19 08:56:47,290 [INFO] Updater:1056 - Updater Version found : 6.9.1
2023-09-19 08:56:47,305 [INFO] ApplicationProperties:184 - Using Application install path: C:\ST\STM32CubeIDE_1.13.1\STM32CubeIDE\plugins\com.st.stm32cube.common.mx_6.9.1.202307191849
2023-09-19 08:56:47,412 [INFO] MainUpdater:2868 - connection check result : 10
2023-09-19 08:56:47,413 [INFO] MainUpdater:285 - Updater Check For Update Now.
2023-09-19 08:56:47,413 [INFO] MicroXplorer:498 - Change Database Version : DB.6.0.91
2023-09-19 08:56:47,434 [INFO] McuFinderGlobals:63 - Set McuFinder mode to 2 (CubeIDE integrated)
2023-09-19 08:56:47,434 [INFO] UserAuth:179 - activating auth plugin
2023-09-19 08:56:47,437 [INFO] UserAuth:393 - Internet connection configuration mode: 1
2023-09-19 08:56:47,477 [INFO] JxBrowserEngine:151 - Initiate JxBrowser Engine with user profile folder
2023-09-19 08:56:47,592 [INFO] CheckServerUpdateThread:120 - End of CheckServer Thread
2023-09-19 08:56:48,167 [WARN] PackLoader:240 - Cannot read IP mode file for STMicroelectronics.X-CUBE-SMBUS.2.1.0
2023-09-19 08:56:48,203 [WARN] PackLoader:240 - Cannot read IP mode file for STMicroelectronics.X-CUBE-AZRTOS-F7.1.1.0
2023-09-19 08:56:48,219 [WARN] PackLoader:240 - Cannot read IP mode file for STMicroelectronics.FP-SNS-MOTENV1.4.3.2
2023-09-19 08:56:48,232 [WARN] PackLoader:240 - Cannot read IP mode file for STMicroelectronics.FP-SNS-FLIGHT1.5.0.2
2023-09-19 08:56:48,247 [WARN] PackLoader:240 - Cannot read IP mode file for STMicroelectronics.X-CUBE-DISPLAY.3.0.0
2023-09-19 08:56:48,265 [WARN] PackLoader:240 - Cannot read IP mode file for STMicroelectronics.X-CUBE-BLE1.7.0.0
2023-09-19 08:56:48,276 [WARN] PackLoader:240 - Cannot read IP mode file for emotas.I-CUBE-CANOPEN.1.3.0
2023-09-19 08:56:48,288 [WARN] PackLoader:240 - Cannot read IP mode file for STMicroelectronics.X-CUBE-TOUCHGFX.4.22.0
2023-09-19 08:56:48,298 [WARN] PackLoader:240 - Cannot read IP mode file for STMicroelectronics.FP-SNS-SMARTAG2.1.2.0
2023-09-19 08:56:48,315 [INFO] LogOutputStream:77 - [STDOUT_REDIRECT] 1 : Invalid condition id : UX_CORESTACK_Condition cause : null
2023-09-19 08:56:48,315 [INFO] LogOutputStream:77 - [STDOUT_REDIRECT] 1 : Invalid condition id : UX_CORESTACK_Condition cause : null
2023-09-19 08:56:48,316 [INFO] LogOutputStream:77 - [STDOUT_REDIRECT] 1 : Invalid condition id : UX_CORESTACK_Condition cause : null
2023-09-19 08:56:48,317 [INFO] LogOutputStream:77 - [STDOUT_REDIRECT] 1 : Invalid condition id : UX_CORESTACK_Condition cause : null
2023-09-19 08:56:48,318 [INFO] LogOutputStream:77 - [STDOUT_REDIRECT] 1 : Invalid condition id : UX_CORESTACK_Condition cause : null
2023-09-19 08:56:48,320 [WARN] PackLoader:240 - Cannot read IP mode file for STMicroelectronics.X-CUBE-AZRTOS-WL.2.0.0
2023-09-19 08:56:48,333 [WARN] PackLoader:240 - Cannot read IP mode file for WES.I-CUBE-Cesium.1.3.0
2023-09-19 08:56:48,344 [WARN] PackLoader:240 - Cannot read IP mode file for STMicroelectronics.X-CUBE-BLE2.3.3.0
2023-09-19 08:56:48,354 [WARN] PackLoader:240 - Cannot read IP mode file for STMicroelectronics.X-CUBE-ALGOBUILD.1.3.0
2023-09-19 08:56:48,377 [WARN] PackLoader:240 - Cannot read IP mode file for STMicroelectronics.X-CUBE-AZRTOS-G0.1.1.0
2023-09-19 08:56:48,390 [WARN] PackLoader:240 - Cannot read IP mode file for STMicroelectronics.X-CUBE-NFC4.3.0.0
2023-09-19 08:56:48,402 [WARN] PackLoader:240 - Cannot read IP mode file for STMicroelectronics.FP-ATR-SIGFOX1.3.2.0
2023-09-19 08:56:48,430 [WARN] PackLoader:240 - Cannot read IP mode file for SEGGER.I-CUBE-embOS.1.3.1
2023-09-19 08:56:48,467 [WARN] PackLoader:240 - Cannot read IP mode file for STMicroelectronics.X-CUBE-GNSS1.6.0.0
2023-09-19 08:56:48,499 [WARN] PackLoader:240 - Cannot read IP mode file for STMicroelectronics.X-CUBE-AZRTOS-F4.1.1.0
2023-09-19 08:56:48,511 [WARN] PackLoader:240 - Cannot read IP mode file for wolfSSL.I-CUBE-wolfSSL.5.6.3
2023-09-19 08:56:48,533 [WARN] PackLoader:240 - Cannot read IP mode file for STMicroelectronics.X-CUBE-AZRTOS-L5.2.0.0
2023-09-19 08:56:48,575 [WARN] PackLoader:240 - Cannot read IP mode file for STMicroelectronics.X-CUBE-MEMS1.9.6.0
2023-09-19 08:56:48,684 [WARN] PackLoader:240 - Cannot read IP mode file for STMicroelectronics.X-CUBE-BLEMGR.2.0.0
2023-09-19 08:56:48,713 [WARN] ConditionMgr:438 - getConditionDescription Invalid condition id : UX DEVICE CLASS RTOS Condition cause : null
2023-09-19 08:56:48,713 [WARN] ConditionMgr:438 - getConditionDescription Invalid condition id : UX DEVICE CLASS RTOS Condition cause : null
2023-09-19 08:56:48,717 [WARN] PackLoader:240 - Cannot read IP mode file for STMicroelectronics.X-CUBE-AZRTOS-H7.3.1.0
2023-09-19 08:56:48,718 [WARN] ConditionMgr:1039 - genDependencies : Invalid condition id : UX DEVICE CLASS RTOS Condition cause : null
2023-09-19 08:56:48,718 [WARN] ConditionMgr:1039 - genDependencies : Invalid condition id : UX DEVICE CLASS RTOS Condition cause : null
2023-09-19 08:56:48,718 [WARN] ConditionMgr:1039 - genDependencies : Invalid condition id : UX DEVICE CLASS RTOS Condition cause : null
2023-09-19 08:56:48,719 [WARN] ConditionMgr:1039 - genDependencies : Invalid condition id : UX DEVICE CLASS RTOS Condition cause : null
2023-09-19 08:56:48,719 [WARN] ConditionMgr:1039 - genDependencies : Invalid condition id : UX DEVICE CLASS RTOS Condition cause : null
2023-09-19 08:56:48,732 [WARN] PackLoader:240 - Cannot read IP mode file for STMicroelectronics.X-CUBE-NFC7.1.0.1
2023-09-19 08:56:48,748 [WARN] PackLoader:240 - Cannot read IP mode file for STMicroelectronics.X-CUBE-NFC6.3.0.0
2023-09-19 08:56:48,763 [WARN] PackLoader:240 - Cannot read IP mode file for STMicroelectronics.X-CUBE-EEPRMA1.4.1.0
2023-09-19 08:56:48,776 [WARN] PackLoader:240 - Cannot read IP mode file for STMicroelectronics.X-CUBE-AI.8.1.0
2023-09-19 08:56:48,801 [WARN] ConditionMgr:438 - getConditionDescription Invalid condition id : LAN8742 Phy interface Condition cause : null
2023-09-19 08:56:48,801 [WARN] PackLoader:240 - Cannot read IP mode file for STMicroelectronics.X-CUBE-AZRTOS-L4.2.0.0
2023-09-19 08:56:48,802 [WARN] ConditionMgr:1039 - genDependencies : Invalid condition id : LAN8742 Phy interface Condition cause : null
2023-09-19 08:56:48,803 [WARN] ConditionMgr:1039 - genDependencies : Invalid condition id : LAN8742 Phy interface Condition cause : null
2023-09-19 08:56:48,803 [WARN] ConditionMgr:1039 - genDependencies : Invalid condition id : LAN8742 Phy interface Condition cause : null
2023-09-19 08:56:48,817 [WARN] PackLoader:240 - Cannot read IP mode file for STMicroelectronics.X-CUBE-SFXS2LP1.4.0.0
2023-09-19 08:56:48,829 [WARN] PackLoader:240 - Cannot read IP mode file for STMicroelectronics.X-CUBE-ISPU.1.1.0
2023-09-19 08:56:48,851 [WARN] ConditionMgr:438 - getConditionDescription Invalid condition id : UX DEVICE CLASS RTOS Condition cause : null
2023-09-19 08:56:48,852 [WARN] ConditionMgr:438 - getConditionDescription Invalid condition id : UX DEVICE CLASS RTOS Condition cause : null
2023-09-19 08:56:48,853 [WARN] PackLoader:240 - Cannot read IP mode file for STMicroelectronics.X-CUBE-AZRTOS-WB.2.0.0
2023-09-19 08:56:48,854 [WARN] ConditionMgr:1039 - genDependencies : Invalid condition id : UX DEVICE CLASS RTOS Condition cause : null
2023-09-19 08:56:48,855 [WARN] ConditionMgr:1039 - genDependencies : Invalid condition id : UX DEVICE CLASS RTOS Condition cause : null
2023-09-19 08:56:48,855 [WARN] ConditionMgr:1039 - genDependencies : Invalid condition id : UX DEVICE CLASS RTOS Condition cause : null
2023-09-19 08:56:48,856 [WARN] ConditionMgr:1039 - genDependencies : Invalid condition id : UX DEVICE CLASS RTOS Condition cause : null
2023-09-19 08:56:48,856 [WARN] ConditionMgr:1039 - genDependencies : Invalid condition id : UX DEVICE CLASS RTOS Condition cause : null
2023-09-19 08:56:48,874 [WARN] PackLoader:240 - Cannot read IP mode file for STMicroelectronics.X-CUBE-SUBG2.5.0.0
2023-09-19 08:56:48,893 [WARN] PackLoader:240 - Cannot read IP mode file for STMicroelectronics.X-CUBE-TOF1.3.3.1
2023-09-19 08:56:48,919 [WARN] PackLoader:240 - Cannot read IP mode file for STMicroelectronics.X-CUBE-AZRTOS-G4.2.0.0
2023-09-19 08:56:48,932 [WARN] PackLoader:240 - Cannot read IP mode file for STMicroelectronics.X-CUBE-FREERTOS.1.1.0
2023-09-19 08:56:48,944 [WARN] PackLoader:240 - Cannot read IP mode file for portGmbH.I-Cube-SoM-uGOAL.1.1.0
2023-09-19 08:56:48,956 [WARN] PackLoader:240 - Cannot read IP mode file for STMicroelectronics.X-CUBE-ALS.1.0.1
2023-09-19 08:56:48,967 [WARN] PackLoader:240 - Cannot read IP mode file for STMicroelectronics.FP-ATR-ASTRA1.2.0.0
2023-09-19 08:56:48,968 [INFO] ThirdParty:978 - Integrity check success = true
2023-09-19 08:56:48,969 [INFO] IntegrityCheckThread:100 - exiting critical section [integrity check]
2023-09-19 08:56:48,969 [INFO] IntegrityCheckThread:103 - End integrity checks thread
2023-09-19 08:56:49,645 [INFO] WebApp:157 - Instantiating new browser for Auth
2023-09-19 08:56:50,098 [INFO] WebApp:753 - Register for checkConnection events
2023-09-19 08:56:50,098 [INFO] WebApp:390 - Apply proxy settings
2023-09-19 08:56:50,099 [INFO] WebApp:475 - Chromium requires no authentication
2023-09-19 08:56:50,106 [INFO] WebApp:418 - Direct internet connection detected
2023-09-19 08:56:50,239 [INFO] WebApp:188 - Starting web application
2023-09-19 08:56:50,239 [INFO] WebApp:520 - Web application path used C:\ST\STM32CubeIDE_1.13.1\STM32CubeIDE\plugins\com.st.stm32cube.common.mx_6.9.1.202307191849\db\plugins\mcufinder\reactClient1\index.html
2023-09-19 08:57:10,936 [ERROR] LogOutputStream:75 - [STDERR_REDIRECT] SLF4J: Failed to load class "org.slf4j.impl.StaticLoggerBinder".
2023-09-19 08:57:10,937 [ERROR] LogOutputStream:75 - [STDERR_REDIRECT] SLF4J: Defaulting to no-operation (NOP) logger implementation
2023-09-19 08:57:10,937 [ERROR] LogOutputStream:75 - [STDERR_REDIRECT] SLF4J: See http://www.slf4j.org/codes.html#StaticLoggerBinder for further details.
2023-09-19 17:24:48,310 [ERROR] LogOutputStream:75 - [STDERR_REDIRECT] 
