2023-09-15 09:17:15,779 [INFO] Activator:176 - 


2023-09-15 09:17:15,783 [INFO] Activator:177 - !SESSION log4j initialized
2023-09-15 09:17:21,645 [INFO] LogOutputStream:77 - [STDOUT_REDIRECT] 
2023-09-15 09:17:28,538 [INFO] ApplicationProperties:184 - Using Application install path: C:\ST\STM32CubeIDE_1.13.1\STM32CubeIDE\plugins\com.st.stm32cube.common.mx_6.9.1.202307191849
2023-09-15 09:17:28,553 [INFO] DbMcusXml:78 - Set database path to: C:\ST\STM32CubeIDE_1.13.1\STM32CubeIDE\plugins\com.st.stm32cube.common.mx_6.9.1.202307191849\\db\/mcu/
2023-09-15 09:17:28,554 [INFO] ApiDb:274 - Set plugin database path to: C:\ST\STM32CubeIDE_1.13.1\STM32CubeIDE\plugins\com.st.stm32cube.common.mx_6.9.1.202307191849\\db\/plugins/boardmanager/
2023-09-15 09:17:28,554 [WARN] ApiDb:259 - Overriding images path with different value:  => C:\ST\STM32CubeIDE_1.13.1\STM32CubeIDE\plugins\com.st.stm32cube.common.mx_6.9.1.202307191849\\db\/plugins/mcufinder/images/
2023-09-15 09:17:28,562 [INFO] ApiDb:250 - Set database path to: C:\Users\viett\.stmcufinder\plugins\mcufinder//mcu/
2023-09-15 09:17:28,563 [INFO] DbMcusAds:125 - Set database path to: C:\Users\viett\.stmcufinder\plugins\mcufinder//mcu/
2023-09-15 09:17:28,565 [INFO] CrossReferenceDbSqlite:203 - Set database path to: C:\Users\viett\.stmcufinder\plugins\mcufinder//mcu/cs/
2023-09-15 09:17:28,658 [INFO] RulesReader:64 - Compatibility file has been processed (293 Rules)
2023-09-15 09:17:28,738 [INFO] DbMcusXml:78 - Set database path to: C:\ST\STM32CubeIDE_1.13.1\STM32CubeIDE\plugins\com.st.stm32cube.common.mx_6.9.1.202307191849\\db\/mcu/
2023-09-15 09:17:28,738 [INFO] ApiDb:274 - Set plugin database path to: C:\ST\STM32CubeIDE_1.13.1\STM32CubeIDE\plugins\com.st.stm32cube.common.mx_6.9.1.202307191849\\db\/plugins/boardmanager/
2023-09-15 09:17:28,738 [INFO] ApiDb:261 - Set plugin images path to: C:\ST\STM32CubeIDE_1.13.1\STM32CubeIDE\plugins\com.st.stm32cube.common.mx_6.9.1.202307191849\\db\/plugins/mcufinder/images/
2023-09-15 09:17:28,739 [WARN] DbFile:41 - Overriding database path with different value: C:\Users\viett\.stmcufinder\plugins\mcufinder/ => C:\Users\viett\.stmcufinder\plugins\mcufinder
2023-09-15 09:17:28,739 [INFO] ApiDb:250 - Set database path to: C:\Users\viett\.stmcufinder\plugins\mcufinder//mcu/
2023-09-15 09:17:28,739 [WARN] DbFile:41 - Overriding database path with different value: C:\Users\viett\.stmcufinder\plugins\mcufinder/ => C:\Users\viett\.stmcufinder\plugins\mcufinder
2023-09-15 09:17:28,739 [INFO] DbMcusAds:125 - Set database path to: C:\Users\viett\.stmcufinder\plugins\mcufinder//mcu/
2023-09-15 09:17:28,739 [WARN] DbFile:41 - Overriding database path with different value: C:\Users\viett\.stmcufinder\plugins\mcufinder/ => C:\Users\viett\.stmcufinder\plugins\mcufinder
2023-09-15 09:17:28,739 [WARN] DbFile:41 - Overriding database path with different value: C:\Users\viett\.stmcufinder\plugins\mcufinder/ => C:\Users\viett\.stmcufinder\plugins\mcufinder
2023-09-15 09:17:28,739 [INFO] CrossReferenceDbSqlite:203 - Set database path to: C:\Users\viett\.stmcufinder\plugins\mcufinder//mcu/cs/
2023-09-15 09:17:28,804 [INFO] MainPanel:262 - HeapMemory: 268435456
2023-09-15 09:17:28,883 [INFO] DbMcusXml:78 - Set database path to: C:\ST\STM32CubeIDE_1.13.1\STM32CubeIDE\plugins\com.st.stm32cube.common.mx_6.9.1.202307191849\\db\/mcu/
2023-09-15 09:17:28,883 [INFO] ApiDb:274 - Set plugin database path to: C:\ST\STM32CubeIDE_1.13.1\STM32CubeIDE\plugins\com.st.stm32cube.common.mx_6.9.1.202307191849\\db\/plugins/boardmanager/
2023-09-15 09:17:28,883 [INFO] ApiDb:261 - Set plugin images path to: C:\ST\STM32CubeIDE_1.13.1\STM32CubeIDE\plugins\com.st.stm32cube.common.mx_6.9.1.202307191849\\db\/plugins/mcufinder/images/
2023-09-15 09:17:28,884 [WARN] DbFile:41 - Overriding database path with different value: C:\Users\viett\.stmcufinder\plugins\mcufinder/ => C:\Users\viett\.stmcufinder\plugins\mcufinder
2023-09-15 09:17:28,884 [INFO] ApiDb:250 - Set database path to: C:\Users\viett\.stmcufinder\plugins\mcufinder//mcu/
2023-09-15 09:17:28,884 [WARN] DbFile:41 - Overriding database path with different value: C:\Users\viett\.stmcufinder\plugins\mcufinder/ => C:\Users\viett\.stmcufinder\plugins\mcufinder
2023-09-15 09:17:28,884 [INFO] DbMcusAds:125 - Set database path to: C:\Users\viett\.stmcufinder\plugins\mcufinder//mcu/
2023-09-15 09:17:28,884 [WARN] DbFile:41 - Overriding database path with different value: C:\Users\viett\.stmcufinder\plugins\mcufinder/ => C:\Users\viett\.stmcufinder\plugins\mcufinder
2023-09-15 09:17:28,884 [WARN] DbFile:41 - Overriding database path with different value: C:\Users\viett\.stmcufinder\plugins\mcufinder/ => C:\Users\viett\.stmcufinder\plugins\mcufinder
2023-09-15 09:17:28,884 [INFO] CrossReferenceDbSqlite:203 - Set database path to: C:\Users\viett\.stmcufinder\plugins\mcufinder//mcu/cs/
2023-09-15 09:17:28,902 [INFO] ApplicationProperties:184 - Using Application install path: C:\ST\STM32CubeIDE_1.13.1\STM32CubeIDE\plugins\com.st.stm32cube.common.mx_6.9.1.202307191849
2023-09-15 09:17:28,903 [INFO] PluginManage:196 - Search for loadable plugins [exclusion list=, ]
2023-09-15 09:17:28,904 [INFO] PluginManage:310 - Check plugin analytics
2023-09-15 09:17:33,968 [INFO] AnalyticsPlugin:253 - Accepted Software Licenses: 
2023-09-15 09:17:33,969 [INFO] AnalyticsPlugin:255 - Accepted CMSIS Pack Licenses: 
2023-09-15 09:17:33,969 [INFO] AnalyticsPlugin:257 - Accepted Firmware Licenses: 
2023-09-15 09:17:33,971 [INFO] PluginManage:359 - Loaded plugin analytics (category:tool,tabindex:-1)
2023-09-15 09:17:33,972 [INFO] PluginManage:310 - Check plugin cadmodel
2023-09-15 09:17:33,983 [INFO] CADModel:105 - Init CAD model plugin
2023-09-15 09:17:33,984 [INFO] PluginManage:359 - Loaded plugin cadmodel (category:power,tabindex:5)
2023-09-15 09:17:33,984 [INFO] PluginManage:310 - Check plugin clock
2023-09-15 09:17:33,999 [INFO] PluginManage:359 - Loaded plugin clock (category:base,tabindex:2)
2023-09-15 09:17:33,999 [INFO] PluginManage:310 - Check plugin ddr
2023-09-15 09:17:34,001 [INFO] PluginManage:359 - Loaded plugin ddr (category:tool,tabindex:6)
2023-09-15 09:17:34,001 [INFO] PluginManage:310 - Check plugin filemanager
2023-09-15 09:17:34,102 [INFO] PluginManage:359 - Loaded plugin filemanager (category:base,tabindex:10)
2023-09-15 09:17:34,102 [INFO] PluginManage:310 - Check plugin ipmanager
2023-09-15 09:17:34,107 [INFO] PluginManage:359 - Loaded plugin ipmanager (category:base,tabindex:5)
2023-09-15 09:17:34,108 [INFO] PluginManage:310 - Check plugin lpbam
2023-09-15 09:17:34,122 [INFO] PluginManage:359 - Loaded plugin lpbam (category:base,tabindex:0)
2023-09-15 09:17:34,123 [INFO] PluginManage:310 - Check plugin memorymap
2023-09-15 09:17:34,140 [INFO] PluginManage:359 - Loaded plugin memorymap (category:base,tabindex:4)
2023-09-15 09:17:34,140 [INFO] PluginManage:310 - Check plugin pinoutandconfiguration
2023-09-15 09:17:34,153 [INFO] PluginManage:359 - Loaded plugin pinoutandconfiguration (category:base,tabindex:1)
2023-09-15 09:17:34,153 [INFO] PluginManage:310 - Check plugin pinoutconfig
2023-09-15 09:17:34,226 [WARN] SupportedApi:132 - Cannot load RTOS API schema: s4s-elt-must-match.1: The content of 'definitions' must match (annotation?, (simpleType | complexType)?, (unique | key | keyref)*)). A problem was found starting at: attribute.
2023-09-15 09:17:34,335 [INFO] PluginManage:359 - Loaded plugin pinoutconfig (category:base,tabindex:0)
2023-09-15 09:17:34,336 [INFO] PluginManage:310 - Check plugin power
2023-09-15 09:17:34,353 [INFO] PluginManage:359 - Loaded plugin power (category:power,tabindex:4)
2023-09-15 09:17:34,353 [INFO] PluginManage:310 - Check plugin projectmanager
2023-09-15 09:17:34,364 [INFO] PluginManage:359 - Loaded plugin projectmanager (category:projectmanager,tabindex:3)
2023-09-15 09:17:34,364 [INFO] PluginManage:310 - Check plugin thirdparty
2023-09-15 09:17:34,552 [INFO] PluginManage:359 - Loaded plugin thirdparty (category:base,tabindex:-1)
2023-09-15 09:17:34,552 [INFO] PluginManage:310 - Check plugin tools
2023-09-15 09:17:34,552 [WARN] IntegrityCheckThread:84 - waiting for thirdparty lock release [integrity check]
2023-09-15 09:17:34,553 [INFO] IntegrityCheckThread:86 - entering critical section [integrity check]
2023-09-15 09:17:34,553 [INFO] ThirdPartyUpdaterWithRetryManager:70 - Updater plugin not ready yet. [1/15]
2023-09-15 09:17:34,576 [INFO] PluginManage:359 - Loaded plugin tools (category:base,tabindex:7)
2023-09-15 09:17:34,576 [INFO] PluginManage:310 - Check plugin tutovideos
2023-09-15 09:17:34,732 [INFO] PluginManage:359 - Loaded plugin tutovideos (category:base,tabindex:-1)
2023-09-15 09:17:34,732 [INFO] PluginManage:310 - Check plugin updater
2023-09-15 09:17:34,740 [INFO] PluginManage:359 - Loaded plugin updater (category:base,tabindex:12)
2023-09-15 09:17:34,741 [INFO] PluginManage:310 - Check plugin userauth
2023-09-15 09:17:34,745 [INFO] UserAuth:113 - Init User Auth plugin
2023-09-15 09:17:34,745 [INFO] PluginManage:359 - Loaded plugin userauth (category:base,tabindex:14)
2023-09-15 09:17:34,745 [INFO] PluginManage:283 - PluginManage : Loaded plugins [17]
2023-09-15 09:17:34,920 [INFO] PinOutPanel:1499 - setPackage(No Configuration,No Configuration)
2023-09-15 09:17:34,997 [INFO] CADModel:165 - CPN selected for project level
2023-09-15 09:17:34,997 [INFO] CADModel:114 - Register for checkConnection events
2023-09-15 09:17:35,018 [INFO] IPUIPlugin:80 - create IPUIPlugin
2023-09-15 09:17:35,018 [INFO] PluginManager:220 - loadIPPluginJar : add adc
2023-09-15 09:17:35,043 [INFO] IPUIPlugin:80 - create IPUIPlugin
2023-09-15 09:17:35,043 [INFO] PluginManager:220 - loadIPPluginJar : add aes
2023-09-15 09:17:35,070 [INFO] IPUIPlugin:80 - create IPUIPlugin
2023-09-15 09:17:35,070 [INFO] PluginManager:220 - loadIPPluginJar : add can
2023-09-15 09:17:35,085 [INFO] IPUIPlugin:80 - create IPUIPlugin
2023-09-15 09:17:35,086 [INFO] PluginManager:220 - loadIPPluginJar : add comp
2023-09-15 09:17:35,107 [INFO] IPUIPlugin:80 - create IPUIPlugin
2023-09-15 09:17:35,107 [INFO] PluginManager:220 - loadIPPluginJar : add cryp
2023-09-15 09:17:35,127 [INFO] IPUIPlugin:80 - create IPUIPlugin
2023-09-15 09:17:35,127 [INFO] PluginManager:220 - loadIPPluginJar : add dfsdm
2023-09-15 09:17:35,138 [INFO] IPUIPlugin:80 - create IPUIPlugin
2023-09-15 09:17:35,139 [INFO] PluginManager:220 - loadIPPluginJar : add dma
2023-09-15 09:17:35,167 [INFO] IPUIPlugin:80 - create IPUIPlugin
2023-09-15 09:17:35,168 [INFO] PluginManager:220 - loadIPPluginJar : add dma3
2023-09-15 09:17:35,181 [INFO] IPUIPlugin:80 - create IPUIPlugin
2023-09-15 09:17:35,181 [INFO] PluginManager:220 - loadIPPluginJar : add fatfs
2023-09-15 09:17:35,212 [INFO] IPUIPlugin:80 - create IPUIPlugin
2023-09-15 09:17:35,212 [INFO] PluginManager:220 - loadIPPluginJar : add fmc
2023-09-15 09:17:35,224 [INFO] IPUIPlugin:80 - create IPUIPlugin
2023-09-15 09:17:35,224 [INFO] PluginManager:220 - loadIPPluginJar : add freertos
2023-09-15 09:17:35,238 [INFO] IPUIPlugin:80 - create IPUIPlugin
2023-09-15 09:17:35,238 [INFO] PluginManager:220 - loadIPPluginJar : add genericplugin
2023-09-15 09:17:35,296 [INFO] IPUIPlugin:80 - create IPUIPlugin
2023-09-15 09:17:35,296 [INFO] PluginManager:220 - loadIPPluginJar : add gfxmmu
2023-09-15 09:17:35,378 [INFO] IPUIPlugin:80 - create IPUIPlugin
2023-09-15 09:17:35,378 [INFO] PluginManager:220 - loadIPPluginJar : add gic
2023-09-15 09:17:35,388 [INFO] IPUIPlugin:80 - create IPUIPlugin
2023-09-15 09:17:35,388 [INFO] PluginManager:220 - loadIPPluginJar : add gpio
2023-09-15 09:17:35,448 [INFO] IPUIPlugin:80 - create IPUIPlugin
2023-09-15 09:17:35,448 [INFO] PluginManager:220 - loadIPPluginJar : add gtzc
2023-09-15 09:17:35,469 [INFO] IPUIPlugin:80 - create IPUIPlugin
2023-09-15 09:17:35,469 [INFO] PluginManager:220 - loadIPPluginJar : add hash
2023-09-15 09:17:35,503 [INFO] IPUIPlugin:80 - create IPUIPlugin
2023-09-15 09:17:35,503 [INFO] PluginManager:220 - loadIPPluginJar : add i2c
2023-09-15 09:17:35,534 [INFO] IPUIPlugin:80 - create IPUIPlugin
2023-09-15 09:17:35,534 [INFO] PluginManager:220 - loadIPPluginJar : add i2s
2023-09-15 09:17:35,564 [INFO] IPUIPlugin:80 - create IPUIPlugin
2023-09-15 09:17:35,564 [INFO] PluginManager:220 - loadIPPluginJar : add i3c
2023-09-15 09:17:35,635 [INFO] IPUIPlugin:80 - create IPUIPlugin
2023-09-15 09:17:35,635 [INFO] PluginManager:220 - loadIPPluginJar : add ipddr
2023-09-15 09:17:35,696 [INFO] IPUIPlugin:80 - create IPUIPlugin
2023-09-15 09:17:35,696 [INFO] PluginManager:220 - loadIPPluginJar : add linkedlist
2023-09-15 09:17:35,719 [INFO] IPUIPlugin:80 - create IPUIPlugin
2023-09-15 09:17:35,719 [INFO] PluginManager:220 - loadIPPluginJar : add lorawan
2023-09-15 09:17:35,743 [INFO] IPUIPlugin:80 - create IPUIPlugin
2023-09-15 09:17:35,744 [INFO] PluginManager:220 - loadIPPluginJar : add ltdc
2023-09-15 09:17:35,755 [INFO] IPUIPlugin:80 - create IPUIPlugin
2023-09-15 09:17:35,755 [INFO] PluginManager:220 - loadIPPluginJar : add mdma
2023-09-15 09:17:35,764 [INFO] IPUIPlugin:80 - create IPUIPlugin
2023-09-15 09:17:35,764 [INFO] PluginManager:220 - loadIPPluginJar : add nvic
2023-09-15 09:17:35,788 [INFO] IPUIPlugin:80 - create IPUIPlugin
2023-09-15 09:17:35,789 [INFO] PluginManager:220 - loadIPPluginJar : add opamp
2023-09-15 09:17:35,827 [INFO] IPUIPlugin:80 - create IPUIPlugin
2023-09-15 09:17:35,827 [INFO] PluginManager:220 - loadIPPluginJar : add openamp
2023-09-15 09:17:35,854 [INFO] IPUIPlugin:80 - create IPUIPlugin
2023-09-15 09:17:35,854 [INFO] PluginManager:220 - loadIPPluginJar : add pdm2pcm
2023-09-15 09:17:35,865 [INFO] IPUIPlugin:80 - create IPUIPlugin
2023-09-15 09:17:35,867 [INFO] PluginManager:220 - loadIPPluginJar : add plateformsettings
2023-09-15 09:17:35,881 [INFO] IPUIPlugin:80 - create IPUIPlugin
2023-09-15 09:17:35,882 [INFO] PluginManager:220 - loadIPPluginJar : add quadspi
2023-09-15 09:17:35,890 [INFO] IPUIPlugin:80 - create IPUIPlugin
2023-09-15 09:17:35,890 [INFO] PluginManager:220 - loadIPPluginJar : add resmgrutility
2023-09-15 09:17:35,924 [INFO] IPUIPlugin:80 - create IPUIPlugin
2023-09-15 09:17:35,924 [INFO] PluginManager:220 - loadIPPluginJar : add sai
2023-09-15 09:17:35,948 [INFO] IPUIPlugin:80 - create IPUIPlugin
2023-09-15 09:17:35,948 [INFO] PluginManager:220 - loadIPPluginJar : add spi
2023-09-15 09:17:35,987 [INFO] IPUIPlugin:80 - create IPUIPlugin
2023-09-15 09:17:35,987 [INFO] PluginManager:220 - loadIPPluginJar : add stm32_wpan
2023-09-15 09:17:36,003 [INFO] IPUIPlugin:80 - create IPUIPlugin
2023-09-15 09:17:36,003 [INFO] PluginManager:220 - loadIPPluginJar : add tim
2023-09-15 09:17:36,041 [INFO] IPUIPlugin:80 - create IPUIPlugin
2023-09-15 09:17:36,041 [INFO] PluginManager:220 - loadIPPluginJar : add touchsensing
2023-09-15 09:17:36,057 [INFO] IPUIPlugin:80 - create IPUIPlugin
2023-09-15 09:17:36,058 [INFO] PluginManager:220 - loadIPPluginJar : add tracer_emb
2023-09-15 09:17:36,073 [INFO] IPUIPlugin:80 - create IPUIPlugin
2023-09-15 09:17:36,074 [INFO] PluginManager:220 - loadIPPluginJar : add ts
2023-09-15 09:17:36,087 [INFO] IPUIPlugin:80 - create IPUIPlugin
2023-09-15 09:17:36,087 [INFO] PluginManager:220 - loadIPPluginJar : add tsc
2023-09-15 09:17:36,102 [INFO] IPUIPlugin:80 - create IPUIPlugin
2023-09-15 09:17:36,102 [INFO] PluginManager:220 - loadIPPluginJar : add ucpd
2023-09-15 09:17:36,131 [INFO] IPUIPlugin:80 - create IPUIPlugin
2023-09-15 09:17:36,131 [INFO] PluginManager:220 - loadIPPluginJar : add usart
2023-09-15 09:17:36,160 [INFO] IPUIPlugin:80 - create IPUIPlugin
2023-09-15 09:17:36,160 [INFO] PluginManager:220 - loadIPPluginJar : add usbx
2023-09-15 09:17:36,278 [INFO] CADModel:165 - CPN selected for project level
2023-09-15 09:17:36,278 [INFO] CADModel:114 - Register for checkConnection events
2023-09-15 09:17:36,279 [FATAL] Updater:308 - Updater called before beeing initialized
2023-09-15 09:17:36,279 [ERROR] CADModel:125 - Updater not yet initialized, retry later 
2023-09-15 09:17:36,398 [INFO] CADModel:165 - CPN selected for project level
2023-09-15 09:17:36,398 [INFO] CADModel:114 - Register for checkConnection events
2023-09-15 09:17:36,398 [FATAL] Updater:308 - Updater called before beeing initialized
2023-09-15 09:17:36,398 [ERROR] CADModel:125 - Updater not yet initialized, retry later 
2023-09-15 09:17:36,400 [FATAL] Updater:308 - Updater called before beeing initialized
2023-09-15 09:17:36,469 [FATAL] Updater:308 - Updater called before beeing initialized
2023-09-15 09:17:36,478 [INFO] DbMcusAds:53 - JSON generation date=Tue Mar 07 15:50:55 ICT 2023 (1678179055114)
2023-09-15 09:17:36,478 [FATAL] Updater:308 - Updater called before beeing initialized
2023-09-15 09:17:36,511 [WARN] DetailPanel:346 - Failed to get advertising image, set to default
2023-09-15 09:17:36,603 [FATAL] Updater:308 - Updater called before beeing initialized
2023-09-15 09:17:36,605 [FATAL] Updater:308 - Updater called before beeing initialized
2023-09-15 09:17:36,605 [FATAL] Updater:308 - Updater called before beeing initialized
2023-09-15 09:17:36,605 [WARN] DetailPanel:346 - Failed to get advertising image, set to default
2023-09-15 09:17:36,606 [FATAL] Updater:308 - Updater called before beeing initialized
2023-09-15 09:17:36,648 [ERROR] Updater:1120 - MainUpdater not yet initialized. External WinMGr cannot be set.
2023-09-15 09:17:36,656 [INFO] Updater:1056 - Updater Version found : 6.9.1
2023-09-15 09:17:36,672 [INFO] ApplicationProperties:184 - Using Application install path: C:\ST\STM32CubeIDE_1.13.1\STM32CubeIDE\plugins\com.st.stm32cube.common.mx_6.9.1.202307191849
2023-09-15 09:17:37,251 [INFO] MainUpdater:2868 - connection check result : 10
2023-09-15 09:17:37,252 [INFO] MainUpdater:285 - Updater Check For Update Now.
2023-09-15 09:17:37,252 [INFO] MicroXplorer:498 - Change Database Version : DB.6.0.91
2023-09-15 09:17:37,263 [INFO] McuFinderGlobals:63 - Set McuFinder mode to 2 (CubeIDE integrated)
2023-09-15 09:17:37,263 [INFO] UserAuth:179 - activating auth plugin
2023-09-15 09:17:37,265 [INFO] UserAuth:393 - Internet connection configuration mode: 1
2023-09-15 09:17:37,299 [INFO] JxBrowserEngine:151 - Initiate JxBrowser Engine with user profile folder
2023-09-15 09:17:37,440 [INFO] CheckServerUpdateThread:120 - End of CheckServer Thread
2023-09-15 09:17:37,696 [WARN] PackLoader:240 - Cannot read IP mode file for STMicroelectronics.X-CUBE-SMBUS.2.1.0
2023-09-15 09:17:37,732 [WARN] PackLoader:240 - Cannot read IP mode file for STMicroelectronics.X-CUBE-AZRTOS-F7.1.1.0
2023-09-15 09:17:37,748 [WARN] PackLoader:240 - Cannot read IP mode file for STMicroelectronics.FP-SNS-MOTENV1.4.3.2
2023-09-15 09:17:37,760 [WARN] PackLoader:240 - Cannot read IP mode file for STMicroelectronics.FP-SNS-FLIGHT1.5.0.2
2023-09-15 09:17:37,774 [WARN] PackLoader:240 - Cannot read IP mode file for STMicroelectronics.X-CUBE-DISPLAY.3.0.0
2023-09-15 09:17:37,793 [WARN] PackLoader:240 - Cannot read IP mode file for STMicroelectronics.X-CUBE-BLE1.7.0.0
2023-09-15 09:17:37,804 [WARN] PackLoader:240 - Cannot read IP mode file for emotas.I-CUBE-CANOPEN.1.3.0
2023-09-15 09:17:37,815 [WARN] PackLoader:240 - Cannot read IP mode file for STMicroelectronics.X-CUBE-TOUCHGFX.4.22.0
2023-09-15 09:17:37,825 [WARN] PackLoader:240 - Cannot read IP mode file for STMicroelectronics.FP-SNS-SMARTAG2.1.2.0
2023-09-15 09:17:37,841 [INFO] LogOutputStream:77 - [STDOUT_REDIRECT] 1 : Invalid condition id : UX_CORESTACK_Condition cause : null
2023-09-15 09:17:37,841 [INFO] LogOutputStream:77 - [STDOUT_REDIRECT] 1 : Invalid condition id : UX_CORESTACK_Condition cause : null
2023-09-15 09:17:37,842 [INFO] LogOutputStream:77 - [STDOUT_REDIRECT] 1 : Invalid condition id : UX_CORESTACK_Condition cause : null
2023-09-15 09:17:37,844 [INFO] LogOutputStream:77 - [STDOUT_REDIRECT] 1 : Invalid condition id : UX_CORESTACK_Condition cause : null
2023-09-15 09:17:37,845 [INFO] LogOutputStream:77 - [STDOUT_REDIRECT] 1 : Invalid condition id : UX_CORESTACK_Condition cause : null
2023-09-15 09:17:37,847 [WARN] PackLoader:240 - Cannot read IP mode file for STMicroelectronics.X-CUBE-AZRTOS-WL.2.0.0
2023-09-15 09:17:37,861 [WARN] PackLoader:240 - Cannot read IP mode file for WES.I-CUBE-Cesium.1.3.0
2023-09-15 09:17:37,872 [WARN] PackLoader:240 - Cannot read IP mode file for STMicroelectronics.X-CUBE-BLE2.3.3.0
2023-09-15 09:17:37,883 [WARN] PackLoader:240 - Cannot read IP mode file for STMicroelectronics.X-CUBE-ALGOBUILD.1.3.0
2023-09-15 09:17:37,905 [WARN] PackLoader:240 - Cannot read IP mode file for STMicroelectronics.X-CUBE-AZRTOS-G0.1.1.0
2023-09-15 09:17:37,919 [WARN] PackLoader:240 - Cannot read IP mode file for STMicroelectronics.X-CUBE-NFC4.3.0.0
2023-09-15 09:17:37,931 [WARN] PackLoader:240 - Cannot read IP mode file for STMicroelectronics.FP-ATR-SIGFOX1.3.2.0
2023-09-15 09:17:37,959 [WARN] PackLoader:240 - Cannot read IP mode file for SEGGER.I-CUBE-embOS.1.3.1
2023-09-15 09:17:38,003 [WARN] PackLoader:240 - Cannot read IP mode file for STMicroelectronics.X-CUBE-GNSS1.6.0.0
2023-09-15 09:17:38,026 [WARN] PackLoader:240 - Cannot read IP mode file for STMicroelectronics.X-CUBE-AZRTOS-F4.1.1.0
2023-09-15 09:17:38,037 [WARN] PackLoader:240 - Cannot read IP mode file for wolfSSL.I-CUBE-wolfSSL.5.6.3
2023-09-15 09:17:38,059 [WARN] PackLoader:240 - Cannot read IP mode file for STMicroelectronics.X-CUBE-AZRTOS-L5.2.0.0
2023-09-15 09:17:38,100 [WARN] PackLoader:240 - Cannot read IP mode file for STMicroelectronics.X-CUBE-MEMS1.9.6.0
2023-09-15 09:17:38,198 [WARN] PackLoader:240 - Cannot read IP mode file for STMicroelectronics.X-CUBE-BLEMGR.2.0.0
2023-09-15 09:17:38,219 [WARN] ConditionMgr:438 - getConditionDescription Invalid condition id : UX DEVICE CLASS RTOS Condition cause : null
2023-09-15 09:17:38,219 [WARN] ConditionMgr:438 - getConditionDescription Invalid condition id : UX DEVICE CLASS RTOS Condition cause : null
2023-09-15 09:17:38,221 [WARN] PackLoader:240 - Cannot read IP mode file for STMicroelectronics.X-CUBE-AZRTOS-H7.3.1.0
2023-09-15 09:17:38,221 [WARN] ConditionMgr:1039 - genDependencies : Invalid condition id : UX DEVICE CLASS RTOS Condition cause : null
2023-09-15 09:17:38,222 [WARN] ConditionMgr:1039 - genDependencies : Invalid condition id : UX DEVICE CLASS RTOS Condition cause : null
2023-09-15 09:17:38,222 [WARN] ConditionMgr:1039 - genDependencies : Invalid condition id : UX DEVICE CLASS RTOS Condition cause : null
2023-09-15 09:17:38,222 [WARN] ConditionMgr:1039 - genDependencies : Invalid condition id : UX DEVICE CLASS RTOS Condition cause : null
2023-09-15 09:17:38,222 [WARN] ConditionMgr:1039 - genDependencies : Invalid condition id : UX DEVICE CLASS RTOS Condition cause : null
2023-09-15 09:17:38,232 [WARN] PackLoader:240 - Cannot read IP mode file for STMicroelectronics.X-CUBE-NFC7.1.0.1
2023-09-15 09:17:38,244 [WARN] PackLoader:240 - Cannot read IP mode file for STMicroelectronics.X-CUBE-NFC6.3.0.0
2023-09-15 09:17:38,255 [WARN] PackLoader:240 - Cannot read IP mode file for STMicroelectronics.X-CUBE-EEPRMA1.4.1.0
2023-09-15 09:17:38,267 [WARN] PackLoader:240 - Cannot read IP mode file for STMicroelectronics.X-CUBE-AI.8.1.0
2023-09-15 09:17:38,290 [WARN] ConditionMgr:438 - getConditionDescription Invalid condition id : LAN8742 Phy interface Condition cause : null
2023-09-15 09:17:38,291 [WARN] PackLoader:240 - Cannot read IP mode file for STMicroelectronics.X-CUBE-AZRTOS-L4.2.0.0
2023-09-15 09:17:38,291 [WARN] ConditionMgr:1039 - genDependencies : Invalid condition id : LAN8742 Phy interface Condition cause : null
2023-09-15 09:17:38,292 [WARN] ConditionMgr:1039 - genDependencies : Invalid condition id : LAN8742 Phy interface Condition cause : null
2023-09-15 09:17:38,292 [WARN] ConditionMgr:1039 - genDependencies : Invalid condition id : LAN8742 Phy interface Condition cause : null
2023-09-15 09:17:38,305 [WARN] PackLoader:240 - Cannot read IP mode file for STMicroelectronics.X-CUBE-SFXS2LP1.4.0.0
2023-09-15 09:17:38,315 [WARN] PackLoader:240 - Cannot read IP mode file for STMicroelectronics.X-CUBE-ISPU.1.1.0
2023-09-15 09:17:38,334 [WARN] ConditionMgr:438 - getConditionDescription Invalid condition id : UX DEVICE CLASS RTOS Condition cause : null
2023-09-15 09:17:38,334 [WARN] ConditionMgr:438 - getConditionDescription Invalid condition id : UX DEVICE CLASS RTOS Condition cause : null
2023-09-15 09:17:38,336 [WARN] PackLoader:240 - Cannot read IP mode file for STMicroelectronics.X-CUBE-AZRTOS-WB.2.0.0
2023-09-15 09:17:38,336 [WARN] ConditionMgr:1039 - genDependencies : Invalid condition id : UX DEVICE CLASS RTOS Condition cause : null
2023-09-15 09:17:38,336 [WARN] ConditionMgr:1039 - genDependencies : Invalid condition id : UX DEVICE CLASS RTOS Condition cause : null
2023-09-15 09:17:38,337 [WARN] ConditionMgr:1039 - genDependencies : Invalid condition id : UX DEVICE CLASS RTOS Condition cause : null
2023-09-15 09:17:38,337 [WARN] ConditionMgr:1039 - genDependencies : Invalid condition id : UX DEVICE CLASS RTOS Condition cause : null
2023-09-15 09:17:38,337 [WARN] ConditionMgr:1039 - genDependencies : Invalid condition id : UX DEVICE CLASS RTOS Condition cause : null
2023-09-15 09:17:38,353 [WARN] PackLoader:240 - Cannot read IP mode file for STMicroelectronics.X-CUBE-SUBG2.5.0.0
2023-09-15 09:17:38,371 [WARN] PackLoader:240 - Cannot read IP mode file for STMicroelectronics.X-CUBE-TOF1.3.3.1
2023-09-15 09:17:38,394 [WARN] PackLoader:240 - Cannot read IP mode file for STMicroelectronics.X-CUBE-AZRTOS-G4.2.0.0
2023-09-15 09:17:38,408 [WARN] PackLoader:240 - Cannot read IP mode file for STMicroelectronics.X-CUBE-FREERTOS.1.1.0
2023-09-15 09:17:38,422 [WARN] PackLoader:240 - Cannot read IP mode file for portGmbH.I-Cube-SoM-uGOAL.1.1.0
2023-09-15 09:17:38,433 [WARN] PackLoader:240 - Cannot read IP mode file for STMicroelectronics.X-CUBE-ALS.1.0.1
2023-09-15 09:17:38,444 [WARN] PackLoader:240 - Cannot read IP mode file for STMicroelectronics.FP-ATR-ASTRA1.2.0.0
2023-09-15 09:17:38,445 [INFO] ThirdParty:978 - Integrity check success = true
2023-09-15 09:17:38,445 [INFO] IntegrityCheckThread:100 - exiting critical section [integrity check]
2023-09-15 09:17:38,445 [INFO] IntegrityCheckThread:103 - End integrity checks thread
2023-09-15 09:17:39,358 [INFO] WebApp:157 - Instantiating new browser for Auth
2023-09-15 09:17:39,782 [INFO] WebApp:753 - Register for checkConnection events
2023-09-15 09:17:39,782 [INFO] WebApp:390 - Apply proxy settings
2023-09-15 09:17:39,782 [INFO] WebApp:475 - Chromium requires no authentication
2023-09-15 09:17:39,788 [INFO] WebApp:418 - Direct internet connection detected
2023-09-15 09:17:39,937 [INFO] WebApp:188 - Starting web application
2023-09-15 09:17:39,937 [INFO] WebApp:520 - Web application path used C:\ST\STM32CubeIDE_1.13.1\STM32CubeIDE\plugins\com.st.stm32cube.common.mx_6.9.1.202307191849\db\plugins\mcufinder\reactClient1\index.html
2023-09-15 09:18:00,594 [ERROR] LogOutputStream:75 - [STDERR_REDIRECT] SLF4J: Failed to load class "org.slf4j.impl.StaticLoggerBinder".
2023-09-15 09:18:00,594 [ERROR] LogOutputStream:75 - [STDERR_REDIRECT] SLF4J: Defaulting to no-operation (NOP) logger implementation
2023-09-15 09:18:00,595 [ERROR] LogOutputStream:75 - [STDERR_REDIRECT] SLF4J: See http://www.slf4j.org/codes.html#StaticLoggerBinder for further details.
2023-09-15 17:25:55,585 [ERROR] LogOutputStream:75 - [STDERR_REDIRECT] 
