2023-09-12 16:27:29,444 [INFO] Activator:176 - 


2023-09-12 16:27:29,449 [INFO] Activator:177 - !SESSION log4j initialized
2023-09-12 16:27:34,916 [INFO] LogOutputStream:77 - [STDOUT_REDIRECT] 
2023-09-12 16:27:42,413 [INFO] ApplicationProperties:184 - Using Application install path: C:\ST\STM32CubeIDE_1.13.1\STM32CubeIDE\plugins\com.st.stm32cube.common.mx_6.9.1.202307191849
2023-09-12 16:27:42,429 [INFO] DbMcusXml:78 - Set database path to: C:\ST\STM32CubeIDE_1.13.1\STM32CubeIDE\plugins\com.st.stm32cube.common.mx_6.9.1.202307191849\\db\/mcu/
2023-09-12 16:27:42,429 [INFO] ApiDb:274 - Set plugin database path to: C:\ST\STM32CubeIDE_1.13.1\STM32CubeIDE\plugins\com.st.stm32cube.common.mx_6.9.1.202307191849\\db\/plugins/boardmanager/
2023-09-12 16:27:42,430 [WARN] ApiDb:259 - Overriding images path with different value:  => C:\ST\STM32CubeIDE_1.13.1\STM32CubeIDE\plugins\com.st.stm32cube.common.mx_6.9.1.202307191849\\db\/plugins/mcufinder/images/
2023-09-12 16:27:42,436 [INFO] ApiDb:250 - Set database path to: C:\Users\viett\.stmcufinder\plugins\mcufinder//mcu/
2023-09-12 16:27:42,437 [INFO] DbMcusAds:125 - Set database path to: C:\Users\viett\.stmcufinder\plugins\mcufinder//mcu/
2023-09-12 16:27:42,439 [INFO] CrossReferenceDbSqlite:203 - Set database path to: C:\Users\viett\.stmcufinder\plugins\mcufinder//mcu/cs/
2023-09-12 16:27:42,541 [INFO] RulesReader:64 - Compatibility file has been processed (293 Rules)
2023-09-12 16:27:42,639 [INFO] DbMcusXml:78 - Set database path to: C:\ST\STM32CubeIDE_1.13.1\STM32CubeIDE\plugins\com.st.stm32cube.common.mx_6.9.1.202307191849\\db\/mcu/
2023-09-12 16:27:42,639 [INFO] ApiDb:274 - Set plugin database path to: C:\ST\STM32CubeIDE_1.13.1\STM32CubeIDE\plugins\com.st.stm32cube.common.mx_6.9.1.202307191849\\db\/plugins/boardmanager/
2023-09-12 16:27:42,639 [INFO] ApiDb:261 - Set plugin images path to: C:\ST\STM32CubeIDE_1.13.1\STM32CubeIDE\plugins\com.st.stm32cube.common.mx_6.9.1.202307191849\\db\/plugins/mcufinder/images/
2023-09-12 16:27:42,639 [WARN] DbFile:41 - Overriding database path with different value: C:\Users\viett\.stmcufinder\plugins\mcufinder/ => C:\Users\viett\.stmcufinder\plugins\mcufinder
2023-09-12 16:27:42,639 [INFO] ApiDb:250 - Set database path to: C:\Users\viett\.stmcufinder\plugins\mcufinder//mcu/
2023-09-12 16:27:42,639 [WARN] DbFile:41 - Overriding database path with different value: C:\Users\viett\.stmcufinder\plugins\mcufinder/ => C:\Users\viett\.stmcufinder\plugins\mcufinder
2023-09-12 16:27:42,640 [INFO] DbMcusAds:125 - Set database path to: C:\Users\viett\.stmcufinder\plugins\mcufinder//mcu/
2023-09-12 16:27:42,640 [WARN] DbFile:41 - Overriding database path with different value: C:\Users\viett\.stmcufinder\plugins\mcufinder/ => C:\Users\viett\.stmcufinder\plugins\mcufinder
2023-09-12 16:27:42,640 [WARN] DbFile:41 - Overriding database path with different value: C:\Users\viett\.stmcufinder\plugins\mcufinder/ => C:\Users\viett\.stmcufinder\plugins\mcufinder
2023-09-12 16:27:42,640 [INFO] CrossReferenceDbSqlite:203 - Set database path to: C:\Users\viett\.stmcufinder\plugins\mcufinder//mcu/cs/
2023-09-12 16:27:42,709 [INFO] MainPanel:262 - HeapMemory: 268435456
2023-09-12 16:27:42,790 [INFO] DbMcusXml:78 - Set database path to: C:\ST\STM32CubeIDE_1.13.1\STM32CubeIDE\plugins\com.st.stm32cube.common.mx_6.9.1.202307191849\\db\/mcu/
2023-09-12 16:27:42,790 [INFO] ApiDb:274 - Set plugin database path to: C:\ST\STM32CubeIDE_1.13.1\STM32CubeIDE\plugins\com.st.stm32cube.common.mx_6.9.1.202307191849\\db\/plugins/boardmanager/
2023-09-12 16:27:42,790 [INFO] ApiDb:261 - Set plugin images path to: C:\ST\STM32CubeIDE_1.13.1\STM32CubeIDE\plugins\com.st.stm32cube.common.mx_6.9.1.202307191849\\db\/plugins/mcufinder/images/
2023-09-12 16:27:42,790 [WARN] DbFile:41 - Overriding database path with different value: C:\Users\viett\.stmcufinder\plugins\mcufinder/ => C:\Users\viett\.stmcufinder\plugins\mcufinder
2023-09-12 16:27:42,791 [INFO] ApiDb:250 - Set database path to: C:\Users\viett\.stmcufinder\plugins\mcufinder//mcu/
2023-09-12 16:27:42,791 [WARN] DbFile:41 - Overriding database path with different value: C:\Users\viett\.stmcufinder\plugins\mcufinder/ => C:\Users\viett\.stmcufinder\plugins\mcufinder
2023-09-12 16:27:42,791 [INFO] DbMcusAds:125 - Set database path to: C:\Users\viett\.stmcufinder\plugins\mcufinder//mcu/
2023-09-12 16:27:42,791 [WARN] DbFile:41 - Overriding database path with different value: C:\Users\viett\.stmcufinder\plugins\mcufinder/ => C:\Users\viett\.stmcufinder\plugins\mcufinder
2023-09-12 16:27:42,791 [WARN] DbFile:41 - Overriding database path with different value: C:\Users\viett\.stmcufinder\plugins\mcufinder/ => C:\Users\viett\.stmcufinder\plugins\mcufinder
2023-09-12 16:27:42,791 [INFO] CrossReferenceDbSqlite:203 - Set database path to: C:\Users\viett\.stmcufinder\plugins\mcufinder//mcu/cs/
2023-09-12 16:27:42,807 [INFO] ApplicationProperties:184 - Using Application install path: C:\ST\STM32CubeIDE_1.13.1\STM32CubeIDE\plugins\com.st.stm32cube.common.mx_6.9.1.202307191849
2023-09-12 16:27:42,808 [INFO] PluginManage:196 - Search for loadable plugins [exclusion list=, ]
2023-09-12 16:27:42,809 [INFO] PluginManage:310 - Check plugin analytics
2023-09-12 16:27:47,896 [INFO] AnalyticsPlugin:253 - Accepted Software Licenses: 
2023-09-12 16:27:47,896 [INFO] AnalyticsPlugin:255 - Accepted CMSIS Pack Licenses: 
2023-09-12 16:27:47,896 [INFO] AnalyticsPlugin:257 - Accepted Firmware Licenses: 
2023-09-12 16:27:47,898 [INFO] PluginManage:359 - Loaded plugin analytics (category:tool,tabindex:-1)
2023-09-12 16:27:47,899 [INFO] PluginManage:310 - Check plugin cadmodel
2023-09-12 16:27:47,911 [INFO] CADModel:105 - Init CAD model plugin
2023-09-12 16:27:47,911 [INFO] PluginManage:359 - Loaded plugin cadmodel (category:power,tabindex:5)
2023-09-12 16:27:47,911 [INFO] PluginManage:310 - Check plugin clock
2023-09-12 16:27:47,927 [INFO] PluginManage:359 - Loaded plugin clock (category:base,tabindex:2)
2023-09-12 16:27:47,927 [INFO] PluginManage:310 - Check plugin ddr
2023-09-12 16:27:47,928 [INFO] PluginManage:359 - Loaded plugin ddr (category:tool,tabindex:6)
2023-09-12 16:27:47,928 [INFO] PluginManage:310 - Check plugin filemanager
2023-09-12 16:27:48,031 [INFO] PluginManage:359 - Loaded plugin filemanager (category:base,tabindex:10)
2023-09-12 16:27:48,031 [INFO] PluginManage:310 - Check plugin ipmanager
2023-09-12 16:27:48,037 [INFO] PluginManage:359 - Loaded plugin ipmanager (category:base,tabindex:5)
2023-09-12 16:27:48,037 [INFO] PluginManage:310 - Check plugin lpbam
2023-09-12 16:27:48,051 [INFO] PluginManage:359 - Loaded plugin lpbam (category:base,tabindex:0)
2023-09-12 16:27:48,051 [INFO] PluginManage:310 - Check plugin memorymap
2023-09-12 16:27:48,069 [INFO] PluginManage:359 - Loaded plugin memorymap (category:base,tabindex:4)
2023-09-12 16:27:48,070 [INFO] PluginManage:310 - Check plugin pinoutandconfiguration
2023-09-12 16:27:48,083 [INFO] PluginManage:359 - Loaded plugin pinoutandconfiguration (category:base,tabindex:1)
2023-09-12 16:27:48,083 [INFO] PluginManage:310 - Check plugin pinoutconfig
2023-09-12 16:27:48,162 [WARN] SupportedApi:132 - Cannot load RTOS API schema: s4s-elt-must-match.1: The content of 'definitions' must match (annotation?, (simpleType | complexType)?, (unique | key | keyref)*)). A problem was found starting at: attribute.
2023-09-12 16:27:48,290 [INFO] PluginManage:359 - Loaded plugin pinoutconfig (category:base,tabindex:0)
2023-09-12 16:27:48,290 [INFO] PluginManage:310 - Check plugin power
2023-09-12 16:27:48,307 [INFO] PluginManage:359 - Loaded plugin power (category:power,tabindex:4)
2023-09-12 16:27:48,307 [INFO] PluginManage:310 - Check plugin projectmanager
2023-09-12 16:27:48,318 [INFO] PluginManage:359 - Loaded plugin projectmanager (category:projectmanager,tabindex:3)
2023-09-12 16:27:48,319 [INFO] PluginManage:310 - Check plugin thirdparty
2023-09-12 16:27:48,518 [INFO] PluginManage:359 - Loaded plugin thirdparty (category:base,tabindex:-1)
2023-09-12 16:27:48,518 [INFO] PluginManage:310 - Check plugin tools
2023-09-12 16:27:48,518 [WARN] IntegrityCheckThread:84 - waiting for thirdparty lock release [integrity check]
2023-09-12 16:27:48,518 [INFO] IntegrityCheckThread:86 - entering critical section [integrity check]
2023-09-12 16:27:48,519 [INFO] ThirdPartyUpdaterWithRetryManager:70 - Updater plugin not ready yet. [1/15]
2023-09-12 16:27:48,551 [INFO] PluginManage:359 - Loaded plugin tools (category:base,tabindex:7)
2023-09-12 16:27:48,551 [INFO] PluginManage:310 - Check plugin tutovideos
2023-09-12 16:27:48,714 [INFO] PluginManage:359 - Loaded plugin tutovideos (category:base,tabindex:-1)
2023-09-12 16:27:48,714 [INFO] PluginManage:310 - Check plugin updater
2023-09-12 16:27:48,723 [INFO] PluginManage:359 - Loaded plugin updater (category:base,tabindex:12)
2023-09-12 16:27:48,723 [INFO] PluginManage:310 - Check plugin userauth
2023-09-12 16:27:48,728 [INFO] UserAuth:113 - Init User Auth plugin
2023-09-12 16:27:48,728 [INFO] PluginManage:359 - Loaded plugin userauth (category:base,tabindex:14)
2023-09-12 16:27:48,728 [INFO] PluginManage:283 - PluginManage : Loaded plugins [17]
2023-09-12 16:27:48,910 [INFO] PinOutPanel:1499 - setPackage(No Configuration,No Configuration)
2023-09-12 16:27:48,994 [INFO] CADModel:165 - CPN selected for project level
2023-09-12 16:27:48,994 [INFO] CADModel:114 - Register for checkConnection events
2023-09-12 16:27:49,017 [INFO] IPUIPlugin:80 - create IPUIPlugin
2023-09-12 16:27:49,017 [INFO] PluginManager:220 - loadIPPluginJar : add adc
2023-09-12 16:27:49,043 [INFO] IPUIPlugin:80 - create IPUIPlugin
2023-09-12 16:27:49,043 [INFO] PluginManager:220 - loadIPPluginJar : add aes
2023-09-12 16:27:49,074 [INFO] IPUIPlugin:80 - create IPUIPlugin
2023-09-12 16:27:49,074 [INFO] PluginManager:220 - loadIPPluginJar : add can
2023-09-12 16:27:49,091 [INFO] IPUIPlugin:80 - create IPUIPlugin
2023-09-12 16:27:49,091 [INFO] PluginManager:220 - loadIPPluginJar : add comp
2023-09-12 16:27:49,115 [INFO] IPUIPlugin:80 - create IPUIPlugin
2023-09-12 16:27:49,116 [INFO] PluginManager:220 - loadIPPluginJar : add cryp
2023-09-12 16:27:49,136 [INFO] IPUIPlugin:80 - create IPUIPlugin
2023-09-12 16:27:49,137 [INFO] PluginManager:220 - loadIPPluginJar : add dfsdm
2023-09-12 16:27:49,148 [INFO] IPUIPlugin:80 - create IPUIPlugin
2023-09-12 16:27:49,149 [INFO] PluginManager:220 - loadIPPluginJar : add dma
2023-09-12 16:27:49,183 [INFO] IPUIPlugin:80 - create IPUIPlugin
2023-09-12 16:27:49,183 [INFO] PluginManager:220 - loadIPPluginJar : add dma3
2023-09-12 16:27:49,198 [INFO] IPUIPlugin:80 - create IPUIPlugin
2023-09-12 16:27:49,198 [INFO] PluginManager:220 - loadIPPluginJar : add fatfs
2023-09-12 16:27:49,232 [INFO] IPUIPlugin:80 - create IPUIPlugin
2023-09-12 16:27:49,232 [INFO] PluginManager:220 - loadIPPluginJar : add fmc
2023-09-12 16:27:49,244 [INFO] IPUIPlugin:80 - create IPUIPlugin
2023-09-12 16:27:49,244 [INFO] PluginManager:220 - loadIPPluginJar : add freertos
2023-09-12 16:27:49,260 [INFO] IPUIPlugin:80 - create IPUIPlugin
2023-09-12 16:27:49,260 [INFO] PluginManager:220 - loadIPPluginJar : add genericplugin
2023-09-12 16:27:49,322 [INFO] IPUIPlugin:80 - create IPUIPlugin
2023-09-12 16:27:49,323 [INFO] PluginManager:220 - loadIPPluginJar : add gfxmmu
2023-09-12 16:27:49,410 [INFO] IPUIPlugin:80 - create IPUIPlugin
2023-09-12 16:27:49,410 [INFO] PluginManager:220 - loadIPPluginJar : add gic
2023-09-12 16:27:49,420 [INFO] IPUIPlugin:80 - create IPUIPlugin
2023-09-12 16:27:49,420 [INFO] PluginManager:220 - loadIPPluginJar : add gpio
2023-09-12 16:27:49,489 [INFO] IPUIPlugin:80 - create IPUIPlugin
2023-09-12 16:27:49,489 [INFO] PluginManager:220 - loadIPPluginJar : add gtzc
2023-09-12 16:27:49,512 [INFO] IPUIPlugin:80 - create IPUIPlugin
2023-09-12 16:27:49,512 [INFO] PluginManager:220 - loadIPPluginJar : add hash
2023-09-12 16:27:49,547 [INFO] IPUIPlugin:80 - create IPUIPlugin
2023-09-12 16:27:49,547 [INFO] PluginManager:220 - loadIPPluginJar : add i2c
2023-09-12 16:27:49,576 [INFO] IPUIPlugin:80 - create IPUIPlugin
2023-09-12 16:27:49,576 [INFO] PluginManager:220 - loadIPPluginJar : add i2s
2023-09-12 16:27:49,604 [INFO] IPUIPlugin:80 - create IPUIPlugin
2023-09-12 16:27:49,604 [INFO] PluginManager:220 - loadIPPluginJar : add i3c
2023-09-12 16:27:49,678 [INFO] IPUIPlugin:80 - create IPUIPlugin
2023-09-12 16:27:49,678 [INFO] PluginManager:220 - loadIPPluginJar : add ipddr
2023-09-12 16:27:49,740 [INFO] IPUIPlugin:80 - create IPUIPlugin
2023-09-12 16:27:49,740 [INFO] PluginManager:220 - loadIPPluginJar : add linkedlist
2023-09-12 16:27:49,765 [INFO] IPUIPlugin:80 - create IPUIPlugin
2023-09-12 16:27:49,765 [INFO] PluginManager:220 - loadIPPluginJar : add lorawan
2023-09-12 16:27:49,793 [INFO] IPUIPlugin:80 - create IPUIPlugin
2023-09-12 16:27:49,793 [INFO] PluginManager:220 - loadIPPluginJar : add ltdc
2023-09-12 16:27:49,803 [INFO] IPUIPlugin:80 - create IPUIPlugin
2023-09-12 16:27:49,803 [INFO] PluginManager:220 - loadIPPluginJar : add mdma
2023-09-12 16:27:49,813 [INFO] IPUIPlugin:80 - create IPUIPlugin
2023-09-12 16:27:49,813 [INFO] PluginManager:220 - loadIPPluginJar : add nvic
2023-09-12 16:27:49,839 [INFO] IPUIPlugin:80 - create IPUIPlugin
2023-09-12 16:27:49,839 [INFO] PluginManager:220 - loadIPPluginJar : add opamp
2023-09-12 16:27:49,880 [INFO] IPUIPlugin:80 - create IPUIPlugin
2023-09-12 16:27:49,880 [INFO] PluginManager:220 - loadIPPluginJar : add openamp
2023-09-12 16:27:49,909 [INFO] IPUIPlugin:80 - create IPUIPlugin
2023-09-12 16:27:49,909 [INFO] PluginManager:220 - loadIPPluginJar : add pdm2pcm
2023-09-12 16:27:49,920 [INFO] IPUIPlugin:80 - create IPUIPlugin
2023-09-12 16:27:49,922 [INFO] PluginManager:220 - loadIPPluginJar : add plateformsettings
2023-09-12 16:27:49,938 [INFO] IPUIPlugin:80 - create IPUIPlugin
2023-09-12 16:27:49,938 [INFO] PluginManager:220 - loadIPPluginJar : add quadspi
2023-09-12 16:27:49,947 [INFO] IPUIPlugin:80 - create IPUIPlugin
2023-09-12 16:27:49,947 [INFO] PluginManager:220 - loadIPPluginJar : add resmgrutility
2023-09-12 16:27:49,981 [INFO] IPUIPlugin:80 - create IPUIPlugin
2023-09-12 16:27:49,981 [INFO] PluginManager:220 - loadIPPluginJar : add sai
2023-09-12 16:27:50,007 [INFO] IPUIPlugin:80 - create IPUIPlugin
2023-09-12 16:27:50,007 [INFO] PluginManager:220 - loadIPPluginJar : add spi
2023-09-12 16:27:50,048 [INFO] IPUIPlugin:80 - create IPUIPlugin
2023-09-12 16:27:50,048 [INFO] PluginManager:220 - loadIPPluginJar : add stm32_wpan
2023-09-12 16:27:50,065 [INFO] IPUIPlugin:80 - create IPUIPlugin
2023-09-12 16:27:50,065 [INFO] PluginManager:220 - loadIPPluginJar : add tim
2023-09-12 16:27:50,104 [INFO] IPUIPlugin:80 - create IPUIPlugin
2023-09-12 16:27:50,104 [INFO] PluginManager:220 - loadIPPluginJar : add touchsensing
2023-09-12 16:27:50,120 [INFO] IPUIPlugin:80 - create IPUIPlugin
2023-09-12 16:27:50,121 [INFO] PluginManager:220 - loadIPPluginJar : add tracer_emb
2023-09-12 16:27:50,137 [INFO] IPUIPlugin:80 - create IPUIPlugin
2023-09-12 16:27:50,137 [INFO] PluginManager:220 - loadIPPluginJar : add ts
2023-09-12 16:27:50,152 [INFO] IPUIPlugin:80 - create IPUIPlugin
2023-09-12 16:27:50,152 [INFO] PluginManager:220 - loadIPPluginJar : add tsc
2023-09-12 16:27:50,168 [INFO] IPUIPlugin:80 - create IPUIPlugin
2023-09-12 16:27:50,168 [INFO] PluginManager:220 - loadIPPluginJar : add ucpd
2023-09-12 16:27:50,201 [INFO] IPUIPlugin:80 - create IPUIPlugin
2023-09-12 16:27:50,201 [INFO] PluginManager:220 - loadIPPluginJar : add usart
2023-09-12 16:27:50,231 [INFO] IPUIPlugin:80 - create IPUIPlugin
2023-09-12 16:27:50,231 [INFO] PluginManager:220 - loadIPPluginJar : add usbx
2023-09-12 16:27:50,342 [INFO] CADModel:165 - CPN selected for project level
2023-09-12 16:27:50,342 [INFO] CADModel:114 - Register for checkConnection events
2023-09-12 16:27:50,342 [FATAL] Updater:308 - Updater called before beeing initialized
2023-09-12 16:27:50,342 [ERROR] CADModel:125 - Updater not yet initialized, retry later 
2023-09-12 16:27:50,456 [INFO] CADModel:165 - CPN selected for project level
2023-09-12 16:27:50,456 [INFO] CADModel:114 - Register for checkConnection events
2023-09-12 16:27:50,457 [FATAL] Updater:308 - Updater called before beeing initialized
2023-09-12 16:27:50,457 [ERROR] CADModel:125 - Updater not yet initialized, retry later 
2023-09-12 16:27:50,459 [FATAL] Updater:308 - Updater called before beeing initialized
2023-09-12 16:27:50,533 [FATAL] Updater:308 - Updater called before beeing initialized
2023-09-12 16:27:50,542 [INFO] DbMcusAds:53 - JSON generation date=Tue Mar 07 15:50:55 ICT 2023 (1678179055114)
2023-09-12 16:27:50,542 [FATAL] Updater:308 - Updater called before beeing initialized
2023-09-12 16:27:50,576 [WARN] DetailPanel:346 - Failed to get advertising image, set to default
2023-09-12 16:27:50,661 [FATAL] Updater:308 - Updater called before beeing initialized
2023-09-12 16:27:50,663 [FATAL] Updater:308 - Updater called before beeing initialized
2023-09-12 16:27:50,663 [FATAL] Updater:308 - Updater called before beeing initialized
2023-09-12 16:27:50,663 [WARN] DetailPanel:346 - Failed to get advertising image, set to default
2023-09-12 16:27:50,664 [FATAL] Updater:308 - Updater called before beeing initialized
2023-09-12 16:27:50,730 [ERROR] Updater:1120 - MainUpdater not yet initialized. External WinMGr cannot be set.
2023-09-12 16:27:50,739 [INFO] Updater:1056 - Updater Version found : 6.9.1
2023-09-12 16:27:50,753 [INFO] ApplicationProperties:184 - Using Application install path: C:\ST\STM32CubeIDE_1.13.1\STM32CubeIDE\plugins\com.st.stm32cube.common.mx_6.9.1.202307191849
2023-09-12 16:27:50,932 [INFO] MainUpdater:2868 - connection check result : 10
2023-09-12 16:27:50,932 [INFO] MainUpdater:285 - Updater Check For Update Now.
2023-09-12 16:27:50,932 [INFO] MicroXplorer:498 - Change Database Version : DB.6.0.91
2023-09-12 16:27:50,947 [INFO] McuFinderGlobals:63 - Set McuFinder mode to 2 (CubeIDE integrated)
2023-09-12 16:27:50,947 [INFO] UserAuth:179 - activating auth plugin
2023-09-12 16:27:50,949 [INFO] UserAuth:393 - Internet connection configuration mode: 1
2023-09-12 16:27:50,981 [INFO] JxBrowserEngine:151 - Initiate JxBrowser Engine with user profile folder
2023-09-12 16:27:51,115 [INFO] CheckServerUpdateThread:120 - End of CheckServer Thread
2023-09-12 16:27:51,648 [WARN] PackLoader:240 - Cannot read IP mode file for STMicroelectronics.X-CUBE-SMBUS.2.1.0
2023-09-12 16:27:51,682 [WARN] PackLoader:240 - Cannot read IP mode file for STMicroelectronics.X-CUBE-AZRTOS-F7.1.1.0
2023-09-12 16:27:51,699 [WARN] PackLoader:240 - Cannot read IP mode file for STMicroelectronics.FP-SNS-MOTENV1.4.3.2
2023-09-12 16:27:51,711 [WARN] PackLoader:240 - Cannot read IP mode file for STMicroelectronics.FP-SNS-FLIGHT1.5.0.2
2023-09-12 16:27:51,726 [WARN] PackLoader:240 - Cannot read IP mode file for STMicroelectronics.X-CUBE-DISPLAY.3.0.0
2023-09-12 16:27:51,746 [WARN] PackLoader:240 - Cannot read IP mode file for STMicroelectronics.X-CUBE-BLE1.7.0.0
2023-09-12 16:27:51,757 [WARN] PackLoader:240 - Cannot read IP mode file for emotas.I-CUBE-CANOPEN.1.3.0
2023-09-12 16:27:51,770 [WARN] PackLoader:240 - Cannot read IP mode file for STMicroelectronics.X-CUBE-TOUCHGFX.4.22.0
2023-09-12 16:27:51,780 [WARN] PackLoader:240 - Cannot read IP mode file for STMicroelectronics.FP-SNS-SMARTAG2.1.2.0
2023-09-12 16:27:51,798 [INFO] LogOutputStream:77 - [STDOUT_REDIRECT] 1 : Invalid condition id : UX_CORESTACK_Condition cause : null
2023-09-12 16:27:51,799 [INFO] LogOutputStream:77 - [STDOUT_REDIRECT] 1 : Invalid condition id : UX_CORESTACK_Condition cause : null
2023-09-12 16:27:51,800 [INFO] LogOutputStream:77 - [STDOUT_REDIRECT] 1 : Invalid condition id : UX_CORESTACK_Condition cause : null
2023-09-12 16:27:51,802 [INFO] LogOutputStream:77 - [STDOUT_REDIRECT] 1 : Invalid condition id : UX_CORESTACK_Condition cause : null
2023-09-12 16:27:51,803 [INFO] LogOutputStream:77 - [STDOUT_REDIRECT] 1 : Invalid condition id : UX_CORESTACK_Condition cause : null
2023-09-12 16:27:51,805 [WARN] PackLoader:240 - Cannot read IP mode file for STMicroelectronics.X-CUBE-AZRTOS-WL.2.0.0
2023-09-12 16:27:51,821 [WARN] PackLoader:240 - Cannot read IP mode file for WES.I-CUBE-Cesium.1.3.0
2023-09-12 16:27:51,833 [WARN] PackLoader:240 - Cannot read IP mode file for STMicroelectronics.X-CUBE-BLE2.3.3.0
2023-09-12 16:27:51,845 [WARN] PackLoader:240 - Cannot read IP mode file for STMicroelectronics.X-CUBE-ALGOBUILD.1.3.0
2023-09-12 16:27:51,869 [WARN] PackLoader:240 - Cannot read IP mode file for STMicroelectronics.X-CUBE-AZRTOS-G0.1.1.0
2023-09-12 16:27:51,882 [WARN] PackLoader:240 - Cannot read IP mode file for STMicroelectronics.X-CUBE-NFC4.3.0.0
2023-09-12 16:27:51,894 [WARN] PackLoader:240 - Cannot read IP mode file for STMicroelectronics.FP-ATR-SIGFOX1.3.2.0
2023-09-12 16:27:51,931 [WARN] PackLoader:240 - Cannot read IP mode file for SEGGER.I-CUBE-embOS.1.3.1
2023-09-12 16:27:51,977 [WARN] PackLoader:240 - Cannot read IP mode file for STMicroelectronics.X-CUBE-GNSS1.6.0.0
2023-09-12 16:27:52,006 [WARN] PackLoader:240 - Cannot read IP mode file for STMicroelectronics.X-CUBE-AZRTOS-F4.1.1.0
2023-09-12 16:27:52,020 [WARN] PackLoader:240 - Cannot read IP mode file for wolfSSL.I-CUBE-wolfSSL.5.6.3
2023-09-12 16:27:52,047 [WARN] PackLoader:240 - Cannot read IP mode file for STMicroelectronics.X-CUBE-AZRTOS-L5.2.0.0
2023-09-12 16:27:52,092 [WARN] PackLoader:240 - Cannot read IP mode file for STMicroelectronics.X-CUBE-MEMS1.9.6.0
2023-09-12 16:27:52,208 [WARN] PackLoader:240 - Cannot read IP mode file for STMicroelectronics.X-CUBE-BLEMGR.2.0.0
2023-09-12 16:27:52,230 [WARN] ConditionMgr:438 - getConditionDescription Invalid condition id : UX DEVICE CLASS RTOS Condition cause : null
2023-09-12 16:27:52,230 [WARN] ConditionMgr:438 - getConditionDescription Invalid condition id : UX DEVICE CLASS RTOS Condition cause : null
2023-09-12 16:27:52,232 [WARN] PackLoader:240 - Cannot read IP mode file for STMicroelectronics.X-CUBE-AZRTOS-H7.3.1.0
2023-09-12 16:27:52,234 [WARN] ConditionMgr:1039 - genDependencies : Invalid condition id : UX DEVICE CLASS RTOS Condition cause : null
2023-09-12 16:27:52,234 [WARN] ConditionMgr:1039 - genDependencies : Invalid condition id : UX DEVICE CLASS RTOS Condition cause : null
2023-09-12 16:27:52,234 [WARN] ConditionMgr:1039 - genDependencies : Invalid condition id : UX DEVICE CLASS RTOS Condition cause : null
2023-09-12 16:27:52,234 [WARN] ConditionMgr:1039 - genDependencies : Invalid condition id : UX DEVICE CLASS RTOS Condition cause : null
2023-09-12 16:27:52,235 [WARN] ConditionMgr:1039 - genDependencies : Invalid condition id : UX DEVICE CLASS RTOS Condition cause : null
2023-09-12 16:27:52,248 [WARN] PackLoader:240 - Cannot read IP mode file for STMicroelectronics.X-CUBE-NFC7.1.0.1
2023-09-12 16:27:52,264 [WARN] PackLoader:240 - Cannot read IP mode file for STMicroelectronics.X-CUBE-NFC6.3.0.0
2023-09-12 16:27:52,277 [WARN] PackLoader:240 - Cannot read IP mode file for STMicroelectronics.X-CUBE-EEPRMA1.4.1.0
2023-09-12 16:27:52,291 [WARN] PackLoader:240 - Cannot read IP mode file for STMicroelectronics.X-CUBE-AI.8.1.0
2023-09-12 16:27:52,321 [WARN] ConditionMgr:438 - getConditionDescription Invalid condition id : LAN8742 Phy interface Condition cause : null
2023-09-12 16:27:52,322 [WARN] PackLoader:240 - Cannot read IP mode file for STMicroelectronics.X-CUBE-AZRTOS-L4.2.0.0
2023-09-12 16:27:52,323 [WARN] ConditionMgr:1039 - genDependencies : Invalid condition id : LAN8742 Phy interface Condition cause : null
2023-09-12 16:27:52,323 [WARN] ConditionMgr:1039 - genDependencies : Invalid condition id : LAN8742 Phy interface Condition cause : null
2023-09-12 16:27:52,323 [WARN] ConditionMgr:1039 - genDependencies : Invalid condition id : LAN8742 Phy interface Condition cause : null
2023-09-12 16:27:52,339 [WARN] PackLoader:240 - Cannot read IP mode file for STMicroelectronics.X-CUBE-SFXS2LP1.4.0.0
2023-09-12 16:27:52,353 [WARN] PackLoader:240 - Cannot read IP mode file for STMicroelectronics.X-CUBE-ISPU.1.1.0
2023-09-12 16:27:52,372 [WARN] ConditionMgr:438 - getConditionDescription Invalid condition id : UX DEVICE CLASS RTOS Condition cause : null
2023-09-12 16:27:52,373 [WARN] ConditionMgr:438 - getConditionDescription Invalid condition id : UX DEVICE CLASS RTOS Condition cause : null
2023-09-12 16:27:52,374 [WARN] PackLoader:240 - Cannot read IP mode file for STMicroelectronics.X-CUBE-AZRTOS-WB.2.0.0
2023-09-12 16:27:52,375 [WARN] ConditionMgr:1039 - genDependencies : Invalid condition id : UX DEVICE CLASS RTOS Condition cause : null
2023-09-12 16:27:52,375 [WARN] ConditionMgr:1039 - genDependencies : Invalid condition id : UX DEVICE CLASS RTOS Condition cause : null
2023-09-12 16:27:52,376 [WARN] ConditionMgr:1039 - genDependencies : Invalid condition id : UX DEVICE CLASS RTOS Condition cause : null
2023-09-12 16:27:52,376 [WARN] ConditionMgr:1039 - genDependencies : Invalid condition id : UX DEVICE CLASS RTOS Condition cause : null
2023-09-12 16:27:52,376 [WARN] ConditionMgr:1039 - genDependencies : Invalid condition id : UX DEVICE CLASS RTOS Condition cause : null
2023-09-12 16:27:52,395 [WARN] PackLoader:240 - Cannot read IP mode file for STMicroelectronics.X-CUBE-SUBG2.5.0.0
2023-09-12 16:27:52,421 [WARN] PackLoader:240 - Cannot read IP mode file for STMicroelectronics.X-CUBE-TOF1.3.3.1
2023-09-12 16:27:52,453 [WARN] PackLoader:240 - Cannot read IP mode file for STMicroelectronics.X-CUBE-AZRTOS-G4.2.0.0
2023-09-12 16:27:52,468 [WARN] PackLoader:240 - Cannot read IP mode file for STMicroelectronics.X-CUBE-FREERTOS.1.1.0
2023-09-12 16:27:52,499 [WARN] PackLoader:240 - Cannot read IP mode file for portGmbH.I-Cube-SoM-uGOAL.1.1.0
2023-09-12 16:27:52,515 [WARN] PackLoader:240 - Cannot read IP mode file for STMicroelectronics.X-CUBE-ALS.1.0.1
2023-09-12 16:27:52,527 [WARN] PackLoader:240 - Cannot read IP mode file for STMicroelectronics.FP-ATR-ASTRA1.2.0.0
2023-09-12 16:27:52,528 [INFO] ThirdParty:978 - Integrity check success = true
2023-09-12 16:27:52,528 [INFO] IntegrityCheckThread:100 - exiting critical section [integrity check]
2023-09-12 16:27:52,528 [INFO] IntegrityCheckThread:103 - End integrity checks thread
2023-09-12 16:27:53,115 [INFO] WebApp:157 - Instantiating new browser for Auth
2023-09-12 16:27:53,576 [INFO] WebApp:753 - Register for checkConnection events
2023-09-12 16:27:53,576 [INFO] WebApp:390 - Apply proxy settings
2023-09-12 16:27:53,576 [INFO] WebApp:475 - Chromium requires no authentication
2023-09-12 16:27:53,583 [INFO] WebApp:418 - Direct internet connection detected
2023-09-12 16:27:53,702 [INFO] WebApp:188 - Starting web application
2023-09-12 16:27:53,702 [INFO] WebApp:520 - Web application path used C:\ST\STM32CubeIDE_1.13.1\STM32CubeIDE\plugins\com.st.stm32cube.common.mx_6.9.1.202307191849\db\plugins\mcufinder\reactClient1\index.html
2023-09-12 16:28:14,362 [ERROR] LogOutputStream:75 - [STDERR_REDIRECT] SLF4J: Failed to load class "org.slf4j.impl.StaticLoggerBinder".
2023-09-12 16:28:14,362 [ERROR] LogOutputStream:75 - [STDERR_REDIRECT] SLF4J: Defaulting to no-operation (NOP) logger implementation
2023-09-12 16:28:14,363 [ERROR] LogOutputStream:75 - [STDERR_REDIRECT] SLF4J: See http://www.slf4j.org/codes.html#StaticLoggerBinder for further details.
2023-09-12 17:25:59,651 [ERROR] LogOutputStream:75 - [STDERR_REDIRECT] 
