2023-09-18 08:28:32,961 [INFO] Activator:176 - 


2023-09-18 08:28:32,965 [INFO] Activator:177 - !SESSION log4j initialized
2023-09-18 08:28:38,686 [INFO] LogOutputStream:77 - [STDOUT_REDIRECT] 
2023-09-18 08:28:45,901 [INFO] ApplicationProperties:184 - Using Application install path: C:\ST\STM32CubeIDE_1.13.1\STM32CubeIDE\plugins\com.st.stm32cube.common.mx_6.9.1.202307191849
2023-09-18 08:28:45,916 [INFO] DbMcusXml:78 - Set database path to: C:\ST\STM32CubeIDE_1.13.1\STM32CubeIDE\plugins\com.st.stm32cube.common.mx_6.9.1.202307191849\\db\/mcu/
2023-09-18 08:28:45,916 [INFO] ApiDb:274 - Set plugin database path to: C:\ST\STM32CubeIDE_1.13.1\STM32CubeIDE\plugins\com.st.stm32cube.common.mx_6.9.1.202307191849\\db\/plugins/boardmanager/
2023-09-18 08:28:45,917 [WARN] ApiDb:259 - Overriding images path with different value:  => C:\ST\STM32CubeIDE_1.13.1\STM32CubeIDE\plugins\com.st.stm32cube.common.mx_6.9.1.202307191849\\db\/plugins/mcufinder/images/
2023-09-18 08:28:45,926 [INFO] ApiDb:250 - Set database path to: C:\Users\viett\.stmcufinder\plugins\mcufinder//mcu/
2023-09-18 08:28:45,927 [INFO] DbMcusAds:125 - Set database path to: C:\Users\viett\.stmcufinder\plugins\mcufinder//mcu/
2023-09-18 08:28:45,929 [INFO] CrossReferenceDbSqlite:203 - Set database path to: C:\Users\viett\.stmcufinder\plugins\mcufinder//mcu/cs/
2023-09-18 08:28:46,031 [INFO] RulesReader:64 - Compatibility file has been processed (293 Rules)
2023-09-18 08:28:46,101 [INFO] DbMcusXml:78 - Set database path to: C:\ST\STM32CubeIDE_1.13.1\STM32CubeIDE\plugins\com.st.stm32cube.common.mx_6.9.1.202307191849\\db\/mcu/
2023-09-18 08:28:46,102 [INFO] ApiDb:274 - Set plugin database path to: C:\ST\STM32CubeIDE_1.13.1\STM32CubeIDE\plugins\com.st.stm32cube.common.mx_6.9.1.202307191849\\db\/plugins/boardmanager/
2023-09-18 08:28:46,102 [INFO] ApiDb:261 - Set plugin images path to: C:\ST\STM32CubeIDE_1.13.1\STM32CubeIDE\plugins\com.st.stm32cube.common.mx_6.9.1.202307191849\\db\/plugins/mcufinder/images/
2023-09-18 08:28:46,102 [WARN] DbFile:41 - Overriding database path with different value: C:\Users\viett\.stmcufinder\plugins\mcufinder/ => C:\Users\viett\.stmcufinder\plugins\mcufinder
2023-09-18 08:28:46,102 [INFO] ApiDb:250 - Set database path to: C:\Users\viett\.stmcufinder\plugins\mcufinder//mcu/
2023-09-18 08:28:46,102 [WARN] DbFile:41 - Overriding database path with different value: C:\Users\viett\.stmcufinder\plugins\mcufinder/ => C:\Users\viett\.stmcufinder\plugins\mcufinder
2023-09-18 08:28:46,102 [INFO] DbMcusAds:125 - Set database path to: C:\Users\viett\.stmcufinder\plugins\mcufinder//mcu/
2023-09-18 08:28:46,102 [WARN] DbFile:41 - Overriding database path with different value: C:\Users\viett\.stmcufinder\plugins\mcufinder/ => C:\Users\viett\.stmcufinder\plugins\mcufinder
2023-09-18 08:28:46,102 [WARN] DbFile:41 - Overriding database path with different value: C:\Users\viett\.stmcufinder\plugins\mcufinder/ => C:\Users\viett\.stmcufinder\plugins\mcufinder
2023-09-18 08:28:46,102 [INFO] CrossReferenceDbSqlite:203 - Set database path to: C:\Users\viett\.stmcufinder\plugins\mcufinder//mcu/cs/
2023-09-18 08:28:46,164 [INFO] MainPanel:262 - HeapMemory: 268435456
2023-09-18 08:28:46,238 [INFO] DbMcusXml:78 - Set database path to: C:\ST\STM32CubeIDE_1.13.1\STM32CubeIDE\plugins\com.st.stm32cube.common.mx_6.9.1.202307191849\\db\/mcu/
2023-09-18 08:28:46,238 [INFO] ApiDb:274 - Set plugin database path to: C:\ST\STM32CubeIDE_1.13.1\STM32CubeIDE\plugins\com.st.stm32cube.common.mx_6.9.1.202307191849\\db\/plugins/boardmanager/
2023-09-18 08:28:46,238 [INFO] ApiDb:261 - Set plugin images path to: C:\ST\STM32CubeIDE_1.13.1\STM32CubeIDE\plugins\com.st.stm32cube.common.mx_6.9.1.202307191849\\db\/plugins/mcufinder/images/
2023-09-18 08:28:46,238 [WARN] DbFile:41 - Overriding database path with different value: C:\Users\viett\.stmcufinder\plugins\mcufinder/ => C:\Users\viett\.stmcufinder\plugins\mcufinder
2023-09-18 08:28:46,238 [INFO] ApiDb:250 - Set database path to: C:\Users\viett\.stmcufinder\plugins\mcufinder//mcu/
2023-09-18 08:28:46,238 [WARN] DbFile:41 - Overriding database path with different value: C:\Users\viett\.stmcufinder\plugins\mcufinder/ => C:\Users\viett\.stmcufinder\plugins\mcufinder
2023-09-18 08:28:46,239 [INFO] DbMcusAds:125 - Set database path to: C:\Users\viett\.stmcufinder\plugins\mcufinder//mcu/
2023-09-18 08:28:46,239 [WARN] DbFile:41 - Overriding database path with different value: C:\Users\viett\.stmcufinder\plugins\mcufinder/ => C:\Users\viett\.stmcufinder\plugins\mcufinder
2023-09-18 08:28:46,239 [WARN] DbFile:41 - Overriding database path with different value: C:\Users\viett\.stmcufinder\plugins\mcufinder/ => C:\Users\viett\.stmcufinder\plugins\mcufinder
2023-09-18 08:28:46,239 [INFO] CrossReferenceDbSqlite:203 - Set database path to: C:\Users\viett\.stmcufinder\plugins\mcufinder//mcu/cs/
2023-09-18 08:28:46,254 [INFO] ApplicationProperties:184 - Using Application install path: C:\ST\STM32CubeIDE_1.13.1\STM32CubeIDE\plugins\com.st.stm32cube.common.mx_6.9.1.202307191849
2023-09-18 08:28:46,255 [INFO] PluginManage:196 - Search for loadable plugins [exclusion list=, ]
2023-09-18 08:28:46,256 [INFO] PluginManage:310 - Check plugin analytics
2023-09-18 08:28:51,322 [INFO] AnalyticsPlugin:253 - Accepted Software Licenses: 
2023-09-18 08:28:51,322 [INFO] AnalyticsPlugin:255 - Accepted CMSIS Pack Licenses: 
2023-09-18 08:28:51,322 [INFO] AnalyticsPlugin:257 - Accepted Firmware Licenses: 
2023-09-18 08:28:51,324 [INFO] PluginManage:359 - Loaded plugin analytics (category:tool,tabindex:-1)
2023-09-18 08:28:51,325 [INFO] PluginManage:310 - Check plugin cadmodel
2023-09-18 08:28:51,337 [INFO] CADModel:105 - Init CAD model plugin
2023-09-18 08:28:51,337 [INFO] PluginManage:359 - Loaded plugin cadmodel (category:power,tabindex:5)
2023-09-18 08:28:51,337 [INFO] PluginManage:310 - Check plugin clock
2023-09-18 08:28:51,351 [INFO] PluginManage:359 - Loaded plugin clock (category:base,tabindex:2)
2023-09-18 08:28:51,351 [INFO] PluginManage:310 - Check plugin ddr
2023-09-18 08:28:51,353 [INFO] PluginManage:359 - Loaded plugin ddr (category:tool,tabindex:6)
2023-09-18 08:28:51,353 [INFO] PluginManage:310 - Check plugin filemanager
2023-09-18 08:28:51,450 [INFO] PluginManage:359 - Loaded plugin filemanager (category:base,tabindex:10)
2023-09-18 08:28:51,450 [INFO] PluginManage:310 - Check plugin ipmanager
2023-09-18 08:28:51,457 [INFO] PluginManage:359 - Loaded plugin ipmanager (category:base,tabindex:5)
2023-09-18 08:28:51,457 [INFO] PluginManage:310 - Check plugin lpbam
2023-09-18 08:28:51,472 [INFO] PluginManage:359 - Loaded plugin lpbam (category:base,tabindex:0)
2023-09-18 08:28:51,472 [INFO] PluginManage:310 - Check plugin memorymap
2023-09-18 08:28:51,493 [INFO] PluginManage:359 - Loaded plugin memorymap (category:base,tabindex:4)
2023-09-18 08:28:51,493 [INFO] PluginManage:310 - Check plugin pinoutandconfiguration
2023-09-18 08:28:51,509 [INFO] PluginManage:359 - Loaded plugin pinoutandconfiguration (category:base,tabindex:1)
2023-09-18 08:28:51,509 [INFO] PluginManage:310 - Check plugin pinoutconfig
2023-09-18 08:28:51,605 [WARN] SupportedApi:132 - Cannot load RTOS API schema: s4s-elt-must-match.1: The content of 'definitions' must match (annotation?, (simpleType | complexType)?, (unique | key | keyref)*)). A problem was found starting at: attribute.
2023-09-18 08:28:51,749 [INFO] PluginManage:359 - Loaded plugin pinoutconfig (category:base,tabindex:0)
2023-09-18 08:28:51,749 [INFO] PluginManage:310 - Check plugin power
2023-09-18 08:28:51,771 [INFO] PluginManage:359 - Loaded plugin power (category:power,tabindex:4)
2023-09-18 08:28:51,771 [INFO] PluginManage:310 - Check plugin projectmanager
2023-09-18 08:28:51,786 [INFO] PluginManage:359 - Loaded plugin projectmanager (category:projectmanager,tabindex:3)
2023-09-18 08:28:51,786 [INFO] PluginManage:310 - Check plugin thirdparty
2023-09-18 08:28:52,009 [INFO] PluginManage:359 - Loaded plugin thirdparty (category:base,tabindex:-1)
2023-09-18 08:28:52,009 [INFO] PluginManage:310 - Check plugin tools
2023-09-18 08:28:52,009 [WARN] IntegrityCheckThread:84 - waiting for thirdparty lock release [integrity check]
2023-09-18 08:28:52,009 [INFO] IntegrityCheckThread:86 - entering critical section [integrity check]
2023-09-18 08:28:52,010 [INFO] ThirdPartyUpdaterWithRetryManager:70 - Updater plugin not ready yet. [1/15]
2023-09-18 08:28:52,033 [INFO] PluginManage:359 - Loaded plugin tools (category:base,tabindex:7)
2023-09-18 08:28:52,033 [INFO] PluginManage:310 - Check plugin tutovideos
2023-09-18 08:28:52,191 [INFO] PluginManage:359 - Loaded plugin tutovideos (category:base,tabindex:-1)
2023-09-18 08:28:52,191 [INFO] PluginManage:310 - Check plugin updater
2023-09-18 08:28:52,200 [INFO] PluginManage:359 - Loaded plugin updater (category:base,tabindex:12)
2023-09-18 08:28:52,200 [INFO] PluginManage:310 - Check plugin userauth
2023-09-18 08:28:52,205 [INFO] UserAuth:113 - Init User Auth plugin
2023-09-18 08:28:52,205 [INFO] PluginManage:359 - Loaded plugin userauth (category:base,tabindex:14)
2023-09-18 08:28:52,205 [INFO] PluginManage:283 - PluginManage : Loaded plugins [17]
2023-09-18 08:28:52,375 [INFO] PinOutPanel:1499 - setPackage(No Configuration,No Configuration)
2023-09-18 08:28:52,454 [INFO] CADModel:165 - CPN selected for project level
2023-09-18 08:28:52,455 [INFO] CADModel:114 - Register for checkConnection events
2023-09-18 08:28:52,475 [INFO] IPUIPlugin:80 - create IPUIPlugin
2023-09-18 08:28:52,475 [INFO] PluginManager:220 - loadIPPluginJar : add adc
2023-09-18 08:28:52,499 [INFO] IPUIPlugin:80 - create IPUIPlugin
2023-09-18 08:28:52,500 [INFO] PluginManager:220 - loadIPPluginJar : add aes
2023-09-18 08:28:52,528 [INFO] IPUIPlugin:80 - create IPUIPlugin
2023-09-18 08:28:52,528 [INFO] PluginManager:220 - loadIPPluginJar : add can
2023-09-18 08:28:52,544 [INFO] IPUIPlugin:80 - create IPUIPlugin
2023-09-18 08:28:52,544 [INFO] PluginManager:220 - loadIPPluginJar : add comp
2023-09-18 08:28:52,567 [INFO] IPUIPlugin:80 - create IPUIPlugin
2023-09-18 08:28:52,568 [INFO] PluginManager:220 - loadIPPluginJar : add cryp
2023-09-18 08:28:52,591 [INFO] IPUIPlugin:80 - create IPUIPlugin
2023-09-18 08:28:52,591 [INFO] PluginManager:220 - loadIPPluginJar : add dfsdm
2023-09-18 08:28:52,602 [INFO] IPUIPlugin:80 - create IPUIPlugin
2023-09-18 08:28:52,603 [INFO] PluginManager:220 - loadIPPluginJar : add dma
2023-09-18 08:28:52,634 [INFO] IPUIPlugin:80 - create IPUIPlugin
2023-09-18 08:28:52,634 [INFO] PluginManager:220 - loadIPPluginJar : add dma3
2023-09-18 08:28:52,652 [INFO] IPUIPlugin:80 - create IPUIPlugin
2023-09-18 08:28:52,653 [INFO] PluginManager:220 - loadIPPluginJar : add fatfs
2023-09-18 08:28:52,686 [INFO] IPUIPlugin:80 - create IPUIPlugin
2023-09-18 08:28:52,686 [INFO] PluginManager:220 - loadIPPluginJar : add fmc
2023-09-18 08:28:52,698 [INFO] IPUIPlugin:80 - create IPUIPlugin
2023-09-18 08:28:52,698 [INFO] PluginManager:220 - loadIPPluginJar : add freertos
2023-09-18 08:28:52,713 [INFO] IPUIPlugin:80 - create IPUIPlugin
2023-09-18 08:28:52,713 [INFO] PluginManager:220 - loadIPPluginJar : add genericplugin
2023-09-18 08:28:52,772 [INFO] IPUIPlugin:80 - create IPUIPlugin
2023-09-18 08:28:52,772 [INFO] PluginManager:220 - loadIPPluginJar : add gfxmmu
2023-09-18 08:28:52,881 [INFO] IPUIPlugin:80 - create IPUIPlugin
2023-09-18 08:28:52,881 [INFO] PluginManager:220 - loadIPPluginJar : add gic
2023-09-18 08:28:52,892 [INFO] IPUIPlugin:80 - create IPUIPlugin
2023-09-18 08:28:52,892 [INFO] PluginManager:220 - loadIPPluginJar : add gpio
2023-09-18 08:28:52,958 [INFO] IPUIPlugin:80 - create IPUIPlugin
2023-09-18 08:28:52,959 [INFO] PluginManager:220 - loadIPPluginJar : add gtzc
2023-09-18 08:28:52,981 [INFO] IPUIPlugin:80 - create IPUIPlugin
2023-09-18 08:28:52,981 [INFO] PluginManager:220 - loadIPPluginJar : add hash
2023-09-18 08:28:53,029 [INFO] IPUIPlugin:80 - create IPUIPlugin
2023-09-18 08:28:53,029 [INFO] PluginManager:220 - loadIPPluginJar : add i2c
2023-09-18 08:28:53,059 [INFO] IPUIPlugin:80 - create IPUIPlugin
2023-09-18 08:28:53,059 [INFO] PluginManager:220 - loadIPPluginJar : add i2s
2023-09-18 08:28:53,089 [INFO] IPUIPlugin:80 - create IPUIPlugin
2023-09-18 08:28:53,089 [INFO] PluginManager:220 - loadIPPluginJar : add i3c
2023-09-18 08:28:53,168 [INFO] IPUIPlugin:80 - create IPUIPlugin
2023-09-18 08:28:53,168 [INFO] PluginManager:220 - loadIPPluginJar : add ipddr
2023-09-18 08:28:53,228 [INFO] IPUIPlugin:80 - create IPUIPlugin
2023-09-18 08:28:53,228 [INFO] PluginManager:220 - loadIPPluginJar : add linkedlist
2023-09-18 08:28:53,260 [INFO] IPUIPlugin:80 - create IPUIPlugin
2023-09-18 08:28:53,261 [INFO] PluginManager:220 - loadIPPluginJar : add lorawan
2023-09-18 08:28:53,287 [INFO] IPUIPlugin:80 - create IPUIPlugin
2023-09-18 08:28:53,287 [INFO] PluginManager:220 - loadIPPluginJar : add ltdc
2023-09-18 08:28:53,298 [INFO] IPUIPlugin:80 - create IPUIPlugin
2023-09-18 08:28:53,298 [INFO] PluginManager:220 - loadIPPluginJar : add mdma
2023-09-18 08:28:53,309 [INFO] IPUIPlugin:80 - create IPUIPlugin
2023-09-18 08:28:53,309 [INFO] PluginManager:220 - loadIPPluginJar : add nvic
2023-09-18 08:28:53,343 [INFO] IPUIPlugin:80 - create IPUIPlugin
2023-09-18 08:28:53,348 [INFO] PluginManager:220 - loadIPPluginJar : add opamp
2023-09-18 08:28:53,397 [INFO] IPUIPlugin:80 - create IPUIPlugin
2023-09-18 08:28:53,397 [INFO] PluginManager:220 - loadIPPluginJar : add openamp
2023-09-18 08:28:53,433 [INFO] IPUIPlugin:80 - create IPUIPlugin
2023-09-18 08:28:53,433 [INFO] PluginManager:220 - loadIPPluginJar : add pdm2pcm
2023-09-18 08:28:53,445 [INFO] IPUIPlugin:80 - create IPUIPlugin
2023-09-18 08:28:53,447 [INFO] PluginManager:220 - loadIPPluginJar : add plateformsettings
2023-09-18 08:28:53,465 [INFO] IPUIPlugin:80 - create IPUIPlugin
2023-09-18 08:28:53,466 [INFO] PluginManager:220 - loadIPPluginJar : add quadspi
2023-09-18 08:28:53,478 [INFO] IPUIPlugin:80 - create IPUIPlugin
2023-09-18 08:28:53,478 [INFO] PluginManager:220 - loadIPPluginJar : add resmgrutility
2023-09-18 08:28:53,515 [INFO] IPUIPlugin:80 - create IPUIPlugin
2023-09-18 08:28:53,516 [INFO] PluginManager:220 - loadIPPluginJar : add sai
2023-09-18 08:28:53,543 [INFO] IPUIPlugin:80 - create IPUIPlugin
2023-09-18 08:28:53,543 [INFO] PluginManager:220 - loadIPPluginJar : add spi
2023-09-18 08:28:53,585 [INFO] IPUIPlugin:80 - create IPUIPlugin
2023-09-18 08:28:53,585 [INFO] PluginManager:220 - loadIPPluginJar : add stm32_wpan
2023-09-18 08:28:53,601 [INFO] IPUIPlugin:80 - create IPUIPlugin
2023-09-18 08:28:53,601 [INFO] PluginManager:220 - loadIPPluginJar : add tim
2023-09-18 08:28:53,639 [INFO] IPUIPlugin:80 - create IPUIPlugin
2023-09-18 08:28:53,639 [INFO] PluginManager:220 - loadIPPluginJar : add touchsensing
2023-09-18 08:28:53,656 [INFO] IPUIPlugin:80 - create IPUIPlugin
2023-09-18 08:28:53,656 [INFO] PluginManager:220 - loadIPPluginJar : add tracer_emb
2023-09-18 08:28:53,671 [INFO] IPUIPlugin:80 - create IPUIPlugin
2023-09-18 08:28:53,671 [INFO] PluginManager:220 - loadIPPluginJar : add ts
2023-09-18 08:28:53,685 [INFO] IPUIPlugin:80 - create IPUIPlugin
2023-09-18 08:28:53,686 [INFO] PluginManager:220 - loadIPPluginJar : add tsc
2023-09-18 08:28:53,700 [INFO] IPUIPlugin:80 - create IPUIPlugin
2023-09-18 08:28:53,700 [INFO] PluginManager:220 - loadIPPluginJar : add ucpd
2023-09-18 08:28:53,729 [INFO] IPUIPlugin:80 - create IPUIPlugin
2023-09-18 08:28:53,729 [INFO] PluginManager:220 - loadIPPluginJar : add usart
2023-09-18 08:28:53,758 [INFO] IPUIPlugin:80 - create IPUIPlugin
2023-09-18 08:28:53,758 [INFO] PluginManager:220 - loadIPPluginJar : add usbx
2023-09-18 08:28:53,867 [INFO] CADModel:165 - CPN selected for project level
2023-09-18 08:28:53,867 [INFO] CADModel:114 - Register for checkConnection events
2023-09-18 08:28:53,867 [FATAL] Updater:308 - Updater called before beeing initialized
2023-09-18 08:28:53,867 [ERROR] CADModel:125 - Updater not yet initialized, retry later 
2023-09-18 08:28:53,984 [INFO] CADModel:165 - CPN selected for project level
2023-09-18 08:28:53,984 [INFO] CADModel:114 - Register for checkConnection events
2023-09-18 08:28:53,984 [FATAL] Updater:308 - Updater called before beeing initialized
2023-09-18 08:28:53,984 [ERROR] CADModel:125 - Updater not yet initialized, retry later 
2023-09-18 08:28:53,987 [FATAL] Updater:308 - Updater called before beeing initialized
2023-09-18 08:28:54,068 [FATAL] Updater:308 - Updater called before beeing initialized
2023-09-18 08:28:54,079 [INFO] DbMcusAds:53 - JSON generation date=Tue Mar 07 15:50:55 ICT 2023 (1678179055114)
2023-09-18 08:28:54,079 [FATAL] Updater:308 - Updater called before beeing initialized
2023-09-18 08:28:54,112 [WARN] DetailPanel:346 - Failed to get advertising image, set to default
2023-09-18 08:28:54,190 [FATAL] Updater:308 - Updater called before beeing initialized
2023-09-18 08:28:54,191 [FATAL] Updater:308 - Updater called before beeing initialized
2023-09-18 08:28:54,191 [FATAL] Updater:308 - Updater called before beeing initialized
2023-09-18 08:28:54,191 [WARN] DetailPanel:346 - Failed to get advertising image, set to default
2023-09-18 08:28:54,192 [FATAL] Updater:308 - Updater called before beeing initialized
2023-09-18 08:28:54,236 [ERROR] Updater:1120 - MainUpdater not yet initialized. External WinMGr cannot be set.
2023-09-18 08:28:54,245 [INFO] Updater:1056 - Updater Version found : 6.9.1
2023-09-18 08:28:54,261 [INFO] ApplicationProperties:184 - Using Application install path: C:\ST\STM32CubeIDE_1.13.1\STM32CubeIDE\plugins\com.st.stm32cube.common.mx_6.9.1.202307191849
2023-09-18 08:28:54,371 [INFO] MainUpdater:2868 - connection check result : 10
2023-09-18 08:28:54,371 [INFO] MainUpdater:3562 - Updater definition file requires update
2023-09-18 08:28:54,372 [INFO] MainUpdater:285 - Updater Check For Update Now.
2023-09-18 08:28:54,372 [INFO] MicroXplorer:498 - Change Database Version : DB.6.0.91
2023-09-18 08:28:54,388 [INFO] McuFinderGlobals:63 - Set McuFinder mode to 2 (CubeIDE integrated)
2023-09-18 08:28:54,388 [INFO] UserAuth:179 - activating auth plugin
2023-09-18 08:28:54,390 [INFO] UserAuth:393 - Internet connection configuration mode: 1
2023-09-18 08:28:54,403 [INFO] ServerAccessManage:473 - Download File updaters.zip
2023-09-18 08:28:54,413 [INFO] JxBrowserEngine:151 - Initiate JxBrowser Engine with user profile folder
2023-09-18 08:28:54,459 [INFO] FileExtend:240 - Unzip File : updaters.zip
2023-09-18 08:28:54,459 [INFO] FileExtend:255 - Standard Zip Deflate
2023-09-18 08:28:54,743 [INFO] ServerAccessManage:473 - Download File PacksControlFlags.xml
2023-09-18 08:28:54,788 [INFO] ServerAccessManage:473 - Download File cubemx.pidx
2023-09-18 08:28:54,868 [INFO] LoadServerUpdatesThread:373 - End of LoadServerUpdate Thread
2023-09-18 08:28:55,011 [WARN] MainUpdater:1189 - Updater busy. Cannot search thirdparties
2023-09-18 08:28:55,011 [INFO] ThirdPartyUpdaterWithRetryManager:96 - Updater plugin is busy. [1/15]
2023-09-18 08:28:55,024 [INFO] CheckServerUpdateThread:120 - End of CheckServer Thread
2023-09-18 08:28:56,436 [INFO] WebApp:157 - Instantiating new browser for Auth
2023-09-18 08:28:56,882 [INFO] WebApp:753 - Register for checkConnection events
2023-09-18 08:28:56,883 [INFO] WebApp:390 - Apply proxy settings
2023-09-18 08:28:56,883 [INFO] WebApp:475 - Chromium requires no authentication
2023-09-18 08:28:56,889 [INFO] WebApp:418 - Direct internet connection detected
2023-09-18 08:28:57,023 [INFO] WebApp:188 - Starting web application
2023-09-18 08:28:57,023 [INFO] WebApp:520 - Web application path used C:\ST\STM32CubeIDE_1.13.1\STM32CubeIDE\plugins\com.st.stm32cube.common.mx_6.9.1.202307191849\db\plugins\mcufinder\reactClient1\index.html
2023-09-18 08:28:58,162 [WARN] PackLoader:240 - Cannot read IP mode file for STMicroelectronics.X-CUBE-SMBUS.2.1.0
2023-09-18 08:28:58,208 [WARN] PackLoader:240 - Cannot read IP mode file for STMicroelectronics.X-CUBE-AZRTOS-F7.1.1.0
2023-09-18 08:28:58,225 [WARN] PackLoader:240 - Cannot read IP mode file for STMicroelectronics.FP-SNS-MOTENV1.4.3.2
2023-09-18 08:28:58,238 [WARN] PackLoader:240 - Cannot read IP mode file for STMicroelectronics.FP-SNS-FLIGHT1.5.0.2
2023-09-18 08:28:58,258 [WARN] PackLoader:240 - Cannot read IP mode file for STMicroelectronics.X-CUBE-DISPLAY.3.0.0
2023-09-18 08:28:58,283 [WARN] PackLoader:240 - Cannot read IP mode file for STMicroelectronics.X-CUBE-BLE1.7.0.0
2023-09-18 08:28:58,301 [WARN] PackLoader:240 - Cannot read IP mode file for emotas.I-CUBE-CANOPEN.1.3.0
2023-09-18 08:28:58,318 [WARN] PackLoader:240 - Cannot read IP mode file for STMicroelectronics.X-CUBE-TOUCHGFX.4.22.0
2023-09-18 08:28:58,329 [WARN] PackLoader:240 - Cannot read IP mode file for STMicroelectronics.FP-SNS-SMARTAG2.1.2.0
2023-09-18 08:28:58,348 [INFO] LogOutputStream:77 - [STDOUT_REDIRECT] 1 : Invalid condition id : UX_CORESTACK_Condition cause : null
2023-09-18 08:28:58,348 [INFO] LogOutputStream:77 - [STDOUT_REDIRECT] 1 : Invalid condition id : UX_CORESTACK_Condition cause : null
2023-09-18 08:28:58,349 [INFO] LogOutputStream:77 - [STDOUT_REDIRECT] 1 : Invalid condition id : UX_CORESTACK_Condition cause : null
2023-09-18 08:28:58,351 [INFO] LogOutputStream:77 - [STDOUT_REDIRECT] 1 : Invalid condition id : UX_CORESTACK_Condition cause : null
2023-09-18 08:28:58,351 [INFO] LogOutputStream:77 - [STDOUT_REDIRECT] 1 : Invalid condition id : UX_CORESTACK_Condition cause : null
2023-09-18 08:28:58,355 [WARN] PackLoader:240 - Cannot read IP mode file for STMicroelectronics.X-CUBE-AZRTOS-WL.2.0.0
2023-09-18 08:28:58,371 [WARN] PackLoader:240 - Cannot read IP mode file for WES.I-CUBE-Cesium.1.3.0
2023-09-18 08:28:58,382 [WARN] PackLoader:240 - Cannot read IP mode file for STMicroelectronics.X-CUBE-BLE2.3.3.0
2023-09-18 08:28:58,397 [WARN] PackLoader:240 - Cannot read IP mode file for STMicroelectronics.X-CUBE-ALGOBUILD.1.3.0
2023-09-18 08:28:58,422 [WARN] PackLoader:240 - Cannot read IP mode file for STMicroelectronics.X-CUBE-AZRTOS-G0.1.1.0
2023-09-18 08:28:58,438 [WARN] PackLoader:240 - Cannot read IP mode file for STMicroelectronics.X-CUBE-NFC4.3.0.0
2023-09-18 08:28:58,450 [WARN] PackLoader:240 - Cannot read IP mode file for STMicroelectronics.FP-ATR-SIGFOX1.3.2.0
2023-09-18 08:28:58,489 [WARN] PackLoader:240 - Cannot read IP mode file for SEGGER.I-CUBE-embOS.1.3.1
2023-09-18 08:28:58,546 [WARN] PackLoader:240 - Cannot read IP mode file for STMicroelectronics.X-CUBE-GNSS1.6.0.0
2023-09-18 08:28:58,574 [WARN] PackLoader:240 - Cannot read IP mode file for STMicroelectronics.X-CUBE-AZRTOS-F4.1.1.0
2023-09-18 08:28:58,589 [WARN] PackLoader:240 - Cannot read IP mode file for wolfSSL.I-CUBE-wolfSSL.5.6.3
2023-09-18 08:28:58,618 [WARN] PackLoader:240 - Cannot read IP mode file for STMicroelectronics.X-CUBE-AZRTOS-L5.2.0.0
2023-09-18 08:28:58,661 [WARN] PackLoader:240 - Cannot read IP mode file for STMicroelectronics.X-CUBE-MEMS1.9.6.0
2023-09-18 08:28:58,768 [WARN] PackLoader:240 - Cannot read IP mode file for STMicroelectronics.X-CUBE-BLEMGR.2.0.0
2023-09-18 08:28:58,793 [WARN] ConditionMgr:438 - getConditionDescription Invalid condition id : UX DEVICE CLASS RTOS Condition cause : null
2023-09-18 08:28:58,793 [WARN] ConditionMgr:438 - getConditionDescription Invalid condition id : UX DEVICE CLASS RTOS Condition cause : null
2023-09-18 08:28:58,795 [WARN] PackLoader:240 - Cannot read IP mode file for STMicroelectronics.X-CUBE-AZRTOS-H7.3.1.0
2023-09-18 08:28:58,796 [WARN] ConditionMgr:1039 - genDependencies : Invalid condition id : UX DEVICE CLASS RTOS Condition cause : null
2023-09-18 08:28:58,796 [WARN] ConditionMgr:1039 - genDependencies : Invalid condition id : UX DEVICE CLASS RTOS Condition cause : null
2023-09-18 08:28:58,797 [WARN] ConditionMgr:1039 - genDependencies : Invalid condition id : UX DEVICE CLASS RTOS Condition cause : null
2023-09-18 08:28:58,797 [WARN] ConditionMgr:1039 - genDependencies : Invalid condition id : UX DEVICE CLASS RTOS Condition cause : null
2023-09-18 08:28:58,797 [WARN] ConditionMgr:1039 - genDependencies : Invalid condition id : UX DEVICE CLASS RTOS Condition cause : null
2023-09-18 08:28:58,810 [WARN] PackLoader:240 - Cannot read IP mode file for STMicroelectronics.X-CUBE-NFC7.1.0.1
2023-09-18 08:28:58,824 [WARN] PackLoader:240 - Cannot read IP mode file for STMicroelectronics.X-CUBE-NFC6.3.0.0
2023-09-18 08:28:58,836 [WARN] PackLoader:240 - Cannot read IP mode file for STMicroelectronics.X-CUBE-EEPRMA1.4.1.0
2023-09-18 08:28:58,847 [WARN] PackLoader:240 - Cannot read IP mode file for STMicroelectronics.X-CUBE-AI.8.1.0
2023-09-18 08:28:58,870 [WARN] ConditionMgr:438 - getConditionDescription Invalid condition id : LAN8742 Phy interface Condition cause : null
2023-09-18 08:28:58,871 [WARN] PackLoader:240 - Cannot read IP mode file for STMicroelectronics.X-CUBE-AZRTOS-L4.2.0.0
2023-09-18 08:28:58,872 [WARN] ConditionMgr:1039 - genDependencies : Invalid condition id : LAN8742 Phy interface Condition cause : null
2023-09-18 08:28:58,872 [WARN] ConditionMgr:1039 - genDependencies : Invalid condition id : LAN8742 Phy interface Condition cause : null
2023-09-18 08:28:58,872 [WARN] ConditionMgr:1039 - genDependencies : Invalid condition id : LAN8742 Phy interface Condition cause : null
2023-09-18 08:28:58,886 [WARN] PackLoader:240 - Cannot read IP mode file for STMicroelectronics.X-CUBE-SFXS2LP1.4.0.0
2023-09-18 08:28:58,897 [WARN] PackLoader:240 - Cannot read IP mode file for STMicroelectronics.X-CUBE-ISPU.1.1.0
2023-09-18 08:28:58,916 [WARN] ConditionMgr:438 - getConditionDescription Invalid condition id : UX DEVICE CLASS RTOS Condition cause : null
2023-09-18 08:28:58,916 [WARN] ConditionMgr:438 - getConditionDescription Invalid condition id : UX DEVICE CLASS RTOS Condition cause : null
2023-09-18 08:28:58,918 [WARN] PackLoader:240 - Cannot read IP mode file for STMicroelectronics.X-CUBE-AZRTOS-WB.2.0.0
2023-09-18 08:28:58,918 [WARN] ConditionMgr:1039 - genDependencies : Invalid condition id : UX DEVICE CLASS RTOS Condition cause : null
2023-09-18 08:28:58,918 [WARN] ConditionMgr:1039 - genDependencies : Invalid condition id : UX DEVICE CLASS RTOS Condition cause : null
2023-09-18 08:28:58,918 [WARN] ConditionMgr:1039 - genDependencies : Invalid condition id : UX DEVICE CLASS RTOS Condition cause : null
2023-09-18 08:28:58,919 [WARN] ConditionMgr:1039 - genDependencies : Invalid condition id : UX DEVICE CLASS RTOS Condition cause : null
2023-09-18 08:28:58,919 [WARN] ConditionMgr:1039 - genDependencies : Invalid condition id : UX DEVICE CLASS RTOS Condition cause : null
2023-09-18 08:28:58,937 [WARN] PackLoader:240 - Cannot read IP mode file for STMicroelectronics.X-CUBE-SUBG2.5.0.0
2023-09-18 08:28:58,960 [WARN] PackLoader:240 - Cannot read IP mode file for STMicroelectronics.X-CUBE-TOF1.3.3.1
2023-09-18 08:28:58,987 [WARN] PackLoader:240 - Cannot read IP mode file for STMicroelectronics.X-CUBE-AZRTOS-G4.2.0.0
2023-09-18 08:28:59,001 [WARN] PackLoader:240 - Cannot read IP mode file for STMicroelectronics.X-CUBE-FREERTOS.1.1.0
2023-09-18 08:28:59,015 [WARN] PackLoader:240 - Cannot read IP mode file for portGmbH.I-Cube-SoM-uGOAL.1.1.0
2023-09-18 08:28:59,027 [WARN] PackLoader:240 - Cannot read IP mode file for STMicroelectronics.X-CUBE-ALS.1.0.1
2023-09-18 08:28:59,037 [WARN] PackLoader:240 - Cannot read IP mode file for STMicroelectronics.FP-ATR-ASTRA1.2.0.0
2023-09-18 08:28:59,038 [INFO] ThirdParty:978 - Integrity check success = true
2023-09-18 08:28:59,039 [INFO] IntegrityCheckThread:100 - exiting critical section [integrity check]
2023-09-18 08:28:59,039 [INFO] IntegrityCheckThread:103 - End integrity checks thread
2023-09-18 08:29:17,709 [ERROR] LogOutputStream:75 - [STDERR_REDIRECT] SLF4J: Failed to load class "org.slf4j.impl.StaticLoggerBinder".
2023-09-18 08:29:17,709 [ERROR] LogOutputStream:75 - [STDERR_REDIRECT] SLF4J: Defaulting to no-operation (NOP) logger implementation
2023-09-18 08:29:17,710 [ERROR] LogOutputStream:75 - [STDERR_REDIRECT] SLF4J: See http://www.slf4j.org/codes.html#StaticLoggerBinder for further details.
2023-09-18 17:05:10,150 [ERROR] LogOutputStream:75 - [STDERR_REDIRECT] 
