2023-09-11 08:42:24,636 [INFO] Activator:176 - 


2023-09-11 08:42:24,642 [INFO] Activator:177 - !SESSION log4j initialized
2023-09-11 08:42:29,756 [INFO] LogOutputStream:77 - [STDOUT_REDIRECT] 
2023-09-11 08:42:37,353 [INFO] ApplicationProperties:184 - Using Application install path: C:\ST\STM32CubeIDE_1.13.1\STM32CubeIDE\plugins\com.st.stm32cube.common.mx_6.9.1.202307191849
2023-09-11 08:42:37,369 [INFO] DbMcusXml:78 - Set database path to: C:\ST\STM32CubeIDE_1.13.1\STM32CubeIDE\plugins\com.st.stm32cube.common.mx_6.9.1.202307191849\\db\/mcu/
2023-09-11 08:42:37,369 [INFO] ApiDb:274 - Set plugin database path to: C:\ST\STM32CubeIDE_1.13.1\STM32CubeIDE\plugins\com.st.stm32cube.common.mx_6.9.1.202307191849\\db\/plugins/boardmanager/
2023-09-11 08:42:37,370 [WARN] ApiDb:259 - Overriding images path with different value:  => C:\ST\STM32CubeIDE_1.13.1\STM32CubeIDE\plugins\com.st.stm32cube.common.mx_6.9.1.202307191849\\db\/plugins/mcufinder/images/
2023-09-11 08:42:37,379 [INFO] ApiDb:250 - Set database path to: C:\Users\viett\.stmcufinder\plugins\mcufinder//mcu/
2023-09-11 08:42:37,380 [INFO] DbMcusAds:125 - Set database path to: C:\Users\viett\.stmcufinder\plugins\mcufinder//mcu/
2023-09-11 08:42:37,382 [INFO] CrossReferenceDbSqlite:203 - Set database path to: C:\Users\viett\.stmcufinder\plugins\mcufinder//mcu/cs/
2023-09-11 08:42:37,474 [INFO] RulesReader:64 - Compatibility file has been processed (293 Rules)
2023-09-11 08:42:37,542 [INFO] DbMcusXml:78 - Set database path to: C:\ST\STM32CubeIDE_1.13.1\STM32CubeIDE\plugins\com.st.stm32cube.common.mx_6.9.1.202307191849\\db\/mcu/
2023-09-11 08:42:37,543 [INFO] ApiDb:274 - Set plugin database path to: C:\ST\STM32CubeIDE_1.13.1\STM32CubeIDE\plugins\com.st.stm32cube.common.mx_6.9.1.202307191849\\db\/plugins/boardmanager/
2023-09-11 08:42:37,543 [INFO] ApiDb:261 - Set plugin images path to: C:\ST\STM32CubeIDE_1.13.1\STM32CubeIDE\plugins\com.st.stm32cube.common.mx_6.9.1.202307191849\\db\/plugins/mcufinder/images/
2023-09-11 08:42:37,543 [WARN] DbFile:41 - Overriding database path with different value: C:\Users\viett\.stmcufinder\plugins\mcufinder/ => C:\Users\viett\.stmcufinder\plugins\mcufinder
2023-09-11 08:42:37,543 [INFO] ApiDb:250 - Set database path to: C:\Users\viett\.stmcufinder\plugins\mcufinder//mcu/
2023-09-11 08:42:37,543 [WARN] DbFile:41 - Overriding database path with different value: C:\Users\viett\.stmcufinder\plugins\mcufinder/ => C:\Users\viett\.stmcufinder\plugins\mcufinder
2023-09-11 08:42:37,543 [INFO] DbMcusAds:125 - Set database path to: C:\Users\viett\.stmcufinder\plugins\mcufinder//mcu/
2023-09-11 08:42:37,543 [WARN] DbFile:41 - Overriding database path with different value: C:\Users\viett\.stmcufinder\plugins\mcufinder/ => C:\Users\viett\.stmcufinder\plugins\mcufinder
2023-09-11 08:42:37,543 [WARN] DbFile:41 - Overriding database path with different value: C:\Users\viett\.stmcufinder\plugins\mcufinder/ => C:\Users\viett\.stmcufinder\plugins\mcufinder
2023-09-11 08:42:37,543 [INFO] CrossReferenceDbSqlite:203 - Set database path to: C:\Users\viett\.stmcufinder\plugins\mcufinder//mcu/cs/
2023-09-11 08:42:37,609 [INFO] MainPanel:262 - HeapMemory: 268435456
2023-09-11 08:42:37,687 [INFO] DbMcusXml:78 - Set database path to: C:\ST\STM32CubeIDE_1.13.1\STM32CubeIDE\plugins\com.st.stm32cube.common.mx_6.9.1.202307191849\\db\/mcu/
2023-09-11 08:42:37,687 [INFO] ApiDb:274 - Set plugin database path to: C:\ST\STM32CubeIDE_1.13.1\STM32CubeIDE\plugins\com.st.stm32cube.common.mx_6.9.1.202307191849\\db\/plugins/boardmanager/
2023-09-11 08:42:37,688 [INFO] ApiDb:261 - Set plugin images path to: C:\ST\STM32CubeIDE_1.13.1\STM32CubeIDE\plugins\com.st.stm32cube.common.mx_6.9.1.202307191849\\db\/plugins/mcufinder/images/
2023-09-11 08:42:37,688 [WARN] DbFile:41 - Overriding database path with different value: C:\Users\viett\.stmcufinder\plugins\mcufinder/ => C:\Users\viett\.stmcufinder\plugins\mcufinder
2023-09-11 08:42:37,688 [INFO] ApiDb:250 - Set database path to: C:\Users\viett\.stmcufinder\plugins\mcufinder//mcu/
2023-09-11 08:42:37,688 [WARN] DbFile:41 - Overriding database path with different value: C:\Users\viett\.stmcufinder\plugins\mcufinder/ => C:\Users\viett\.stmcufinder\plugins\mcufinder
2023-09-11 08:42:37,688 [INFO] DbMcusAds:125 - Set database path to: C:\Users\viett\.stmcufinder\plugins\mcufinder//mcu/
2023-09-11 08:42:37,688 [WARN] DbFile:41 - Overriding database path with different value: C:\Users\viett\.stmcufinder\plugins\mcufinder/ => C:\Users\viett\.stmcufinder\plugins\mcufinder
2023-09-11 08:42:37,688 [WARN] DbFile:41 - Overriding database path with different value: C:\Users\viett\.stmcufinder\plugins\mcufinder/ => C:\Users\viett\.stmcufinder\plugins\mcufinder
2023-09-11 08:42:37,688 [INFO] CrossReferenceDbSqlite:203 - Set database path to: C:\Users\viett\.stmcufinder\plugins\mcufinder//mcu/cs/
2023-09-11 08:42:37,703 [INFO] ApplicationProperties:184 - Using Application install path: C:\ST\STM32CubeIDE_1.13.1\STM32CubeIDE\plugins\com.st.stm32cube.common.mx_6.9.1.202307191849
2023-09-11 08:42:37,704 [INFO] PluginManage:196 - Search for loadable plugins [exclusion list=, ]
2023-09-11 08:42:37,705 [INFO] PluginManage:310 - Check plugin analytics
2023-09-11 08:42:42,775 [INFO] AnalyticsPlugin:253 - Accepted Software Licenses: 
2023-09-11 08:42:42,776 [INFO] AnalyticsPlugin:255 - Accepted CMSIS Pack Licenses: 
2023-09-11 08:42:42,776 [INFO] AnalyticsPlugin:257 - Accepted Firmware Licenses: 
2023-09-11 08:42:42,778 [INFO] PluginManage:359 - Loaded plugin analytics (category:tool,tabindex:-1)
2023-09-11 08:42:42,778 [INFO] PluginManage:310 - Check plugin cadmodel
2023-09-11 08:42:42,790 [INFO] CADModel:105 - Init CAD model plugin
2023-09-11 08:42:42,790 [INFO] PluginManage:359 - Loaded plugin cadmodel (category:power,tabindex:5)
2023-09-11 08:42:42,790 [INFO] PluginManage:310 - Check plugin clock
2023-09-11 08:42:42,807 [INFO] PluginManage:359 - Loaded plugin clock (category:base,tabindex:2)
2023-09-11 08:42:42,807 [INFO] PluginManage:310 - Check plugin ddr
2023-09-11 08:42:42,809 [INFO] PluginManage:359 - Loaded plugin ddr (category:tool,tabindex:6)
2023-09-11 08:42:42,809 [INFO] PluginManage:310 - Check plugin filemanager
2023-09-11 08:42:42,908 [INFO] PluginManage:359 - Loaded plugin filemanager (category:base,tabindex:10)
2023-09-11 08:42:42,908 [INFO] PluginManage:310 - Check plugin ipmanager
2023-09-11 08:42:42,913 [INFO] PluginManage:359 - Loaded plugin ipmanager (category:base,tabindex:5)
2023-09-11 08:42:42,913 [INFO] PluginManage:310 - Check plugin lpbam
2023-09-11 08:42:42,927 [INFO] PluginManage:359 - Loaded plugin lpbam (category:base,tabindex:0)
2023-09-11 08:42:42,927 [INFO] PluginManage:310 - Check plugin memorymap
2023-09-11 08:42:42,945 [INFO] PluginManage:359 - Loaded plugin memorymap (category:base,tabindex:4)
2023-09-11 08:42:42,945 [INFO] PluginManage:310 - Check plugin pinoutandconfiguration
2023-09-11 08:42:42,958 [INFO] PluginManage:359 - Loaded plugin pinoutandconfiguration (category:base,tabindex:1)
2023-09-11 08:42:42,958 [INFO] PluginManage:310 - Check plugin pinoutconfig
2023-09-11 08:42:43,035 [WARN] SupportedApi:132 - Cannot load RTOS API schema: s4s-elt-must-match.1: The content of 'definitions' must match (annotation?, (simpleType | complexType)?, (unique | key | keyref)*)). A problem was found starting at: attribute.
2023-09-11 08:42:43,152 [INFO] PluginManage:359 - Loaded plugin pinoutconfig (category:base,tabindex:0)
2023-09-11 08:42:43,152 [INFO] PluginManage:310 - Check plugin power
2023-09-11 08:42:43,169 [INFO] PluginManage:359 - Loaded plugin power (category:power,tabindex:4)
2023-09-11 08:42:43,169 [INFO] PluginManage:310 - Check plugin projectmanager
2023-09-11 08:42:43,180 [INFO] PluginManage:359 - Loaded plugin projectmanager (category:projectmanager,tabindex:3)
2023-09-11 08:42:43,180 [INFO] PluginManage:310 - Check plugin thirdparty
2023-09-11 08:42:43,374 [INFO] PluginManage:359 - Loaded plugin thirdparty (category:base,tabindex:-1)
2023-09-11 08:42:43,374 [INFO] PluginManage:310 - Check plugin tools
2023-09-11 08:42:43,374 [WARN] IntegrityCheckThread:84 - waiting for thirdparty lock release [integrity check]
2023-09-11 08:42:43,375 [INFO] IntegrityCheckThread:86 - entering critical section [integrity check]
2023-09-11 08:42:43,375 [INFO] ThirdPartyUpdaterWithRetryManager:70 - Updater plugin not ready yet. [1/15]
2023-09-11 08:42:43,398 [INFO] PluginManage:359 - Loaded plugin tools (category:base,tabindex:7)
2023-09-11 08:42:43,398 [INFO] PluginManage:310 - Check plugin tutovideos
2023-09-11 08:42:43,567 [INFO] PluginManage:359 - Loaded plugin tutovideos (category:base,tabindex:-1)
2023-09-11 08:42:43,567 [INFO] PluginManage:310 - Check plugin updater
2023-09-11 08:42:43,576 [INFO] PluginManage:359 - Loaded plugin updater (category:base,tabindex:12)
2023-09-11 08:42:43,576 [INFO] PluginManage:310 - Check plugin userauth
2023-09-11 08:42:43,580 [INFO] UserAuth:113 - Init User Auth plugin
2023-09-11 08:42:43,580 [INFO] PluginManage:359 - Loaded plugin userauth (category:base,tabindex:14)
2023-09-11 08:42:43,581 [INFO] PluginManage:283 - PluginManage : Loaded plugins [17]
2023-09-11 08:42:43,750 [INFO] PinOutPanel:1499 - setPackage(No Configuration,No Configuration)
2023-09-11 08:42:43,829 [INFO] CADModel:165 - CPN selected for project level
2023-09-11 08:42:43,829 [INFO] CADModel:114 - Register for checkConnection events
2023-09-11 08:42:43,851 [INFO] IPUIPlugin:80 - create IPUIPlugin
2023-09-11 08:42:43,852 [INFO] PluginManager:220 - loadIPPluginJar : add adc
2023-09-11 08:42:43,878 [INFO] IPUIPlugin:80 - create IPUIPlugin
2023-09-11 08:42:43,878 [INFO] PluginManager:220 - loadIPPluginJar : add aes
2023-09-11 08:42:43,905 [INFO] IPUIPlugin:80 - create IPUIPlugin
2023-09-11 08:42:43,905 [INFO] PluginManager:220 - loadIPPluginJar : add can
2023-09-11 08:42:43,921 [INFO] IPUIPlugin:80 - create IPUIPlugin
2023-09-11 08:42:43,921 [INFO] PluginManager:220 - loadIPPluginJar : add comp
2023-09-11 08:42:43,943 [INFO] IPUIPlugin:80 - create IPUIPlugin
2023-09-11 08:42:43,943 [INFO] PluginManager:220 - loadIPPluginJar : add cryp
2023-09-11 08:42:43,963 [INFO] IPUIPlugin:80 - create IPUIPlugin
2023-09-11 08:42:43,963 [INFO] PluginManager:220 - loadIPPluginJar : add dfsdm
2023-09-11 08:42:43,974 [INFO] IPUIPlugin:80 - create IPUIPlugin
2023-09-11 08:42:43,975 [INFO] PluginManager:220 - loadIPPluginJar : add dma
2023-09-11 08:42:44,007 [INFO] IPUIPlugin:80 - create IPUIPlugin
2023-09-11 08:42:44,007 [INFO] PluginManager:220 - loadIPPluginJar : add dma3
2023-09-11 08:42:44,023 [INFO] IPUIPlugin:80 - create IPUIPlugin
2023-09-11 08:42:44,023 [INFO] PluginManager:220 - loadIPPluginJar : add fatfs
2023-09-11 08:42:44,057 [INFO] IPUIPlugin:80 - create IPUIPlugin
2023-09-11 08:42:44,057 [INFO] PluginManager:220 - loadIPPluginJar : add fmc
2023-09-11 08:42:44,068 [INFO] IPUIPlugin:80 - create IPUIPlugin
2023-09-11 08:42:44,068 [INFO] PluginManager:220 - loadIPPluginJar : add freertos
2023-09-11 08:42:44,083 [INFO] IPUIPlugin:80 - create IPUIPlugin
2023-09-11 08:42:44,083 [INFO] PluginManager:220 - loadIPPluginJar : add genericplugin
2023-09-11 08:42:44,143 [INFO] IPUIPlugin:80 - create IPUIPlugin
2023-09-11 08:42:44,143 [INFO] PluginManager:220 - loadIPPluginJar : add gfxmmu
2023-09-11 08:42:44,236 [INFO] IPUIPlugin:80 - create IPUIPlugin
2023-09-11 08:42:44,236 [INFO] PluginManager:220 - loadIPPluginJar : add gic
2023-09-11 08:42:44,246 [INFO] IPUIPlugin:80 - create IPUIPlugin
2023-09-11 08:42:44,246 [INFO] PluginManager:220 - loadIPPluginJar : add gpio
2023-09-11 08:42:44,312 [INFO] IPUIPlugin:80 - create IPUIPlugin
2023-09-11 08:42:44,312 [INFO] PluginManager:220 - loadIPPluginJar : add gtzc
2023-09-11 08:42:44,333 [INFO] IPUIPlugin:80 - create IPUIPlugin
2023-09-11 08:42:44,333 [INFO] PluginManager:220 - loadIPPluginJar : add hash
2023-09-11 08:42:44,367 [INFO] IPUIPlugin:80 - create IPUIPlugin
2023-09-11 08:42:44,367 [INFO] PluginManager:220 - loadIPPluginJar : add i2c
2023-09-11 08:42:44,397 [INFO] IPUIPlugin:80 - create IPUIPlugin
2023-09-11 08:42:44,397 [INFO] PluginManager:220 - loadIPPluginJar : add i2s
2023-09-11 08:42:44,424 [INFO] IPUIPlugin:80 - create IPUIPlugin
2023-09-11 08:42:44,425 [INFO] PluginManager:220 - loadIPPluginJar : add i3c
2023-09-11 08:42:44,494 [INFO] IPUIPlugin:80 - create IPUIPlugin
2023-09-11 08:42:44,494 [INFO] PluginManager:220 - loadIPPluginJar : add ipddr
2023-09-11 08:42:44,557 [INFO] IPUIPlugin:80 - create IPUIPlugin
2023-09-11 08:42:44,558 [INFO] PluginManager:220 - loadIPPluginJar : add linkedlist
2023-09-11 08:42:44,581 [INFO] IPUIPlugin:80 - create IPUIPlugin
2023-09-11 08:42:44,582 [INFO] PluginManager:220 - loadIPPluginJar : add lorawan
2023-09-11 08:42:44,606 [INFO] IPUIPlugin:80 - create IPUIPlugin
2023-09-11 08:42:44,607 [INFO] PluginManager:220 - loadIPPluginJar : add ltdc
2023-09-11 08:42:44,617 [INFO] IPUIPlugin:80 - create IPUIPlugin
2023-09-11 08:42:44,617 [INFO] PluginManager:220 - loadIPPluginJar : add mdma
2023-09-11 08:42:44,626 [INFO] IPUIPlugin:80 - create IPUIPlugin
2023-09-11 08:42:44,627 [INFO] PluginManager:220 - loadIPPluginJar : add nvic
2023-09-11 08:42:44,651 [INFO] IPUIPlugin:80 - create IPUIPlugin
2023-09-11 08:42:44,651 [INFO] PluginManager:220 - loadIPPluginJar : add opamp
2023-09-11 08:42:44,690 [INFO] IPUIPlugin:80 - create IPUIPlugin
2023-09-11 08:42:44,691 [INFO] PluginManager:220 - loadIPPluginJar : add openamp
2023-09-11 08:42:44,720 [INFO] IPUIPlugin:80 - create IPUIPlugin
2023-09-11 08:42:44,720 [INFO] PluginManager:220 - loadIPPluginJar : add pdm2pcm
2023-09-11 08:42:44,730 [INFO] IPUIPlugin:80 - create IPUIPlugin
2023-09-11 08:42:44,732 [INFO] PluginManager:220 - loadIPPluginJar : add plateformsettings
2023-09-11 08:42:44,748 [INFO] IPUIPlugin:80 - create IPUIPlugin
2023-09-11 08:42:44,748 [INFO] PluginManager:220 - loadIPPluginJar : add quadspi
2023-09-11 08:42:44,757 [INFO] IPUIPlugin:80 - create IPUIPlugin
2023-09-11 08:42:44,758 [INFO] PluginManager:220 - loadIPPluginJar : add resmgrutility
2023-09-11 08:42:44,790 [INFO] IPUIPlugin:80 - create IPUIPlugin
2023-09-11 08:42:44,790 [INFO] PluginManager:220 - loadIPPluginJar : add sai
2023-09-11 08:42:44,814 [INFO] IPUIPlugin:80 - create IPUIPlugin
2023-09-11 08:42:44,814 [INFO] PluginManager:220 - loadIPPluginJar : add spi
2023-09-11 08:42:44,852 [INFO] IPUIPlugin:80 - create IPUIPlugin
2023-09-11 08:42:44,852 [INFO] PluginManager:220 - loadIPPluginJar : add stm32_wpan
2023-09-11 08:42:44,868 [INFO] IPUIPlugin:80 - create IPUIPlugin
2023-09-11 08:42:44,868 [INFO] PluginManager:220 - loadIPPluginJar : add tim
2023-09-11 08:42:44,907 [INFO] IPUIPlugin:80 - create IPUIPlugin
2023-09-11 08:42:44,908 [INFO] PluginManager:220 - loadIPPluginJar : add touchsensing
2023-09-11 08:42:44,924 [INFO] IPUIPlugin:80 - create IPUIPlugin
2023-09-11 08:42:44,924 [INFO] PluginManager:220 - loadIPPluginJar : add tracer_emb
2023-09-11 08:42:44,941 [INFO] IPUIPlugin:80 - create IPUIPlugin
2023-09-11 08:42:44,941 [INFO] PluginManager:220 - loadIPPluginJar : add ts
2023-09-11 08:42:44,954 [INFO] IPUIPlugin:80 - create IPUIPlugin
2023-09-11 08:42:44,954 [INFO] PluginManager:220 - loadIPPluginJar : add tsc
2023-09-11 08:42:44,970 [INFO] IPUIPlugin:80 - create IPUIPlugin
2023-09-11 08:42:44,970 [INFO] PluginManager:220 - loadIPPluginJar : add ucpd
2023-09-11 08:42:45,000 [INFO] IPUIPlugin:80 - create IPUIPlugin
2023-09-11 08:42:45,000 [INFO] PluginManager:220 - loadIPPluginJar : add usart
2023-09-11 08:42:45,031 [INFO] IPUIPlugin:80 - create IPUIPlugin
2023-09-11 08:42:45,031 [INFO] PluginManager:220 - loadIPPluginJar : add usbx
2023-09-11 08:42:45,142 [INFO] CADModel:165 - CPN selected for project level
2023-09-11 08:42:45,142 [INFO] CADModel:114 - Register for checkConnection events
2023-09-11 08:42:45,142 [FATAL] Updater:308 - Updater called before beeing initialized
2023-09-11 08:42:45,142 [ERROR] CADModel:125 - Updater not yet initialized, retry later 
2023-09-11 08:42:45,255 [INFO] CADModel:165 - CPN selected for project level
2023-09-11 08:42:45,255 [INFO] CADModel:114 - Register for checkConnection events
2023-09-11 08:42:45,255 [FATAL] Updater:308 - Updater called before beeing initialized
2023-09-11 08:42:45,255 [ERROR] CADModel:125 - Updater not yet initialized, retry later 
2023-09-11 08:42:45,259 [FATAL] Updater:308 - Updater called before beeing initialized
2023-09-11 08:42:45,326 [FATAL] Updater:308 - Updater called before beeing initialized
2023-09-11 08:42:45,335 [INFO] DbMcusAds:53 - JSON generation date=Tue Mar 07 15:50:55 ICT 2023 (1678179055114)
2023-09-11 08:42:45,335 [FATAL] Updater:308 - Updater called before beeing initialized
2023-09-11 08:42:45,367 [WARN] DetailPanel:346 - Failed to get advertising image, set to default
2023-09-11 08:42:45,446 [FATAL] Updater:308 - Updater called before beeing initialized
2023-09-11 08:42:45,447 [FATAL] Updater:308 - Updater called before beeing initialized
2023-09-11 08:42:45,447 [FATAL] Updater:308 - Updater called before beeing initialized
2023-09-11 08:42:45,447 [WARN] DetailPanel:346 - Failed to get advertising image, set to default
2023-09-11 08:42:45,448 [FATAL] Updater:308 - Updater called before beeing initialized
2023-09-11 08:42:45,492 [ERROR] Updater:1120 - MainUpdater not yet initialized. External WinMGr cannot be set.
2023-09-11 08:42:45,500 [INFO] Updater:1056 - Updater Version found : 6.9.1
2023-09-11 08:42:45,515 [INFO] ApplicationProperties:184 - Using Application install path: C:\ST\STM32CubeIDE_1.13.1\STM32CubeIDE\plugins\com.st.stm32cube.common.mx_6.9.1.202307191849
2023-09-11 08:42:45,603 [INFO] MainUpdater:2868 - connection check result : 10
2023-09-11 08:42:45,603 [INFO] MainUpdater:3562 - Updater definition file requires update
2023-09-11 08:42:45,604 [INFO] MainUpdater:285 - Updater Check For Update Now.
2023-09-11 08:42:45,604 [INFO] MicroXplorer:498 - Change Database Version : DB.6.0.91
2023-09-11 08:42:45,620 [INFO] McuFinderGlobals:63 - Set McuFinder mode to 2 (CubeIDE integrated)
2023-09-11 08:42:45,620 [INFO] UserAuth:179 - activating auth plugin
2023-09-11 08:42:45,620 [INFO] ServerAccessManage:473 - Download File updaters.zip
2023-09-11 08:42:45,622 [INFO] UserAuth:393 - Internet connection configuration mode: 1
2023-09-11 08:42:45,651 [INFO] JxBrowserEngine:151 - Initiate JxBrowser Engine with user profile folder
2023-09-11 08:42:45,672 [INFO] FileExtend:240 - Unzip File : updaters.zip
2023-09-11 08:42:45,673 [INFO] FileExtend:255 - Standard Zip Deflate
2023-09-11 08:42:45,980 [INFO] ServerAccessManage:473 - Download File PacksControlFlags.xml
2023-09-11 08:42:46,027 [INFO] ServerAccessManage:473 - Download File cubemx.pidx
2023-09-11 08:42:46,237 [INFO] ServerAccessManage:473 - Download File STMicroelectronics.FP-SNS-SMARTAG2.pdsc
2023-09-11 08:42:46,377 [WARN] MainUpdater:1189 - Updater busy. Cannot search thirdparties
2023-09-11 08:42:46,377 [INFO] ThirdPartyUpdaterWithRetryManager:96 - Updater plugin is busy. [1/15]
2023-09-11 08:42:46,513 [INFO] ServerAccessManage:473 - Download File STMicroelectronics.X-CUBE-NFC6.pdsc
2023-09-11 08:42:47,756 [INFO] WebApp:157 - Instantiating new browser for Auth
2023-09-11 08:42:48,201 [INFO] WebApp:753 - Register for checkConnection events
2023-09-11 08:42:48,201 [INFO] WebApp:390 - Apply proxy settings
2023-09-11 08:42:48,201 [INFO] WebApp:475 - Chromium requires no authentication
2023-09-11 08:42:48,208 [INFO] WebApp:418 - Direct internet connection detected
2023-09-11 08:42:48,345 [INFO] WebApp:188 - Starting web application
2023-09-11 08:42:48,346 [INFO] WebApp:520 - Web application path used C:\ST\STM32CubeIDE_1.13.1\STM32CubeIDE\plugins\com.st.stm32cube.common.mx_6.9.1.202307191849\db\plugins\mcufinder\reactClient1\index.html
2023-09-11 08:42:48,684 [ERROR] ServerAccessManage:1096 - Problem, Http access forbiden
2023-09-11 08:42:48,685 [ERROR] ServerAccessManage:651 - Problem, Http access forbiden : RoweBots.I-CUBE-UNISONRTOS.pdsc.
2023-09-11 08:42:48,803 [WARN] PackLoader:240 - Cannot read IP mode file for STMicroelectronics.FP-SNS-SMARTAG2.1.2.0
2023-09-11 08:42:48,820 [WARN] PackLoader:240 - Cannot read IP mode file for STMicroelectronics.X-CUBE-NFC6.3.0.0
2023-09-11 08:42:48,823 [INFO] PopulateThirdPartyThread:66 - Ending populate Thread
2023-09-11 08:42:48,825 [INFO] ThirdParty:1030 - CMSIS Pack Vendor :STMicroelectronics FP-SNS-SMARTAG2 1.2.0
2023-09-11 08:42:48,825 [INFO] ThirdParty:1030 - CMSIS Pack Vendor :STMicroelectronics X-CUBE-NFC6 3.0.0
2023-09-11 08:42:48,825 [INFO] LoadServerUpdatesThread:373 - End of LoadServerUpdate Thread
2023-09-11 08:42:48,910 [INFO] CheckServerUpdateThread:120 - End of CheckServer Thread
2023-09-11 08:42:49,521 [WARN] PackLoader:240 - Cannot read IP mode file for STMicroelectronics.X-CUBE-SMBUS.2.1.0
2023-09-11 08:42:49,558 [WARN] PackLoader:240 - Cannot read IP mode file for STMicroelectronics.X-CUBE-AZRTOS-F7.1.1.0
2023-09-11 08:42:49,579 [WARN] PackLoader:240 - Cannot read IP mode file for STMicroelectronics.FP-SNS-MOTENV1.4.3.2
2023-09-11 08:42:49,586 [WARN] PackLoader:240 - Cannot read IP mode file for STMicroelectronics.FP-SNS-FLIGHT1.5.0.2
2023-09-11 08:42:49,601 [WARN] PackLoader:240 - Cannot read IP mode file for STMicroelectronics.X-CUBE-DISPLAY.3.0.0
2023-09-11 08:42:49,617 [WARN] PackLoader:240 - Cannot read IP mode file for STMicroelectronics.X-CUBE-BLE1.7.0.0
2023-09-11 08:42:49,630 [WARN] PackLoader:240 - Cannot read IP mode file for emotas.I-CUBE-CANOPEN.1.3.0
2023-09-11 08:42:49,641 [WARN] PackLoader:240 - Cannot read IP mode file for STMicroelectronics.X-CUBE-TOUCHGFX.4.22.0
2023-09-11 08:42:49,645 [WARN] PackLoader:240 - Cannot read IP mode file for STMicroelectronics.FP-SNS-SMARTAG2.1.2.0
2023-09-11 08:42:49,663 [INFO] LogOutputStream:77 - [STDOUT_REDIRECT] 1 : Invalid condition id : UX_CORESTACK_Condition cause : null
2023-09-11 08:42:49,664 [INFO] LogOutputStream:77 - [STDOUT_REDIRECT] 1 : Invalid condition id : UX_CORESTACK_Condition cause : null
2023-09-11 08:42:49,665 [INFO] LogOutputStream:77 - [STDOUT_REDIRECT] 1 : Invalid condition id : UX_CORESTACK_Condition cause : null
2023-09-11 08:42:49,666 [INFO] LogOutputStream:77 - [STDOUT_REDIRECT] 1 : Invalid condition id : UX_CORESTACK_Condition cause : null
2023-09-11 08:42:49,667 [INFO] LogOutputStream:77 - [STDOUT_REDIRECT] 1 : Invalid condition id : UX_CORESTACK_Condition cause : null
2023-09-11 08:42:49,669 [WARN] PackLoader:240 - Cannot read IP mode file for STMicroelectronics.X-CUBE-AZRTOS-WL.2.0.0
2023-09-11 08:42:49,683 [WARN] PackLoader:240 - Cannot read IP mode file for WES.I-CUBE-Cesium.1.3.0
2023-09-11 08:42:49,693 [WARN] PackLoader:240 - Cannot read IP mode file for STMicroelectronics.X-CUBE-BLE2.3.3.0
2023-09-11 08:42:49,704 [WARN] PackLoader:240 - Cannot read IP mode file for STMicroelectronics.X-CUBE-ALGOBUILD.1.3.0
2023-09-11 08:42:49,725 [WARN] PackLoader:240 - Cannot read IP mode file for STMicroelectronics.X-CUBE-AZRTOS-G0.1.1.0
2023-09-11 08:42:49,738 [WARN] PackLoader:240 - Cannot read IP mode file for STMicroelectronics.X-CUBE-NFC4.3.0.0
2023-09-11 08:42:49,743 [WARN] PackLoader:240 - Cannot read IP mode file for STMicroelectronics.FP-ATR-SIGFOX1.3.2.0
2023-09-11 08:42:49,779 [WARN] PackLoader:240 - Cannot read IP mode file for SEGGER.I-CUBE-embOS.1.3.1
2023-09-11 08:42:49,832 [WARN] PackLoader:240 - Cannot read IP mode file for STMicroelectronics.X-CUBE-GNSS1.6.0.0
2023-09-11 08:42:49,864 [WARN] PackLoader:240 - Cannot read IP mode file for STMicroelectronics.X-CUBE-AZRTOS-F4.1.1.0
2023-09-11 08:42:49,879 [WARN] PackLoader:240 - Cannot read IP mode file for wolfSSL.I-CUBE-wolfSSL.5.6.3
2023-09-11 08:42:49,907 [WARN] PackLoader:240 - Cannot read IP mode file for STMicroelectronics.X-CUBE-AZRTOS-L5.2.0.0
2023-09-11 08:42:49,948 [WARN] PackLoader:240 - Cannot read IP mode file for STMicroelectronics.X-CUBE-MEMS1.9.6.0
2023-09-11 08:42:50,057 [WARN] PackLoader:240 - Cannot read IP mode file for STMicroelectronics.X-CUBE-BLEMGR.2.0.0
2023-09-11 08:42:50,085 [WARN] ConditionMgr:438 - getConditionDescription Invalid condition id : UX DEVICE CLASS RTOS Condition cause : null
2023-09-11 08:42:50,085 [WARN] ConditionMgr:438 - getConditionDescription Invalid condition id : UX DEVICE CLASS RTOS Condition cause : null
2023-09-11 08:42:50,088 [WARN] PackLoader:240 - Cannot read IP mode file for STMicroelectronics.X-CUBE-AZRTOS-H7.3.1.0
2023-09-11 08:42:50,089 [WARN] ConditionMgr:1039 - genDependencies : Invalid condition id : UX DEVICE CLASS RTOS Condition cause : null
2023-09-11 08:42:50,089 [WARN] ConditionMgr:1039 - genDependencies : Invalid condition id : UX DEVICE CLASS RTOS Condition cause : null
2023-09-11 08:42:50,089 [WARN] ConditionMgr:1039 - genDependencies : Invalid condition id : UX DEVICE CLASS RTOS Condition cause : null
2023-09-11 08:42:50,090 [WARN] ConditionMgr:1039 - genDependencies : Invalid condition id : UX DEVICE CLASS RTOS Condition cause : null
2023-09-11 08:42:50,090 [WARN] ConditionMgr:1039 - genDependencies : Invalid condition id : UX DEVICE CLASS RTOS Condition cause : null
2023-09-11 08:42:50,105 [WARN] PackLoader:240 - Cannot read IP mode file for STMicroelectronics.X-CUBE-NFC7.1.0.1
2023-09-11 08:42:50,113 [WARN] PackLoader:240 - Cannot read IP mode file for STMicroelectronics.X-CUBE-NFC6.3.0.0
2023-09-11 08:42:50,129 [WARN] PackLoader:240 - Cannot read IP mode file for STMicroelectronics.X-CUBE-EEPRMA1.4.1.0
2023-09-11 08:42:50,145 [WARN] PackLoader:240 - Cannot read IP mode file for STMicroelectronics.X-CUBE-AI.8.1.0
2023-09-11 08:42:50,175 [WARN] ConditionMgr:438 - getConditionDescription Invalid condition id : LAN8742 Phy interface Condition cause : null
2023-09-11 08:42:50,176 [WARN] PackLoader:240 - Cannot read IP mode file for STMicroelectronics.X-CUBE-AZRTOS-L4.2.0.0
2023-09-11 08:42:50,178 [WARN] ConditionMgr:1039 - genDependencies : Invalid condition id : LAN8742 Phy interface Condition cause : null
2023-09-11 08:42:50,179 [WARN] ConditionMgr:1039 - genDependencies : Invalid condition id : LAN8742 Phy interface Condition cause : null
2023-09-11 08:42:50,179 [WARN] ConditionMgr:1039 - genDependencies : Invalid condition id : LAN8742 Phy interface Condition cause : null
2023-09-11 08:42:50,194 [WARN] PackLoader:240 - Cannot read IP mode file for STMicroelectronics.X-CUBE-SFXS2LP1.4.0.0
2023-09-11 08:42:50,210 [WARN] PackLoader:240 - Cannot read IP mode file for STMicroelectronics.X-CUBE-ISPU.1.1.0
2023-09-11 08:42:50,236 [WARN] ConditionMgr:438 - getConditionDescription Invalid condition id : UX DEVICE CLASS RTOS Condition cause : null
2023-09-11 08:42:50,236 [WARN] ConditionMgr:438 - getConditionDescription Invalid condition id : UX DEVICE CLASS RTOS Condition cause : null
2023-09-11 08:42:50,237 [WARN] PackLoader:240 - Cannot read IP mode file for STMicroelectronics.X-CUBE-AZRTOS-WB.2.0.0
2023-09-11 08:42:50,238 [WARN] ConditionMgr:1039 - genDependencies : Invalid condition id : UX DEVICE CLASS RTOS Condition cause : null
2023-09-11 08:42:50,238 [WARN] ConditionMgr:1039 - genDependencies : Invalid condition id : UX DEVICE CLASS RTOS Condition cause : null
2023-09-11 08:42:50,238 [WARN] ConditionMgr:1039 - genDependencies : Invalid condition id : UX DEVICE CLASS RTOS Condition cause : null
2023-09-11 08:42:50,238 [WARN] ConditionMgr:1039 - genDependencies : Invalid condition id : UX DEVICE CLASS RTOS Condition cause : null
2023-09-11 08:42:50,238 [WARN] ConditionMgr:1039 - genDependencies : Invalid condition id : UX DEVICE CLASS RTOS Condition cause : null
2023-09-11 08:42:50,259 [WARN] PackLoader:240 - Cannot read IP mode file for STMicroelectronics.X-CUBE-SUBG2.5.0.0
2023-09-11 08:42:50,284 [WARN] PackLoader:240 - Cannot read IP mode file for STMicroelectronics.X-CUBE-TOF1.3.3.1
2023-09-11 08:42:50,312 [WARN] PackLoader:240 - Cannot read IP mode file for STMicroelectronics.X-CUBE-AZRTOS-G4.2.0.0
2023-09-11 08:42:50,324 [WARN] PackLoader:240 - Cannot read IP mode file for STMicroelectronics.X-CUBE-FREERTOS.1.1.0
2023-09-11 08:42:50,338 [WARN] PackLoader:240 - Cannot read IP mode file for portGmbH.I-Cube-SoM-uGOAL.1.1.0
2023-09-11 08:42:50,349 [WARN] PackLoader:240 - Cannot read IP mode file for STMicroelectronics.X-CUBE-ALS.1.0.1
2023-09-11 08:42:50,354 [WARN] PackLoader:240 - Cannot read IP mode file for STMicroelectronics.FP-ATR-ASTRA1.2.0.0
2023-09-11 08:42:50,355 [INFO] ThirdParty:978 - Integrity check success = true
2023-09-11 08:42:50,355 [INFO] IntegrityCheckThread:100 - exiting critical section [integrity check]
2023-09-11 08:42:50,355 [INFO] IntegrityCheckThread:103 - End integrity checks thread
2023-09-11 08:43:09,043 [ERROR] LogOutputStream:75 - [STDERR_REDIRECT] SLF4J: Failed to load class "org.slf4j.impl.StaticLoggerBinder".
2023-09-11 08:43:09,043 [ERROR] LogOutputStream:75 - [STDERR_REDIRECT] SLF4J: Defaulting to no-operation (NOP) logger implementation
2023-09-11 08:43:09,044 [ERROR] LogOutputStream:75 - [STDERR_REDIRECT] SLF4J: See http://www.slf4j.org/codes.html#StaticLoggerBinder for further details.
2023-09-11 11:41:24,341 [ERROR] LogOutputStream:75 - [STDERR_REDIRECT] 
2023-09-11 14:00:30,241 [INFO] Activator:176 - 


2023-09-11 14:00:30,242 [INFO] Activator:177 - !SESSION log4j initialized
2023-09-11 14:00:35,814 [INFO] LogOutputStream:77 - [STDOUT_REDIRECT] 
2023-09-11 14:00:42,653 [INFO] ApplicationProperties:184 - Using Application install path: C:\ST\STM32CubeIDE_1.13.1\STM32CubeIDE\plugins\com.st.stm32cube.common.mx_6.9.1.202307191849
2023-09-11 14:00:42,667 [INFO] DbMcusXml:78 - Set database path to: C:\ST\STM32CubeIDE_1.13.1\STM32CubeIDE\plugins\com.st.stm32cube.common.mx_6.9.1.202307191849\\db\/mcu/
2023-09-11 14:00:42,667 [INFO] ApiDb:274 - Set plugin database path to: C:\ST\STM32CubeIDE_1.13.1\STM32CubeIDE\plugins\com.st.stm32cube.common.mx_6.9.1.202307191849\\db\/plugins/boardmanager/
2023-09-11 14:00:42,667 [WARN] ApiDb:259 - Overriding images path with different value:  => C:\ST\STM32CubeIDE_1.13.1\STM32CubeIDE\plugins\com.st.stm32cube.common.mx_6.9.1.202307191849\\db\/plugins/mcufinder/images/
2023-09-11 14:00:42,672 [INFO] ApiDb:250 - Set database path to: C:\Users\viett\.stmcufinder\plugins\mcufinder//mcu/
2023-09-11 14:00:42,674 [INFO] DbMcusAds:125 - Set database path to: C:\Users\viett\.stmcufinder\plugins\mcufinder//mcu/
2023-09-11 14:00:42,676 [INFO] CrossReferenceDbSqlite:203 - Set database path to: C:\Users\viett\.stmcufinder\plugins\mcufinder//mcu/cs/
2023-09-11 14:00:42,773 [INFO] RulesReader:64 - Compatibility file has been processed (293 Rules)
2023-09-11 14:00:42,845 [INFO] DbMcusXml:78 - Set database path to: C:\ST\STM32CubeIDE_1.13.1\STM32CubeIDE\plugins\com.st.stm32cube.common.mx_6.9.1.202307191849\\db\/mcu/
2023-09-11 14:00:42,845 [INFO] ApiDb:274 - Set plugin database path to: C:\ST\STM32CubeIDE_1.13.1\STM32CubeIDE\plugins\com.st.stm32cube.common.mx_6.9.1.202307191849\\db\/plugins/boardmanager/
2023-09-11 14:00:42,845 [INFO] ApiDb:261 - Set plugin images path to: C:\ST\STM32CubeIDE_1.13.1\STM32CubeIDE\plugins\com.st.stm32cube.common.mx_6.9.1.202307191849\\db\/plugins/mcufinder/images/
2023-09-11 14:00:42,845 [WARN] DbFile:41 - Overriding database path with different value: C:\Users\viett\.stmcufinder\plugins\mcufinder/ => C:\Users\viett\.stmcufinder\plugins\mcufinder
2023-09-11 14:00:42,846 [INFO] ApiDb:250 - Set database path to: C:\Users\viett\.stmcufinder\plugins\mcufinder//mcu/
2023-09-11 14:00:42,846 [WARN] DbFile:41 - Overriding database path with different value: C:\Users\viett\.stmcufinder\plugins\mcufinder/ => C:\Users\viett\.stmcufinder\plugins\mcufinder
2023-09-11 14:00:42,846 [INFO] DbMcusAds:125 - Set database path to: C:\Users\viett\.stmcufinder\plugins\mcufinder//mcu/
2023-09-11 14:00:42,846 [WARN] DbFile:41 - Overriding database path with different value: C:\Users\viett\.stmcufinder\plugins\mcufinder/ => C:\Users\viett\.stmcufinder\plugins\mcufinder
2023-09-11 14:00:42,846 [WARN] DbFile:41 - Overriding database path with different value: C:\Users\viett\.stmcufinder\plugins\mcufinder/ => C:\Users\viett\.stmcufinder\plugins\mcufinder
2023-09-11 14:00:42,846 [INFO] CrossReferenceDbSqlite:203 - Set database path to: C:\Users\viett\.stmcufinder\plugins\mcufinder//mcu/cs/
2023-09-11 14:00:42,901 [INFO] MainPanel:262 - HeapMemory: 268435456
2023-09-11 14:00:42,961 [INFO] DbMcusXml:78 - Set database path to: C:\ST\STM32CubeIDE_1.13.1\STM32CubeIDE\plugins\com.st.stm32cube.common.mx_6.9.1.202307191849\\db\/mcu/
2023-09-11 14:00:42,961 [INFO] ApiDb:274 - Set plugin database path to: C:\ST\STM32CubeIDE_1.13.1\STM32CubeIDE\plugins\com.st.stm32cube.common.mx_6.9.1.202307191849\\db\/plugins/boardmanager/
2023-09-11 14:00:42,961 [INFO] ApiDb:261 - Set plugin images path to: C:\ST\STM32CubeIDE_1.13.1\STM32CubeIDE\plugins\com.st.stm32cube.common.mx_6.9.1.202307191849\\db\/plugins/mcufinder/images/
2023-09-11 14:00:42,962 [WARN] DbFile:41 - Overriding database path with different value: C:\Users\viett\.stmcufinder\plugins\mcufinder/ => C:\Users\viett\.stmcufinder\plugins\mcufinder
2023-09-11 14:00:42,962 [INFO] ApiDb:250 - Set database path to: C:\Users\viett\.stmcufinder\plugins\mcufinder//mcu/
2023-09-11 14:00:42,962 [WARN] DbFile:41 - Overriding database path with different value: C:\Users\viett\.stmcufinder\plugins\mcufinder/ => C:\Users\viett\.stmcufinder\plugins\mcufinder
2023-09-11 14:00:42,962 [INFO] DbMcusAds:125 - Set database path to: C:\Users\viett\.stmcufinder\plugins\mcufinder//mcu/
2023-09-11 14:00:42,962 [WARN] DbFile:41 - Overriding database path with different value: C:\Users\viett\.stmcufinder\plugins\mcufinder/ => C:\Users\viett\.stmcufinder\plugins\mcufinder
2023-09-11 14:00:42,962 [WARN] DbFile:41 - Overriding database path with different value: C:\Users\viett\.stmcufinder\plugins\mcufinder/ => C:\Users\viett\.stmcufinder\plugins\mcufinder
2023-09-11 14:00:42,962 [INFO] CrossReferenceDbSqlite:203 - Set database path to: C:\Users\viett\.stmcufinder\plugins\mcufinder//mcu/cs/
2023-09-11 14:00:42,979 [INFO] ApplicationProperties:184 - Using Application install path: C:\ST\STM32CubeIDE_1.13.1\STM32CubeIDE\plugins\com.st.stm32cube.common.mx_6.9.1.202307191849
2023-09-11 14:00:42,981 [INFO] PluginManage:196 - Search for loadable plugins [exclusion list=, ]
2023-09-11 14:00:42,982 [INFO] PluginManage:310 - Check plugin analytics
2023-09-11 14:00:48,042 [INFO] AnalyticsPlugin:253 - Accepted Software Licenses: 
2023-09-11 14:00:48,042 [INFO] AnalyticsPlugin:255 - Accepted CMSIS Pack Licenses: 
2023-09-11 14:00:48,042 [INFO] AnalyticsPlugin:257 - Accepted Firmware Licenses: 
2023-09-11 14:00:48,045 [INFO] PluginManage:359 - Loaded plugin analytics (category:tool,tabindex:-1)
2023-09-11 14:00:48,046 [INFO] PluginManage:310 - Check plugin cadmodel
2023-09-11 14:00:48,056 [INFO] CADModel:105 - Init CAD model plugin
2023-09-11 14:00:48,056 [INFO] PluginManage:359 - Loaded plugin cadmodel (category:power,tabindex:5)
2023-09-11 14:00:48,056 [INFO] PluginManage:310 - Check plugin clock
2023-09-11 14:00:48,071 [INFO] PluginManage:359 - Loaded plugin clock (category:base,tabindex:2)
2023-09-11 14:00:48,071 [INFO] PluginManage:310 - Check plugin ddr
2023-09-11 14:00:48,073 [INFO] PluginManage:359 - Loaded plugin ddr (category:tool,tabindex:6)
2023-09-11 14:00:48,073 [INFO] PluginManage:310 - Check plugin filemanager
2023-09-11 14:00:48,169 [INFO] PluginManage:359 - Loaded plugin filemanager (category:base,tabindex:10)
2023-09-11 14:00:48,170 [INFO] PluginManage:310 - Check plugin ipmanager
2023-09-11 14:00:48,176 [INFO] PluginManage:359 - Loaded plugin ipmanager (category:base,tabindex:5)
2023-09-11 14:00:48,176 [INFO] PluginManage:310 - Check plugin lpbam
2023-09-11 14:00:48,191 [INFO] PluginManage:359 - Loaded plugin lpbam (category:base,tabindex:0)
2023-09-11 14:00:48,191 [INFO] PluginManage:310 - Check plugin memorymap
2023-09-11 14:00:48,211 [INFO] PluginManage:359 - Loaded plugin memorymap (category:base,tabindex:4)
2023-09-11 14:00:48,211 [INFO] PluginManage:310 - Check plugin pinoutandconfiguration
2023-09-11 14:00:48,225 [INFO] PluginManage:359 - Loaded plugin pinoutandconfiguration (category:base,tabindex:1)
2023-09-11 14:00:48,226 [INFO] PluginManage:310 - Check plugin pinoutconfig
2023-09-11 14:00:48,302 [WARN] SupportedApi:132 - Cannot load RTOS API schema: s4s-elt-must-match.1: The content of 'definitions' must match (annotation?, (simpleType | complexType)?, (unique | key | keyref)*)). A problem was found starting at: attribute.
2023-09-11 14:00:48,406 [INFO] PluginManage:359 - Loaded plugin pinoutconfig (category:base,tabindex:0)
2023-09-11 14:00:48,407 [INFO] PluginManage:310 - Check plugin power
2023-09-11 14:00:48,421 [INFO] PluginManage:359 - Loaded plugin power (category:power,tabindex:4)
2023-09-11 14:00:48,421 [INFO] PluginManage:310 - Check plugin projectmanager
2023-09-11 14:00:48,432 [INFO] PluginManage:359 - Loaded plugin projectmanager (category:projectmanager,tabindex:3)
2023-09-11 14:00:48,432 [INFO] PluginManage:310 - Check plugin thirdparty
2023-09-11 14:00:48,630 [INFO] PluginManage:359 - Loaded plugin thirdparty (category:base,tabindex:-1)
2023-09-11 14:00:48,630 [INFO] PluginManage:310 - Check plugin tools
2023-09-11 14:00:48,630 [WARN] IntegrityCheckThread:84 - waiting for thirdparty lock release [integrity check]
2023-09-11 14:00:48,630 [INFO] IntegrityCheckThread:86 - entering critical section [integrity check]
2023-09-11 14:00:48,630 [INFO] ThirdPartyUpdaterWithRetryManager:70 - Updater plugin not ready yet. [1/15]
2023-09-11 14:00:48,656 [INFO] PluginManage:359 - Loaded plugin tools (category:base,tabindex:7)
2023-09-11 14:00:48,656 [INFO] PluginManage:310 - Check plugin tutovideos
2023-09-11 14:00:48,801 [INFO] PluginManage:359 - Loaded plugin tutovideos (category:base,tabindex:-1)
2023-09-11 14:00:48,801 [INFO] PluginManage:310 - Check plugin updater
2023-09-11 14:00:48,809 [INFO] PluginManage:359 - Loaded plugin updater (category:base,tabindex:12)
2023-09-11 14:00:48,809 [INFO] PluginManage:310 - Check plugin userauth
2023-09-11 14:00:48,812 [INFO] UserAuth:113 - Init User Auth plugin
2023-09-11 14:00:48,812 [INFO] PluginManage:359 - Loaded plugin userauth (category:base,tabindex:14)
2023-09-11 14:00:48,812 [INFO] PluginManage:283 - PluginManage : Loaded plugins [17]
2023-09-11 14:00:48,970 [INFO] PinOutPanel:1499 - setPackage(No Configuration,No Configuration)
2023-09-11 14:00:49,051 [INFO] CADModel:165 - CPN selected for project level
2023-09-11 14:00:49,051 [INFO] CADModel:114 - Register for checkConnection events
2023-09-11 14:00:49,070 [INFO] IPUIPlugin:80 - create IPUIPlugin
2023-09-11 14:00:49,070 [INFO] PluginManager:220 - loadIPPluginJar : add adc
2023-09-11 14:00:49,098 [INFO] IPUIPlugin:80 - create IPUIPlugin
2023-09-11 14:00:49,098 [INFO] PluginManager:220 - loadIPPluginJar : add aes
2023-09-11 14:00:49,130 [INFO] IPUIPlugin:80 - create IPUIPlugin
2023-09-11 14:00:49,130 [INFO] PluginManager:220 - loadIPPluginJar : add can
2023-09-11 14:00:49,148 [INFO] IPUIPlugin:80 - create IPUIPlugin
2023-09-11 14:00:49,148 [INFO] PluginManager:220 - loadIPPluginJar : add comp
2023-09-11 14:00:49,172 [INFO] IPUIPlugin:80 - create IPUIPlugin
2023-09-11 14:00:49,172 [INFO] PluginManager:220 - loadIPPluginJar : add cryp
2023-09-11 14:00:49,196 [INFO] IPUIPlugin:80 - create IPUIPlugin
2023-09-11 14:00:49,196 [INFO] PluginManager:220 - loadIPPluginJar : add dfsdm
2023-09-11 14:00:49,207 [INFO] IPUIPlugin:80 - create IPUIPlugin
2023-09-11 14:00:49,208 [INFO] PluginManager:220 - loadIPPluginJar : add dma
2023-09-11 14:00:49,242 [INFO] IPUIPlugin:80 - create IPUIPlugin
2023-09-11 14:00:49,242 [INFO] PluginManager:220 - loadIPPluginJar : add dma3
2023-09-11 14:00:49,259 [INFO] IPUIPlugin:80 - create IPUIPlugin
2023-09-11 14:00:49,259 [INFO] PluginManager:220 - loadIPPluginJar : add fatfs
2023-09-11 14:00:49,295 [INFO] IPUIPlugin:80 - create IPUIPlugin
2023-09-11 14:00:49,295 [INFO] PluginManager:220 - loadIPPluginJar : add fmc
2023-09-11 14:00:49,306 [INFO] IPUIPlugin:80 - create IPUIPlugin
2023-09-11 14:00:49,306 [INFO] PluginManager:220 - loadIPPluginJar : add freertos
2023-09-11 14:00:49,322 [INFO] IPUIPlugin:80 - create IPUIPlugin
2023-09-11 14:00:49,322 [INFO] PluginManager:220 - loadIPPluginJar : add genericplugin
2023-09-11 14:00:49,387 [INFO] IPUIPlugin:80 - create IPUIPlugin
2023-09-11 14:00:49,387 [INFO] PluginManager:220 - loadIPPluginJar : add gfxmmu
2023-09-11 14:00:49,475 [INFO] IPUIPlugin:80 - create IPUIPlugin
2023-09-11 14:00:49,475 [INFO] PluginManager:220 - loadIPPluginJar : add gic
2023-09-11 14:00:49,485 [INFO] IPUIPlugin:80 - create IPUIPlugin
2023-09-11 14:00:49,485 [INFO] PluginManager:220 - loadIPPluginJar : add gpio
2023-09-11 14:00:49,558 [INFO] IPUIPlugin:80 - create IPUIPlugin
2023-09-11 14:00:49,558 [INFO] PluginManager:220 - loadIPPluginJar : add gtzc
2023-09-11 14:00:49,580 [INFO] IPUIPlugin:80 - create IPUIPlugin
2023-09-11 14:00:49,580 [INFO] PluginManager:220 - loadIPPluginJar : add hash
2023-09-11 14:00:49,620 [INFO] IPUIPlugin:80 - create IPUIPlugin
2023-09-11 14:00:49,620 [INFO] PluginManager:220 - loadIPPluginJar : add i2c
2023-09-11 14:00:49,648 [INFO] IPUIPlugin:80 - create IPUIPlugin
2023-09-11 14:00:49,648 [INFO] PluginManager:220 - loadIPPluginJar : add i2s
2023-09-11 14:00:49,677 [INFO] IPUIPlugin:80 - create IPUIPlugin
2023-09-11 14:00:49,677 [INFO] PluginManager:220 - loadIPPluginJar : add i3c
2023-09-11 14:00:49,757 [INFO] IPUIPlugin:80 - create IPUIPlugin
2023-09-11 14:00:49,757 [INFO] PluginManager:220 - loadIPPluginJar : add ipddr
2023-09-11 14:00:49,825 [INFO] IPUIPlugin:80 - create IPUIPlugin
2023-09-11 14:00:49,825 [INFO] PluginManager:220 - loadIPPluginJar : add linkedlist
2023-09-11 14:00:49,850 [INFO] IPUIPlugin:80 - create IPUIPlugin
2023-09-11 14:00:49,850 [INFO] PluginManager:220 - loadIPPluginJar : add lorawan
2023-09-11 14:00:49,878 [INFO] IPUIPlugin:80 - create IPUIPlugin
2023-09-11 14:00:49,878 [INFO] PluginManager:220 - loadIPPluginJar : add ltdc
2023-09-11 14:00:49,889 [INFO] IPUIPlugin:80 - create IPUIPlugin
2023-09-11 14:00:49,889 [INFO] PluginManager:220 - loadIPPluginJar : add mdma
2023-09-11 14:00:49,899 [INFO] IPUIPlugin:80 - create IPUIPlugin
2023-09-11 14:00:49,899 [INFO] PluginManager:220 - loadIPPluginJar : add nvic
2023-09-11 14:00:49,927 [INFO] IPUIPlugin:80 - create IPUIPlugin
2023-09-11 14:00:49,927 [INFO] PluginManager:220 - loadIPPluginJar : add opamp
2023-09-11 14:00:49,970 [INFO] IPUIPlugin:80 - create IPUIPlugin
2023-09-11 14:00:49,970 [INFO] PluginManager:220 - loadIPPluginJar : add openamp
2023-09-11 14:00:50,002 [INFO] IPUIPlugin:80 - create IPUIPlugin
2023-09-11 14:00:50,002 [INFO] PluginManager:220 - loadIPPluginJar : add pdm2pcm
2023-09-11 14:00:50,014 [INFO] IPUIPlugin:80 - create IPUIPlugin
2023-09-11 14:00:50,016 [INFO] PluginManager:220 - loadIPPluginJar : add plateformsettings
2023-09-11 14:00:50,033 [INFO] IPUIPlugin:80 - create IPUIPlugin
2023-09-11 14:00:50,033 [INFO] PluginManager:220 - loadIPPluginJar : add quadspi
2023-09-11 14:00:50,050 [INFO] IPUIPlugin:80 - create IPUIPlugin
2023-09-11 14:00:50,050 [INFO] PluginManager:220 - loadIPPluginJar : add resmgrutility
2023-09-11 14:00:50,087 [INFO] IPUIPlugin:80 - create IPUIPlugin
2023-09-11 14:00:50,087 [INFO] PluginManager:220 - loadIPPluginJar : add sai
2023-09-11 14:00:50,113 [INFO] IPUIPlugin:80 - create IPUIPlugin
2023-09-11 14:00:50,113 [INFO] PluginManager:220 - loadIPPluginJar : add spi
2023-09-11 14:00:50,157 [INFO] IPUIPlugin:80 - create IPUIPlugin
2023-09-11 14:00:50,157 [INFO] PluginManager:220 - loadIPPluginJar : add stm32_wpan
2023-09-11 14:00:50,174 [INFO] IPUIPlugin:80 - create IPUIPlugin
2023-09-11 14:00:50,174 [INFO] PluginManager:220 - loadIPPluginJar : add tim
2023-09-11 14:00:50,214 [INFO] IPUIPlugin:80 - create IPUIPlugin
2023-09-11 14:00:50,214 [INFO] PluginManager:220 - loadIPPluginJar : add touchsensing
2023-09-11 14:00:50,232 [INFO] IPUIPlugin:80 - create IPUIPlugin
2023-09-11 14:00:50,232 [INFO] PluginManager:220 - loadIPPluginJar : add tracer_emb
2023-09-11 14:00:50,254 [INFO] IPUIPlugin:80 - create IPUIPlugin
2023-09-11 14:00:50,254 [INFO] PluginManager:220 - loadIPPluginJar : add ts
2023-09-11 14:00:50,270 [INFO] IPUIPlugin:80 - create IPUIPlugin
2023-09-11 14:00:50,270 [INFO] PluginManager:220 - loadIPPluginJar : add tsc
2023-09-11 14:00:50,286 [INFO] IPUIPlugin:80 - create IPUIPlugin
2023-09-11 14:00:50,286 [INFO] PluginManager:220 - loadIPPluginJar : add ucpd
2023-09-11 14:00:50,319 [INFO] IPUIPlugin:80 - create IPUIPlugin
2023-09-11 14:00:50,319 [INFO] PluginManager:220 - loadIPPluginJar : add usart
2023-09-11 14:00:50,350 [INFO] IPUIPlugin:80 - create IPUIPlugin
2023-09-11 14:00:50,350 [INFO] PluginManager:220 - loadIPPluginJar : add usbx
2023-09-11 14:00:50,462 [INFO] CADModel:165 - CPN selected for project level
2023-09-11 14:00:50,462 [INFO] CADModel:114 - Register for checkConnection events
2023-09-11 14:00:50,462 [FATAL] Updater:308 - Updater called before beeing initialized
2023-09-11 14:00:50,462 [ERROR] CADModel:125 - Updater not yet initialized, retry later 
2023-09-11 14:00:50,565 [INFO] CADModel:165 - CPN selected for project level
2023-09-11 14:00:50,565 [INFO] CADModel:114 - Register for checkConnection events
2023-09-11 14:00:50,565 [FATAL] Updater:308 - Updater called before beeing initialized
2023-09-11 14:00:50,565 [ERROR] CADModel:125 - Updater not yet initialized, retry later 
2023-09-11 14:00:50,567 [FATAL] Updater:308 - Updater called before beeing initialized
2023-09-11 14:00:50,642 [FATAL] Updater:308 - Updater called before beeing initialized
2023-09-11 14:00:50,654 [INFO] DbMcusAds:53 - JSON generation date=Tue Mar 07 15:50:55 ICT 2023 (1678179055114)
2023-09-11 14:00:50,654 [FATAL] Updater:308 - Updater called before beeing initialized
2023-09-11 14:00:50,688 [WARN] DetailPanel:346 - Failed to get advertising image, set to default
2023-09-11 14:00:50,770 [FATAL] Updater:308 - Updater called before beeing initialized
2023-09-11 14:00:50,772 [FATAL] Updater:308 - Updater called before beeing initialized
2023-09-11 14:00:50,772 [FATAL] Updater:308 - Updater called before beeing initialized
2023-09-11 14:00:50,772 [WARN] DetailPanel:346 - Failed to get advertising image, set to default
2023-09-11 14:00:50,773 [FATAL] Updater:308 - Updater called before beeing initialized
2023-09-11 14:00:50,816 [ERROR] Updater:1120 - MainUpdater not yet initialized. External WinMGr cannot be set.
2023-09-11 14:00:50,824 [INFO] Updater:1056 - Updater Version found : 6.9.1
2023-09-11 14:00:50,840 [INFO] ApplicationProperties:184 - Using Application install path: C:\ST\STM32CubeIDE_1.13.1\STM32CubeIDE\plugins\com.st.stm32cube.common.mx_6.9.1.202307191849
2023-09-11 14:00:50,948 [INFO] MainUpdater:2868 - connection check result : 10
2023-09-11 14:00:50,949 [INFO] MainUpdater:285 - Updater Check For Update Now.
2023-09-11 14:00:50,949 [INFO] MicroXplorer:498 - Change Database Version : DB.6.0.91
2023-09-11 14:00:50,964 [INFO] McuFinderGlobals:63 - Set McuFinder mode to 2 (CubeIDE integrated)
2023-09-11 14:00:50,965 [INFO] UserAuth:179 - activating auth plugin
2023-09-11 14:00:50,967 [INFO] UserAuth:393 - Internet connection configuration mode: 1
2023-09-11 14:00:50,998 [INFO] JxBrowserEngine:151 - Initiate JxBrowser Engine with user profile folder
2023-09-11 14:00:51,142 [INFO] CheckServerUpdateThread:120 - End of CheckServer Thread
2023-09-11 14:00:51,742 [WARN] PackLoader:240 - Cannot read IP mode file for STMicroelectronics.X-CUBE-SMBUS.2.1.0
2023-09-11 14:00:51,778 [WARN] PackLoader:240 - Cannot read IP mode file for STMicroelectronics.X-CUBE-AZRTOS-F7.1.1.0
2023-09-11 14:00:51,794 [WARN] PackLoader:240 - Cannot read IP mode file for STMicroelectronics.FP-SNS-MOTENV1.4.3.2
2023-09-11 14:00:51,806 [WARN] PackLoader:240 - Cannot read IP mode file for STMicroelectronics.FP-SNS-FLIGHT1.5.0.2
2023-09-11 14:00:51,824 [WARN] PackLoader:240 - Cannot read IP mode file for STMicroelectronics.X-CUBE-DISPLAY.3.0.0
2023-09-11 14:00:51,842 [WARN] PackLoader:240 - Cannot read IP mode file for STMicroelectronics.X-CUBE-BLE1.7.0.0
2023-09-11 14:00:51,854 [WARN] PackLoader:240 - Cannot read IP mode file for emotas.I-CUBE-CANOPEN.1.3.0
2023-09-11 14:00:51,866 [WARN] PackLoader:240 - Cannot read IP mode file for STMicroelectronics.X-CUBE-TOUCHGFX.4.22.0
2023-09-11 14:00:51,879 [WARN] PackLoader:240 - Cannot read IP mode file for STMicroelectronics.FP-SNS-SMARTAG2.1.2.0
2023-09-11 14:00:51,896 [INFO] LogOutputStream:77 - [STDOUT_REDIRECT] 1 : Invalid condition id : UX_CORESTACK_Condition cause : null
2023-09-11 14:00:51,897 [INFO] LogOutputStream:77 - [STDOUT_REDIRECT] 1 : Invalid condition id : UX_CORESTACK_Condition cause : null
2023-09-11 14:00:51,898 [INFO] LogOutputStream:77 - [STDOUT_REDIRECT] 1 : Invalid condition id : UX_CORESTACK_Condition cause : null
2023-09-11 14:00:51,899 [INFO] LogOutputStream:77 - [STDOUT_REDIRECT] 1 : Invalid condition id : UX_CORESTACK_Condition cause : null
2023-09-11 14:00:51,900 [INFO] LogOutputStream:77 - [STDOUT_REDIRECT] 1 : Invalid condition id : UX_CORESTACK_Condition cause : null
2023-09-11 14:00:51,904 [WARN] PackLoader:240 - Cannot read IP mode file for STMicroelectronics.X-CUBE-AZRTOS-WL.2.0.0
2023-09-11 14:00:51,919 [WARN] PackLoader:240 - Cannot read IP mode file for WES.I-CUBE-Cesium.1.3.0
2023-09-11 14:00:51,929 [WARN] PackLoader:240 - Cannot read IP mode file for STMicroelectronics.X-CUBE-BLE2.3.3.0
2023-09-11 14:00:51,940 [WARN] PackLoader:240 - Cannot read IP mode file for STMicroelectronics.X-CUBE-ALGOBUILD.1.3.0
2023-09-11 14:00:51,965 [WARN] PackLoader:240 - Cannot read IP mode file for STMicroelectronics.X-CUBE-AZRTOS-G0.1.1.0
2023-09-11 14:00:51,980 [WARN] PackLoader:240 - Cannot read IP mode file for STMicroelectronics.X-CUBE-NFC4.3.0.0
2023-09-11 14:00:51,992 [WARN] PackLoader:240 - Cannot read IP mode file for STMicroelectronics.FP-ATR-SIGFOX1.3.2.0
2023-09-11 14:00:52,021 [WARN] PackLoader:240 - Cannot read IP mode file for SEGGER.I-CUBE-embOS.1.3.1
2023-09-11 14:00:52,064 [WARN] PackLoader:240 - Cannot read IP mode file for STMicroelectronics.X-CUBE-GNSS1.6.0.0
2023-09-11 14:00:52,089 [WARN] PackLoader:240 - Cannot read IP mode file for STMicroelectronics.X-CUBE-AZRTOS-F4.1.1.0
2023-09-11 14:00:52,101 [WARN] PackLoader:240 - Cannot read IP mode file for wolfSSL.I-CUBE-wolfSSL.5.6.3
2023-09-11 14:00:52,125 [WARN] PackLoader:240 - Cannot read IP mode file for STMicroelectronics.X-CUBE-AZRTOS-L5.2.0.0
2023-09-11 14:00:52,170 [WARN] PackLoader:240 - Cannot read IP mode file for STMicroelectronics.X-CUBE-MEMS1.9.6.0
2023-09-11 14:00:52,272 [WARN] PackLoader:240 - Cannot read IP mode file for STMicroelectronics.X-CUBE-BLEMGR.2.0.0
2023-09-11 14:00:52,292 [WARN] ConditionMgr:438 - getConditionDescription Invalid condition id : UX DEVICE CLASS RTOS Condition cause : null
2023-09-11 14:00:52,293 [WARN] ConditionMgr:438 - getConditionDescription Invalid condition id : UX DEVICE CLASS RTOS Condition cause : null
2023-09-11 14:00:52,294 [WARN] PackLoader:240 - Cannot read IP mode file for STMicroelectronics.X-CUBE-AZRTOS-H7.3.1.0
2023-09-11 14:00:52,295 [WARN] ConditionMgr:1039 - genDependencies : Invalid condition id : UX DEVICE CLASS RTOS Condition cause : null
2023-09-11 14:00:52,295 [WARN] ConditionMgr:1039 - genDependencies : Invalid condition id : UX DEVICE CLASS RTOS Condition cause : null
2023-09-11 14:00:52,296 [WARN] ConditionMgr:1039 - genDependencies : Invalid condition id : UX DEVICE CLASS RTOS Condition cause : null
2023-09-11 14:00:52,296 [WARN] ConditionMgr:1039 - genDependencies : Invalid condition id : UX DEVICE CLASS RTOS Condition cause : null
2023-09-11 14:00:52,296 [WARN] ConditionMgr:1039 - genDependencies : Invalid condition id : UX DEVICE CLASS RTOS Condition cause : null
2023-09-11 14:00:52,306 [WARN] PackLoader:240 - Cannot read IP mode file for STMicroelectronics.X-CUBE-NFC7.1.0.1
2023-09-11 14:00:52,321 [WARN] PackLoader:240 - Cannot read IP mode file for STMicroelectronics.X-CUBE-NFC6.3.0.0
2023-09-11 14:00:52,334 [WARN] PackLoader:240 - Cannot read IP mode file for STMicroelectronics.X-CUBE-EEPRMA1.4.1.0
2023-09-11 14:00:52,348 [WARN] PackLoader:240 - Cannot read IP mode file for STMicroelectronics.X-CUBE-AI.8.1.0
2023-09-11 14:00:52,376 [WARN] ConditionMgr:438 - getConditionDescription Invalid condition id : LAN8742 Phy interface Condition cause : null
2023-09-11 14:00:52,376 [WARN] PackLoader:240 - Cannot read IP mode file for STMicroelectronics.X-CUBE-AZRTOS-L4.2.0.0
2023-09-11 14:00:52,377 [WARN] ConditionMgr:1039 - genDependencies : Invalid condition id : LAN8742 Phy interface Condition cause : null
2023-09-11 14:00:52,378 [WARN] ConditionMgr:1039 - genDependencies : Invalid condition id : LAN8742 Phy interface Condition cause : null
2023-09-11 14:00:52,378 [WARN] ConditionMgr:1039 - genDependencies : Invalid condition id : LAN8742 Phy interface Condition cause : null
2023-09-11 14:00:52,395 [WARN] PackLoader:240 - Cannot read IP mode file for STMicroelectronics.X-CUBE-SFXS2LP1.4.0.0
2023-09-11 14:00:52,408 [WARN] PackLoader:240 - Cannot read IP mode file for STMicroelectronics.X-CUBE-ISPU.1.1.0
2023-09-11 14:00:52,429 [WARN] ConditionMgr:438 - getConditionDescription Invalid condition id : UX DEVICE CLASS RTOS Condition cause : null
2023-09-11 14:00:52,430 [WARN] ConditionMgr:438 - getConditionDescription Invalid condition id : UX DEVICE CLASS RTOS Condition cause : null
2023-09-11 14:00:52,431 [WARN] PackLoader:240 - Cannot read IP mode file for STMicroelectronics.X-CUBE-AZRTOS-WB.2.0.0
2023-09-11 14:00:52,432 [WARN] ConditionMgr:1039 - genDependencies : Invalid condition id : UX DEVICE CLASS RTOS Condition cause : null
2023-09-11 14:00:52,432 [WARN] ConditionMgr:1039 - genDependencies : Invalid condition id : UX DEVICE CLASS RTOS Condition cause : null
2023-09-11 14:00:52,432 [WARN] ConditionMgr:1039 - genDependencies : Invalid condition id : UX DEVICE CLASS RTOS Condition cause : null
2023-09-11 14:00:52,433 [WARN] ConditionMgr:1039 - genDependencies : Invalid condition id : UX DEVICE CLASS RTOS Condition cause : null
2023-09-11 14:00:52,433 [WARN] ConditionMgr:1039 - genDependencies : Invalid condition id : UX DEVICE CLASS RTOS Condition cause : null
2023-09-11 14:00:52,451 [WARN] PackLoader:240 - Cannot read IP mode file for STMicroelectronics.X-CUBE-SUBG2.5.0.0
2023-09-11 14:00:52,480 [WARN] PackLoader:240 - Cannot read IP mode file for STMicroelectronics.X-CUBE-TOF1.3.3.1
2023-09-11 14:00:52,507 [WARN] PackLoader:240 - Cannot read IP mode file for STMicroelectronics.X-CUBE-AZRTOS-G4.2.0.0
2023-09-11 14:00:52,523 [WARN] PackLoader:240 - Cannot read IP mode file for STMicroelectronics.X-CUBE-FREERTOS.1.1.0
2023-09-11 14:00:52,540 [WARN] PackLoader:240 - Cannot read IP mode file for portGmbH.I-Cube-SoM-uGOAL.1.1.0
2023-09-11 14:00:52,551 [WARN] PackLoader:240 - Cannot read IP mode file for STMicroelectronics.X-CUBE-ALS.1.0.1
2023-09-11 14:00:52,562 [WARN] PackLoader:240 - Cannot read IP mode file for STMicroelectronics.FP-ATR-ASTRA1.2.0.0
2023-09-11 14:00:52,563 [INFO] ThirdParty:978 - Integrity check success = true
2023-09-11 14:00:52,563 [INFO] IntegrityCheckThread:100 - exiting critical section [integrity check]
2023-09-11 14:00:52,563 [INFO] IntegrityCheckThread:103 - End integrity checks thread
2023-09-11 14:00:52,923 [INFO] WebApp:157 - Instantiating new browser for Auth
2023-09-11 14:00:53,328 [INFO] WebApp:753 - Register for checkConnection events
2023-09-11 14:00:53,328 [INFO] WebApp:390 - Apply proxy settings
2023-09-11 14:00:53,328 [INFO] WebApp:475 - Chromium requires no authentication
2023-09-11 14:00:53,334 [INFO] WebApp:418 - Direct internet connection detected
2023-09-11 14:00:53,464 [INFO] WebApp:188 - Starting web application
2023-09-11 14:00:53,464 [INFO] WebApp:520 - Web application path used C:\ST\STM32CubeIDE_1.13.1\STM32CubeIDE\plugins\com.st.stm32cube.common.mx_6.9.1.202307191849\db\plugins\mcufinder\reactClient1\index.html
2023-09-11 14:01:14,194 [ERROR] LogOutputStream:75 - [STDERR_REDIRECT] SLF4J: Failed to load class "org.slf4j.impl.StaticLoggerBinder".
2023-09-11 14:01:14,195 [ERROR] LogOutputStream:75 - [STDERR_REDIRECT] SLF4J: Defaulting to no-operation (NOP) logger implementation
2023-09-11 14:01:14,195 [ERROR] LogOutputStream:75 - [STDERR_REDIRECT] SLF4J: See http://www.slf4j.org/codes.html#StaticLoggerBinder for further details.
2023-09-11 17:21:50,193 [ERROR] LogOutputStream:75 - [STDERR_REDIRECT] 
2023-09-11 17:26:40,064 [INFO] Activator:176 - 


2023-09-11 17:26:40,065 [INFO] Activator:177 - !SESSION log4j initialized
2023-09-11 17:26:44,676 [INFO] LogOutputStream:77 - [STDOUT_REDIRECT] 
2023-09-11 17:26:50,492 [INFO] ApplicationProperties:184 - Using Application install path: C:\ST\STM32CubeIDE_1.13.1\STM32CubeIDE\plugins\com.st.stm32cube.common.mx_6.9.1.202307191849
2023-09-11 17:26:50,505 [INFO] DbMcusXml:78 - Set database path to: C:\ST\STM32CubeIDE_1.13.1\STM32CubeIDE\plugins\com.st.stm32cube.common.mx_6.9.1.202307191849\\db\/mcu/
2023-09-11 17:26:50,505 [INFO] ApiDb:274 - Set plugin database path to: C:\ST\STM32CubeIDE_1.13.1\STM32CubeIDE\plugins\com.st.stm32cube.common.mx_6.9.1.202307191849\\db\/plugins/boardmanager/
2023-09-11 17:26:50,505 [WARN] ApiDb:259 - Overriding images path with different value:  => C:\ST\STM32CubeIDE_1.13.1\STM32CubeIDE\plugins\com.st.stm32cube.common.mx_6.9.1.202307191849\\db\/plugins/mcufinder/images/
2023-09-11 17:26:50,511 [INFO] ApiDb:250 - Set database path to: C:\Users\viett\.stmcufinder\plugins\mcufinder//mcu/
2023-09-11 17:26:50,512 [INFO] DbMcusAds:125 - Set database path to: C:\Users\viett\.stmcufinder\plugins\mcufinder//mcu/
2023-09-11 17:26:50,513 [INFO] CrossReferenceDbSqlite:203 - Set database path to: C:\Users\viett\.stmcufinder\plugins\mcufinder//mcu/cs/
2023-09-11 17:26:50,589 [INFO] RulesReader:64 - Compatibility file has been processed (293 Rules)
2023-09-11 17:26:50,650 [INFO] DbMcusXml:78 - Set database path to: C:\ST\STM32CubeIDE_1.13.1\STM32CubeIDE\plugins\com.st.stm32cube.common.mx_6.9.1.202307191849\\db\/mcu/
2023-09-11 17:26:50,650 [INFO] ApiDb:274 - Set plugin database path to: C:\ST\STM32CubeIDE_1.13.1\STM32CubeIDE\plugins\com.st.stm32cube.common.mx_6.9.1.202307191849\\db\/plugins/boardmanager/
2023-09-11 17:26:50,651 [INFO] ApiDb:261 - Set plugin images path to: C:\ST\STM32CubeIDE_1.13.1\STM32CubeIDE\plugins\com.st.stm32cube.common.mx_6.9.1.202307191849\\db\/plugins/mcufinder/images/
2023-09-11 17:26:50,651 [WARN] DbFile:41 - Overriding database path with different value: C:\Users\viett\.stmcufinder\plugins\mcufinder/ => C:\Users\viett\.stmcufinder\plugins\mcufinder
2023-09-11 17:26:50,651 [INFO] ApiDb:250 - Set database path to: C:\Users\viett\.stmcufinder\plugins\mcufinder//mcu/
2023-09-11 17:26:50,651 [WARN] DbFile:41 - Overriding database path with different value: C:\Users\viett\.stmcufinder\plugins\mcufinder/ => C:\Users\viett\.stmcufinder\plugins\mcufinder
2023-09-11 17:26:50,651 [INFO] DbMcusAds:125 - Set database path to: C:\Users\viett\.stmcufinder\plugins\mcufinder//mcu/
2023-09-11 17:26:50,651 [WARN] DbFile:41 - Overriding database path with different value: C:\Users\viett\.stmcufinder\plugins\mcufinder/ => C:\Users\viett\.stmcufinder\plugins\mcufinder
2023-09-11 17:26:50,651 [WARN] DbFile:41 - Overriding database path with different value: C:\Users\viett\.stmcufinder\plugins\mcufinder/ => C:\Users\viett\.stmcufinder\plugins\mcufinder
2023-09-11 17:26:50,651 [INFO] CrossReferenceDbSqlite:203 - Set database path to: C:\Users\viett\.stmcufinder\plugins\mcufinder//mcu/cs/
2023-09-11 17:26:50,719 [INFO] MainPanel:262 - HeapMemory: 268435456
2023-09-11 17:26:50,792 [INFO] DbMcusXml:78 - Set database path to: C:\ST\STM32CubeIDE_1.13.1\STM32CubeIDE\plugins\com.st.stm32cube.common.mx_6.9.1.202307191849\\db\/mcu/
2023-09-11 17:26:50,792 [INFO] ApiDb:274 - Set plugin database path to: C:\ST\STM32CubeIDE_1.13.1\STM32CubeIDE\plugins\com.st.stm32cube.common.mx_6.9.1.202307191849\\db\/plugins/boardmanager/
2023-09-11 17:26:50,792 [INFO] ApiDb:261 - Set plugin images path to: C:\ST\STM32CubeIDE_1.13.1\STM32CubeIDE\plugins\com.st.stm32cube.common.mx_6.9.1.202307191849\\db\/plugins/mcufinder/images/
2023-09-11 17:26:50,792 [WARN] DbFile:41 - Overriding database path with different value: C:\Users\viett\.stmcufinder\plugins\mcufinder/ => C:\Users\viett\.stmcufinder\plugins\mcufinder
2023-09-11 17:26:50,792 [INFO] ApiDb:250 - Set database path to: C:\Users\viett\.stmcufinder\plugins\mcufinder//mcu/
2023-09-11 17:26:50,792 [WARN] DbFile:41 - Overriding database path with different value: C:\Users\viett\.stmcufinder\plugins\mcufinder/ => C:\Users\viett\.stmcufinder\plugins\mcufinder
2023-09-11 17:26:50,793 [INFO] DbMcusAds:125 - Set database path to: C:\Users\viett\.stmcufinder\plugins\mcufinder//mcu/
2023-09-11 17:26:50,793 [WARN] DbFile:41 - Overriding database path with different value: C:\Users\viett\.stmcufinder\plugins\mcufinder/ => C:\Users\viett\.stmcufinder\plugins\mcufinder
2023-09-11 17:26:50,793 [WARN] DbFile:41 - Overriding database path with different value: C:\Users\viett\.stmcufinder\plugins\mcufinder/ => C:\Users\viett\.stmcufinder\plugins\mcufinder
2023-09-11 17:26:50,793 [INFO] CrossReferenceDbSqlite:203 - Set database path to: C:\Users\viett\.stmcufinder\plugins\mcufinder//mcu/cs/
2023-09-11 17:26:50,811 [INFO] ApplicationProperties:184 - Using Application install path: C:\ST\STM32CubeIDE_1.13.1\STM32CubeIDE\plugins\com.st.stm32cube.common.mx_6.9.1.202307191849
2023-09-11 17:26:50,812 [INFO] PluginManage:196 - Search for loadable plugins [exclusion list=, ]
2023-09-11 17:26:50,813 [INFO] PluginManage:310 - Check plugin analytics
2023-09-11 17:26:55,886 [INFO] AnalyticsPlugin:253 - Accepted Software Licenses: 
2023-09-11 17:26:55,886 [INFO] AnalyticsPlugin:255 - Accepted CMSIS Pack Licenses: 
2023-09-11 17:26:55,886 [INFO] AnalyticsPlugin:257 - Accepted Firmware Licenses: 
2023-09-11 17:26:55,886 [INFO] PluginManage:359 - Loaded plugin analytics (category:tool,tabindex:-1)
2023-09-11 17:26:55,886 [INFO] PluginManage:310 - Check plugin cadmodel
2023-09-11 17:26:55,886 [INFO] CADModel:105 - Init CAD model plugin
2023-09-11 17:26:55,886 [INFO] PluginManage:359 - Loaded plugin cadmodel (category:power,tabindex:5)
2023-09-11 17:26:55,886 [INFO] PluginManage:310 - Check plugin clock
2023-09-11 17:26:55,901 [INFO] PluginManage:359 - Loaded plugin clock (category:base,tabindex:2)
2023-09-11 17:26:55,901 [INFO] PluginManage:310 - Check plugin ddr
2023-09-11 17:26:55,901 [INFO] PluginManage:359 - Loaded plugin ddr (category:tool,tabindex:6)
2023-09-11 17:26:55,901 [INFO] PluginManage:310 - Check plugin filemanager
2023-09-11 17:26:55,982 [INFO] PluginManage:359 - Loaded plugin filemanager (category:base,tabindex:10)
2023-09-11 17:26:55,982 [INFO] PluginManage:310 - Check plugin ipmanager
2023-09-11 17:26:55,997 [INFO] PluginManage:359 - Loaded plugin ipmanager (category:base,tabindex:5)
2023-09-11 17:26:55,997 [INFO] PluginManage:310 - Check plugin lpbam
2023-09-11 17:26:55,997 [INFO] PluginManage:359 - Loaded plugin lpbam (category:base,tabindex:0)
2023-09-11 17:26:55,997 [INFO] PluginManage:310 - Check plugin memorymap
2023-09-11 17:26:56,013 [INFO] PluginManage:359 - Loaded plugin memorymap (category:base,tabindex:4)
2023-09-11 17:26:56,013 [INFO] PluginManage:310 - Check plugin pinoutandconfiguration
2023-09-11 17:26:56,013 [INFO] PluginManage:359 - Loaded plugin pinoutandconfiguration (category:base,tabindex:1)
2023-09-11 17:26:56,013 [INFO] PluginManage:310 - Check plugin pinoutconfig
2023-09-11 17:26:56,075 [WARN] SupportedApi:132 - Cannot load RTOS API schema: s4s-elt-must-match.1: The content of 'definitions' must match (annotation?, (simpleType | complexType)?, (unique | key | keyref)*)). A problem was found starting at: attribute.
2023-09-11 17:26:56,169 [INFO] PluginManage:359 - Loaded plugin pinoutconfig (category:base,tabindex:0)
2023-09-11 17:26:56,169 [INFO] PluginManage:310 - Check plugin power
2023-09-11 17:26:56,169 [INFO] PluginManage:359 - Loaded plugin power (category:power,tabindex:4)
2023-09-11 17:26:56,169 [INFO] PluginManage:310 - Check plugin projectmanager
2023-09-11 17:26:56,185 [INFO] PluginManage:359 - Loaded plugin projectmanager (category:projectmanager,tabindex:3)
2023-09-11 17:26:56,185 [INFO] PluginManage:310 - Check plugin thirdparty
2023-09-11 17:26:56,263 [INFO] PluginManage:359 - Loaded plugin thirdparty (category:base,tabindex:-1)
2023-09-11 17:26:56,263 [WARN] IntegrityCheckThread:84 - waiting for thirdparty lock release [integrity check]
2023-09-11 17:26:56,263 [INFO] IntegrityCheckThread:86 - entering critical section [integrity check]
2023-09-11 17:26:56,263 [INFO] PluginManage:310 - Check plugin tools
2023-09-11 17:26:56,277 [INFO] ThirdPartyUpdaterWithRetryManager:70 - Updater plugin not ready yet. [1/15]
2023-09-11 17:26:56,277 [INFO] PluginManage:359 - Loaded plugin tools (category:base,tabindex:7)
2023-09-11 17:26:56,277 [INFO] PluginManage:310 - Check plugin tutovideos
2023-09-11 17:26:56,402 [INFO] PluginManage:359 - Loaded plugin tutovideos (category:base,tabindex:-1)
2023-09-11 17:26:56,402 [INFO] PluginManage:310 - Check plugin updater
2023-09-11 17:26:56,418 [INFO] PluginManage:359 - Loaded plugin updater (category:base,tabindex:12)
2023-09-11 17:26:56,418 [INFO] PluginManage:310 - Check plugin userauth
2023-09-11 17:26:56,418 [INFO] UserAuth:113 - Init User Auth plugin
2023-09-11 17:26:56,418 [INFO] PluginManage:359 - Loaded plugin userauth (category:base,tabindex:14)
2023-09-11 17:26:56,418 [INFO] PluginManage:283 - PluginManage : Loaded plugins [17]
2023-09-11 17:26:56,558 [INFO] PinOutPanel:1499 - setPackage(No Configuration,No Configuration)
2023-09-11 17:26:56,636 [INFO] CADModel:165 - CPN selected for project level
2023-09-11 17:26:56,636 [INFO] CADModel:114 - Register for checkConnection events
2023-09-11 17:26:56,652 [INFO] IPUIPlugin:80 - create IPUIPlugin
2023-09-11 17:26:56,652 [INFO] PluginManager:220 - loadIPPluginJar : add adc
2023-09-11 17:26:56,652 [INFO] IPUIPlugin:80 - create IPUIPlugin
2023-09-11 17:26:56,652 [INFO] PluginManager:220 - loadIPPluginJar : add aes
2023-09-11 17:26:56,652 [INFO] IPUIPlugin:80 - create IPUIPlugin
2023-09-11 17:26:56,652 [INFO] PluginManager:220 - loadIPPluginJar : add can
2023-09-11 17:26:56,652 [INFO] IPUIPlugin:80 - create IPUIPlugin
2023-09-11 17:26:56,652 [INFO] PluginManager:220 - loadIPPluginJar : add comp
2023-09-11 17:26:56,652 [INFO] IPUIPlugin:80 - create IPUIPlugin
2023-09-11 17:26:56,652 [INFO] PluginManager:220 - loadIPPluginJar : add cryp
2023-09-11 17:26:56,652 [INFO] IPUIPlugin:80 - create IPUIPlugin
2023-09-11 17:26:56,652 [INFO] PluginManager:220 - loadIPPluginJar : add dfsdm
2023-09-11 17:26:56,668 [INFO] IPUIPlugin:80 - create IPUIPlugin
2023-09-11 17:26:56,668 [INFO] PluginManager:220 - loadIPPluginJar : add dma
2023-09-11 17:26:56,668 [INFO] IPUIPlugin:80 - create IPUIPlugin
2023-09-11 17:26:56,668 [INFO] PluginManager:220 - loadIPPluginJar : add dma3
2023-09-11 17:26:56,668 [INFO] IPUIPlugin:80 - create IPUIPlugin
2023-09-11 17:26:56,668 [INFO] PluginManager:220 - loadIPPluginJar : add fatfs
2023-09-11 17:26:56,668 [INFO] IPUIPlugin:80 - create IPUIPlugin
2023-09-11 17:26:56,668 [INFO] PluginManager:220 - loadIPPluginJar : add fmc
2023-09-11 17:26:56,668 [INFO] IPUIPlugin:80 - create IPUIPlugin
2023-09-11 17:26:56,668 [INFO] PluginManager:220 - loadIPPluginJar : add freertos
2023-09-11 17:26:56,668 [INFO] IPUIPlugin:80 - create IPUIPlugin
2023-09-11 17:26:56,668 [INFO] PluginManager:220 - loadIPPluginJar : add genericplugin
2023-09-11 17:26:56,668 [INFO] IPUIPlugin:80 - create IPUIPlugin
2023-09-11 17:26:56,668 [INFO] PluginManager:220 - loadIPPluginJar : add gfxmmu
2023-09-11 17:26:56,683 [INFO] IPUIPlugin:80 - create IPUIPlugin
2023-09-11 17:26:56,683 [INFO] PluginManager:220 - loadIPPluginJar : add gic
2023-09-11 17:26:56,683 [INFO] IPUIPlugin:80 - create IPUIPlugin
2023-09-11 17:26:56,683 [INFO] PluginManager:220 - loadIPPluginJar : add gpio
2023-09-11 17:26:56,683 [INFO] IPUIPlugin:80 - create IPUIPlugin
2023-09-11 17:26:56,683 [INFO] PluginManager:220 - loadIPPluginJar : add gtzc
2023-09-11 17:26:56,683 [INFO] IPUIPlugin:80 - create IPUIPlugin
2023-09-11 17:26:56,683 [INFO] PluginManager:220 - loadIPPluginJar : add hash
2023-09-11 17:26:56,683 [INFO] IPUIPlugin:80 - create IPUIPlugin
2023-09-11 17:26:56,683 [INFO] PluginManager:220 - loadIPPluginJar : add i2c
2023-09-11 17:26:56,683 [INFO] IPUIPlugin:80 - create IPUIPlugin
2023-09-11 17:26:56,683 [INFO] PluginManager:220 - loadIPPluginJar : add i2s
2023-09-11 17:26:56,683 [INFO] IPUIPlugin:80 - create IPUIPlugin
2023-09-11 17:26:56,683 [INFO] PluginManager:220 - loadIPPluginJar : add i3c
2023-09-11 17:26:56,683 [INFO] IPUIPlugin:80 - create IPUIPlugin
2023-09-11 17:26:56,683 [INFO] PluginManager:220 - loadIPPluginJar : add ipddr
2023-09-11 17:26:56,699 [INFO] IPUIPlugin:80 - create IPUIPlugin
2023-09-11 17:26:56,699 [INFO] PluginManager:220 - loadIPPluginJar : add linkedlist
2023-09-11 17:26:56,699 [INFO] IPUIPlugin:80 - create IPUIPlugin
2023-09-11 17:26:56,699 [INFO] PluginManager:220 - loadIPPluginJar : add lorawan
2023-09-11 17:26:56,699 [INFO] IPUIPlugin:80 - create IPUIPlugin
2023-09-11 17:26:56,699 [INFO] PluginManager:220 - loadIPPluginJar : add ltdc
2023-09-11 17:26:56,699 [INFO] IPUIPlugin:80 - create IPUIPlugin
2023-09-11 17:26:56,699 [INFO] PluginManager:220 - loadIPPluginJar : add mdma
2023-09-11 17:26:56,699 [INFO] IPUIPlugin:80 - create IPUIPlugin
2023-09-11 17:26:56,699 [INFO] PluginManager:220 - loadIPPluginJar : add nvic
2023-09-11 17:26:56,699 [INFO] IPUIPlugin:80 - create IPUIPlugin
2023-09-11 17:26:56,699 [INFO] PluginManager:220 - loadIPPluginJar : add opamp
2023-09-11 17:26:56,699 [INFO] IPUIPlugin:80 - create IPUIPlugin
2023-09-11 17:26:56,699 [INFO] PluginManager:220 - loadIPPluginJar : add openamp
2023-09-11 17:26:56,715 [INFO] IPUIPlugin:80 - create IPUIPlugin
2023-09-11 17:26:56,715 [INFO] PluginManager:220 - loadIPPluginJar : add pdm2pcm
2023-09-11 17:26:56,715 [INFO] IPUIPlugin:80 - create IPUIPlugin
2023-09-11 17:26:56,715 [INFO] PluginManager:220 - loadIPPluginJar : add plateformsettings
2023-09-11 17:26:56,715 [INFO] IPUIPlugin:80 - create IPUIPlugin
2023-09-11 17:26:56,715 [INFO] PluginManager:220 - loadIPPluginJar : add quadspi
2023-09-11 17:26:56,715 [INFO] IPUIPlugin:80 - create IPUIPlugin
2023-09-11 17:26:56,715 [INFO] PluginManager:220 - loadIPPluginJar : add resmgrutility
2023-09-11 17:26:56,715 [INFO] IPUIPlugin:80 - create IPUIPlugin
2023-09-11 17:26:56,715 [INFO] PluginManager:220 - loadIPPluginJar : add sai
2023-09-11 17:26:56,715 [INFO] IPUIPlugin:80 - create IPUIPlugin
2023-09-11 17:26:56,715 [INFO] PluginManager:220 - loadIPPluginJar : add spi
2023-09-11 17:26:56,715 [INFO] IPUIPlugin:80 - create IPUIPlugin
2023-09-11 17:26:56,715 [INFO] PluginManager:220 - loadIPPluginJar : add stm32_wpan
2023-09-11 17:26:56,730 [INFO] IPUIPlugin:80 - create IPUIPlugin
2023-09-11 17:26:56,730 [INFO] PluginManager:220 - loadIPPluginJar : add tim
2023-09-11 17:26:56,730 [INFO] IPUIPlugin:80 - create IPUIPlugin
2023-09-11 17:26:56,730 [INFO] PluginManager:220 - loadIPPluginJar : add touchsensing
2023-09-11 17:26:56,730 [INFO] IPUIPlugin:80 - create IPUIPlugin
2023-09-11 17:26:56,730 [INFO] PluginManager:220 - loadIPPluginJar : add tracer_emb
2023-09-11 17:26:56,730 [INFO] IPUIPlugin:80 - create IPUIPlugin
2023-09-11 17:26:56,730 [INFO] PluginManager:220 - loadIPPluginJar : add ts
2023-09-11 17:26:56,730 [INFO] IPUIPlugin:80 - create IPUIPlugin
2023-09-11 17:26:56,730 [INFO] PluginManager:220 - loadIPPluginJar : add tsc
2023-09-11 17:26:56,730 [INFO] IPUIPlugin:80 - create IPUIPlugin
2023-09-11 17:26:56,730 [INFO] PluginManager:220 - loadIPPluginJar : add ucpd
2023-09-11 17:26:56,730 [INFO] IPUIPlugin:80 - create IPUIPlugin
2023-09-11 17:26:56,730 [INFO] PluginManager:220 - loadIPPluginJar : add usart
2023-09-11 17:26:56,730 [INFO] IPUIPlugin:80 - create IPUIPlugin
2023-09-11 17:26:56,730 [INFO] PluginManager:220 - loadIPPluginJar : add usbx
2023-09-11 17:26:56,850 [INFO] CADModel:165 - CPN selected for project level
2023-09-11 17:26:56,850 [INFO] CADModel:114 - Register for checkConnection events
2023-09-11 17:26:56,850 [FATAL] Updater:308 - Updater called before beeing initialized
2023-09-11 17:26:56,850 [ERROR] CADModel:125 - Updater not yet initialized, retry later 
2023-09-11 17:26:56,952 [INFO] CADModel:165 - CPN selected for project level
2023-09-11 17:26:56,952 [INFO] CADModel:114 - Register for checkConnection events
2023-09-11 17:26:56,952 [FATAL] Updater:308 - Updater called before beeing initialized
2023-09-11 17:26:56,952 [ERROR] CADModel:125 - Updater not yet initialized, retry later 
2023-09-11 17:26:56,952 [FATAL] Updater:308 - Updater called before beeing initialized
2023-09-11 17:26:57,015 [FATAL] Updater:308 - Updater called before beeing initialized
2023-09-11 17:26:57,015 [INFO] DbMcusAds:53 - JSON generation date=Tue Mar 07 15:50:55 ICT 2023 (1678179055114)
2023-09-11 17:26:57,015 [FATAL] Updater:308 - Updater called before beeing initialized
2023-09-11 17:26:57,046 [WARN] DetailPanel:346 - Failed to get advertising image, set to default
2023-09-11 17:26:57,124 [FATAL] Updater:308 - Updater called before beeing initialized
2023-09-11 17:26:57,124 [FATAL] Updater:308 - Updater called before beeing initialized
2023-09-11 17:26:57,124 [FATAL] Updater:308 - Updater called before beeing initialized
2023-09-11 17:26:57,124 [WARN] DetailPanel:346 - Failed to get advertising image, set to default
2023-09-11 17:26:57,124 [FATAL] Updater:308 - Updater called before beeing initialized
2023-09-11 17:26:57,154 [ERROR] Updater:1120 - MainUpdater not yet initialized. External WinMGr cannot be set.
2023-09-11 17:26:57,154 [INFO] Updater:1056 - Updater Version found : 6.9.1
2023-09-11 17:26:57,170 [INFO] ApplicationProperties:184 - Using Application install path: C:\ST\STM32CubeIDE_1.13.1\STM32CubeIDE\plugins\com.st.stm32cube.common.mx_6.9.1.202307191849
2023-09-11 17:26:57,248 [INFO] MainUpdater:2868 - connection check result : 10
2023-09-11 17:26:57,248 [INFO] MainUpdater:285 - Updater Check For Update Now.
2023-09-11 17:26:57,248 [INFO] MicroXplorer:498 - Change Database Version : DB.6.0.91
2023-09-11 17:26:57,263 [INFO] McuFinderGlobals:63 - Set McuFinder mode to 2 (CubeIDE integrated)
2023-09-11 17:26:57,263 [INFO] UserAuth:179 - activating auth plugin
2023-09-11 17:26:57,266 [INFO] UserAuth:393 - Internet connection configuration mode: 1
2023-09-11 17:26:57,284 [INFO] JxBrowserEngine:151 - Initiate JxBrowser Engine with user profile folder
2023-09-11 17:26:57,411 [INFO] CheckServerUpdateThread:120 - End of CheckServer Thread
2023-09-11 17:26:57,903 [INFO] WebApp:157 - Instantiating new browser for Auth
2023-09-11 17:26:58,257 [INFO] WebApp:753 - Register for checkConnection events
2023-09-11 17:26:58,257 [INFO] WebApp:390 - Apply proxy settings
2023-09-11 17:26:58,258 [INFO] WebApp:475 - Chromium requires no authentication
2023-09-11 17:26:58,263 [INFO] WebApp:418 - Direct internet connection detected
2023-09-11 17:26:58,357 [INFO] WebApp:188 - Starting web application
2023-09-11 17:26:58,357 [INFO] WebApp:520 - Web application path used C:\ST\STM32CubeIDE_1.13.1\STM32CubeIDE\plugins\com.st.stm32cube.common.mx_6.9.1.202307191849\db\plugins\mcufinder\reactClient1\index.html
2023-09-11 17:26:59,404 [WARN] PackLoader:240 - Cannot read IP mode file for STMicroelectronics.X-CUBE-SMBUS.2.1.0
2023-09-11 17:26:59,436 [WARN] PackLoader:240 - Cannot read IP mode file for STMicroelectronics.X-CUBE-AZRTOS-F7.1.1.0
2023-09-11 17:26:59,447 [WARN] PackLoader:240 - Cannot read IP mode file for STMicroelectronics.FP-SNS-MOTENV1.4.3.2
2023-09-11 17:26:59,455 [WARN] PackLoader:240 - Cannot read IP mode file for STMicroelectronics.FP-SNS-FLIGHT1.5.0.2
2023-09-11 17:26:59,464 [WARN] PackLoader:240 - Cannot read IP mode file for STMicroelectronics.X-CUBE-DISPLAY.3.0.0
2023-09-11 17:26:59,479 [WARN] PackLoader:240 - Cannot read IP mode file for STMicroelectronics.X-CUBE-BLE1.7.0.0
2023-09-11 17:26:59,485 [WARN] PackLoader:240 - Cannot read IP mode file for emotas.I-CUBE-CANOPEN.1.3.0
2023-09-11 17:26:59,492 [WARN] PackLoader:240 - Cannot read IP mode file for STMicroelectronics.X-CUBE-TOUCHGFX.4.22.0
2023-09-11 17:26:59,497 [WARN] PackLoader:240 - Cannot read IP mode file for STMicroelectronics.FP-SNS-SMARTAG2.1.2.0
2023-09-11 17:26:59,509 [INFO] LogOutputStream:77 - [STDOUT_REDIRECT] 1 : Invalid condition id : UX_CORESTACK_Condition cause : null
2023-09-11 17:26:59,510 [INFO] LogOutputStream:77 - [STDOUT_REDIRECT] 1 : Invalid condition id : UX_CORESTACK_Condition cause : null
2023-09-11 17:26:59,511 [INFO] LogOutputStream:77 - [STDOUT_REDIRECT] 1 : Invalid condition id : UX_CORESTACK_Condition cause : null
2023-09-11 17:26:59,513 [INFO] LogOutputStream:77 - [STDOUT_REDIRECT] 1 : Invalid condition id : UX_CORESTACK_Condition cause : null
2023-09-11 17:26:59,514 [INFO] LogOutputStream:77 - [STDOUT_REDIRECT] 1 : Invalid condition id : UX_CORESTACK_Condition cause : null
2023-09-11 17:26:59,519 [WARN] PackLoader:240 - Cannot read IP mode file for STMicroelectronics.X-CUBE-AZRTOS-WL.2.0.0
2023-09-11 17:26:59,533 [WARN] PackLoader:240 - Cannot read IP mode file for WES.I-CUBE-Cesium.1.3.0
2023-09-11 17:26:59,539 [WARN] PackLoader:240 - Cannot read IP mode file for STMicroelectronics.X-CUBE-BLE2.3.3.0
2023-09-11 17:26:59,546 [WARN] PackLoader:240 - Cannot read IP mode file for STMicroelectronics.X-CUBE-ALGOBUILD.1.3.0
2023-09-11 17:26:59,561 [WARN] PackLoader:240 - Cannot read IP mode file for STMicroelectronics.X-CUBE-AZRTOS-G0.1.1.0
2023-09-11 17:26:59,568 [WARN] PackLoader:240 - Cannot read IP mode file for STMicroelectronics.X-CUBE-NFC4.3.0.0
2023-09-11 17:26:59,574 [WARN] PackLoader:240 - Cannot read IP mode file for STMicroelectronics.FP-ATR-SIGFOX1.3.2.0
2023-09-11 17:26:59,603 [WARN] PackLoader:240 - Cannot read IP mode file for SEGGER.I-CUBE-embOS.1.3.1
2023-09-11 17:26:59,637 [WARN] PackLoader:240 - Cannot read IP mode file for STMicroelectronics.X-CUBE-GNSS1.6.0.0
2023-09-11 17:26:59,655 [WARN] PackLoader:240 - Cannot read IP mode file for STMicroelectronics.X-CUBE-AZRTOS-F4.1.1.0
2023-09-11 17:26:59,661 [WARN] PackLoader:240 - Cannot read IP mode file for wolfSSL.I-CUBE-wolfSSL.5.6.3
2023-09-11 17:26:59,677 [WARN] PackLoader:240 - Cannot read IP mode file for STMicroelectronics.X-CUBE-AZRTOS-L5.2.0.0
2023-09-11 17:26:59,720 [WARN] PackLoader:240 - Cannot read IP mode file for STMicroelectronics.X-CUBE-MEMS1.9.6.0
2023-09-11 17:26:59,843 [WARN] PackLoader:240 - Cannot read IP mode file for STMicroelectronics.X-CUBE-BLEMGR.2.0.0
2023-09-11 17:26:59,863 [WARN] ConditionMgr:438 - getConditionDescription Invalid condition id : UX DEVICE CLASS RTOS Condition cause : null
2023-09-11 17:26:59,864 [WARN] ConditionMgr:438 - getConditionDescription Invalid condition id : UX DEVICE CLASS RTOS Condition cause : null
2023-09-11 17:26:59,868 [WARN] PackLoader:240 - Cannot read IP mode file for STMicroelectronics.X-CUBE-AZRTOS-H7.3.1.0
2023-09-11 17:26:59,870 [WARN] ConditionMgr:1039 - genDependencies : Invalid condition id : UX DEVICE CLASS RTOS Condition cause : null
2023-09-11 17:26:59,870 [WARN] ConditionMgr:1039 - genDependencies : Invalid condition id : UX DEVICE CLASS RTOS Condition cause : null
2023-09-11 17:26:59,871 [WARN] ConditionMgr:1039 - genDependencies : Invalid condition id : UX DEVICE CLASS RTOS Condition cause : null
2023-09-11 17:26:59,871 [WARN] ConditionMgr:1039 - genDependencies : Invalid condition id : UX DEVICE CLASS RTOS Condition cause : null
2023-09-11 17:26:59,871 [WARN] ConditionMgr:1039 - genDependencies : Invalid condition id : UX DEVICE CLASS RTOS Condition cause : null
2023-09-11 17:26:59,879 [WARN] PackLoader:240 - Cannot read IP mode file for STMicroelectronics.X-CUBE-NFC7.1.0.1
2023-09-11 17:26:59,889 [WARN] PackLoader:240 - Cannot read IP mode file for STMicroelectronics.X-CUBE-NFC6.3.0.0
2023-09-11 17:26:59,897 [WARN] PackLoader:240 - Cannot read IP mode file for STMicroelectronics.X-CUBE-EEPRMA1.4.1.0
2023-09-11 17:26:59,921 [WARN] PackLoader:240 - Cannot read IP mode file for STMicroelectronics.X-CUBE-AI.8.1.0
2023-09-11 17:26:59,938 [WARN] ConditionMgr:438 - getConditionDescription Invalid condition id : LAN8742 Phy interface Condition cause : null
2023-09-11 17:26:59,939 [WARN] PackLoader:240 - Cannot read IP mode file for STMicroelectronics.X-CUBE-AZRTOS-L4.2.0.0
2023-09-11 17:26:59,941 [WARN] ConditionMgr:1039 - genDependencies : Invalid condition id : LAN8742 Phy interface Condition cause : null
2023-09-11 17:26:59,942 [WARN] ConditionMgr:1039 - genDependencies : Invalid condition id : LAN8742 Phy interface Condition cause : null
2023-09-11 17:26:59,943 [WARN] ConditionMgr:1039 - genDependencies : Invalid condition id : LAN8742 Phy interface Condition cause : null
2023-09-11 17:26:59,954 [WARN] PackLoader:240 - Cannot read IP mode file for STMicroelectronics.X-CUBE-SFXS2LP1.4.0.0
2023-09-11 17:26:59,961 [WARN] PackLoader:240 - Cannot read IP mode file for STMicroelectronics.X-CUBE-ISPU.1.1.0
2023-09-11 17:26:59,972 [WARN] ConditionMgr:438 - getConditionDescription Invalid condition id : UX DEVICE CLASS RTOS Condition cause : null
2023-09-11 17:26:59,972 [WARN] ConditionMgr:438 - getConditionDescription Invalid condition id : UX DEVICE CLASS RTOS Condition cause : null
2023-09-11 17:26:59,974 [WARN] PackLoader:240 - Cannot read IP mode file for STMicroelectronics.X-CUBE-AZRTOS-WB.2.0.0
2023-09-11 17:26:59,975 [WARN] ConditionMgr:1039 - genDependencies : Invalid condition id : UX DEVICE CLASS RTOS Condition cause : null
2023-09-11 17:26:59,975 [WARN] ConditionMgr:1039 - genDependencies : Invalid condition id : UX DEVICE CLASS RTOS Condition cause : null
2023-09-11 17:26:59,975 [WARN] ConditionMgr:1039 - genDependencies : Invalid condition id : UX DEVICE CLASS RTOS Condition cause : null
2023-09-11 17:26:59,976 [WARN] ConditionMgr:1039 - genDependencies : Invalid condition id : UX DEVICE CLASS RTOS Condition cause : null
2023-09-11 17:26:59,976 [WARN] ConditionMgr:1039 - genDependencies : Invalid condition id : UX DEVICE CLASS RTOS Condition cause : null
2023-09-11 17:26:59,987 [WARN] PackLoader:240 - Cannot read IP mode file for STMicroelectronics.X-CUBE-SUBG2.5.0.0
2023-09-11 17:27:00,003 [WARN] PackLoader:240 - Cannot read IP mode file for STMicroelectronics.X-CUBE-TOF1.3.3.1
2023-09-11 17:27:00,028 [WARN] PackLoader:240 - Cannot read IP mode file for STMicroelectronics.X-CUBE-AZRTOS-G4.2.0.0
2023-09-11 17:27:00,036 [WARN] PackLoader:240 - Cannot read IP mode file for STMicroelectronics.X-CUBE-FREERTOS.1.1.0
2023-09-11 17:27:00,043 [WARN] PackLoader:240 - Cannot read IP mode file for portGmbH.I-Cube-SoM-uGOAL.1.1.0
2023-09-11 17:27:00,049 [WARN] PackLoader:240 - Cannot read IP mode file for STMicroelectronics.X-CUBE-ALS.1.0.1
2023-09-11 17:27:00,055 [WARN] PackLoader:240 - Cannot read IP mode file for STMicroelectronics.FP-ATR-ASTRA1.2.0.0
2023-09-11 17:27:00,056 [INFO] ThirdParty:978 - Integrity check success = true
2023-09-11 17:27:00,056 [INFO] IntegrityCheckThread:100 - exiting critical section [integrity check]
2023-09-11 17:27:00,056 [INFO] IntegrityCheckThread:103 - End integrity checks thread
2023-09-11 17:27:18,872 [ERROR] LogOutputStream:75 - [STDERR_REDIRECT] SLF4J: Failed to load class "org.slf4j.impl.StaticLoggerBinder".
2023-09-11 17:27:18,872 [ERROR] LogOutputStream:75 - [STDERR_REDIRECT] SLF4J: Defaulting to no-operation (NOP) logger implementation
2023-09-11 17:27:18,873 [ERROR] LogOutputStream:75 - [STDERR_REDIRECT] SLF4J: See http://www.slf4j.org/codes.html#StaticLoggerBinder for further details.
2023-09-11 17:43:09,001 [INFO] WebApp:330 - JxBrowser engine has been closed 
