2023-09-04 22:55:51,745 [INFO] Activator:176 - 


2023-09-04 22:55:51,746 [INFO] Activator:177 - !SESSION log4j initialized
2023-09-04 22:55:54,520 [INFO] LogOutputStream:77 - [STDOUT_REDIRECT] 
2023-09-04 22:56:01,769 [INFO] ApplicationProperties:184 - Using Application install path: C:\ST\STM32CubeIDE_1.13.1\STM32CubeIDE\plugins\com.st.stm32cube.common.mx_6.9.1.202307191849
2023-09-04 22:56:01,785 [INFO] DbMcusXml:78 - Set database path to: C:\ST\STM32CubeIDE_1.13.1\STM32CubeIDE\plugins\com.st.stm32cube.common.mx_6.9.1.202307191849\\db\/mcu/
2023-09-04 22:56:01,785 [INFO] ApiDb:274 - Set plugin database path to: C:\ST\STM32CubeIDE_1.13.1\STM32CubeIDE\plugins\com.st.stm32cube.common.mx_6.9.1.202307191849\\db\/plugins/boardmanager/
2023-09-04 22:56:01,786 [WARN] ApiDb:259 - Overriding images path with different value:  => C:\ST\STM32CubeIDE_1.13.1\STM32CubeIDE\plugins\com.st.stm32cube.common.mx_6.9.1.202307191849\\db\/plugins/mcufinder/images/
2023-09-04 22:56:02,896 [WARN] ApiFinderProperties:113 - C:\Users\viett\.stmcufinder\plugins\mcufinder\mcu\mcuFinder.mfd doesn't exist
2023-09-04 22:56:02,897 [INFO] ApiDb:250 - Set database path to: C:\Users\viett\.stmcufinder\plugins\mcufinder//mcu/
2023-09-04 22:56:02,900 [INFO] DbMcusAds:125 - Set database path to: C:\Users\viett\.stmcufinder\plugins\mcufinder//mcu/
2023-09-04 22:56:03,852 [INFO] CrossReferenceDbSqlite:203 - Set database path to: C:\Users\viett\.stmcufinder\plugins\mcufinder//mcu/cs/
2023-09-04 22:56:03,936 [INFO] RulesReader:64 - Compatibility file has been processed (293 Rules)
2023-09-04 22:56:04,014 [INFO] DbMcusXml:78 - Set database path to: C:\ST\STM32CubeIDE_1.13.1\STM32CubeIDE\plugins\com.st.stm32cube.common.mx_6.9.1.202307191849\\db\/mcu/
2023-09-04 22:56:04,014 [INFO] ApiDb:274 - Set plugin database path to: C:\ST\STM32CubeIDE_1.13.1\STM32CubeIDE\plugins\com.st.stm32cube.common.mx_6.9.1.202307191849\\db\/plugins/boardmanager/
2023-09-04 22:56:04,014 [INFO] ApiDb:261 - Set plugin images path to: C:\ST\STM32CubeIDE_1.13.1\STM32CubeIDE\plugins\com.st.stm32cube.common.mx_6.9.1.202307191849\\db\/plugins/mcufinder/images/
2023-09-04 22:56:04,015 [WARN] DbFile:41 - Overriding database path with different value: C:\Users\viett\.stmcufinder\plugins\mcufinder/ => C:\Users\viett\.stmcufinder\plugins\mcufinder
2023-09-04 22:56:04,015 [INFO] ApiDb:250 - Set database path to: C:\Users\viett\.stmcufinder\plugins\mcufinder//mcu/
2023-09-04 22:56:04,015 [WARN] DbFile:41 - Overriding database path with different value: C:\Users\viett\.stmcufinder\plugins\mcufinder/ => C:\Users\viett\.stmcufinder\plugins\mcufinder
2023-09-04 22:56:04,015 [INFO] DbMcusAds:125 - Set database path to: C:\Users\viett\.stmcufinder\plugins\mcufinder//mcu/
2023-09-04 22:56:04,015 [WARN] DbFile:41 - Overriding database path with different value: C:\Users\viett\.stmcufinder\plugins\mcufinder/ => C:\Users\viett\.stmcufinder\plugins\mcufinder
2023-09-04 22:56:04,015 [WARN] DbFile:41 - Overriding database path with different value: C:\Users\viett\.stmcufinder\plugins\mcufinder/ => C:\Users\viett\.stmcufinder\plugins\mcufinder
2023-09-04 22:56:04,861 [INFO] CrossReferenceDbSqlite:203 - Set database path to: C:\Users\viett\.stmcufinder\plugins\mcufinder//mcu/cs/
2023-09-04 22:56:04,918 [INFO] MainPanel:262 - HeapMemory: 268435456
2023-09-04 22:56:04,981 [INFO] DbMcusXml:78 - Set database path to: C:\ST\STM32CubeIDE_1.13.1\STM32CubeIDE\plugins\com.st.stm32cube.common.mx_6.9.1.202307191849\\db\/mcu/
2023-09-04 22:56:04,981 [INFO] ApiDb:274 - Set plugin database path to: C:\ST\STM32CubeIDE_1.13.1\STM32CubeIDE\plugins\com.st.stm32cube.common.mx_6.9.1.202307191849\\db\/plugins/boardmanager/
2023-09-04 22:56:04,981 [INFO] ApiDb:261 - Set plugin images path to: C:\ST\STM32CubeIDE_1.13.1\STM32CubeIDE\plugins\com.st.stm32cube.common.mx_6.9.1.202307191849\\db\/plugins/mcufinder/images/
2023-09-04 22:56:04,981 [WARN] DbFile:41 - Overriding database path with different value: C:\Users\viett\.stmcufinder\plugins\mcufinder/ => C:\Users\viett\.stmcufinder\plugins\mcufinder
2023-09-04 22:56:04,981 [INFO] ApiDb:250 - Set database path to: C:\Users\viett\.stmcufinder\plugins\mcufinder//mcu/
2023-09-04 22:56:04,982 [WARN] DbFile:41 - Overriding database path with different value: C:\Users\viett\.stmcufinder\plugins\mcufinder/ => C:\Users\viett\.stmcufinder\plugins\mcufinder
2023-09-04 22:56:04,982 [INFO] DbMcusAds:125 - Set database path to: C:\Users\viett\.stmcufinder\plugins\mcufinder//mcu/
2023-09-04 22:56:04,982 [WARN] DbFile:41 - Overriding database path with different value: C:\Users\viett\.stmcufinder\plugins\mcufinder/ => C:\Users\viett\.stmcufinder\plugins\mcufinder
2023-09-04 22:56:04,982 [WARN] DbFile:41 - Overriding database path with different value: C:\Users\viett\.stmcufinder\plugins\mcufinder/ => C:\Users\viett\.stmcufinder\plugins\mcufinder
2023-09-04 22:56:05,858 [INFO] CrossReferenceDbSqlite:203 - Set database path to: C:\Users\viett\.stmcufinder\plugins\mcufinder//mcu/cs/
2023-09-04 22:56:05,873 [INFO] ApplicationProperties:184 - Using Application install path: C:\ST\STM32CubeIDE_1.13.1\STM32CubeIDE\plugins\com.st.stm32cube.common.mx_6.9.1.202307191849
2023-09-04 22:56:05,874 [INFO] PluginManage:196 - Search for loadable plugins [exclusion list=, ]
2023-09-04 22:56:05,875 [INFO] PluginManage:310 - Check plugin analytics
2023-09-04 22:56:11,470 [INFO] AnalyticsPlugin:253 - Accepted Software Licenses: 
2023-09-04 22:56:11,471 [INFO] AnalyticsPlugin:255 - Accepted CMSIS Pack Licenses: 
2023-09-04 22:56:11,471 [INFO] AnalyticsPlugin:257 - Accepted Firmware Licenses: 
2023-09-04 22:56:11,474 [INFO] PluginManage:359 - Loaded plugin analytics (category:tool,tabindex:-1)
2023-09-04 22:56:11,475 [INFO] PluginManage:310 - Check plugin cadmodel
2023-09-04 22:56:11,481 [INFO] CADModel:105 - Init CAD model plugin
2023-09-04 22:56:11,482 [INFO] PluginManage:359 - Loaded plugin cadmodel (category:power,tabindex:5)
2023-09-04 22:56:11,482 [INFO] PluginManage:310 - Check plugin clock
2023-09-04 22:56:11,493 [INFO] PluginManage:359 - Loaded plugin clock (category:base,tabindex:2)
2023-09-04 22:56:11,494 [INFO] PluginManage:310 - Check plugin ddr
2023-09-04 22:56:11,496 [INFO] PluginManage:359 - Loaded plugin ddr (category:tool,tabindex:6)
2023-09-04 22:56:11,496 [INFO] PluginManage:310 - Check plugin filemanager
2023-09-04 22:56:11,699 [INFO] PluginManage:359 - Loaded plugin filemanager (category:base,tabindex:10)
2023-09-04 22:56:11,699 [INFO] PluginManage:310 - Check plugin ipmanager
2023-09-04 22:56:11,709 [INFO] PluginManage:359 - Loaded plugin ipmanager (category:base,tabindex:5)
2023-09-04 22:56:11,711 [INFO] PluginManage:310 - Check plugin lpbam
2023-09-04 22:56:11,722 [INFO] PluginManage:359 - Loaded plugin lpbam (category:base,tabindex:0)
2023-09-04 22:56:11,722 [INFO] PluginManage:310 - Check plugin memorymap
2023-09-04 22:56:11,737 [INFO] PluginManage:359 - Loaded plugin memorymap (category:base,tabindex:4)
2023-09-04 22:56:11,738 [INFO] PluginManage:310 - Check plugin pinoutandconfiguration
2023-09-04 22:56:11,749 [INFO] PluginManage:359 - Loaded plugin pinoutandconfiguration (category:base,tabindex:1)
2023-09-04 22:56:11,749 [INFO] PluginManage:310 - Check plugin pinoutconfig
2023-09-04 22:56:11,865 [WARN] SupportedApi:132 - Cannot load RTOS API schema: s4s-elt-must-match.1: The content of 'definitions' must match (annotation?, (simpleType | complexType)?, (unique | key | keyref)*)). A problem was found starting at: attribute.
2023-09-04 22:56:12,010 [INFO] PluginManage:359 - Loaded plugin pinoutconfig (category:base,tabindex:0)
2023-09-04 22:56:12,010 [INFO] PluginManage:310 - Check plugin power
2023-09-04 22:56:12,017 [INFO] PluginManage:359 - Loaded plugin power (category:power,tabindex:4)
2023-09-04 22:56:12,017 [INFO] PluginManage:310 - Check plugin projectmanager
2023-09-04 22:56:12,033 [INFO] PluginManage:359 - Loaded plugin projectmanager (category:projectmanager,tabindex:3)
2023-09-04 22:56:12,033 [INFO] PluginManage:310 - Check plugin thirdparty
2023-09-04 22:56:12,178 [INFO] PluginManage:359 - Loaded plugin thirdparty (category:base,tabindex:-1)
2023-09-04 22:56:12,178 [INFO] PluginManage:310 - Check plugin tools
2023-09-04 22:56:12,178 [WARN] IntegrityCheckThread:84 - waiting for thirdparty lock release [integrity check]
2023-09-04 22:56:12,178 [INFO] IntegrityCheckThread:86 - entering critical section [integrity check]
2023-09-04 22:56:12,179 [INFO] ThirdPartyUpdaterWithRetryManager:70 - Updater plugin not ready yet. [1/15]
2023-09-04 22:56:12,183 [INFO] PluginManage:359 - Loaded plugin tools (category:base,tabindex:7)
2023-09-04 22:56:12,183 [INFO] PluginManage:310 - Check plugin tutovideos
2023-09-04 22:56:12,410 [INFO] PluginManage:359 - Loaded plugin tutovideos (category:base,tabindex:-1)
2023-09-04 22:56:12,410 [INFO] PluginManage:310 - Check plugin updater
2023-09-04 22:56:12,418 [INFO] PluginManage:359 - Loaded plugin updater (category:base,tabindex:12)
2023-09-04 22:56:12,418 [INFO] PluginManage:310 - Check plugin userauth
2023-09-04 22:56:12,422 [INFO] UserAuth:113 - Init User Auth plugin
2023-09-04 22:56:12,422 [INFO] PluginManage:359 - Loaded plugin userauth (category:base,tabindex:14)
2023-09-04 22:56:12,422 [INFO] PluginManage:283 - PluginManage : Loaded plugins [17]
2023-09-04 22:56:12,577 [INFO] PinOutPanel:1499 - setPackage(No Configuration,No Configuration)
2023-09-04 22:56:12,652 [INFO] CADModel:165 - CPN selected for project level
2023-09-04 22:56:12,653 [INFO] CADModel:114 - Register for checkConnection events
2023-09-04 22:56:12,664 [INFO] IPUIPlugin:80 - create IPUIPlugin
2023-09-04 22:56:12,664 [INFO] PluginManager:220 - loadIPPluginJar : add adc
2023-09-04 22:56:12,665 [INFO] IPUIPlugin:80 - create IPUIPlugin
2023-09-04 22:56:12,665 [INFO] PluginManager:220 - loadIPPluginJar : add aes
2023-09-04 22:56:12,667 [INFO] IPUIPlugin:80 - create IPUIPlugin
2023-09-04 22:56:12,667 [INFO] PluginManager:220 - loadIPPluginJar : add can
2023-09-04 22:56:12,668 [INFO] IPUIPlugin:80 - create IPUIPlugin
2023-09-04 22:56:12,668 [INFO] PluginManager:220 - loadIPPluginJar : add comp
2023-09-04 22:56:12,669 [INFO] IPUIPlugin:80 - create IPUIPlugin
2023-09-04 22:56:12,669 [INFO] PluginManager:220 - loadIPPluginJar : add cryp
2023-09-04 22:56:12,670 [INFO] IPUIPlugin:80 - create IPUIPlugin
2023-09-04 22:56:12,670 [INFO] PluginManager:220 - loadIPPluginJar : add dfsdm
2023-09-04 22:56:12,673 [INFO] IPUIPlugin:80 - create IPUIPlugin
2023-09-04 22:56:12,674 [INFO] PluginManager:220 - loadIPPluginJar : add dma
2023-09-04 22:56:12,675 [INFO] IPUIPlugin:80 - create IPUIPlugin
2023-09-04 22:56:12,675 [INFO] PluginManager:220 - loadIPPluginJar : add dma3
2023-09-04 22:56:12,676 [INFO] IPUIPlugin:80 - create IPUIPlugin
2023-09-04 22:56:12,676 [INFO] PluginManager:220 - loadIPPluginJar : add fatfs
2023-09-04 22:56:12,679 [INFO] IPUIPlugin:80 - create IPUIPlugin
2023-09-04 22:56:12,679 [INFO] PluginManager:220 - loadIPPluginJar : add fmc
2023-09-04 22:56:12,683 [INFO] IPUIPlugin:80 - create IPUIPlugin
2023-09-04 22:56:12,683 [INFO] PluginManager:220 - loadIPPluginJar : add freertos
2023-09-04 22:56:12,684 [INFO] IPUIPlugin:80 - create IPUIPlugin
2023-09-04 22:56:12,684 [INFO] PluginManager:220 - loadIPPluginJar : add genericplugin
2023-09-04 22:56:12,685 [INFO] IPUIPlugin:80 - create IPUIPlugin
2023-09-04 22:56:12,685 [INFO] PluginManager:220 - loadIPPluginJar : add gfxmmu
2023-09-04 22:56:12,688 [INFO] IPUIPlugin:80 - create IPUIPlugin
2023-09-04 22:56:12,689 [INFO] PluginManager:220 - loadIPPluginJar : add gic
2023-09-04 22:56:12,691 [INFO] IPUIPlugin:80 - create IPUIPlugin
2023-09-04 22:56:12,691 [INFO] PluginManager:220 - loadIPPluginJar : add gpio
2023-09-04 22:56:12,692 [INFO] IPUIPlugin:80 - create IPUIPlugin
2023-09-04 22:56:12,692 [INFO] PluginManager:220 - loadIPPluginJar : add gtzc
2023-09-04 22:56:12,694 [INFO] IPUIPlugin:80 - create IPUIPlugin
2023-09-04 22:56:12,694 [INFO] PluginManager:220 - loadIPPluginJar : add hash
2023-09-04 22:56:12,696 [INFO] IPUIPlugin:80 - create IPUIPlugin
2023-09-04 22:56:12,696 [INFO] PluginManager:220 - loadIPPluginJar : add i2c
2023-09-04 22:56:12,697 [INFO] IPUIPlugin:80 - create IPUIPlugin
2023-09-04 22:56:12,697 [INFO] PluginManager:220 - loadIPPluginJar : add i2s
2023-09-04 22:56:12,699 [INFO] IPUIPlugin:80 - create IPUIPlugin
2023-09-04 22:56:12,699 [INFO] PluginManager:220 - loadIPPluginJar : add i3c
2023-09-04 22:56:12,701 [INFO] IPUIPlugin:80 - create IPUIPlugin
2023-09-04 22:56:12,701 [INFO] PluginManager:220 - loadIPPluginJar : add ipddr
2023-09-04 22:56:12,706 [INFO] IPUIPlugin:80 - create IPUIPlugin
2023-09-04 22:56:12,706 [INFO] PluginManager:220 - loadIPPluginJar : add linkedlist
2023-09-04 22:56:12,708 [INFO] IPUIPlugin:80 - create IPUIPlugin
2023-09-04 22:56:12,708 [INFO] PluginManager:220 - loadIPPluginJar : add lorawan
2023-09-04 22:56:12,709 [INFO] IPUIPlugin:80 - create IPUIPlugin
2023-09-04 22:56:12,709 [INFO] PluginManager:220 - loadIPPluginJar : add ltdc
2023-09-04 22:56:12,713 [INFO] IPUIPlugin:80 - create IPUIPlugin
2023-09-04 22:56:12,713 [INFO] PluginManager:220 - loadIPPluginJar : add mdma
2023-09-04 22:56:12,717 [INFO] IPUIPlugin:80 - create IPUIPlugin
2023-09-04 22:56:12,717 [INFO] PluginManager:220 - loadIPPluginJar : add nvic
2023-09-04 22:56:12,719 [INFO] IPUIPlugin:80 - create IPUIPlugin
2023-09-04 22:56:12,719 [INFO] PluginManager:220 - loadIPPluginJar : add opamp
2023-09-04 22:56:12,721 [INFO] IPUIPlugin:80 - create IPUIPlugin
2023-09-04 22:56:12,721 [INFO] PluginManager:220 - loadIPPluginJar : add openamp
2023-09-04 22:56:12,722 [INFO] IPUIPlugin:80 - create IPUIPlugin
2023-09-04 22:56:12,723 [INFO] PluginManager:220 - loadIPPluginJar : add pdm2pcm
2023-09-04 22:56:12,726 [INFO] IPUIPlugin:80 - create IPUIPlugin
2023-09-04 22:56:12,729 [INFO] PluginManager:220 - loadIPPluginJar : add plateformsettings
2023-09-04 22:56:12,730 [INFO] IPUIPlugin:80 - create IPUIPlugin
2023-09-04 22:56:12,730 [INFO] PluginManager:220 - loadIPPluginJar : add quadspi
2023-09-04 22:56:12,733 [INFO] IPUIPlugin:80 - create IPUIPlugin
2023-09-04 22:56:12,733 [INFO] PluginManager:220 - loadIPPluginJar : add resmgrutility
2023-09-04 22:56:12,735 [INFO] IPUIPlugin:80 - create IPUIPlugin
2023-09-04 22:56:12,735 [INFO] PluginManager:220 - loadIPPluginJar : add sai
2023-09-04 22:56:12,736 [INFO] IPUIPlugin:80 - create IPUIPlugin
2023-09-04 22:56:12,736 [INFO] PluginManager:220 - loadIPPluginJar : add spi
2023-09-04 22:56:12,739 [INFO] IPUIPlugin:80 - create IPUIPlugin
2023-09-04 22:56:12,739 [INFO] PluginManager:220 - loadIPPluginJar : add stm32_wpan
2023-09-04 22:56:12,741 [INFO] IPUIPlugin:80 - create IPUIPlugin
2023-09-04 22:56:12,741 [INFO] PluginManager:220 - loadIPPluginJar : add tim
2023-09-04 22:56:12,742 [INFO] IPUIPlugin:80 - create IPUIPlugin
2023-09-04 22:56:12,743 [INFO] PluginManager:220 - loadIPPluginJar : add touchsensing
2023-09-04 22:56:12,744 [INFO] IPUIPlugin:80 - create IPUIPlugin
2023-09-04 22:56:12,744 [INFO] PluginManager:220 - loadIPPluginJar : add tracer_emb
2023-09-04 22:56:12,744 [INFO] IPUIPlugin:80 - create IPUIPlugin
2023-09-04 22:56:12,744 [INFO] PluginManager:220 - loadIPPluginJar : add ts
2023-09-04 22:56:12,746 [INFO] IPUIPlugin:80 - create IPUIPlugin
2023-09-04 22:56:12,746 [INFO] PluginManager:220 - loadIPPluginJar : add tsc
2023-09-04 22:56:12,747 [INFO] IPUIPlugin:80 - create IPUIPlugin
2023-09-04 22:56:12,747 [INFO] PluginManager:220 - loadIPPluginJar : add ucpd
2023-09-04 22:56:12,749 [INFO] IPUIPlugin:80 - create IPUIPlugin
2023-09-04 22:56:12,749 [INFO] PluginManager:220 - loadIPPluginJar : add usart
2023-09-04 22:56:12,750 [INFO] IPUIPlugin:80 - create IPUIPlugin
2023-09-04 22:56:12,751 [INFO] PluginManager:220 - loadIPPluginJar : add usbx
2023-09-04 22:56:12,864 [INFO] CADModel:165 - CPN selected for project level
2023-09-04 22:56:12,864 [INFO] CADModel:114 - Register for checkConnection events
2023-09-04 22:56:12,864 [FATAL] Updater:308 - Updater called before beeing initialized
2023-09-04 22:56:12,865 [ERROR] CADModel:125 - Updater not yet initialized, retry later 
2023-09-04 22:56:12,968 [INFO] CADModel:165 - CPN selected for project level
2023-09-04 22:56:12,970 [INFO] CADModel:114 - Register for checkConnection events
2023-09-04 22:56:12,970 [FATAL] Updater:308 - Updater called before beeing initialized
2023-09-04 22:56:12,970 [ERROR] CADModel:125 - Updater not yet initialized, retry later 
2023-09-04 22:56:12,972 [FATAL] Updater:308 - Updater called before beeing initialized
2023-09-04 22:56:13,087 [FATAL] Updater:308 - Updater called before beeing initialized
2023-09-04 22:56:13,094 [INFO] DbMcusAds:53 - JSON generation date=Thu Sep 30 13:55:09 ICT 2021 (1632984909247)
2023-09-04 22:56:13,094 [FATAL] Updater:308 - Updater called before beeing initialized
2023-09-04 22:56:13,132 [WARN] DetailPanel:346 - Failed to get advertising image, set to default
2023-09-04 22:56:13,234 [FATAL] Updater:308 - Updater called before beeing initialized
2023-09-04 22:56:13,236 [FATAL] Updater:308 - Updater called before beeing initialized
2023-09-04 22:56:13,236 [FATAL] Updater:308 - Updater called before beeing initialized
2023-09-04 22:56:13,236 [WARN] DetailPanel:346 - Failed to get advertising image, set to default
2023-09-04 22:56:13,237 [FATAL] Updater:308 - Updater called before beeing initialized
2023-09-04 22:56:13,275 [ERROR] Updater:1120 - MainUpdater not yet initialized. External WinMGr cannot be set.
2023-09-04 22:56:13,276 [INFO] Updater:1056 - Updater Version found : 6.9.1
2023-09-04 22:56:13,291 [INFO] ApplicationProperties:184 - Using Application install path: C:\ST\STM32CubeIDE_1.13.1\STM32CubeIDE\plugins\com.st.stm32cube.common.mx_6.9.1.202307191849
2023-09-04 22:56:13,323 [INFO] MainUpdater:521 - Copy updater definitions from MX database
2023-09-04 22:56:13,351 [INFO] MainUpdater:554 - Copy flag file definitions from MX database
2023-09-04 22:56:13,352 [INFO] MainUpdater:570 - Copy thirdparty index definitions from MX database
2023-09-04 22:56:13,353 [INFO] MainUpdater:589 - Copy default thirdparty db definitions from MX database
2023-09-04 22:56:13,590 [INFO] MainUpdater:2868 - connection check result : 10
2023-09-04 22:56:13,590 [INFO] MainUpdater:3562 - Updater definition file requires update
2023-09-04 22:56:13,591 [INFO] MainUpdater:285 - Updater Check For Update Now.
2023-09-04 22:56:13,591 [INFO] MicroXplorer:498 - Change Database Version : DB.6.0.91
2023-09-04 22:56:13,601 [INFO] McuFinderGlobals:63 - Set McuFinder mode to 2 (CubeIDE integrated)
2023-09-04 22:56:13,601 [INFO] UserAuth:179 - activating auth plugin
2023-09-04 22:56:13,603 [INFO] UserAuth:393 - Internet connection configuration mode: 1
2023-09-04 22:56:13,610 [INFO] JxBrowserEngine:151 - Initiate JxBrowser Engine with user profile folder
2023-09-04 22:56:13,690 [INFO] ServerAccessManage:473 - Download File updaters.zip
2023-09-04 22:56:13,827 [INFO] FileExtend:240 - Unzip File : updaters.zip
2023-09-04 22:56:13,828 [INFO] FileExtend:255 - Standard Zip Deflate
2023-09-04 22:56:14,431 [INFO] ServerAccessManage:473 - Download File PacksControlFlags.xml
2023-09-04 22:56:14,523 [INFO] ServerAccessManage:473 - Download File cubemx.pidx
2023-09-04 22:56:14,666 [INFO] ServerAccessManage:473 - Download File STMicroelectronics.FP-ATR-ASTRA1.pdsc
2023-09-04 22:56:15,184 [WARN] MainUpdater:1189 - Updater busy. Cannot search thirdparties
2023-09-04 22:56:15,185 [INFO] ThirdPartyUpdaterWithRetryManager:96 - Updater plugin is busy. [1/15]
2023-09-04 22:56:15,319 [INFO] ServerAccessManage:473 - Download File STMicroelectronics.FP-ATR-SIGFOX1.pdsc
2023-09-04 22:56:15,450 [INFO] ServerAccessManage:473 - Download File STMicroelectronics.FP-SNS-FLIGHT1.pdsc
2023-09-04 22:56:15,749 [INFO] ServerAccessManage:473 - Download File STMicroelectronics.FP-SNS-MOTENV1.pdsc
2023-09-04 22:56:15,995 [INFO] ServerAccessManage:473 - Download File STMicroelectronics.X-CUBE-AI.pdsc
2023-09-04 22:56:17,595 [INFO] ServerAccessManage:473 - Download File STMicroelectronics.X-CUBE-ALS.pdsc
2023-09-04 22:56:17,742 [INFO] WebApp:157 - Instantiating new browser for Auth
2023-09-04 22:56:18,172 [INFO] WebApp:753 - Register for checkConnection events
2023-09-04 22:56:18,173 [INFO] WebApp:390 - Apply proxy settings
2023-09-04 22:56:18,173 [INFO] WebApp:475 - Chromium requires no authentication
2023-09-04 22:56:18,177 [INFO] WebApp:418 - Direct internet connection detected
2023-09-04 22:56:18,191 [WARN] MainUpdater:1189 - Updater busy. Cannot search thirdparties
2023-09-04 22:56:18,191 [INFO] ThirdPartyUpdaterWithRetryManager:96 - Updater plugin is busy. [2/15]
2023-09-04 22:56:18,323 [INFO] WebApp:188 - Starting web application
2023-09-04 22:56:18,323 [INFO] WebApp:520 - Web application path used C:\ST\STM32CubeIDE_1.13.1\STM32CubeIDE\plugins\com.st.stm32cube.common.mx_6.9.1.202307191849\db\plugins\mcufinder\reactClient1\index.html
2023-09-04 22:56:18,326 [INFO] ServerAccessManage:473 - Download File STMicroelectronics.X-CUBE-BLE1.pdsc
2023-09-04 22:56:19,697 [ERROR] ServerAccessManage:1089 - Problem, file not found on Server
2023-09-04 22:56:19,751 [INFO] ServerAccessManage:473 - Download File STMicroelectronics.X-CUBE-BLE2.pdsc
2023-09-04 22:56:21,201 [WARN] MainUpdater:1189 - Updater busy. Cannot search thirdparties
2023-09-04 22:56:21,201 [INFO] ThirdPartyUpdaterWithRetryManager:96 - Updater plugin is busy. [3/15]
2023-09-04 22:56:21,226 [INFO] ServerAccessManage:473 - Download File STMicroelectronics.X-CUBE-BLEMGR.pdsc
2023-09-04 22:56:21,636 [INFO] ServerAccessManage:473 - Download File STMicroelectronics.X-CUBE-DISPLAY.pdsc
2023-09-04 22:56:23,642 [INFO] ServerAccessManage:473 - Download File STMicroelectronics.X-CUBE-EEPRMA1.pdsc
2023-09-04 22:56:24,213 [WARN] MainUpdater:1189 - Updater busy. Cannot search thirdparties
2023-09-04 22:56:24,213 [INFO] ThirdPartyUpdaterWithRetryManager:96 - Updater plugin is busy. [4/15]
2023-09-04 22:56:24,708 [ERROR] ServerAccessManage:1089 - Problem, file not found on Server
2023-09-04 22:56:24,938 [INFO] ServerAccessManage:473 - Download File STMicroelectronics.X-CUBE-FREERTOS.pdsc
2023-09-04 22:56:25,363 [INFO] ServerAccessManage:473 - Download File STMicroelectronics.X-CUBE-GNSS1.pdsc
2023-09-04 22:56:26,775 [ERROR] ServerAccessManage:1089 - Problem, file not found on Server
2023-09-04 22:56:27,226 [WARN] MainUpdater:1189 - Updater busy. Cannot search thirdparties
2023-09-04 22:56:27,227 [INFO] ThirdPartyUpdaterWithRetryManager:96 - Updater plugin is busy. [5/15]
2023-09-04 22:56:27,415 [ERROR] ServerAccessManage:1089 - Problem, file not found on Server
2023-09-04 22:56:27,678 [ERROR] ServerAccessManage:1089 - Problem, file not found on Server
2023-09-04 22:56:28,004 [ERROR] ServerAccessManage:1089 - Problem, file not found on Server
2023-09-04 22:56:28,474 [ERROR] ServerAccessManage:1089 - Problem, file not found on Server
2023-09-04 22:56:28,971 [ERROR] ServerAccessManage:1089 - Problem, file not found on Server
2023-09-04 22:56:29,023 [INFO] ServerAccessManage:473 - Download File STMicroelectronics.X-CUBE-ISPU.pdsc
2023-09-04 22:56:29,228 [INFO] ServerAccessManage:473 - Download File STMicroelectronics.X-CUBE-MEMS1.pdsc
2023-09-04 22:56:30,233 [WARN] MainUpdater:1189 - Updater busy. Cannot search thirdparties
2023-09-04 22:56:30,234 [INFO] ThirdPartyUpdaterWithRetryManager:96 - Updater plugin is busy. [6/15]
2023-09-04 22:56:33,242 [WARN] MainUpdater:1189 - Updater busy. Cannot search thirdparties
2023-09-04 22:56:33,242 [INFO] ThirdPartyUpdaterWithRetryManager:96 - Updater plugin is busy. [7/15]
2023-09-04 22:56:33,519 [INFO] ServerAccessManage:473 - Download File STMicroelectronics.X-CUBE-NFC4.pdsc
2023-09-04 22:56:35,728 [INFO] ServerAccessManage:473 - Download File STMicroelectronics.X-CUBE-NFC7.pdsc
2023-09-04 22:56:35,912 [INFO] ServerAccessManage:473 - Download File STMicroelectronics.X-CUBE-SFXS2LP1.pdsc
2023-09-04 22:56:36,249 [WARN] MainUpdater:1189 - Updater busy. Cannot search thirdparties
2023-09-04 22:56:36,250 [INFO] ThirdPartyUpdaterWithRetryManager:96 - Updater plugin is busy. [8/15]
2023-09-04 22:56:36,848 [INFO] ServerAccessManage:473 - Download File STMicroelectronics.X-CUBE-SUBG2.pdsc
2023-09-04 22:56:39,256 [ERROR] LogOutputStream:75 - [STDERR_REDIRECT] SLF4J: Failed to load class "org.slf4j.impl.StaticLoggerBinder".
2023-09-04 22:56:39,256 [ERROR] LogOutputStream:75 - [STDERR_REDIRECT] SLF4J: Defaulting to no-operation (NOP) logger implementation
2023-09-04 22:56:39,257 [ERROR] LogOutputStream:75 - [STDERR_REDIRECT] SLF4J: See http://www.slf4j.org/codes.html#StaticLoggerBinder for further details.
2023-09-04 22:56:39,259 [WARN] MainUpdater:1189 - Updater busy. Cannot search thirdparties
2023-09-04 22:56:39,259 [INFO] ThirdPartyUpdaterWithRetryManager:96 - Updater plugin is busy. [9/15]
2023-09-04 22:56:39,860 [INFO] ServerAccessManage:473 - Download File STMicroelectronics.X-CUBE-SMBUS.pdsc
2023-09-04 22:56:40,430 [ERROR] ServerAccessManage:1089 - Problem, file not found on Server
2023-09-04 22:56:40,484 [INFO] ServerAccessManage:473 - Download File STMicroelectronics.X-CUBE-TOF1.pdsc
2023-09-04 22:56:41,324 [ERROR] ServerAccessManage:1089 - Problem, file not found on Server
2023-09-04 22:56:41,434 [INFO] ServerAccessManage:473 - Download File STMicroelectronics.X-CUBE-TOUCHGFX.pdsc
2023-09-04 22:56:42,274 [WARN] MainUpdater:1189 - Updater busy. Cannot search thirdparties
2023-09-04 22:56:42,274 [INFO] ThirdPartyUpdaterWithRetryManager:96 - Updater plugin is busy. [10/15]
2023-09-04 22:56:42,462 [INFO] ServerAccessManage:473 - Download File STMicroelectronics.X-CUBE-ALGOBUILD.pdsc
2023-09-04 22:56:43,379 [INFO] ServerAccessManage:473 - Download File STMicroelectronics.X-CUBE-AZRTOS-H7.pdsc
2023-09-04 22:56:44,877 [INFO] ServerAccessManage:473 - Download File STMicroelectronics.X-CUBE-AZRTOS-F4.pdsc
2023-09-04 22:56:45,283 [WARN] MainUpdater:1189 - Updater busy. Cannot search thirdparties
2023-09-04 22:56:45,284 [INFO] ThirdPartyUpdaterWithRetryManager:96 - Updater plugin is busy. [11/15]
2023-09-04 22:56:45,537 [INFO] ServerAccessManage:473 - Download File STMicroelectronics.X-CUBE-AZRTOS-F7.pdsc
2023-09-04 22:56:46,379 [INFO] ServerAccessManage:473 - Download File STMicroelectronics.X-CUBE-AZRTOS-L4.pdsc
2023-09-04 22:56:47,079 [INFO] ServerAccessManage:473 - Download File STMicroelectronics.X-CUBE-AZRTOS-L5.pdsc
2023-09-04 22:56:47,380 [INFO] ServerAccessManage:473 - Download File STMicroelectronics.X-CUBE-AZRTOS-G0.pdsc
2023-09-04 22:56:48,290 [WARN] MainUpdater:1189 - Updater busy. Cannot search thirdparties
2023-09-04 22:56:48,290 [INFO] ThirdPartyUpdaterWithRetryManager:96 - Updater plugin is busy. [12/15]
2023-09-04 22:56:48,527 [INFO] ServerAccessManage:473 - Download File STMicroelectronics.X-CUBE-AZRTOS-G4.pdsc
2023-09-04 22:56:48,805 [INFO] ServerAccessManage:473 - Download File STMicroelectronics.X-CUBE-AZRTOS-WB.pdsc
2023-09-04 22:56:49,032 [INFO] ServerAccessManage:473 - Download File STMicroelectronics.X-CUBE-AZRTOS-WL.pdsc
2023-09-04 22:56:51,298 [WARN] MainUpdater:1189 - Updater busy. Cannot search thirdparties
2023-09-04 22:56:51,298 [INFO] ThirdPartyUpdaterWithRetryManager:96 - Updater plugin is busy. [13/15]
2023-09-04 22:56:51,534 [INFO] ServerAccessManage:473 - Download File wolfSSL.I-CUBE-wolfSSL.pdsc
2023-09-04 22:56:54,313 [WARN] MainUpdater:1189 - Updater busy. Cannot search thirdparties
2023-09-04 22:56:54,313 [INFO] ThirdPartyUpdaterWithRetryManager:96 - Updater plugin is busy. [14/15]
2023-09-04 22:56:57,324 [WARN] MainUpdater:1189 - Updater busy. Cannot search thirdparties
2023-09-04 22:56:57,324 [INFO] ThirdPartyUpdaterWithRetryManager:96 - Updater plugin is busy. [15/15]
2023-09-04 22:56:57,324 [ERROR] IntegrityCheckThread:130 - Cannot retrieve database content from updater: error -1
2023-09-04 22:56:57,324 [INFO] ThirdParty:978 - Integrity check success = false
2023-09-04 22:56:57,324 [INFO] IntegrityCheckThread:100 - exiting critical section [integrity check]
2023-09-04 22:56:57,324 [INFO] IntegrityCheckThread:103 - End integrity checks thread
2023-09-04 22:56:58,622 [ERROR] ServerAccessManage:1089 - Problem, file not found on Server
2023-09-04 22:56:59,287 [ERROR] ServerAccessManage:1089 - Problem, file not found on Server
2023-09-04 22:56:59,929 [ERROR] ServerAccessManage:1089 - Problem, file not found on Server
2023-09-04 22:57:01,286 [ERROR] ServerAccessManage:1096 - Problem, Http access forbiden
2023-09-04 22:57:01,287 [ERROR] ServerAccessManage:651 - Problem, Http access forbiden : RoweBots.I-CUBE-UNISONRTOS.pdsc.
2023-09-04 22:57:02,529 [INFO] ServerAccessManage:473 - Download File SEGGER.I-CUBE-embOS.pdsc
2023-09-04 22:57:07,321 [INFO] ServerAccessManage:473 - Download File portGmbH.I-Cube-SoM-uGOAL.pdsc
2023-09-04 22:57:09,412 [ERROR] ServerAccessManage:1089 - Problem, file not found on Server
2023-09-04 22:57:09,628 [ERROR] ServerAccessManage:1089 - Problem, file not found on Server
2023-09-04 22:57:09,846 [ERROR] ServerAccessManage:1089 - Problem, file not found on Server
2023-09-04 22:57:12,241 [INFO] ServerAccessManage:473 - Download File emotas.I-CUBE-CANOPEN.pdsc
2023-09-04 22:57:14,205 [INFO] ServerAccessManage:473 - Download File WES.I-CUBE-Cesium.pdsc
2023-09-04 22:57:17,244 [ERROR] ServerAccessManage:1089 - Problem, file not found on Server
2023-09-04 22:57:18,234 [ERROR] ServerAccessManage:1089 - Problem, file not found on Server
2023-09-04 22:57:18,289 [WARN] CheckServerUpdateThread:151 - Open CheckUpdateFile Fail
2023-09-04 22:57:18,292 [WARN] PackLoader:240 - Cannot read IP mode file for STMicroelectronics.FP-ATR-ASTRA1.2.0.0
2023-09-04 22:57:18,297 [WARN] PackLoader:240 - Cannot read IP mode file for STMicroelectronics.FP-ATR-SIGFOX1.3.2.0
2023-09-04 22:57:18,303 [WARN] PackLoader:240 - Cannot read IP mode file for STMicroelectronics.FP-SNS-FLIGHT1.5.0.2
2023-09-04 22:57:18,309 [WARN] PackLoader:240 - Cannot read IP mode file for STMicroelectronics.FP-SNS-MOTENV1.4.3.2
2023-09-04 22:57:18,315 [WARN] PackLoader:240 - Cannot read IP mode file for STMicroelectronics.X-CUBE-AI.8.1.0
2023-09-04 22:57:18,320 [WARN] PackLoader:240 - Cannot read IP mode file for STMicroelectronics.X-CUBE-ALS.1.0.1
2023-09-04 22:57:18,326 [WARN] PackLoader:240 - Cannot read IP mode file for STMicroelectronics.X-CUBE-BLE1.7.0.0
2023-09-04 22:57:18,330 [WARN] PackLoader:240 - Cannot read IP mode file for STMicroelectronics.X-CUBE-BLE2.3.3.0
2023-09-04 22:57:18,340 [WARN] PackLoader:240 - Cannot read IP mode file for STMicroelectronics.X-CUBE-BLEMGR.2.0.0
2023-09-04 22:57:18,359 [WARN] PackLoader:240 - Cannot read IP mode file for STMicroelectronics.X-CUBE-DISPLAY.3.0.0
2023-09-04 22:57:18,369 [WARN] PackLoader:240 - Cannot read IP mode file for STMicroelectronics.X-CUBE-EEPRMA1.4.1.0
2023-09-04 22:57:18,377 [WARN] PackLoader:240 - Cannot read IP mode file for STMicroelectronics.X-CUBE-FREERTOS.1.1.0
2023-09-04 22:57:18,382 [WARN] PackLoader:240 - Cannot read IP mode file for STMicroelectronics.X-CUBE-GNSS1.6.0.0
2023-09-04 22:57:18,387 [WARN] PackLoader:240 - Cannot read IP mode file for STMicroelectronics.X-CUBE-ISPU.1.1.0
2023-09-04 22:57:18,416 [INFO] CheckServerUpdateThread:120 - End of CheckServer Thread
2023-09-04 22:57:18,444 [WARN] PackLoader:240 - Cannot read IP mode file for STMicroelectronics.X-CUBE-MEMS1.9.6.0
2023-09-04 22:57:18,611 [WARN] PackLoader:240 - Cannot read IP mode file for STMicroelectronics.X-CUBE-NFC4.3.0.0
2023-09-04 22:57:18,617 [WARN] PackLoader:240 - Cannot read IP mode file for STMicroelectronics.X-CUBE-NFC7.1.0.1
2023-09-04 22:57:18,624 [WARN] PackLoader:240 - Cannot read IP mode file for STMicroelectronics.X-CUBE-SFXS2LP1.4.0.0
2023-09-04 22:57:18,634 [WARN] PackLoader:240 - Cannot read IP mode file for STMicroelectronics.X-CUBE-SUBG2.5.0.0
2023-09-04 22:57:18,643 [WARN] PackLoader:240 - Cannot read IP mode file for STMicroelectronics.X-CUBE-SMBUS.2.1.0
2023-09-04 22:57:18,651 [WARN] PackLoader:240 - Cannot read IP mode file for STMicroelectronics.X-CUBE-TOF1.3.3.1
2023-09-04 22:57:18,662 [WARN] PackLoader:240 - Cannot read IP mode file for STMicroelectronics.X-CUBE-TOUCHGFX.4.22.0
2023-09-04 22:57:18,667 [WARN] PackLoader:240 - Cannot read IP mode file for STMicroelectronics.X-CUBE-ALGOBUILD.1.3.0
2023-09-04 22:57:18,682 [WARN] ConditionMgr:438 - getConditionDescription Invalid condition id : UX DEVICE CLASS RTOS Condition cause : null
2023-09-04 22:57:18,683 [WARN] ConditionMgr:438 - getConditionDescription Invalid condition id : UX DEVICE CLASS RTOS Condition cause : null
2023-09-04 22:57:18,687 [WARN] PackLoader:240 - Cannot read IP mode file for STMicroelectronics.X-CUBE-AZRTOS-H7.3.1.0
2023-09-04 22:57:18,688 [WARN] ConditionMgr:1039 - genDependencies : Invalid condition id : UX DEVICE CLASS RTOS Condition cause : null
2023-09-04 22:57:18,688 [WARN] ConditionMgr:1039 - genDependencies : Invalid condition id : UX DEVICE CLASS RTOS Condition cause : null
2023-09-04 22:57:18,689 [WARN] ConditionMgr:1039 - genDependencies : Invalid condition id : UX DEVICE CLASS RTOS Condition cause : null
2023-09-04 22:57:18,690 [WARN] ConditionMgr:1039 - genDependencies : Invalid condition id : UX DEVICE CLASS RTOS Condition cause : null
2023-09-04 22:57:18,690 [WARN] ConditionMgr:1039 - genDependencies : Invalid condition id : UX DEVICE CLASS RTOS Condition cause : null
2023-09-04 22:57:18,713 [WARN] PackLoader:240 - Cannot read IP mode file for STMicroelectronics.X-CUBE-AZRTOS-F4.1.1.0
2023-09-04 22:57:18,736 [WARN] PackLoader:240 - Cannot read IP mode file for STMicroelectronics.X-CUBE-AZRTOS-F7.1.1.0
2023-09-04 22:57:18,761 [WARN] ConditionMgr:438 - getConditionDescription Invalid condition id : LAN8742 Phy interface Condition cause : null
2023-09-04 22:57:18,762 [WARN] PackLoader:240 - Cannot read IP mode file for STMicroelectronics.X-CUBE-AZRTOS-L4.2.0.0
2023-09-04 22:57:18,764 [WARN] ConditionMgr:1039 - genDependencies : Invalid condition id : LAN8742 Phy interface Condition cause : null
2023-09-04 22:57:18,764 [WARN] ConditionMgr:1039 - genDependencies : Invalid condition id : LAN8742 Phy interface Condition cause : null
2023-09-04 22:57:18,765 [WARN] ConditionMgr:1039 - genDependencies : Invalid condition id : LAN8742 Phy interface Condition cause : null
2023-09-04 22:57:18,787 [WARN] PackLoader:240 - Cannot read IP mode file for STMicroelectronics.X-CUBE-AZRTOS-L5.2.0.0
2023-09-04 22:57:18,805 [WARN] PackLoader:240 - Cannot read IP mode file for STMicroelectronics.X-CUBE-AZRTOS-G0.1.1.0
2023-09-04 22:57:18,824 [WARN] PackLoader:240 - Cannot read IP mode file for STMicroelectronics.X-CUBE-AZRTOS-G4.2.0.0
2023-09-04 22:57:18,850 [WARN] ConditionMgr:438 - getConditionDescription Invalid condition id : UX DEVICE CLASS RTOS Condition cause : null
2023-09-04 22:57:18,851 [WARN] ConditionMgr:438 - getConditionDescription Invalid condition id : UX DEVICE CLASS RTOS Condition cause : null
2023-09-04 22:57:18,856 [WARN] PackLoader:240 - Cannot read IP mode file for STMicroelectronics.X-CUBE-AZRTOS-WB.2.0.0
2023-09-04 22:57:18,856 [WARN] ConditionMgr:1039 - genDependencies : Invalid condition id : UX DEVICE CLASS RTOS Condition cause : null
2023-09-04 22:57:18,857 [WARN] ConditionMgr:1039 - genDependencies : Invalid condition id : UX DEVICE CLASS RTOS Condition cause : null
2023-09-04 22:57:18,857 [WARN] ConditionMgr:1039 - genDependencies : Invalid condition id : UX DEVICE CLASS RTOS Condition cause : null
2023-09-04 22:57:18,857 [WARN] ConditionMgr:1039 - genDependencies : Invalid condition id : UX DEVICE CLASS RTOS Condition cause : null
2023-09-04 22:57:18,858 [WARN] ConditionMgr:1039 - genDependencies : Invalid condition id : UX DEVICE CLASS RTOS Condition cause : null
2023-09-04 22:57:18,869 [INFO] LogOutputStream:77 - [STDOUT_REDIRECT] 1 : Invalid condition id : UX_CORESTACK_Condition cause : null
2023-09-04 22:57:18,870 [INFO] LogOutputStream:77 - [STDOUT_REDIRECT] 1 : Invalid condition id : UX_CORESTACK_Condition cause : null
2023-09-04 22:57:18,872 [INFO] LogOutputStream:77 - [STDOUT_REDIRECT] 1 : Invalid condition id : UX_CORESTACK_Condition cause : null
2023-09-04 22:57:18,873 [INFO] LogOutputStream:77 - [STDOUT_REDIRECT] 1 : Invalid condition id : UX_CORESTACK_Condition cause : null
2023-09-04 22:57:18,874 [INFO] LogOutputStream:77 - [STDOUT_REDIRECT] 1 : Invalid condition id : UX_CORESTACK_Condition cause : null
2023-09-04 22:57:18,880 [WARN] PackLoader:240 - Cannot read IP mode file for STMicroelectronics.X-CUBE-AZRTOS-WL.2.0.0
2023-09-04 22:57:18,888 [WARN] PackLoader:240 - Cannot read IP mode file for wolfSSL.I-CUBE-wolfSSL.5.6.3
2023-09-04 22:57:18,921 [WARN] PackLoader:240 - Cannot read IP mode file for SEGGER.I-CUBE-embOS.1.3.1
2023-09-04 22:57:18,966 [WARN] PackLoader:240 - Cannot read IP mode file for portGmbH.I-Cube-SoM-uGOAL.1.1.0
2023-09-04 22:57:18,972 [WARN] PackLoader:240 - Cannot read IP mode file for emotas.I-CUBE-CANOPEN.1.3.0
2023-09-04 22:57:18,980 [WARN] PackLoader:240 - Cannot read IP mode file for WES.I-CUBE-Cesium.1.3.0
2023-09-04 22:57:18,981 [INFO] PopulateThirdPartyThread:66 - Ending populate Thread
2023-09-04 22:57:18,984 [INFO] ThirdParty:1030 - CMSIS Pack Vendor :STMicroelectronics X-CUBE-ISPU 1.1.0
2023-09-04 22:57:18,984 [INFO] ThirdParty:1030 - CMSIS Pack Vendor :STMicroelectronics X-CUBE-DISPLAY 3.0.0
2023-09-04 22:57:18,984 [INFO] ThirdParty:1030 - CMSIS Pack Vendor :STMicroelectronics X-CUBE-GNSS1 6.0.0
2023-09-04 22:57:18,984 [INFO] ThirdParty:1030 - CMSIS Pack Vendor :STMicroelectronics X-CUBE-AZRTOS-F4 1.1.0
2023-09-04 22:57:18,984 [INFO] ThirdParty:1030 - CMSIS Pack Vendor :STMicroelectronics FP-ATR-SIGFOX1 3.2.0
2023-09-04 22:57:18,984 [INFO] ThirdParty:1030 - CMSIS Pack Vendor :STMicroelectronics X-CUBE-BLE1 7.0.0
2023-09-04 22:57:18,984 [INFO] ThirdParty:1030 - CMSIS Pack Vendor :wolfSSL I-CUBE-wolfSSL 5.6.3
2023-09-04 22:57:18,984 [INFO] ThirdParty:1030 - CMSIS Pack Vendor :STMicroelectronics X-CUBE-SMBUS 2.1.0
2023-09-04 22:57:18,984 [INFO] ThirdParty:1030 - CMSIS Pack Vendor :STMicroelectronics X-CUBE-AZRTOS-WB 2.0.0
2023-09-04 22:57:18,984 [INFO] ThirdParty:1030 - CMSIS Pack Vendor :emotas I-CUBE-CANOPEN 1.3.0
2023-09-04 22:57:18,984 [INFO] ThirdParty:1030 - CMSIS Pack Vendor :STMicroelectronics X-CUBE-FREERTOS 1.1.0
2023-09-04 22:57:18,984 [INFO] ThirdParty:1030 - CMSIS Pack Vendor :STMicroelectronics X-CUBE-NFC7 1.0.1
2023-09-04 22:57:18,984 [INFO] ThirdParty:1030 - CMSIS Pack Vendor :STMicroelectronics X-CUBE-TOUCHGFX 4.22.0
2023-09-04 22:57:18,984 [INFO] ThirdParty:1030 - CMSIS Pack Vendor :STMicroelectronics X-CUBE-AZRTOS-F7 1.1.0
2023-09-04 22:57:18,984 [INFO] ThirdParty:1030 - CMSIS Pack Vendor :STMicroelectronics X-CUBE-AZRTOS-L5 2.0.0
2023-09-04 22:57:18,984 [INFO] ThirdParty:1030 - CMSIS Pack Vendor :STMicroelectronics X-CUBE-ALS 1.0.1
2023-09-04 22:57:18,984 [INFO] ThirdParty:1030 - CMSIS Pack Vendor :STMicroelectronics X-CUBE-EEPRMA1 4.1.0
2023-09-04 22:57:18,984 [INFO] ThirdParty:1030 - CMSIS Pack Vendor :portGmbH I-Cube-SoM-uGOAL 1.1.0
2023-09-04 22:57:18,984 [INFO] ThirdParty:1030 - CMSIS Pack Vendor :STMicroelectronics X-CUBE-MEMS1 9.6.0
2023-09-04 22:57:18,984 [INFO] ThirdParty:1030 - CMSIS Pack Vendor :STMicroelectronics FP-SNS-MOTENV1 4.3.2
2023-09-04 22:57:18,984 [INFO] ThirdParty:1030 - CMSIS Pack Vendor :STMicroelectronics X-CUBE-ALGOBUILD 1.3.0
2023-09-04 22:57:18,984 [INFO] ThirdParty:1030 - CMSIS Pack Vendor :STMicroelectronics X-CUBE-AZRTOS-WL 2.0.0
2023-09-04 22:57:18,985 [INFO] ThirdParty:1030 - CMSIS Pack Vendor :SEGGER I-CUBE-embOS 1.3.1
2023-09-04 22:57:18,985 [INFO] ThirdParty:1030 - CMSIS Pack Vendor :STMicroelectronics X-CUBE-AZRTOS-G0 1.1.0
2023-09-04 22:57:18,985 [INFO] ThirdParty:1030 - CMSIS Pack Vendor :STMicroelectronics X-CUBE-AI 8.1.0
2023-09-04 22:57:18,985 [INFO] ThirdParty:1030 - CMSIS Pack Vendor :STMicroelectronics X-CUBE-BLEMGR 2.0.0
2023-09-04 22:57:18,985 [INFO] ThirdParty:1030 - CMSIS Pack Vendor :STMicroelectronics X-CUBE-NFC4 3.0.0
2023-09-04 22:57:18,985 [INFO] ThirdParty:1030 - CMSIS Pack Vendor :STMicroelectronics X-CUBE-SUBG2 5.0.0
2023-09-04 22:57:18,985 [INFO] ThirdParty:1030 - CMSIS Pack Vendor :STMicroelectronics X-CUBE-AZRTOS-L4 2.0.0
2023-09-04 22:57:18,985 [INFO] ThirdParty:1030 - CMSIS Pack Vendor :STMicroelectronics FP-ATR-ASTRA1 2.0.0
2023-09-04 22:57:18,985 [INFO] ThirdParty:1030 - CMSIS Pack Vendor :WES I-CUBE-Cesium 1.3.0
2023-09-04 22:57:18,985 [INFO] ThirdParty:1030 - CMSIS Pack Vendor :STMicroelectronics X-CUBE-SFXS2LP1 4.0.0
2023-09-04 22:57:18,985 [INFO] ThirdParty:1030 - CMSIS Pack Vendor :STMicroelectronics FP-SNS-FLIGHT1 5.0.2
2023-09-04 22:57:18,985 [INFO] ThirdParty:1030 - CMSIS Pack Vendor :STMicroelectronics X-CUBE-BLE2 3.3.0
2023-09-04 22:57:18,985 [INFO] ThirdParty:1030 - CMSIS Pack Vendor :STMicroelectronics X-CUBE-TOF1 3.3.1
2023-09-04 22:57:18,985 [INFO] ThirdParty:1030 - CMSIS Pack Vendor :STMicroelectronics X-CUBE-AZRTOS-G4 2.0.0
2023-09-04 22:57:18,986 [INFO] ThirdParty:1030 - CMSIS Pack Vendor :STMicroelectronics X-CUBE-AZRTOS-H7 3.1.0
2023-09-04 22:57:18,986 [INFO] LoadServerUpdatesThread:373 - End of LoadServerUpdate Thread
2023-09-04 23:11:17,326 [ERROR] LogOutputStream:75 - [STDERR_REDIRECT] 
